# HV LOG FORMAT RELEASE 1.0
#
# BEGIN COMMAND LINE ARGUMENTS
#
C:/Users/koenvn/Geopsy 3.3.4/bin/geopsy.exe  $*
exit $?
#
# END COMMAND LINE ARGUMENTS
#
#
# BEGIN SOFTWARE VERSION
#
  Qt                  5.12.3
  QGpCoreTools        2.4.2 from 3.4.2
      (commit 33d7a93616e30a3d511fa67ad3f5da9da1a4aac6)
  QGpCoreMath         1.4.2 from 3.4.2
      (commit 306e3c199829ace6cbde6b242503355428580d05)
  GeopsyCore          4.4.2 from 3.4.2
      (commit 583bacf54d7367d6c29796a28c8179b98d88e28a)
  QGpGuiTools         2.4.2 from 3.4.2
      (commit 478ff49d6d6ec28d92b21ec9bfcef9f5d343b065)
  SciFigs             3.3.2 from 3.4.2
      (commit cec1d051784e8ee1d9774230fb96c1bb0b618aa0)
  QGpGuiMath          1.3.1 from 3.4.2
      (commit 8e80e068f4f3b16a30e8fb8dff21177f25a58da6)
  GeopsyGui           3.4.1 from 3.4.2
      (commit 905aba82a1928b07b3fd61dec384b9448698c80b)
  GeopsySLink         2.0.3 from 3.4.2
      (commit 2f01f562d775a4ddcdfc6a3b388c2ecb0cbb3a9a)
  GeopsySLinkGui      2.0.2 from 3.4.2
      (commit f6e61f2761b9ab1fa13c821e2a94732db60abf4f)
  geopsy              3.3.3 from 3.4.2
      (commit fb3d54b85a28e6ba741794e0cb6666d0b25c0167)
  geopsyfigs          1.0.2 from 3.4.2
      (commit 33697385e465d0d0ec4344aba55058811e934918)
  campbelltob3        1.0.1 from 3.4.2
      (commit 6e12f8024f0a052e430878492367702311588147)
  DinverCore          1.3.1 from 3.4.2
      (commit 7a17c1522ca1f626c89f2c1e87759f6b4a9311d4)
  QGpCoreWave         2.2.0 from 3.4.2
      (commit 18e08f9fd358a9e504047ec288ca4ab71a7c9851)
  QGpCompatibility    1.1.2 from 3.4.2
      (commit 3e05f6333687b574d4a18fb4336decd9efbe3efa)
  DinverDCCore        2.2.0 from 3.4.2
      (commit 654cab13b392853128bb5fa90891ecf10b5c3f0c)
  QGpCoreStat         1.2.2 from 3.4.2
      (commit 4ed49581fb9dfbf824223fae61af336330486596)
  ArrayCore           4.1.2 from 3.4.2
      (commit 85e1ce3b5a43ddb8cc16df7c31094c7c98a82104)
  QGpGuiWave          1.2.1 from 3.4.2
      (commit 2889d6a23de9671c33c0ae088b33e537035df26f)
  ArrayGui            1.3.0 from 3.4.2
      (commit bb09428d0df9ad7ab7996d50f8ac067b450a9bec)
  geopsyarray         3.2.4 from 3.4.2
      (commit 243028ab672fff396c683ed677c1dd4a1cc6a99b)
  geopsydamping       2.1.3 from 3.4.2
      (commit 2be6cba7701efb6e8c1a20c940cffe08f04ffcd2)
  HVCore              1.1.2 from 3.4.2
      (commit a76eb646e633a11fe6b411d1112c55e3c9107de4)
  HVGui               1.1.0 from 3.4.2
      (commit a66df7fe63f6c9107cfffcd4fa86d4f9893fec16)
  geopsyhv            4.0.2 from 3.4.2
      (commit ecd96a31c8abadf86bcbae0dd02bb37935b26dc7)
  geopsynr            1.1.1 from 3.4.2
      (commit f149a70197f8622e594ecec09f55068ecabcfc33)
  geopsyptmotion      2.0.3 from 3.4.2
      (commit c82034566f860b11afdc973ca84ef0027af6cf95)
  geopsyrefra         2.0.2 from 3.4.2
      (commit 807393bf66c9762a914de2cbc8c43813d8ae4227)
  geopsytfa           2.1.1 from 3.4.2
      (commit b87f1cb860bedfd6fb8d0439e749dd7464b26a24)
  hvtfa               2.1.3 from 3.4.2
      (commit fa8612a089e30f0bd72192724ee1ebe5fb4080b5)
  matfiles            1.0.3 from 3.4.2
      (commit aa4bbdecc6f645ece0598270993e17766e4c7b32)
  phaseit             1.0.2 from 3.4.2
      (commit 266b229edcf7986948d6d3f3940a154229b45f91)
#
# END SOFTWARE VERSION
#
#
# BEGIN SIGNAL LIST
#
[COMP 0]
 [SIG 0] E:/SOLODATA/MartinGeoCamb/TouretTaxis/TouretTaxis_splitted/10. Jonas/453004444.1.2022.12.02.10.05.00.000.Z.miniseed at index 0
[COMP 1]
 [SIG 0] E:/SOLODATA/MartinGeoCamb/TouretTaxis/TouretTaxis_splitted/10. Jonas/453004444.1.2022.12.02.10.05.00.000.N.miniseed at index 0
[COMP 2]
 [SIG 0] E:/SOLODATA/MartinGeoCamb/TouretTaxis/TouretTaxis_splitted/10. Jonas/453004444.1.2022.12.02.10.05.00.000.E.miniseed at index 0
#
# END SIGNAL LIST
#
#
# BEGIN PARAMETERS
#
# Version 0: all files generated with releases before 20170901 (default for input)
PARAMETERS_VERSION=1
# TYPEs:
#   - Signal: from the start or to the end of signal (TEXT are useless)
#   - Delta: a fixed duration counted from the start or the end (e.g. TEXT=1h).
#   - Pick: from or to a time pick (TEXT=time pick name).
#   - Absolute: from or to a fixed time (e.g. TEXT=20170314115338.00)
FROM_TIME_TYPE=Signal
FROM_TIME_TEXT=0s
# TYPEs: Signal, Delta, Absolute
TO_TIME_TYPE=Signal
TO_TIME_TEXT=0s
REFERENCE=
COMMON_TIME_WINDOWS=false
# TYPEs: Exactly, AtLeast, FrequencyDependent
WINDOW_LENGTH_TYPE=Exactly
WINDOW_MIN_LENGTH(s)=60
WINDOW_MAX_LENGTH(s)=60
WINDOW_MAX_COUNT=0
# Length of time windows are adjusted to avoid a prime number of samples which
# slows down the FFT computation. Usually a maximum prime 11 in the prime factorization
# of the number of samples is a good compromise between the speed and the lenght inaccuracy
# Leave as zero to allow any prime number factorization.
WINDOW_MAXIMUM_PRIME_FACTOR=11
BAD_SAMPLE_TOLERANCE (s)=0
BAD_SAMPLE_GAP (s)=0
WINDOW_OVERLAP (%)=50
# TYPEs: NoSampleThreshold, RelativeSampleThreshold, AbsoluteSampleThreshold
BAD_SAMPLE_THRESHOLD_TYPE=RelativeSampleThreshold
BAD_SAMPLE_THRESHOLD_VALUE (%)=0.8
ANTI-TRIGGERING_ON_RAW_SIGNAL (y/n)=n
ANTI-TRIGGERING_ON_FILTERED_SIGNAL (y/n)=n
# Start a time window for each seismic event available inside the time range.
SEISMIC_EVENT_TRIGGER (y/n)=n
SEISMIC_EVENT_DELAY (s)=-0.1
WINDOW_TYPE=Tukey
WINDOW_REVERSED=n
WINDOW_ALPHA=0.1
SMOOTHING_METHOD=Function
SMOOTHING_WIDTH_TYPE=Proportional
SMOOTHING_WIDTH=0.4
# Describes the way values are summed: on a linear, log or inversed scale
SMOOTHING_SCALE_TYPE=Linear
SMOOTHING_WINDOW_TYPE=KonnoOhmachi
SMOOTHING_WINDOW_REVERSED=n
MINIMUM_FREQUENCY=0.2
MAXIMUM_FREQUENCY=100
# Either 'Linear', 'Log' or 'Inversed'
SCALE_TYPE_FREQUENCY=Log
# Number of samples is either set to a fixed value ('Count') or through a step between samples ('Step')'
STEP_TYPE_FREQUENCY=Step
SAMPLES_NUMBER_FREQUENCY=252
# STEP=difference between two successive samples for 'linear' scales
# STEP=ratio between two successive samples for 'log' scales
# STEP=difference between two successive inversed samples for 'inversed' scales
STEP_FREQUENCY=1.025
HIGH_PASS_FREQUENCY=0
# Possible values for HORIZONTAL_COMPONENTS: Squared, Energy, Azimuth, Geometric
HORIZONTAL_COMPONENTS=Squared
# HORIZONTAL_AZIMUTH is used only when HORIZONTAL_COMPONENTS==Azimuth
HORIZONTAL_AZIMUTH=0
# Used only for rotated output
ROTATION_STEP=10
# Frequency domain window rejection (Cox et al. (2020, GJI)
FREQUENCY_WINDOW_REJECTION_MINIMUM_FREQUENCY=0.0001
FREQUENCY_WINDOW_REJECTION_MAXIMUM_FREQUENCY=5000
FREQUENCY_WINDOW_REJECTION_STDDEV_FACTOR=2
FREQUENCY_WINDOW_REJECTION_MAXIMUM_ITERATIONS=50
#
# END PARAMETERS
#
#
# BEGIN WINDOWING LOG
#
Automatic windowing
#
# END WINDOWING LOG
#
#
# BEGIN WINDOW LIST
#
# Number= 100
# Start time 	 End Time 	 Window length
20221202100608.549000	20221202100708.549000	60
20221202100638.550000	20221202100738.550000	60
20221202100708.551000	20221202100808.551000	60
20221202100738.552000	20221202100838.552000	60
20221202100808.553000	20221202100908.553000	60
20221202100838.554000	20221202100938.554000	60
20221202100908.555000	20221202101008.555000	60
20221202100938.556000	20221202101038.556000	60
20221202101008.557000	20221202101108.557000	60
20221202101038.558000	20221202101138.558000	60
20221202101108.559000	20221202101208.559000	60
20221202101138.560000	20221202101238.560000	60
20221202101208.561000	20221202101308.561000	60
20221202101238.562000	20221202101338.562000	60
20221202101308.563000	20221202101408.563000	60
20221202101338.564000	20221202101438.564000	60
20221202101408.565000	20221202101508.565000	60
20221202101438.566000	20221202101538.566000	60
20221202101508.567000	20221202101608.567000	60
20221202101538.568000	20221202101638.568000	60
20221202101608.569000	20221202101708.569000	60
20221202101638.570000	20221202101738.570000	60
20221202101708.571000	20221202101808.571000	60
20221202101738.572000	20221202101838.572000	60
20221202101808.573000	20221202101908.573000	60
20221202101838.574000	20221202101938.574000	60
20221202101908.575000	20221202102008.575000	60
20221202101938.576000	20221202102038.576000	60
20221202102008.577000	20221202102108.577000	60
20221202102038.578000	20221202102138.578000	60
20221202102108.579000	20221202102208.579000	60
20221202102138.580000	20221202102238.580000	60
20221202102208.581000	20221202102308.581000	60
20221202102238.582000	20221202102338.582000	60
20221202102308.583000	20221202102408.583000	60
20221202102338.584000	20221202102438.584000	60
20221202102408.585000	20221202102508.585000	60
20221202102438.586000	20221202102538.586000	60
20221202102508.587000	20221202102608.587000	60
20221202102538.588000	20221202102638.588000	60
20221202102608.589000	20221202102708.589000	60
20221202102638.590000	20221202102738.590000	60
20221202102738.592000	20221202102838.592000	60
20221202102808.593000	20221202102908.593000	60
20221202102838.594000	20221202102938.594000	60
20221202102908.595000	20221202103008.595000	60
20221202102938.596000	20221202103038.596000	60
20221202103008.597000	20221202103108.597000	60
20221202103038.598000	20221202103138.598000	60
20221202103108.599000	20221202103208.599000	60
20221202103138.600000	20221202103238.600000	60
20221202103508.607000	20221202103608.607000	60
20221202103538.608000	20221202103638.608000	60
20221202103608.609000	20221202103708.609000	60
20221202103638.610000	20221202103738.610000	60
20221202103708.611000	20221202103808.611000	60
20221202103738.612000	20221202103838.612000	60
20221202103808.613000	20221202103908.613000	60
20221202103838.614000	20221202103938.614000	60
20221202103908.615000	20221202104008.615000	60
20221202103938.616000	20221202104038.616000	60
20221202104008.617000	20221202104108.617000	60
20221202104108.619000	20221202104208.619000	60
20221202104138.620000	20221202104238.620000	60
20221202104208.621000	20221202104308.621000	60
20221202104238.622000	20221202104338.622000	60
20221202104308.623000	20221202104408.623000	60
20221202104338.624000	20221202104438.624000	60
20221202104408.625000	20221202104508.625000	60
20221202104438.626000	20221202104538.626000	60
20221202104508.627000	20221202104608.627000	60
20221202104630.165000	20221202104730.165000	60
20221202104700.166000	20221202104800.166000	60
20221202104730.167000	20221202104830.167000	60
20221202104800.168000	20221202104900.168000	60
20221202104830.169000	20221202104930.169000	60
20221202104900.170000	20221202105000.170000	60
20221202104930.171000	20221202105030.171000	60
20221202105000.172000	20221202105100.172000	60
20221202105030.173000	20221202105130.173000	60
20221202105100.174000	20221202105200.174000	60
20221202105130.175000	20221202105230.175000	60
20221202105200.176000	20221202105300.176000	60
20221202105230.177000	20221202105330.177000	60
20221202105300.178000	20221202105400.178000	60
20221202105330.179000	20221202105430.179000	60
20221202105400.180000	20221202105500.180000	60
20221202105430.181000	20221202105530.181000	60
20221202105500.182000	20221202105600.182000	60
20221202105530.183000	20221202105630.183000	60
20221202105600.184000	20221202105700.184000	60
20221202105630.185000	20221202105730.185000	60
20221202105700.186000	20221202105800.186000	60
20221202105730.187000	20221202105830.187000	60
20221202105800.188000	20221202105900.188000	60
20221202105830.189000	20221202105930.189000	60
20221202105900.190000	20221202110000.190000	60
20221202105930.191000	20221202110030.191000	60
20221202110000.192000	20221202110100.192000	60
20221202110030.193000	20221202110130.193000	60
#
# END WINDOW LIST
#
