# HV LOG FORMAT RELEASE 1.0
#
# BEGIN COMMAND LINE ARGUMENTS
#
C:/Users/koenvn/Geopsy 3.3.4/bin/geopsy.exe  $*
exit $?
#
# END COMMAND LINE ARGUMENTS
#
#
# BEGIN SOFTWARE VERSION
#
  Qt                  5.12.3
  QGpCoreTools        2.4.2 from 3.4.2
      (commit 33d7a93616e30a3d511fa67ad3f5da9da1a4aac6)
  QGpCoreMath         1.4.2 from 3.4.2
      (commit 306e3c199829ace6cbde6b242503355428580d05)
  GeopsyCore          4.4.2 from 3.4.2
      (commit 583bacf54d7367d6c29796a28c8179b98d88e28a)
  QGpGuiTools         2.4.2 from 3.4.2
      (commit 478ff49d6d6ec28d92b21ec9bfcef9f5d343b065)
  SciFigs             3.3.2 from 3.4.2
      (commit cec1d051784e8ee1d9774230fb96c1bb0b618aa0)
  QGpGuiMath          1.3.1 from 3.4.2
      (commit 8e80e068f4f3b16a30e8fb8dff21177f25a58da6)
  GeopsyGui           3.4.1 from 3.4.2
      (commit 905aba82a1928b07b3fd61dec384b9448698c80b)
  GeopsySLink         2.0.3 from 3.4.2
      (commit 2f01f562d775a4ddcdfc6a3b388c2ecb0cbb3a9a)
  GeopsySLinkGui      2.0.2 from 3.4.2
      (commit f6e61f2761b9ab1fa13c821e2a94732db60abf4f)
  geopsy              3.3.3 from 3.4.2
      (commit fb3d54b85a28e6ba741794e0cb6666d0b25c0167)
  geopsyfigs          1.0.2 from 3.4.2
      (commit 33697385e465d0d0ec4344aba55058811e934918)
  campbelltob3        1.0.1 from 3.4.2
      (commit 6e12f8024f0a052e430878492367702311588147)
  DinverCore          1.3.1 from 3.4.2
      (commit 7a17c1522ca1f626c89f2c1e87759f6b4a9311d4)
  QGpCoreWave         2.2.0 from 3.4.2
      (commit 18e08f9fd358a9e504047ec288ca4ab71a7c9851)
  QGpCompatibility    1.1.2 from 3.4.2
      (commit 3e05f6333687b574d4a18fb4336decd9efbe3efa)
  DinverDCCore        2.2.0 from 3.4.2
      (commit 654cab13b392853128bb5fa90891ecf10b5c3f0c)
  QGpCoreStat         1.2.2 from 3.4.2
      (commit 4ed49581fb9dfbf824223fae61af336330486596)
  ArrayCore           4.1.2 from 3.4.2
      (commit 85e1ce3b5a43ddb8cc16df7c31094c7c98a82104)
  QGpGuiWave          1.2.1 from 3.4.2
      (commit 2889d6a23de9671c33c0ae088b33e537035df26f)
  ArrayGui            1.3.0 from 3.4.2
      (commit bb09428d0df9ad7ab7996d50f8ac067b450a9bec)
  geopsyarray         3.2.4 from 3.4.2
      (commit 243028ab672fff396c683ed677c1dd4a1cc6a99b)
  geopsydamping       2.1.3 from 3.4.2
      (commit 2be6cba7701efb6e8c1a20c940cffe08f04ffcd2)
  HVCore              1.1.2 from 3.4.2
      (commit a76eb646e633a11fe6b411d1112c55e3c9107de4)
  HVGui               1.1.0 from 3.4.2
      (commit a66df7fe63f6c9107cfffcd4fa86d4f9893fec16)
  geopsyhv            4.0.2 from 3.4.2
      (commit ecd96a31c8abadf86bcbae0dd02bb37935b26dc7)
  geopsynr            1.1.1 from 3.4.2
      (commit f149a70197f8622e594ecec09f55068ecabcfc33)
  geopsyptmotion      2.0.3 from 3.4.2
      (commit c82034566f860b11afdc973ca84ef0027af6cf95)
  geopsyrefra         2.0.2 from 3.4.2
      (commit 807393bf66c9762a914de2cbc8c43813d8ae4227)
  geopsytfa           2.1.1 from 3.4.2
      (commit b87f1cb860bedfd6fb8d0439e749dd7464b26a24)
  hvtfa               2.1.3 from 3.4.2
      (commit fa8612a089e30f0bd72192724ee1ebe5fb4080b5)
  matfiles            1.0.3 from 3.4.2
      (commit aa4bbdecc6f645ece0598270993e17766e4c7b32)
  phaseit             1.0.2 from 3.4.2
      (commit 266b229edcf7986948d6d3f3940a154229b45f91)
#
# END SOFTWARE VERSION
#
#
# BEGIN SIGNAL LIST
#
[COMP 0]
 [SIG 0] E:/SOLODATA/MartinGeoCamb/TouretTaxis/TouretTaxis_splitted/5. Ramiro/453001195.1.2022.12.02.09.09.00.000.Z.miniseed at index 0
[COMP 1]
 [SIG 0] E:/SOLODATA/MartinGeoCamb/TouretTaxis/TouretTaxis_splitted/5. Ramiro/453001195.1.2022.12.02.09.09.00.000.N.miniseed at index 0
[COMP 2]
 [SIG 0] E:/SOLODATA/MartinGeoCamb/TouretTaxis/TouretTaxis_splitted/5. Ramiro/453001195.1.2022.12.02.09.09.00.000.E.miniseed at index 0
#
# END SIGNAL LIST
#
#
# BEGIN PARAMETERS
#
# Version 0: all files generated with releases before 20170901 (default for input)
PARAMETERS_VERSION=1
# TYPEs:
#   - Signal: from the start or to the end of signal (TEXT are useless)
#   - Delta: a fixed duration counted from the start or the end (e.g. TEXT=1h).
#   - Pick: from or to a time pick (TEXT=time pick name).
#   - Absolute: from or to a fixed time (e.g. TEXT=20170314115338.00)
FROM_TIME_TYPE=Signal
FROM_TIME_TEXT=0s
# TYPEs: Signal, Delta, Absolute
TO_TIME_TYPE=Signal
TO_TIME_TEXT=0s
REFERENCE=
COMMON_TIME_WINDOWS=false
# TYPEs: Exactly, AtLeast, FrequencyDependent
WINDOW_LENGTH_TYPE=Exactly
WINDOW_MIN_LENGTH(s)=60
WINDOW_MAX_LENGTH(s)=60
WINDOW_MAX_COUNT=0
# Length of time windows are adjusted to avoid a prime number of samples which
# slows down the FFT computation. Usually a maximum prime 11 in the prime factorization
# of the number of samples is a good compromise between the speed and the lenght inaccuracy
# Leave as zero to allow any prime number factorization.
WINDOW_MAXIMUM_PRIME_FACTOR=11
BAD_SAMPLE_TOLERANCE (s)=0
BAD_SAMPLE_GAP (s)=0
WINDOW_OVERLAP (%)=50
# TYPEs: NoSampleThreshold, RelativeSampleThreshold, AbsoluteSampleThreshold
BAD_SAMPLE_THRESHOLD_TYPE=RelativeSampleThreshold
BAD_SAMPLE_THRESHOLD_VALUE (%)=0.8
ANTI-TRIGGERING_ON_RAW_SIGNAL (y/n)=n
ANTI-TRIGGERING_ON_FILTERED_SIGNAL (y/n)=n
# Start a time window for each seismic event available inside the time range.
SEISMIC_EVENT_TRIGGER (y/n)=n
SEISMIC_EVENT_DELAY (s)=-0.1
WINDOW_TYPE=Tukey
WINDOW_REVERSED=n
WINDOW_ALPHA=0.1
SMOOTHING_METHOD=Function
SMOOTHING_WIDTH_TYPE=Proportional
SMOOTHING_WIDTH=0.4
# Describes the way values are summed: on a linear, log or inversed scale
SMOOTHING_SCALE_TYPE=Linear
SMOOTHING_WINDOW_TYPE=KonnoOhmachi
SMOOTHING_WINDOW_REVERSED=n
MINIMUM_FREQUENCY=0.2
MAXIMUM_FREQUENCY=100
# Either 'Linear', 'Log' or 'Inversed'
SCALE_TYPE_FREQUENCY=Log
# Number of samples is either set to a fixed value ('Count') or through a step between samples ('Step')'
STEP_TYPE_FREQUENCY=Step
SAMPLES_NUMBER_FREQUENCY=252
# STEP=difference between two successive samples for 'linear' scales
# STEP=ratio between two successive samples for 'log' scales
# STEP=difference between two successive inversed samples for 'inversed' scales
STEP_FREQUENCY=1.025
HIGH_PASS_FREQUENCY=0
# Possible values for HORIZONTAL_COMPONENTS: Squared, Energy, Azimuth, Geometric
HORIZONTAL_COMPONENTS=Squared
# HORIZONTAL_AZIMUTH is used only when HORIZONTAL_COMPONENTS==Azimuth
HORIZONTAL_AZIMUTH=0
# Used only for rotated output
ROTATION_STEP=10
# Frequency domain window rejection (Cox et al. (2020, GJI)
FREQUENCY_WINDOW_REJECTION_MINIMUM_FREQUENCY=0.0001
FREQUENCY_WINDOW_REJECTION_MAXIMUM_FREQUENCY=5000
FREQUENCY_WINDOW_REJECTION_STDDEV_FACTOR=2
FREQUENCY_WINDOW_REJECTION_MAXIMUM_ITERATIONS=50
#
# END PARAMETERS
#
#
# BEGIN WINDOWING LOG
#
Automatic windowing
#
# END WINDOWING LOG
#
#
# BEGIN WINDOW LIST
#
# Number= 566
# Start time 	 End Time 	 Window length
20221202091000.002000	20221202091100.002000	60
20221202091030.003000	20221202091130.003000	60
20221202091130.005000	20221202091230.005000	60
20221202091200.006000	20221202091300.006000	60
20221202091230.007000	20221202091330.007000	60
20221202091300.008000	20221202091400.008000	60
20221202091330.009000	20221202091430.009000	60
20221202091400.010000	20221202091500.010000	60
20221202091430.011000	20221202091530.011000	60
20221202091500.012000	20221202091600.012000	60
20221202091530.013000	20221202091630.013000	60
20221202091600.014000	20221202091700.014000	60
20221202091630.015000	20221202091730.015000	60
20221202091700.016000	20221202091800.016000	60
20221202091730.017000	20221202091830.017000	60
20221202091800.018000	20221202091900.018000	60
20221202091830.019000	20221202091930.019000	60
20221202091900.020000	20221202092000.020000	60
20221202091930.021000	20221202092030.021000	60
20221202092000.022000	20221202092100.022000	60
20221202092030.023000	20221202092130.023000	60
20221202092100.024000	20221202092200.024000	60
20221202092130.025000	20221202092230.025000	60
20221202092200.026000	20221202092300.026000	60
20221202092230.027000	20221202092330.027000	60
20221202092300.028000	20221202092400.028000	60
20221202092330.029000	20221202092430.029000	60
20221202092400.030000	20221202092500.030000	60
20221202092430.031000	20221202092530.031000	60
20221202092500.032000	20221202092600.032000	60
20221202092530.033000	20221202092630.033000	60
20221202092600.034000	20221202092700.034000	60
20221202092630.035000	20221202092730.035000	60
20221202092700.036000	20221202092800.036000	60
20221202092730.037000	20221202092830.037000	60
20221202092800.038000	20221202092900.038000	60
20221202092830.039000	20221202092930.039000	60
20221202092900.040000	20221202093000.040000	60
20221202092930.041000	20221202093030.041000	60
20221202093000.042000	20221202093100.042000	60
20221202093030.043000	20221202093130.043000	60
20221202093100.044000	20221202093200.044000	60
20221202093130.045000	20221202093230.045000	60
20221202093200.046000	20221202093300.046000	60
20221202093230.047000	20221202093330.047000	60
20221202093300.048000	20221202093400.048000	60
20221202093330.049000	20221202093430.049000	60
20221202093400.050000	20221202093500.050000	60
20221202093430.051000	20221202093530.051000	60
20221202093500.052000	20221202093600.052000	60
20221202093530.053000	20221202093630.053000	60
20221202093600.054000	20221202093700.054000	60
20221202093630.055000	20221202093730.055000	60
20221202093700.056000	20221202093800.056000	60
20221202093730.057000	20221202093830.057000	60
20221202093800.058000	20221202093900.058000	60
20221202093830.059000	20221202093930.059000	60
20221202093900.060000	20221202094000.060000	60
20221202093930.061000	20221202094030.061000	60
20221202094000.062000	20221202094100.062000	60
20221202094030.063000	20221202094130.063000	60
20221202094100.064000	20221202094200.064000	60
20221202094130.065000	20221202094230.065000	60
20221202094200.066000	20221202094300.066000	60
20221202094230.067000	20221202094330.067000	60
20221202094300.068000	20221202094400.068000	60
20221202094330.069000	20221202094430.069000	60
20221202094400.070000	20221202094500.070000	60
20221202094430.071000	20221202094530.071000	60
20221202094500.072000	20221202094600.072000	60
20221202094530.073000	20221202094630.073000	60
20221202094600.074000	20221202094700.074000	60
20221202094630.075000	20221202094730.075000	60
20221202094700.076000	20221202094800.076000	60
20221202094730.077000	20221202094830.077000	60
20221202094800.078000	20221202094900.078000	60
20221202094830.079000	20221202094930.079000	60
20221202094900.080000	20221202095000.080000	60
20221202094930.081000	20221202095030.081000	60
20221202095000.082000	20221202095100.082000	60
20221202095030.083000	20221202095130.083000	60
20221202095100.084000	20221202095200.084000	60
20221202095130.085000	20221202095230.085000	60
20221202095200.086000	20221202095300.086000	60
20221202095230.087000	20221202095330.087000	60
20221202095300.088000	20221202095400.088000	60
20221202095330.089000	20221202095430.089000	60
20221202095400.090000	20221202095500.090000	60
20221202095430.091000	20221202095530.091000	60
20221202095500.092000	20221202095600.092000	60
20221202095530.093000	20221202095630.093000	60
20221202095600.094000	20221202095700.094000	60
20221202095630.095000	20221202095730.095000	60
20221202095700.096000	20221202095800.096000	60
20221202095730.097000	20221202095830.097000	60
20221202095800.098000	20221202095900.098000	60
20221202095830.099000	20221202095930.099000	60
20221202095900.100000	20221202100000.100000	60
20221202095930.101000	20221202100030.101000	60
20221202100000.102000	20221202100100.102000	60
20221202100030.103000	20221202100130.103000	60
20221202100100.104000	20221202100200.104000	60
20221202100130.105000	20221202100230.105000	60
20221202100200.106000	20221202100300.106000	60
20221202100230.107000	20221202100330.107000	60
20221202100300.108000	20221202100400.108000	60
20221202100330.109000	20221202100430.109000	60
20221202100400.110000	20221202100500.110000	60
20221202100430.111000	20221202100530.111000	60
20221202100500.112000	20221202100600.112000	60
20221202100530.113000	20221202100630.113000	60
20221202100600.114000	20221202100700.114000	60
20221202100630.115000	20221202100730.115000	60
20221202100700.116000	20221202100800.116000	60
20221202100800.118000	20221202100900.118000	60
20221202100830.119000	20221202100930.119000	60
20221202100900.120000	20221202101000.120000	60
20221202100930.121000	20221202101030.121000	60
20221202101000.122000	20221202101100.122000	60
20221202101030.123000	20221202101130.123000	60
20221202101100.124000	20221202101200.124000	60
20221202101130.125000	20221202101230.125000	60
20221202101230.127000	20221202101330.127000	60
20221202101300.128000	20221202101400.128000	60
20221202101330.129000	20221202101430.129000	60
20221202101400.130000	20221202101500.130000	60
20221202101430.131000	20221202101530.131000	60
20221202101500.132000	20221202101600.132000	60
20221202101530.133000	20221202101630.133000	60
20221202101600.134000	20221202101700.134000	60
20221202101630.135000	20221202101730.135000	60
20221202101700.136000	20221202101800.136000	60
20221202101730.137000	20221202101830.137000	60
20221202101800.138000	20221202101900.138000	60
20221202101830.139000	20221202101930.139000	60
20221202101900.140000	20221202102000.140000	60
20221202101930.141000	20221202102030.141000	60
20221202102000.142000	20221202102100.142000	60
20221202102030.143000	20221202102130.143000	60
20221202102100.144000	20221202102200.144000	60
20221202102130.145000	20221202102230.145000	60
20221202102200.146000	20221202102300.146000	60
20221202102230.147000	20221202102330.147000	60
20221202102300.148000	20221202102400.148000	60
20221202102330.149000	20221202102430.149000	60
20221202102400.150000	20221202102500.150000	60
20221202102430.151000	20221202102530.151000	60
20221202102500.152000	20221202102600.152000	60
20221202102530.153000	20221202102630.153000	60
20221202102600.154000	20221202102700.154000	60
20221202102630.155000	20221202102730.155000	60
20221202102730.157000	20221202102830.157000	60
20221202102800.158000	20221202102900.158000	60
20221202102830.159000	20221202102930.159000	60
20221202102900.160000	20221202103000.160000	60
20221202102930.161000	20221202103030.161000	60
20221202103000.162000	20221202103100.162000	60
20221202103030.163000	20221202103130.163000	60
20221202103100.164000	20221202103200.164000	60
20221202103130.165000	20221202103230.165000	60
20221202103200.166000	20221202103300.166000	60
20221202103230.167000	20221202103330.167000	60
20221202103300.168000	20221202103400.168000	60
20221202103330.169000	20221202103430.169000	60
20221202103400.170000	20221202103500.170000	60
20221202103430.171000	20221202103530.171000	60
20221202103530.173000	20221202103630.173000	60
20221202103600.174000	20221202103700.174000	60
20221202103630.175000	20221202103730.175000	60
20221202103700.176000	20221202103800.176000	60
20221202103730.177000	20221202103830.177000	60
20221202103800.178000	20221202103900.178000	60
20221202103830.179000	20221202103930.179000	60
20221202103900.180000	20221202104000.180000	60
20221202103930.181000	20221202104030.181000	60
20221202104000.182000	20221202104100.182000	60
20221202104030.183000	20221202104130.183000	60
20221202104100.184000	20221202104200.184000	60
20221202104130.185000	20221202104230.185000	60
20221202104200.186000	20221202104300.186000	60
20221202104230.187000	20221202104330.187000	60
20221202104300.188000	20221202104400.188000	60
20221202104400.190000	20221202104500.190000	60
20221202104430.191000	20221202104530.191000	60
20221202104500.192000	20221202104600.192000	60
20221202104530.193000	20221202104630.193000	60
20221202104600.194000	20221202104700.194000	60
20221202104630.195000	20221202104730.195000	60
20221202104700.196000	20221202104800.196000	60
20221202104730.197000	20221202104830.197000	60
20221202104800.198000	20221202104900.198000	60
20221202104830.199000	20221202104930.199000	60
20221202104900.200000	20221202105000.200000	60
20221202104930.201000	20221202105030.201000	60
20221202105030.203000	20221202105130.203000	60
20221202105100.204000	20221202105200.204000	60
20221202105130.205000	20221202105230.205000	60
20221202105200.206000	20221202105300.206000	60
20221202105230.207000	20221202105330.207000	60
20221202105300.208000	20221202105400.208000	60
20221202105330.209000	20221202105430.209000	60
20221202105400.210000	20221202105500.210000	60
20221202105430.211000	20221202105530.211000	60
20221202105500.212000	20221202105600.212000	60
20221202105530.213000	20221202105630.213000	60
20221202105600.214000	20221202105700.214000	60
20221202105630.215000	20221202105730.215000	60
20221202105700.216000	20221202105800.216000	60
20221202105730.217000	20221202105830.217000	60
20221202105800.218000	20221202105900.218000	60
20221202105830.219000	20221202105930.219000	60
20221202105900.220000	20221202110000.220000	60
20221202105930.221000	20221202110030.221000	60
20221202110000.222000	20221202110100.222000	60
20221202110030.223000	20221202110130.223000	60
20221202110100.224000	20221202110200.224000	60
20221202110130.225000	20221202110230.225000	60
20221202110200.226000	20221202110300.226000	60
20221202110230.227000	20221202110330.227000	60
20221202110300.228000	20221202110400.228000	60
20221202110330.229000	20221202110430.229000	60
20221202110700.236000	20221202110800.236000	60
20221202110730.237000	20221202110830.237000	60
20221202110800.238000	20221202110900.238000	60
20221202110830.239000	20221202110930.239000	60
20221202110900.240000	20221202111000.240000	60
20221202110930.241000	20221202111030.241000	60
20221202111000.242000	20221202111100.242000	60
20221202111030.243000	20221202111130.243000	60
20221202111100.244000	20221202111200.244000	60
20221202111130.245000	20221202111230.245000	60
20221202111200.246000	20221202111300.246000	60
20221202111230.247000	20221202111330.247000	60
20221202111300.248000	20221202111400.248000	60
20221202111330.249000	20221202111430.249000	60
20221202111400.250000	20221202111500.250000	60
20221202111530.253000	20221202111630.253000	60
20221202111600.254000	20221202111700.254000	60
20221202111630.255000	20221202111730.255000	60
20221202111700.256000	20221202111800.256000	60
20221202111730.257000	20221202111830.257000	60
20221202111800.258000	20221202111900.258000	60
20221202111830.259000	20221202111930.259000	60
20221202111900.260000	20221202112000.260000	60
20221202111930.261000	20221202112030.261000	60
20221202112000.262000	20221202112100.262000	60
20221202112030.263000	20221202112130.263000	60
20221202112100.264000	20221202112200.264000	60
20221202112130.265000	20221202112230.265000	60
20221202112200.266000	20221202112300.266000	60
20221202112230.267000	20221202112330.267000	60
20221202112300.268000	20221202112400.268000	60
20221202112330.269000	20221202112430.269000	60
20221202112400.270000	20221202112500.270000	60
20221202112430.271000	20221202112530.271000	60
20221202112500.272000	20221202112600.272000	60
20221202112530.273000	20221202112630.273000	60
20221202112600.274000	20221202112700.274000	60
20221202112630.275000	20221202112730.275000	60
20221202112700.276000	20221202112800.276000	60
20221202112730.277000	20221202112830.277000	60
20221202112800.278000	20221202112900.278000	60
20221202112830.279000	20221202112930.279000	60
20221202112900.280000	20221202113000.280000	60
20221202112930.281000	20221202113030.281000	60
20221202113000.282000	20221202113100.282000	60
20221202113030.283000	20221202113130.283000	60
20221202113100.284000	20221202113200.284000	60
20221202113130.285000	20221202113230.285000	60
20221202113200.286000	20221202113300.286000	60
20221202113230.287000	20221202113330.287000	60
20221202113300.288000	20221202113400.288000	60
20221202113330.289000	20221202113430.289000	60
20221202113400.290000	20221202113500.290000	60
20221202113430.291000	20221202113530.291000	60
20221202113500.292000	20221202113600.292000	60
20221202113530.293000	20221202113630.293000	60
20221202113600.294000	20221202113700.294000	60
20221202113630.295000	20221202113730.295000	60
20221202113700.296000	20221202113800.296000	60
20221202113730.297000	20221202113830.297000	60
20221202113800.298000	20221202113900.298000	60
20221202113830.299000	20221202113930.299000	60
20221202113900.300000	20221202114000.300000	60
20221202113930.301000	20221202114030.301000	60
20221202114000.302000	20221202114100.302000	60
20221202114030.303000	20221202114130.303000	60
20221202114100.304000	20221202114200.304000	60
20221202114130.305000	20221202114230.305000	60
20221202114200.306000	20221202114300.306000	60
20221202114230.307000	20221202114330.307000	60
20221202114300.308000	20221202114400.308000	60
20221202114330.309000	20221202114430.309000	60
20221202114518.570000	20221202114618.570000	60
20221202114548.571000	20221202114648.571000	60
20221202114618.572000	20221202114718.572000	60
20221202114648.573000	20221202114748.573000	60
20221202114718.574000	20221202114818.574000	60
20221202114748.575000	20221202114848.575000	60
20221202114818.576000	20221202114918.576000	60
20221202114848.577000	20221202114948.577000	60
20221202114918.578000	20221202115018.578000	60
20221202114948.579000	20221202115048.579000	60
20221202115018.580000	20221202115118.580000	60
20221202115048.581000	20221202115148.581000	60
20221202115118.582000	20221202115218.582000	60
20221202115148.583000	20221202115248.583000	60
20221202115218.584000	20221202115318.584000	60
20221202115248.585000	20221202115348.585000	60
20221202115348.587000	20221202115448.587000	60
20221202115418.588000	20221202115518.588000	60
20221202115448.589000	20221202115548.589000	60
20221202115518.590000	20221202115618.590000	60
20221202115548.591000	20221202115648.591000	60
20221202115618.592000	20221202115718.592000	60
20221202115648.593000	20221202115748.593000	60
20221202115718.594000	20221202115818.594000	60
20221202115748.595000	20221202115848.595000	60
20221202115818.596000	20221202115918.596000	60
20221202115848.597000	20221202115948.597000	60
20221202115918.598000	20221202120018.598000	60
20221202115948.599000	20221202120048.599000	60
20221202120018.600000	20221202120118.600000	60
20221202120048.601000	20221202120148.601000	60
20221202120118.602000	20221202120218.602000	60
20221202120248.605000	20221202120348.605000	60
20221202120318.606000	20221202120418.606000	60
20221202120348.607000	20221202120448.607000	60
20221202120418.608000	20221202120518.608000	60
20221202120448.609000	20221202120548.609000	60
20221202120518.610000	20221202120618.610000	60
20221202120548.611000	20221202120648.611000	60
20221202120618.612000	20221202120718.612000	60
20221202120648.613000	20221202120748.613000	60
20221202120718.614000	20221202120818.614000	60
20221202120748.615000	20221202120848.615000	60
20221202120818.616000	20221202120918.616000	60
20221202120848.617000	20221202120948.617000	60
20221202120918.618000	20221202121018.618000	60
20221202120948.619000	20221202121048.619000	60
20221202121018.620000	20221202121118.620000	60
20221202121048.621000	20221202121148.621000	60
20221202121118.622000	20221202121218.622000	60
20221202121148.623000	20221202121248.623000	60
20221202121218.624000	20221202121318.624000	60
20221202121248.625000	20221202121348.625000	60
20221202121318.626000	20221202121418.626000	60
20221202121348.627000	20221202121448.627000	60
20221202121418.628000	20221202121518.628000	60
20221202121448.629000	20221202121548.629000	60
20221202121518.630000	20221202121618.630000	60
20221202121548.631000	20221202121648.631000	60
20221202121618.632000	20221202121718.632000	60
20221202121648.633000	20221202121748.633000	60
20221202121718.634000	20221202121818.634000	60
20221202121748.635000	20221202121848.635000	60
20221202121818.636000	20221202121918.636000	60
20221202121848.637000	20221202121948.637000	60
20221202121918.638000	20221202122018.638000	60
20221202121948.639000	20221202122048.639000	60
20221202122018.640000	20221202122118.640000	60
20221202122048.641000	20221202122148.641000	60
20221202122118.642000	20221202122218.642000	60
20221202122148.643000	20221202122248.643000	60
20221202122218.644000	20221202122318.644000	60
20221202122248.645000	20221202122348.645000	60
20221202122318.646000	20221202122418.646000	60
20221202122348.647000	20221202122448.647000	60
20221202122418.648000	20221202122518.648000	60
20221202122448.649000	20221202122548.649000	60
20221202122618.652000	20221202122718.652000	60
20221202122648.653000	20221202122748.653000	60
20221202122718.654000	20221202122818.654000	60
20221202122748.655000	20221202122848.655000	60
20221202122818.656000	20221202122918.656000	60
20221202122848.657000	20221202122948.657000	60
20221202122918.658000	20221202123018.658000	60
20221202122948.659000	20221202123048.659000	60
20221202123018.660000	20221202123118.660000	60
20221202123048.661000	20221202123148.661000	60
20221202123118.662000	20221202123218.662000	60
20221202123148.663000	20221202123248.663000	60
20221202123218.664000	20221202123318.664000	60
20221202123248.665000	20221202123348.665000	60
20221202123318.666000	20221202123418.666000	60
20221202123348.667000	20221202123448.667000	60
20221202123548.671000	20221202123648.671000	60
20221202123618.672000	20221202123718.672000	60
20221202123648.673000	20221202123748.673000	60
20221202123718.674000	20221202123818.674000	60
20221202123748.675000	20221202123848.675000	60
20221202123818.676000	20221202123918.676000	60
20221202123848.677000	20221202123948.677000	60
20221202123918.678000	20221202124018.678000	60
20221202123948.679000	20221202124048.679000	60
20221202124018.680000	20221202124118.680000	60
20221202124048.681000	20221202124148.681000	60
20221202124118.682000	20221202124218.682000	60
20221202124148.683000	20221202124248.683000	60
20221202124218.684000	20221202124318.684000	60
20221202124248.685000	20221202124348.685000	60
20221202124318.686000	20221202124418.686000	60
20221202124348.687000	20221202124448.687000	60
20221202124418.688000	20221202124518.688000	60
20221202124448.689000	20221202124548.689000	60
20221202124518.690000	20221202124618.690000	60
20221202124548.691000	20221202124648.691000	60
20221202124618.692000	20221202124718.692000	60
20221202124648.693000	20221202124748.693000	60
20221202124718.694000	20221202124818.694000	60
20221202124748.695000	20221202124848.695000	60
20221202124818.696000	20221202124918.696000	60
20221202124848.697000	20221202124948.697000	60
20221202124918.698000	20221202125018.698000	60
20221202124948.699000	20221202125048.699000	60
20221202125018.700000	20221202125118.700000	60
20221202125048.701000	20221202125148.701000	60
20221202125118.702000	20221202125218.702000	60
20221202125148.703000	20221202125248.703000	60
20221202125218.704000	20221202125318.704000	60
20221202125248.705000	20221202125348.705000	60
20221202125318.706000	20221202125418.706000	60
20221202125348.707000	20221202125448.707000	60
20221202125418.708000	20221202125518.708000	60
20221202125448.709000	20221202125548.709000	60
20221202125518.710000	20221202125618.710000	60
20221202125548.711000	20221202125648.711000	60
20221202125618.712000	20221202125718.712000	60
20221202125648.713000	20221202125748.713000	60
20221202125718.714000	20221202125818.714000	60
20221202125748.715000	20221202125848.715000	60
20221202125818.716000	20221202125918.716000	60
20221202125848.717000	20221202125948.717000	60
20221202125918.718000	20221202130018.718000	60
20221202125948.719000	20221202130048.719000	60
20221202130018.720000	20221202130118.720000	60
20221202130048.721000	20221202130148.721000	60
20221202130118.722000	20221202130218.722000	60
20221202130148.723000	20221202130248.723000	60
20221202130218.724000	20221202130318.724000	60
20221202130248.725000	20221202130348.725000	60
20221202130318.726000	20221202130418.726000	60
20221202130348.727000	20221202130448.727000	60
20221202130418.728000	20221202130518.728000	60
20221202130448.729000	20221202130548.729000	60
20221202130518.730000	20221202130618.730000	60
20221202130548.731000	20221202130648.731000	60
20221202130618.732000	20221202130718.732000	60
20221202130648.733000	20221202130748.733000	60
20221202130718.734000	20221202130818.734000	60
20221202130748.735000	20221202130848.735000	60
20221202130818.736000	20221202130918.736000	60
20221202130848.737000	20221202130948.737000	60
20221202130918.738000	20221202131018.738000	60
20221202130948.739000	20221202131048.739000	60
20221202131148.743000	20221202131248.743000	60
20221202131218.744000	20221202131318.744000	60
20221202131248.745000	20221202131348.745000	60
20221202131318.746000	20221202131418.746000	60
20221202131348.747000	20221202131448.747000	60
20221202131418.748000	20221202131518.748000	60
20221202131448.749000	20221202131548.749000	60
20221202131518.750000	20221202131618.750000	60
20221202131548.751000	20221202131648.751000	60
20221202131618.752000	20221202131718.752000	60
20221202131648.753000	20221202131748.753000	60
20221202131718.754000	20221202131818.754000	60
20221202131748.755000	20221202131848.755000	60
20221202131818.756000	20221202131918.756000	60
20221202131848.757000	20221202131948.757000	60
20221202131918.758000	20221202132018.758000	60
20221202131948.759000	20221202132048.759000	60
20221202132018.760000	20221202132118.760000	60
20221202132048.761000	20221202132148.761000	60
20221202132118.762000	20221202132218.762000	60
20221202132148.763000	20221202132248.763000	60
20221202132218.764000	20221202132318.764000	60
20221202132248.765000	20221202132348.765000	60
20221202132318.766000	20221202132418.766000	60
20221202132348.767000	20221202132448.767000	60
20221202132418.768000	20221202132518.768000	60
20221202132448.769000	20221202132548.769000	60
20221202132518.770000	20221202132618.770000	60
20221202132548.771000	20221202132648.771000	60
20221202132618.772000	20221202132718.772000	60
20221202132648.773000	20221202132748.773000	60
20221202132718.774000	20221202132818.774000	60
20221202132748.775000	20221202132848.775000	60
20221202132818.776000	20221202132918.776000	60
20221202132848.777000	20221202132948.777000	60
20221202132918.778000	20221202133018.778000	60
20221202132948.779000	20221202133048.779000	60
20221202133018.780000	20221202133118.780000	60
20221202133048.781000	20221202133148.781000	60
20221202133118.782000	20221202133218.782000	60
20221202133318.786000	20221202133418.786000	60
20221202133348.787000	20221202133448.787000	60
20221202133418.788000	20221202133518.788000	60
20221202133448.789000	20221202133548.789000	60
20221202133518.790000	20221202133618.790000	60
20221202133548.791000	20221202133648.791000	60
20221202133718.794000	20221202133818.794000	60
20221202133748.795000	20221202133848.795000	60
20221202133818.796000	20221202133918.796000	60
20221202133848.797000	20221202133948.797000	60
20221202133918.798000	20221202134018.798000	60
20221202133948.799000	20221202134048.799000	60
20221202134018.800000	20221202134118.800000	60
20221202134048.801000	20221202134148.801000	60
20221202134118.802000	20221202134218.802000	60
20221202134148.803000	20221202134248.803000	60
20221202134218.804000	20221202134318.804000	60
20221202134248.805000	20221202134348.805000	60
20221202134318.806000	20221202134418.806000	60
20221202134348.807000	20221202134448.807000	60
20221202134418.808000	20221202134518.808000	60
20221202134448.809000	20221202134548.809000	60
20221202134518.810000	20221202134618.810000	60
20221202134548.811000	20221202134648.811000	60
20221202134618.812000	20221202134718.812000	60
20221202134648.813000	20221202134748.813000	60
20221202134718.814000	20221202134818.814000	60
20221202134748.815000	20221202134848.815000	60
20221202134818.816000	20221202134918.816000	60
20221202134848.817000	20221202134948.817000	60
20221202134918.818000	20221202135018.818000	60
20221202134948.819000	20221202135048.819000	60
20221202135018.820000	20221202135118.820000	60
20221202135048.821000	20221202135148.821000	60
20221202135118.822000	20221202135218.822000	60
20221202135148.823000	20221202135248.823000	60
20221202135218.824000	20221202135318.824000	60
20221202135248.825000	20221202135348.825000	60
20221202135318.826000	20221202135418.826000	60
20221202135348.827000	20221202135448.827000	60
20221202135418.828000	20221202135518.828000	60
20221202135448.829000	20221202135548.829000	60
20221202135518.830000	20221202135618.830000	60
20221202135548.831000	20221202135648.831000	60
20221202135618.832000	20221202135718.832000	60
20221202135648.833000	20221202135748.833000	60
20221202135718.834000	20221202135818.834000	60
20221202135748.835000	20221202135848.835000	60
20221202135818.836000	20221202135918.836000	60
20221202135848.837000	20221202135948.837000	60
20221202135918.838000	20221202140018.838000	60
20221202135948.839000	20221202140048.839000	60
20221202140018.840000	20221202140118.840000	60
20221202140048.841000	20221202140148.841000	60
20221202140118.842000	20221202140218.842000	60
20221202140657.664000	20221202140757.664000	60
20221202140727.665000	20221202140827.665000	60
20221202140757.666000	20221202140857.666000	60
20221202140827.667000	20221202140927.667000	60
20221202140857.668000	20221202140957.668000	60
20221202140927.669000	20221202141027.669000	60
20221202140957.670000	20221202141057.670000	60
20221202141027.671000	20221202141127.671000	60
20221202141057.672000	20221202141157.672000	60
20221202141127.673000	20221202141227.673000	60
20221202141157.674000	20221202141257.674000	60
20221202141227.675000	20221202141327.675000	60
20221202141257.676000	20221202141357.676000	60
20221202141327.677000	20221202141427.677000	60
20221202141427.679000	20221202141527.679000	60
20221202141457.680000	20221202141557.680000	60
#
# END WINDOW LIST
#
