# HV LOG FORMAT RELEASE 1.0
#
# BEGIN COMMAND LINE ARGUMENTS
#
C:/Users/koenvn/Geopsy 3.3.4/bin/geopsy.exe  $*
exit $?
#
# END COMMAND LINE ARGUMENTS
#
#
# BEGIN SOFTWARE VERSION
#
  Qt                  5.12.3
  QGpCoreTools        2.4.2 from 3.4.2
      (commit 33d7a93616e30a3d511fa67ad3f5da9da1a4aac6)
  QGpCoreMath         1.4.2 from 3.4.2
      (commit 306e3c199829ace6cbde6b242503355428580d05)
  GeopsyCore          4.4.2 from 3.4.2
      (commit 583bacf54d7367d6c29796a28c8179b98d88e28a)
  QGpGuiTools         2.4.2 from 3.4.2
      (commit 478ff49d6d6ec28d92b21ec9bfcef9f5d343b065)
  SciFigs             3.3.2 from 3.4.2
      (commit cec1d051784e8ee1d9774230fb96c1bb0b618aa0)
  QGpGuiMath          1.3.1 from 3.4.2
      (commit 8e80e068f4f3b16a30e8fb8dff21177f25a58da6)
  GeopsyGui           3.4.1 from 3.4.2
      (commit 905aba82a1928b07b3fd61dec384b9448698c80b)
  GeopsySLink         2.0.3 from 3.4.2
      (commit 2f01f562d775a4ddcdfc6a3b388c2ecb0cbb3a9a)
  GeopsySLinkGui      2.0.2 from 3.4.2
      (commit f6e61f2761b9ab1fa13c821e2a94732db60abf4f)
  geopsy              3.3.3 from 3.4.2
      (commit fb3d54b85a28e6ba741794e0cb6666d0b25c0167)
  geopsyfigs          1.0.2 from 3.4.2
      (commit 33697385e465d0d0ec4344aba55058811e934918)
  campbelltob3        1.0.1 from 3.4.2
      (commit 6e12f8024f0a052e430878492367702311588147)
  DinverCore          1.3.1 from 3.4.2
      (commit 7a17c1522ca1f626c89f2c1e87759f6b4a9311d4)
  QGpCoreWave         2.2.0 from 3.4.2
      (commit 18e08f9fd358a9e504047ec288ca4ab71a7c9851)
  QGpCompatibility    1.1.2 from 3.4.2
      (commit 3e05f6333687b574d4a18fb4336decd9efbe3efa)
  DinverDCCore        2.2.0 from 3.4.2
      (commit 654cab13b392853128bb5fa90891ecf10b5c3f0c)
  QGpCoreStat         1.2.2 from 3.4.2
      (commit 4ed49581fb9dfbf824223fae61af336330486596)
  ArrayCore           4.1.2 from 3.4.2
      (commit 85e1ce3b5a43ddb8cc16df7c31094c7c98a82104)
  QGpGuiWave          1.2.1 from 3.4.2
      (commit 2889d6a23de9671c33c0ae088b33e537035df26f)
  ArrayGui            1.3.0 from 3.4.2
      (commit bb09428d0df9ad7ab7996d50f8ac067b450a9bec)
  geopsyarray         3.2.4 from 3.4.2
      (commit 243028ab672fff396c683ed677c1dd4a1cc6a99b)
  geopsydamping       2.1.3 from 3.4.2
      (commit 2be6cba7701efb6e8c1a20c940cffe08f04ffcd2)
  HVCore              1.1.2 from 3.4.2
      (commit a76eb646e633a11fe6b411d1112c55e3c9107de4)
  HVGui               1.1.0 from 3.4.2
      (commit a66df7fe63f6c9107cfffcd4fa86d4f9893fec16)
  geopsyhv            4.0.2 from 3.4.2
      (commit ecd96a31c8abadf86bcbae0dd02bb37935b26dc7)
  geopsynr            1.1.1 from 3.4.2
      (commit f149a70197f8622e594ecec09f55068ecabcfc33)
  geopsyptmotion      2.0.3 from 3.4.2
      (commit c82034566f860b11afdc973ca84ef0027af6cf95)
  geopsyrefra         2.0.2 from 3.4.2
      (commit 807393bf66c9762a914de2cbc8c43813d8ae4227)
  geopsytfa           2.1.1 from 3.4.2
      (commit b87f1cb860bedfd6fb8d0439e749dd7464b26a24)
  hvtfa               2.1.3 from 3.4.2
      (commit fa8612a089e30f0bd72192724ee1ebe5fb4080b5)
  matfiles            1.0.3 from 3.4.2
      (commit aa4bbdecc6f645ece0598270993e17766e4c7b32)
  phaseit             1.0.2 from 3.4.2
      (commit 266b229edcf7986948d6d3f3940a154229b45f91)
#
# END SOFTWARE VERSION
#
#
# BEGIN SIGNAL LIST
#
[COMP 0]
 [SIG 0] E:/SOLODATA/MartinGeoCamb/TouretTaxis/TouretTaxis_splitted/14. Myriam/590000633.1.2022.12.02.09.30.16.000.Z.miniseed at index 0
[COMP 1]
 [SIG 0] E:/SOLODATA/MartinGeoCamb/TouretTaxis/TouretTaxis_splitted/14. Myriam/590000633.1.2022.12.02.09.30.16.000.N.miniseed at index 0
[COMP 2]
 [SIG 0] E:/SOLODATA/MartinGeoCamb/TouretTaxis/TouretTaxis_splitted/14. Myriam/590000633.1.2022.12.02.09.30.16.000.E.miniseed at index 0
#
# END SIGNAL LIST
#
#
# BEGIN PARAMETERS
#
# Version 0: all files generated with releases before 20170901 (default for input)
PARAMETERS_VERSION=1
# TYPEs:
#   - Signal: from the start or to the end of signal (TEXT are useless)
#   - Delta: a fixed duration counted from the start or the end (e.g. TEXT=1h).
#   - Pick: from or to a time pick (TEXT=time pick name).
#   - Absolute: from or to a fixed time (e.g. TEXT=20170314115338.00)
FROM_TIME_TYPE=Signal
FROM_TIME_TEXT=0s
# TYPEs: Signal, Delta, Absolute
TO_TIME_TYPE=Signal
TO_TIME_TEXT=0s
REFERENCE=
COMMON_TIME_WINDOWS=false
# TYPEs: Exactly, AtLeast, FrequencyDependent
WINDOW_LENGTH_TYPE=Exactly
WINDOW_MIN_LENGTH(s)=60
WINDOW_MAX_LENGTH(s)=60
WINDOW_MAX_COUNT=0
# Length of time windows are adjusted to avoid a prime number of samples which
# slows down the FFT computation. Usually a maximum prime 11 in the prime factorization
# of the number of samples is a good compromise between the speed and the lenght inaccuracy
# Leave as zero to allow any prime number factorization.
WINDOW_MAXIMUM_PRIME_FACTOR=11
BAD_SAMPLE_TOLERANCE (s)=0
BAD_SAMPLE_GAP (s)=0
WINDOW_OVERLAP (%)=50
# TYPEs: NoSampleThreshold, RelativeSampleThreshold, AbsoluteSampleThreshold
BAD_SAMPLE_THRESHOLD_TYPE=RelativeSampleThreshold
BAD_SAMPLE_THRESHOLD_VALUE (%)=0.8
ANTI-TRIGGERING_ON_RAW_SIGNAL (y/n)=n
ANTI-TRIGGERING_ON_FILTERED_SIGNAL (y/n)=n
# Start a time window for each seismic event available inside the time range.
SEISMIC_EVENT_TRIGGER (y/n)=n
SEISMIC_EVENT_DELAY (s)=-0.1
WINDOW_TYPE=Tukey
WINDOW_REVERSED=n
WINDOW_ALPHA=0.1
SMOOTHING_METHOD=Function
SMOOTHING_WIDTH_TYPE=Proportional
SMOOTHING_WIDTH=0.4
# Describes the way values are summed: on a linear, log or inversed scale
SMOOTHING_SCALE_TYPE=Linear
SMOOTHING_WINDOW_TYPE=KonnoOhmachi
SMOOTHING_WINDOW_REVERSED=n
MINIMUM_FREQUENCY=0.2
MAXIMUM_FREQUENCY=100
# Either 'Linear', 'Log' or 'Inversed'
SCALE_TYPE_FREQUENCY=Log
# Number of samples is either set to a fixed value ('Count') or through a step between samples ('Step')'
STEP_TYPE_FREQUENCY=Step
SAMPLES_NUMBER_FREQUENCY=252
# STEP=difference between two successive samples for 'linear' scales
# STEP=ratio between two successive samples for 'log' scales
# STEP=difference between two successive inversed samples for 'inversed' scales
STEP_FREQUENCY=1.025
HIGH_PASS_FREQUENCY=0
# Possible values for HORIZONTAL_COMPONENTS: Squared, Energy, Azimuth, Geometric
HORIZONTAL_COMPONENTS=Squared
# HORIZONTAL_AZIMUTH is used only when HORIZONTAL_COMPONENTS==Azimuth
HORIZONTAL_AZIMUTH=0
# Used only for rotated output
ROTATION_STEP=10
# Frequency domain window rejection (Cox et al. (2020, GJI)
FREQUENCY_WINDOW_REJECTION_MINIMUM_FREQUENCY=0.0001
FREQUENCY_WINDOW_REJECTION_MAXIMUM_FREQUENCY=5000
FREQUENCY_WINDOW_REJECTION_STDDEV_FACTOR=2
FREQUENCY_WINDOW_REJECTION_MAXIMUM_ITERATIONS=50
#
# END PARAMETERS
#
#
# BEGIN WINDOWING LOG
#
Automatic windowing
#
# END WINDOWING LOG
#
#
# BEGIN WINDOW LIST
#
# Number= 457
# Start time 	 End Time 	 Window length
20221202093016.000000	20221202093116.000000	60
20221202093046.004000	20221202093146.004000	60
20221202093116.008000	20221202093216.008000	60
20221202093146.012000	20221202093246.012000	60
20221202093216.016000	20221202093316.016000	60
20221202093246.020000	20221202093346.020000	60
20221202093316.024000	20221202093416.024000	60
20221202093346.028000	20221202093446.028000	60
20221202093416.032000	20221202093516.032000	60
20221202093446.036000	20221202093546.036000	60
20221202093516.040000	20221202093616.040000	60
20221202093546.044000	20221202093646.044000	60
20221202093616.048000	20221202093716.048000	60
20221202093646.052000	20221202093746.052000	60
20221202093716.056000	20221202093816.056000	60
20221202093746.060000	20221202093846.060000	60
20221202093816.064000	20221202093916.064000	60
20221202093846.068000	20221202093946.068000	60
20221202093916.072000	20221202094016.072000	60
20221202093946.076000	20221202094046.076000	60
20221202094116.088000	20221202094216.088000	60
20221202094146.092000	20221202094246.092000	60
20221202094216.096000	20221202094316.096000	60
20221202094246.100000	20221202094346.100000	60
20221202094346.108000	20221202094446.108000	60
20221202094516.120000	20221202094616.120000	60
20221202094546.124000	20221202094646.124000	60
20221202094616.128000	20221202094716.128000	60
20221202094646.132000	20221202094746.132000	60
20221202094716.136000	20221202094816.136000	60
20221202094746.140000	20221202094846.140000	60
20221202094816.144000	20221202094916.144000	60
20221202094846.148000	20221202094946.148000	60
20221202095246.180000	20221202095346.180000	60
20221202095316.184000	20221202095416.184000	60
20221202095346.188000	20221202095446.188000	60
20221202095416.192000	20221202095516.192000	60
20221202095446.196000	20221202095546.196000	60
20221202095516.200000	20221202095616.200000	60
20221202095546.204000	20221202095646.204000	60
20221202095616.208000	20221202095716.208000	60
20221202095646.212000	20221202095746.212000	60
20221202095716.216000	20221202095816.216000	60
20221202095746.220000	20221202095846.220000	60
20221202095816.224000	20221202095916.224000	60
20221202095846.228000	20221202095946.228000	60
20221202095916.232000	20221202100016.232000	60
20221202095946.236000	20221202100046.236000	60
20221202100016.240000	20221202100116.240000	60
20221202100046.244000	20221202100146.244000	60
20221202100116.248000	20221202100216.248000	60
20221202100216.256000	20221202100316.256000	60
20221202100246.260000	20221202100346.260000	60
20221202100316.264000	20221202100416.264000	60
20221202100346.268000	20221202100446.268000	60
20221202100416.272000	20221202100516.272000	60
20221202100446.276000	20221202100546.276000	60
20221202100516.280000	20221202100616.280000	60
20221202100546.284000	20221202100646.284000	60
20221202100616.288000	20221202100716.288000	60
20221202100646.292000	20221202100746.292000	60
20221202100716.296000	20221202100816.296000	60
20221202100746.300000	20221202100846.300000	60
20221202100816.304000	20221202100916.304000	60
20221202100846.308000	20221202100946.308000	60
20221202100916.312000	20221202101016.312000	60
20221202100946.316000	20221202101046.316000	60
20221202101016.320000	20221202101116.320000	60
20221202101046.324000	20221202101146.324000	60
20221202101116.328000	20221202101216.328000	60
20221202101146.332000	20221202101246.332000	60
20221202101216.336000	20221202101316.336000	60
20221202101246.340000	20221202101346.340000	60
20221202101346.348000	20221202101446.348000	60
20221202101416.352000	20221202101516.352000	60
20221202101446.356000	20221202101546.356000	60
20221202101516.360000	20221202101616.360000	60
20221202101546.364000	20221202101646.364000	60
20221202101616.368000	20221202101716.368000	60
20221202101646.372000	20221202101746.372000	60
20221202101716.376000	20221202101816.376000	60
20221202101746.380000	20221202101846.380000	60
20221202101816.384000	20221202101916.384000	60
20221202101846.388000	20221202101946.388000	60
20221202102016.400000	20221202102116.400000	60
20221202102046.404000	20221202102146.404000	60
20221202102116.408000	20221202102216.408000	60
20221202102146.412000	20221202102246.412000	60
20221202102216.416000	20221202102316.416000	60
20221202102246.420000	20221202102346.420000	60
20221202102316.424000	20221202102416.424000	60
20221202102346.428000	20221202102446.428000	60
20221202102416.432000	20221202102516.432000	60
20221202102516.440000	20221202102616.440000	60
20221202102546.444000	20221202102646.444000	60
20221202102616.448000	20221202102716.448000	60
20221202102646.452000	20221202102746.452000	60
20221202102716.456000	20221202102816.456000	60
20221202102746.460000	20221202102846.460000	60
20221202102816.464000	20221202102916.464000	60
20221202102846.468000	20221202102946.468000	60
20221202102916.472000	20221202103016.472000	60
20221202102946.476000	20221202103046.476000	60
20221202103016.480000	20221202103116.480000	60
20221202103046.484000	20221202103146.484000	60
20221202103116.488000	20221202103216.488000	60
20221202103316.504000	20221202103416.504000	60
20221202103346.508000	20221202103446.508000	60
20221202103416.512000	20221202103516.512000	60
20221202103446.516000	20221202103546.516000	60
20221202103516.520000	20221202103616.520000	60
20221202103546.524000	20221202103646.524000	60
20221202103616.528000	20221202103716.528000	60
20221202103646.532000	20221202103746.532000	60
20221202103716.536000	20221202103816.536000	60
20221202103746.540000	20221202103846.540000	60
20221202103816.544000	20221202103916.544000	60
20221202103916.552000	20221202104016.552000	60
20221202103946.556000	20221202104046.556000	60
20221202104016.560000	20221202104116.560000	60
20221202104046.564000	20221202104146.564000	60
20221202104116.568000	20221202104216.568000	60
20221202104146.572000	20221202104246.572000	60
20221202104216.576000	20221202104316.576000	60
20221202104246.580000	20221202104346.580000	60
20221202104316.584000	20221202104416.584000	60
20221202104346.588000	20221202104446.588000	60
20221202104416.592000	20221202104516.592000	60
20221202104446.596000	20221202104546.596000	60
20221202104516.600000	20221202104616.600000	60
20221202104546.604000	20221202104646.604000	60
20221202104616.608000	20221202104716.608000	60
20221202104646.612000	20221202104746.612000	60
20221202104716.616000	20221202104816.616000	60
20221202104746.620000	20221202104846.620000	60
20221202104916.632000	20221202105016.632000	60
20221202104946.636000	20221202105046.636000	60
20221202105046.644000	20221202105146.644000	60
20221202105116.648000	20221202105216.648000	60
20221202105146.652000	20221202105246.652000	60
20221202105216.656000	20221202105316.656000	60
20221202105246.660000	20221202105346.660000	60
20221202105316.664000	20221202105416.664000	60
20221202105346.668000	20221202105446.668000	60
20221202105416.672000	20221202105516.672000	60
20221202105546.684000	20221202105646.684000	60
20221202105616.688000	20221202105716.688000	60
20221202105646.692000	20221202105746.692000	60
20221202105716.696000	20221202105816.696000	60
20221202105746.700000	20221202105846.700000	60
20221202105816.704000	20221202105916.704000	60
20221202105846.708000	20221202105946.708000	60
20221202105916.712000	20221202110016.712000	60
20221202105946.716000	20221202110046.716000	60
20221202110016.720000	20221202110116.720000	60
20221202110046.724000	20221202110146.724000	60
20221202110116.728000	20221202110216.728000	60
20221202110146.732000	20221202110246.732000	60
20221202110216.736000	20221202110316.736000	60
20221202110446.756000	20221202110546.756000	60
20221202110516.760000	20221202110616.760000	60
20221202110546.764000	20221202110646.764000	60
20221202110616.768000	20221202110716.768000	60
20221202110646.772000	20221202110746.772000	60
20221202110716.776000	20221202110816.776000	60
20221202110746.780000	20221202110846.780000	60
20221202110816.784000	20221202110916.784000	60
20221202110846.788000	20221202110946.788000	60
20221202110916.792000	20221202111016.792000	60
20221202110946.796000	20221202111046.796000	60
20221202111016.800000	20221202111116.800000	60
20221202111046.804000	20221202111146.804000	60
20221202111116.808000	20221202111216.808000	60
20221202111146.812000	20221202111246.812000	60
20221202111216.816000	20221202111316.816000	60
20221202111546.844000	20221202111646.844000	60
20221202111616.848000	20221202111716.848000	60
20221202111646.852000	20221202111746.852000	60
20221202111716.856000	20221202111816.856000	60
20221202111816.864000	20221202111916.864000	60
20221202111846.868000	20221202111946.868000	60
20221202111916.872000	20221202112016.872000	60
20221202111946.876000	20221202112046.876000	60
20221202112016.880000	20221202112116.880000	60
20221202112046.884000	20221202112146.884000	60
20221202112116.888000	20221202112216.888000	60
20221202112146.892000	20221202112246.892000	60
20221202112216.896000	20221202112316.896000	60
20221202112246.900000	20221202112346.900000	60
20221202112316.904000	20221202112416.904000	60
20221202112346.908000	20221202112446.908000	60
20221202112416.912000	20221202112516.912000	60
20221202112446.916000	20221202112546.916000	60
20221202112516.920000	20221202112616.920000	60
20221202112546.924000	20221202112646.924000	60
20221202112616.928000	20221202112716.928000	60
20221202112646.932000	20221202112746.932000	60
20221202112716.936000	20221202112816.936000	60
20221202112746.940000	20221202112846.940000	60
20221202112816.944000	20221202112916.944000	60
20221202112846.948000	20221202112946.948000	60
20221202112916.952000	20221202113016.952000	60
20221202112946.956000	20221202113046.956000	60
20221202113016.960000	20221202113116.960000	60
20221202113046.964000	20221202113146.964000	60
20221202113116.968000	20221202113216.968000	60
20221202113146.972000	20221202113246.972000	60
20221202113216.976000	20221202113316.976000	60
20221202113246.980000	20221202113346.980000	60
20221202113316.984000	20221202113416.984000	60
20221202113346.988000	20221202113446.988000	60
20221202113416.992000	20221202113516.992000	60
20221202113446.996000	20221202113546.996000	60
20221202113517.000000	20221202113617.000000	60
20221202113547.004000	20221202113647.004000	60
20221202113617.008000	20221202113717.008000	60
20221202113647.012000	20221202113747.012000	60
20221202113717.016000	20221202113817.016000	60
20221202113747.020000	20221202113847.020000	60
20221202113817.024000	20221202113917.024000	60
20221202113847.028000	20221202113947.028000	60
20221202113947.036000	20221202114047.036000	60
20221202114017.040000	20221202114117.040000	60
20221202114047.044000	20221202114147.044000	60
20221202114117.048000	20221202114217.048000	60
20221202114147.052000	20221202114247.052000	60
20221202114217.056000	20221202114317.056000	60
20221202114247.060000	20221202114347.060000	60
20221202114317.064000	20221202114417.064000	60
20221202114347.068000	20221202114447.068000	60
20221202114417.072000	20221202114517.072000	60
20221202114447.076000	20221202114547.076000	60
20221202114517.080000	20221202114617.080000	60
20221202114547.084000	20221202114647.084000	60
20221202114617.088000	20221202114717.088000	60
20221202114647.092000	20221202114747.092000	60
20221202114717.096000	20221202114817.096000	60
20221202114747.100000	20221202114847.100000	60
20221202114817.104000	20221202114917.104000	60
20221202114847.108000	20221202114947.108000	60
20221202114917.112000	20221202115017.112000	60
20221202114947.116000	20221202115047.116000	60
20221202115017.120000	20221202115117.120000	60
20221202115047.124000	20221202115147.124000	60
20221202115117.128000	20221202115217.128000	60
20221202115147.132000	20221202115247.132000	60
20221202115217.136000	20221202115317.136000	60
20221202115247.140000	20221202115347.140000	60
20221202115317.144000	20221202115417.144000	60
20221202115347.148000	20221202115447.148000	60
20221202115417.152000	20221202115517.152000	60
20221202115447.156000	20221202115547.156000	60
20221202115517.160000	20221202115617.160000	60
20221202115547.164000	20221202115647.164000	60
20221202115617.168000	20221202115717.168000	60
20221202115647.172000	20221202115747.172000	60
20221202115717.176000	20221202115817.176000	60
20221202115747.180000	20221202115847.180000	60
20221202115817.184000	20221202115917.184000	60
20221202115847.188000	20221202115947.188000	60
20221202115917.192000	20221202120017.192000	60
20221202115947.196000	20221202120047.196000	60
20221202120047.204000	20221202120147.204000	60
20221202120217.216000	20221202120317.216000	60
20221202120247.220000	20221202120347.220000	60
20221202120317.224000	20221202120417.224000	60
20221202120347.228000	20221202120447.228000	60
20221202120517.240000	20221202120617.240000	60
20221202120547.244000	20221202120647.244000	60
20221202120617.248000	20221202120717.248000	60
20221202120647.252000	20221202120747.252000	60
20221202120717.256000	20221202120817.256000	60
20221202120747.260000	20221202120847.260000	60
20221202120817.264000	20221202120917.264000	60
20221202120847.268000	20221202120947.268000	60
20221202120917.272000	20221202121017.272000	60
20221202121047.284000	20221202121147.284000	60
20221202121117.288000	20221202121217.288000	60
20221202121147.292000	20221202121247.292000	60
20221202121217.296000	20221202121317.296000	60
20221202121317.304000	20221202121417.304000	60
20221202121347.308000	20221202121447.308000	60
20221202121417.312000	20221202121517.312000	60
20221202121447.316000	20221202121547.316000	60
20221202121517.320000	20221202121617.320000	60
20221202121547.324000	20221202121647.324000	60
20221202121617.328000	20221202121717.328000	60
20221202121647.332000	20221202121747.332000	60
20221202121717.336000	20221202121817.336000	60
20221202121747.340000	20221202121847.340000	60
20221202121817.344000	20221202121917.344000	60
20221202121847.348000	20221202121947.348000	60
20221202121917.352000	20221202122017.352000	60
20221202121947.356000	20221202122047.356000	60
20221202122017.360000	20221202122117.360000	60
20221202122147.372000	20221202122247.372000	60
20221202122217.376000	20221202122317.376000	60
20221202122247.380000	20221202122347.380000	60
20221202122317.384000	20221202122417.384000	60
20221202122347.388000	20221202122447.388000	60
20221202122417.392000	20221202122517.392000	60
20221202122447.396000	20221202122547.396000	60
20221202122517.400000	20221202122617.400000	60
20221202122547.404000	20221202122647.404000	60
20221202122617.408000	20221202122717.408000	60
20221202122647.412000	20221202122747.412000	60
20221202122747.420000	20221202122847.420000	60
20221202122817.424000	20221202122917.424000	60
20221202122847.428000	20221202122947.428000	60
20221202122917.432000	20221202123017.432000	60
20221202122947.436000	20221202123047.436000	60
20221202123017.440000	20221202123117.440000	60
20221202123047.444000	20221202123147.444000	60
20221202123117.448000	20221202123217.448000	60
20221202123147.452000	20221202123247.452000	60
20221202123217.456000	20221202123317.456000	60
20221202123247.460000	20221202123347.460000	60
20221202123317.464000	20221202123417.464000	60
20221202123347.468000	20221202123447.468000	60
20221202123417.472000	20221202123517.472000	60
20221202123447.476000	20221202123547.476000	60
20221202123517.480000	20221202123617.480000	60
20221202123547.484000	20221202123647.484000	60
20221202123617.488000	20221202123717.488000	60
20221202123647.492000	20221202123747.492000	60
20221202123717.496000	20221202123817.496000	60
20221202123747.500000	20221202123847.500000	60
20221202123817.504000	20221202123917.504000	60
20221202123847.508000	20221202123947.508000	60
20221202123917.512000	20221202124017.512000	60
20221202124047.524000	20221202124147.524000	60
20221202124117.528000	20221202124217.528000	60
20221202124147.532000	20221202124247.532000	60
20221202124217.536000	20221202124317.536000	60
20221202124247.540000	20221202124347.540000	60
20221202124317.544000	20221202124417.544000	60
20221202124347.548000	20221202124447.548000	60
20221202124417.552000	20221202124517.552000	60
20221202124447.556000	20221202124547.556000	60
20221202124517.560000	20221202124617.560000	60
20221202124547.564000	20221202124647.564000	60
20221202124617.568000	20221202124717.568000	60
20221202124647.572000	20221202124747.572000	60
20221202124717.576000	20221202124817.576000	60
20221202124747.580000	20221202124847.580000	60
20221202124817.584000	20221202124917.584000	60
20221202124847.588000	20221202124947.588000	60
20221202124917.592000	20221202125017.592000	60
20221202124947.596000	20221202125047.596000	60
20221202125017.600000	20221202125117.600000	60
20221202125047.604000	20221202125147.604000	60
20221202125117.608000	20221202125217.608000	60
20221202125147.612000	20221202125247.612000	60
20221202125217.616000	20221202125317.616000	60
20221202125247.620000	20221202125347.620000	60
20221202125317.624000	20221202125417.624000	60
20221202125347.628000	20221202125447.628000	60
20221202125417.632000	20221202125517.632000	60
20221202125447.636000	20221202125547.636000	60
20221202125517.640000	20221202125617.640000	60
20221202125547.644000	20221202125647.644000	60
20221202125617.648000	20221202125717.648000	60
20221202125647.652000	20221202125747.652000	60
20221202125717.656000	20221202125817.656000	60
20221202125747.660000	20221202125847.660000	60
20221202125817.664000	20221202125917.664000	60
20221202125847.668000	20221202125947.668000	60
20221202125917.672000	20221202130017.672000	60
20221202125947.676000	20221202130047.676000	60
20221202130017.680000	20221202130117.680000	60
20221202130047.684000	20221202130147.684000	60
20221202130117.688000	20221202130217.688000	60
20221202130147.692000	20221202130247.692000	60
20221202130217.696000	20221202130317.696000	60
20221202130247.700000	20221202130347.700000	60
20221202130347.708000	20221202130447.708000	60
20221202130517.720000	20221202130617.720000	60
20221202130547.724000	20221202130647.724000	60
20221202130617.728000	20221202130717.728000	60
20221202130647.732000	20221202130747.732000	60
20221202130717.736000	20221202130817.736000	60
20221202130747.740000	20221202130847.740000	60
20221202130817.744000	20221202130917.744000	60
20221202130847.748000	20221202130947.748000	60
20221202130917.752000	20221202131017.752000	60
20221202130947.756000	20221202131047.756000	60
20221202131017.760000	20221202131117.760000	60
20221202131047.764000	20221202131147.764000	60
20221202131117.768000	20221202131217.768000	60
20221202131147.772000	20221202131247.772000	60
20221202131217.776000	20221202131317.776000	60
20221202131247.780000	20221202131347.780000	60
20221202131317.784000	20221202131417.784000	60
20221202131347.788000	20221202131447.788000	60
20221202131417.792000	20221202131517.792000	60
20221202131447.796000	20221202131547.796000	60
20221202131517.800000	20221202131617.800000	60
20221202131547.804000	20221202131647.804000	60
20221202131617.808000	20221202131717.808000	60
20221202131647.812000	20221202131747.812000	60
20221202131717.816000	20221202131817.816000	60
20221202131747.820000	20221202131847.820000	60
20221202131817.824000	20221202131917.824000	60
20221202131847.828000	20221202131947.828000	60
20221202131917.832000	20221202132017.832000	60
20221202131947.836000	20221202132047.836000	60
20221202132017.840000	20221202132117.840000	60
20221202132047.844000	20221202132147.844000	60
20221202132117.848000	20221202132217.848000	60
20221202132147.852000	20221202132247.852000	60
20221202132217.856000	20221202132317.856000	60
20221202132247.860000	20221202132347.860000	60
20221202132317.864000	20221202132417.864000	60
20221202132347.868000	20221202132447.868000	60
20221202132417.872000	20221202132517.872000	60
20221202132447.876000	20221202132547.876000	60
20221202132517.880000	20221202132617.880000	60
20221202132651.724000	20221202132751.724000	60
20221202132721.728000	20221202132821.728000	60
20221202132751.732000	20221202132851.732000	60
20221202132821.736000	20221202132921.736000	60
20221202132851.740000	20221202132951.740000	60
20221202133021.752000	20221202133121.752000	60
20221202133051.756000	20221202133151.756000	60
20221202133121.760000	20221202133221.760000	60
20221202133151.764000	20221202133251.764000	60
20221202133221.768000	20221202133321.768000	60
20221202133251.772000	20221202133351.772000	60
20221202133321.776000	20221202133421.776000	60
20221202133351.780000	20221202133451.780000	60
20221202133421.784000	20221202133521.784000	60
20221202133451.788000	20221202133551.788000	60
20221202133521.792000	20221202133621.792000	60
20221202133551.796000	20221202133651.796000	60
20221202133621.800000	20221202133721.800000	60
20221202133651.804000	20221202133751.804000	60
20221202133721.808000	20221202133821.808000	60
20221202133751.812000	20221202133851.812000	60
20221202133821.816000	20221202133921.816000	60
20221202133851.820000	20221202133951.820000	60
20221202133921.824000	20221202134021.824000	60
20221202133951.828000	20221202134051.828000	60
20221202134021.832000	20221202134121.832000	60
20221202134051.836000	20221202134151.836000	60
20221202134121.840000	20221202134221.840000	60
20221202134151.844000	20221202134251.844000	60
20221202134251.852000	20221202134351.852000	60
20221202134321.856000	20221202134421.856000	60
20221202134351.860000	20221202134451.860000	60
20221202134421.864000	20221202134521.864000	60
20221202134451.868000	20221202134551.868000	60
20221202134521.872000	20221202134621.872000	60
20221202134551.876000	20221202134651.876000	60
20221202134621.880000	20221202134721.880000	60
20221202134651.884000	20221202134751.884000	60
20221202134821.896000	20221202134921.896000	60
20221202134851.900000	20221202134951.900000	60
#
# END WINDOW LIST
#
