# HV LOG FORMAT RELEASE 1.0
#
# BEGIN COMMAND LINE ARGUMENTS
#
C:/Users/koenvn/Geopsy 3.3.4/bin/geopsy.exe  $*
exit $?
#
# END COMMAND LINE ARGUMENTS
#
#
# BEGIN SOFTWARE VERSION
#
  Qt                  5.12.3
  QGpCoreTools        2.4.2 from 3.4.2
      (commit 33d7a93616e30a3d511fa67ad3f5da9da1a4aac6)
  QGpCoreMath         1.4.2 from 3.4.2
      (commit 306e3c199829ace6cbde6b242503355428580d05)
  GeopsyCore          4.4.2 from 3.4.2
      (commit 583bacf54d7367d6c29796a28c8179b98d88e28a)
  QGpGuiTools         2.4.2 from 3.4.2
      (commit 478ff49d6d6ec28d92b21ec9bfcef9f5d343b065)
  SciFigs             3.3.2 from 3.4.2
      (commit cec1d051784e8ee1d9774230fb96c1bb0b618aa0)
  QGpGuiMath          1.3.1 from 3.4.2
      (commit 8e80e068f4f3b16a30e8fb8dff21177f25a58da6)
  GeopsyGui           3.4.1 from 3.4.2
      (commit 905aba82a1928b07b3fd61dec384b9448698c80b)
  GeopsySLink         2.0.3 from 3.4.2
      (commit 2f01f562d775a4ddcdfc6a3b388c2ecb0cbb3a9a)
  GeopsySLinkGui      2.0.2 from 3.4.2
      (commit f6e61f2761b9ab1fa13c821e2a94732db60abf4f)
  geopsy              3.3.3 from 3.4.2
      (commit fb3d54b85a28e6ba741794e0cb6666d0b25c0167)
  geopsyfigs          1.0.2 from 3.4.2
      (commit 33697385e465d0d0ec4344aba55058811e934918)
  campbelltob3        1.0.1 from 3.4.2
      (commit 6e12f8024f0a052e430878492367702311588147)
  DinverCore          1.3.1 from 3.4.2
      (commit 7a17c1522ca1f626c89f2c1e87759f6b4a9311d4)
  QGpCoreWave         2.2.0 from 3.4.2
      (commit 18e08f9fd358a9e504047ec288ca4ab71a7c9851)
  QGpCompatibility    1.1.2 from 3.4.2
      (commit 3e05f6333687b574d4a18fb4336decd9efbe3efa)
  DinverDCCore        2.2.0 from 3.4.2
      (commit 654cab13b392853128bb5fa90891ecf10b5c3f0c)
  QGpCoreStat         1.2.2 from 3.4.2
      (commit 4ed49581fb9dfbf824223fae61af336330486596)
  ArrayCore           4.1.2 from 3.4.2
      (commit 85e1ce3b5a43ddb8cc16df7c31094c7c98a82104)
  QGpGuiWave          1.2.1 from 3.4.2
      (commit 2889d6a23de9671c33c0ae088b33e537035df26f)
  ArrayGui            1.3.0 from 3.4.2
      (commit bb09428d0df9ad7ab7996d50f8ac067b450a9bec)
  geopsyarray         3.2.4 from 3.4.2
      (commit 243028ab672fff396c683ed677c1dd4a1cc6a99b)
  geopsydamping       2.1.3 from 3.4.2
      (commit 2be6cba7701efb6e8c1a20c940cffe08f04ffcd2)
  HVCore              1.1.2 from 3.4.2
      (commit a76eb646e633a11fe6b411d1112c55e3c9107de4)
  HVGui               1.1.0 from 3.4.2
      (commit a66df7fe63f6c9107cfffcd4fa86d4f9893fec16)
  geopsyhv            4.0.2 from 3.4.2
      (commit ecd96a31c8abadf86bcbae0dd02bb37935b26dc7)
  geopsynr            1.1.1 from 3.4.2
      (commit f149a70197f8622e594ecec09f55068ecabcfc33)
  geopsyptmotion      2.0.3 from 3.4.2
      (commit c82034566f860b11afdc973ca84ef0027af6cf95)
  geopsyrefra         2.0.2 from 3.4.2
      (commit 807393bf66c9762a914de2cbc8c43813d8ae4227)
  geopsytfa           2.1.1 from 3.4.2
      (commit b87f1cb860bedfd6fb8d0439e749dd7464b26a24)
  hvtfa               2.1.3 from 3.4.2
      (commit fa8612a089e30f0bd72192724ee1ebe5fb4080b5)
  matfiles            1.0.3 from 3.4.2
      (commit aa4bbdecc6f645ece0598270993e17766e4c7b32)
  phaseit             1.0.2 from 3.4.2
      (commit 266b229edcf7986948d6d3f3940a154229b45f91)
#
# END SOFTWARE VERSION
#
#
# BEGIN SIGNAL LIST
#
[COMP 0]
 [SIG 0] E:/SOLODATA/MartinGeoCamb/TouretTaxis/TouretTaxis_splitted/1. Lior/453000039.1.2022.12.02.09.20.00.000.Z.miniseed at index 0
[COMP 1]
 [SIG 0] E:/SOLODATA/MartinGeoCamb/TouretTaxis/TouretTaxis_splitted/1. Lior/453000039.1.2022.12.02.09.20.00.000.N.miniseed at index 0
[COMP 2]
 [SIG 0] E:/SOLODATA/MartinGeoCamb/TouretTaxis/TouretTaxis_splitted/1. Lior/453000039.1.2022.12.02.09.20.00.000.E.miniseed at index 0
#
# END SIGNAL LIST
#
#
# BEGIN PARAMETERS
#
# Version 0: all files generated with releases before 20170901 (default for input)
PARAMETERS_VERSION=1
# TYPEs:
#   - Signal: from the start or to the end of signal (TEXT are useless)
#   - Delta: a fixed duration counted from the start or the end (e.g. TEXT=1h).
#   - Pick: from or to a time pick (TEXT=time pick name).
#   - Absolute: from or to a fixed time (e.g. TEXT=20170314115338.00)
FROM_TIME_TYPE=Signal
FROM_TIME_TEXT=0s
# TYPEs: Signal, Delta, Absolute
TO_TIME_TYPE=Signal
TO_TIME_TEXT=0s
REFERENCE=
COMMON_TIME_WINDOWS=false
# TYPEs: Exactly, AtLeast, FrequencyDependent
WINDOW_LENGTH_TYPE=Exactly
WINDOW_MIN_LENGTH(s)=60
WINDOW_MAX_LENGTH(s)=60
WINDOW_MAX_COUNT=0
# Length of time windows are adjusted to avoid a prime number of samples which
# slows down the FFT computation. Usually a maximum prime 11 in the prime factorization
# of the number of samples is a good compromise between the speed and the lenght inaccuracy
# Leave as zero to allow any prime number factorization.
WINDOW_MAXIMUM_PRIME_FACTOR=11
BAD_SAMPLE_TOLERANCE (s)=0
BAD_SAMPLE_GAP (s)=0
WINDOW_OVERLAP (%)=50
# TYPEs: NoSampleThreshold, RelativeSampleThreshold, AbsoluteSampleThreshold
BAD_SAMPLE_THRESHOLD_TYPE=RelativeSampleThreshold
BAD_SAMPLE_THRESHOLD_VALUE (%)=0.5
ANTI-TRIGGERING_ON_RAW_SIGNAL (y/n)=n
ANTI-TRIGGERING_ON_FILTERED_SIGNAL (y/n)=n
# Start a time window for each seismic event available inside the time range.
SEISMIC_EVENT_TRIGGER (y/n)=n
SEISMIC_EVENT_DELAY (s)=-0.1
WINDOW_TYPE=Tukey
WINDOW_REVERSED=n
WINDOW_ALPHA=0.1
SMOOTHING_METHOD=Function
SMOOTHING_WIDTH_TYPE=Proportional
SMOOTHING_WIDTH=0.4
# Describes the way values are summed: on a linear, log or inversed scale
SMOOTHING_SCALE_TYPE=Linear
SMOOTHING_WINDOW_TYPE=KonnoOhmachi
SMOOTHING_WINDOW_REVERSED=n
MINIMUM_FREQUENCY=0.2
MAXIMUM_FREQUENCY=100
# Either 'Linear', 'Log' or 'Inversed'
SCALE_TYPE_FREQUENCY=Log
# Number of samples is either set to a fixed value ('Count') or through a step between samples ('Step')'
STEP_TYPE_FREQUENCY=Step
SAMPLES_NUMBER_FREQUENCY=252
# STEP=difference between two successive samples for 'linear' scales
# STEP=ratio between two successive samples for 'log' scales
# STEP=difference between two successive inversed samples for 'inversed' scales
STEP_FREQUENCY=1.025
HIGH_PASS_FREQUENCY=0
# Possible values for HORIZONTAL_COMPONENTS: Squared, Energy, Azimuth, Geometric
HORIZONTAL_COMPONENTS=Squared
# HORIZONTAL_AZIMUTH is used only when HORIZONTAL_COMPONENTS==Azimuth
HORIZONTAL_AZIMUTH=0
# Used only for rotated output
ROTATION_STEP=10
# Frequency domain window rejection (Cox et al. (2020, GJI)
FREQUENCY_WINDOW_REJECTION_MINIMUM_FREQUENCY=0.0001
FREQUENCY_WINDOW_REJECTION_MAXIMUM_FREQUENCY=5000
FREQUENCY_WINDOW_REJECTION_STDDEV_FACTOR=2
FREQUENCY_WINDOW_REJECTION_MAXIMUM_ITERATIONS=50
#
# END PARAMETERS
#
#
# BEGIN WINDOWING LOG
#
Automatic windowing
#
# END WINDOWING LOG
#
#
# BEGIN WINDOW LIST
#
# Number= 119
# Start time 	 End Time 	 Window length
20221202092154.475000	20221202092254.475000	60
20221202092224.476000	20221202092324.476000	60
20221202092808.031000	20221202092908.031000	60
20221202093104.308000	20221202093204.308000	60
20221202093134.309000	20221202093234.309000	60
20221202093204.310000	20221202093304.310000	60
20221202093234.311000	20221202093334.311000	60
20221202093304.312000	20221202093404.312000	60
20221202093334.313000	20221202093434.313000	60
20221202093501.646000	20221202093601.646000	60
20221202093531.647000	20221202093631.647000	60
20221202093650.184000	20221202093750.184000	60
20221202093720.185000	20221202093820.185000	60
20221202093750.186000	20221202093850.186000	60
20221202093820.187000	20221202093920.187000	60
20221202093955.098000	20221202094055.098000	60
20221202094115.959000	20221202094215.959000	60
20221202094145.960000	20221202094245.960000	60
20221202094215.961000	20221202094315.961000	60
20221202094245.962000	20221202094345.962000	60
20221202094357.799000	20221202094457.799000	60
20221202094427.800000	20221202094527.800000	60
20221202094457.801000	20221202094557.801000	60
20221202094527.802000	20221202094627.802000	60
20221202094557.803000	20221202094657.803000	60
20221202094627.804000	20221202094727.804000	60
20221202094657.805000	20221202094757.805000	60
20221202094727.806000	20221202094827.806000	60
20221202094757.807000	20221202094857.807000	60
20221202094827.808000	20221202094927.808000	60
20221202094857.809000	20221202094957.809000	60
20221202094927.810000	20221202095027.810000	60
20221202094957.811000	20221202095057.811000	60
20221202095105.338000	20221202095205.338000	60
20221202095135.339000	20221202095235.339000	60
20221202095245.790000	20221202095345.790000	60
20221202095315.791000	20221202095415.791000	60
20221202095345.792000	20221202095445.792000	60
20221202095545.197000	20221202095645.197000	60
20221202095615.198000	20221202095715.198000	60
20221202095645.199000	20221202095745.199000	60
20221202095745.201000	20221202095845.201000	60
20221202095815.202000	20221202095915.202000	60
20221202095845.203000	20221202095945.203000	60
20221202095915.204000	20221202100015.204000	60
20221202100024.351000	20221202100124.351000	60
20221202100054.352000	20221202100154.352000	60
20221202100205.968000	20221202100305.968000	60
20221202100235.969000	20221202100335.969000	60
20221202100340.916000	20221202100440.916000	60
20221202100410.917000	20221202100510.917000	60
20221202100440.918000	20221202100540.918000	60
20221202100510.919000	20221202100610.919000	60
20221202100540.920000	20221202100640.920000	60
20221202100937.282000	20221202101037.282000	60
20221202101007.283000	20221202101107.283000	60
20221202101037.284000	20221202101137.284000	60
20221202101211.128000	20221202101311.128000	60
20221202101241.129000	20221202101341.129000	60
20221202101403.088000	20221202101503.088000	60
20221202101433.089000	20221202101533.089000	60
20221202101547.115000	20221202101647.115000	60
20221202101617.116000	20221202101717.116000	60
20221202101719.867000	20221202101819.867000	60
20221202101749.868000	20221202101849.868000	60
20221202101819.869000	20221202101919.869000	60
20221202101849.870000	20221202101949.870000	60
20221202101919.871000	20221202102019.871000	60
20221202101949.872000	20221202102049.872000	60
20221202102019.873000	20221202102119.873000	60
20221202102049.874000	20221202102149.874000	60
20221202102149.876000	20221202102249.876000	60
20221202102219.877000	20221202102319.877000	60
20221202102249.878000	20221202102349.878000	60
20221202102319.879000	20221202102419.879000	60
20221202102349.880000	20221202102449.880000	60
20221202102419.881000	20221202102519.881000	60
20221202102712.397000	20221202102812.397000	60
20221202102742.398000	20221202102842.398000	60
20221202102812.399000	20221202102912.399000	60
20221202102922.277000	20221202103022.277000	60
20221202103120.193000	20221202103220.193000	60
20221202103150.194000	20221202103250.194000	60
20221202103220.195000	20221202103320.195000	60
20221202103250.196000	20221202103350.196000	60
20221202103320.197000	20221202103420.197000	60
20221202103350.198000	20221202103450.198000	60
20221202103420.199000	20221202103520.199000	60
20221202103531.071000	20221202103631.071000	60
20221202103601.072000	20221202103701.072000	60
20221202103631.073000	20221202103731.073000	60
20221202103701.074000	20221202103801.074000	60
20221202103731.075000	20221202103831.075000	60
20221202103848.346000	20221202103948.346000	60
20221202103918.347000	20221202104018.347000	60
20221202103948.348000	20221202104048.348000	60
20221202104018.349000	20221202104118.349000	60
20221202104048.350000	20221202104148.350000	60
20221202104118.351000	20221202104218.351000	60
20221202104148.352000	20221202104248.352000	60
20221202104319.657000	20221202104419.657000	60
20221202104349.658000	20221202104449.658000	60
20221202104419.659000	20221202104519.659000	60
20221202104533.622000	20221202104633.622000	60
20221202104733.362000	20221202104833.362000	60
20221202105111.004000	20221202105211.004000	60
20221202105141.005000	20221202105241.005000	60
20221202105211.006000	20221202105311.006000	60
20221202105333.653000	20221202105433.653000	60
20221202105403.654000	20221202105503.654000	60
20221202105433.655000	20221202105533.655000	60
20221202105503.656000	20221202105603.656000	60
20221202105533.657000	20221202105633.657000	60
20221202105603.658000	20221202105703.658000	60
20221202105633.659000	20221202105733.659000	60
20221202105703.660000	20221202105803.660000	60
20221202105733.661000	20221202105833.661000	60
20221202105803.662000	20221202105903.662000	60
20221202105833.663000	20221202105933.663000	60
#
# END WINDOW LIST
#
