# HV LOG FORMAT RELEASE 1.0
#
# BEGIN COMMAND LINE ARGUMENTS
#
C:/Users/koenvn/Geopsy 3.3.4/bin/geopsy.exe  $*
exit $?
#
# END COMMAND LINE ARGUMENTS
#
#
# BEGIN SOFTWARE VERSION
#
  Qt                  5.12.3
  QGpCoreTools        2.4.2 from 3.4.2
      (commit 33d7a93616e30a3d511fa67ad3f5da9da1a4aac6)
  QGpCoreMath         1.4.2 from 3.4.2
      (commit 306e3c199829ace6cbde6b242503355428580d05)
  GeopsyCore          4.4.2 from 3.4.2
      (commit 583bacf54d7367d6c29796a28c8179b98d88e28a)
  QGpGuiTools         2.4.2 from 3.4.2
      (commit 478ff49d6d6ec28d92b21ec9bfcef9f5d343b065)
  SciFigs             3.3.2 from 3.4.2
      (commit cec1d051784e8ee1d9774230fb96c1bb0b618aa0)
  QGpGuiMath          1.3.1 from 3.4.2
      (commit 8e80e068f4f3b16a30e8fb8dff21177f25a58da6)
  GeopsyGui           3.4.1 from 3.4.2
      (commit 905aba82a1928b07b3fd61dec384b9448698c80b)
  GeopsySLink         2.0.3 from 3.4.2
      (commit 2f01f562d775a4ddcdfc6a3b388c2ecb0cbb3a9a)
  GeopsySLinkGui      2.0.2 from 3.4.2
      (commit f6e61f2761b9ab1fa13c821e2a94732db60abf4f)
  geopsy              3.3.3 from 3.4.2
      (commit fb3d54b85a28e6ba741794e0cb6666d0b25c0167)
  geopsyfigs          1.0.2 from 3.4.2
      (commit 33697385e465d0d0ec4344aba55058811e934918)
  campbelltob3        1.0.1 from 3.4.2
      (commit 6e12f8024f0a052e430878492367702311588147)
  DinverCore          1.3.1 from 3.4.2
      (commit 7a17c1522ca1f626c89f2c1e87759f6b4a9311d4)
  QGpCoreWave         2.2.0 from 3.4.2
      (commit 18e08f9fd358a9e504047ec288ca4ab71a7c9851)
  QGpCompatibility    1.1.2 from 3.4.2
      (commit 3e05f6333687b574d4a18fb4336decd9efbe3efa)
  DinverDCCore        2.2.0 from 3.4.2
      (commit 654cab13b392853128bb5fa90891ecf10b5c3f0c)
  QGpCoreStat         1.2.2 from 3.4.2
      (commit 4ed49581fb9dfbf824223fae61af336330486596)
  ArrayCore           4.1.2 from 3.4.2
      (commit 85e1ce3b5a43ddb8cc16df7c31094c7c98a82104)
  QGpGuiWave          1.2.1 from 3.4.2
      (commit 2889d6a23de9671c33c0ae088b33e537035df26f)
  ArrayGui            1.3.0 from 3.4.2
      (commit bb09428d0df9ad7ab7996d50f8ac067b450a9bec)
  geopsyarray         3.2.4 from 3.4.2
      (commit 243028ab672fff396c683ed677c1dd4a1cc6a99b)
  geopsydamping       2.1.3 from 3.4.2
      (commit 2be6cba7701efb6e8c1a20c940cffe08f04ffcd2)
  HVCore              1.1.2 from 3.4.2
      (commit a76eb646e633a11fe6b411d1112c55e3c9107de4)
  HVGui               1.1.0 from 3.4.2
      (commit a66df7fe63f6c9107cfffcd4fa86d4f9893fec16)
  geopsyhv            4.0.2 from 3.4.2
      (commit ecd96a31c8abadf86bcbae0dd02bb37935b26dc7)
  geopsynr            1.1.1 from 3.4.2
      (commit f149a70197f8622e594ecec09f55068ecabcfc33)
  geopsyptmotion      2.0.3 from 3.4.2
      (commit c82034566f860b11afdc973ca84ef0027af6cf95)
  geopsyrefra         2.0.2 from 3.4.2
      (commit 807393bf66c9762a914de2cbc8c43813d8ae4227)
  geopsytfa           2.1.1 from 3.4.2
      (commit b87f1cb860bedfd6fb8d0439e749dd7464b26a24)
  hvtfa               2.1.3 from 3.4.2
      (commit fa8612a089e30f0bd72192724ee1ebe5fb4080b5)
  matfiles            1.0.3 from 3.4.2
      (commit aa4bbdecc6f645ece0598270993e17766e4c7b32)
  phaseit             1.0.2 from 3.4.2
      (commit 266b229edcf7986948d6d3f3940a154229b45f91)
#
# END SOFTWARE VERSION
#
#
# BEGIN SIGNAL LIST
#
[COMP 0]
 [SIG 0] E:/SOLODATA/MartinGeoCamb/TouretTaxis/TouretTaxis_splitted/6. Nine/453001960.1.2022.12.02.09.16.00.000.Z.miniseed at index 0
[COMP 1]
 [SIG 0] E:/SOLODATA/MartinGeoCamb/TouretTaxis/TouretTaxis_splitted/6. Nine/453001960.1.2022.12.02.09.16.00.000.N.miniseed at index 0
[COMP 2]
 [SIG 0] E:/SOLODATA/MartinGeoCamb/TouretTaxis/TouretTaxis_splitted/6. Nine/453001960.1.2022.12.02.09.16.00.000.E.miniseed at index 0
#
# END SIGNAL LIST
#
#
# BEGIN PARAMETERS
#
# Version 0: all files generated with releases before 20170901 (default for input)
PARAMETERS_VERSION=1
# TYPEs:
#   - Signal: from the start or to the end of signal (TEXT are useless)
#   - Delta: a fixed duration counted from the start or the end (e.g. TEXT=1h).
#   - Pick: from or to a time pick (TEXT=time pick name).
#   - Absolute: from or to a fixed time (e.g. TEXT=20170314115338.00)
FROM_TIME_TYPE=Signal
FROM_TIME_TEXT=0s
# TYPEs: Signal, Delta, Absolute
TO_TIME_TYPE=Signal
TO_TIME_TEXT=0s
REFERENCE=
COMMON_TIME_WINDOWS=false
# TYPEs: Exactly, AtLeast, FrequencyDependent
WINDOW_LENGTH_TYPE=Exactly
WINDOW_MIN_LENGTH(s)=60
WINDOW_MAX_LENGTH(s)=60
WINDOW_MAX_COUNT=0
# Length of time windows are adjusted to avoid a prime number of samples which
# slows down the FFT computation. Usually a maximum prime 11 in the prime factorization
# of the number of samples is a good compromise between the speed and the lenght inaccuracy
# Leave as zero to allow any prime number factorization.
WINDOW_MAXIMUM_PRIME_FACTOR=11
BAD_SAMPLE_TOLERANCE (s)=0
BAD_SAMPLE_GAP (s)=0
WINDOW_OVERLAP (%)=50
# TYPEs: NoSampleThreshold, RelativeSampleThreshold, AbsoluteSampleThreshold
BAD_SAMPLE_THRESHOLD_TYPE=RelativeSampleThreshold
BAD_SAMPLE_THRESHOLD_VALUE (%)=0.8
ANTI-TRIGGERING_ON_RAW_SIGNAL (y/n)=n
ANTI-TRIGGERING_ON_FILTERED_SIGNAL (y/n)=n
# Start a time window for each seismic event available inside the time range.
SEISMIC_EVENT_TRIGGER (y/n)=n
SEISMIC_EVENT_DELAY (s)=-0.1
WINDOW_TYPE=Tukey
WINDOW_REVERSED=n
WINDOW_ALPHA=0.1
SMOOTHING_METHOD=Function
SMOOTHING_WIDTH_TYPE=Proportional
SMOOTHING_WIDTH=0.4
# Describes the way values are summed: on a linear, log or inversed scale
SMOOTHING_SCALE_TYPE=Linear
SMOOTHING_WINDOW_TYPE=KonnoOhmachi
SMOOTHING_WINDOW_REVERSED=n
MINIMUM_FREQUENCY=0.2
MAXIMUM_FREQUENCY=100
# Either 'Linear', 'Log' or 'Inversed'
SCALE_TYPE_FREQUENCY=Log
# Number of samples is either set to a fixed value ('Count') or through a step between samples ('Step')'
STEP_TYPE_FREQUENCY=Step
SAMPLES_NUMBER_FREQUENCY=252
# STEP=difference between two successive samples for 'linear' scales
# STEP=ratio between two successive samples for 'log' scales
# STEP=difference between two successive inversed samples for 'inversed' scales
STEP_FREQUENCY=1.025
HIGH_PASS_FREQUENCY=0
# Possible values for HORIZONTAL_COMPONENTS: Squared, Energy, Azimuth, Geometric
HORIZONTAL_COMPONENTS=Squared
# HORIZONTAL_AZIMUTH is used only when HORIZONTAL_COMPONENTS==Azimuth
HORIZONTAL_AZIMUTH=0
# Used only for rotated output
ROTATION_STEP=10
# Frequency domain window rejection (Cox et al. (2020, GJI)
FREQUENCY_WINDOW_REJECTION_MINIMUM_FREQUENCY=0.0001
FREQUENCY_WINDOW_REJECTION_MAXIMUM_FREQUENCY=5000
FREQUENCY_WINDOW_REJECTION_STDDEV_FACTOR=2
FREQUENCY_WINDOW_REJECTION_MAXIMUM_ITERATIONS=50
#
# END PARAMETERS
#
#
# BEGIN WINDOWING LOG
#
Automatic windowing
#
# END WINDOWING LOG
#
#
# BEGIN WINDOW LIST
#
# Number= 489
# Start time 	 End Time 	 Window length
20221202091700.002000	20221202091800.002000	60
20221202091730.003000	20221202091830.003000	60
20221202091800.004000	20221202091900.004000	60
20221202091830.005000	20221202091930.005000	60
20221202092130.011000	20221202092230.011000	60
20221202092200.012000	20221202092300.012000	60
20221202092400.016000	20221202092500.016000	60
20221202092700.022000	20221202092800.022000	60
20221202092800.024000	20221202092900.024000	60
20221202092830.025000	20221202092930.025000	60
20221202093000.028000	20221202093100.028000	60
20221202093030.029000	20221202093130.029000	60
20221202093100.030000	20221202093200.030000	60
20221202093130.031000	20221202093230.031000	60
20221202093200.032000	20221202093300.032000	60
20221202093500.038000	20221202093600.038000	60
20221202093530.039000	20221202093630.039000	60
20221202093600.040000	20221202093700.040000	60
20221202093630.041000	20221202093730.041000	60
20221202093700.042000	20221202093800.042000	60
20221202093830.045000	20221202093930.045000	60
20221202094330.055000	20221202094430.055000	60
20221202094400.056000	20221202094500.056000	60
20221202094430.057000	20221202094530.057000	60
20221202094500.058000	20221202094600.058000	60
20221202094530.059000	20221202094630.059000	60
20221202094600.060000	20221202094700.060000	60
20221202094630.061000	20221202094730.061000	60
20221202094700.062000	20221202094800.062000	60
20221202094730.063000	20221202094830.063000	60
20221202094800.064000	20221202094900.064000	60
20221202094830.065000	20221202094930.065000	60
20221202094900.066000	20221202095000.066000	60
20221202094930.067000	20221202095030.067000	60
20221202095000.068000	20221202095100.068000	60
20221202095030.069000	20221202095130.069000	60
20221202095100.070000	20221202095200.070000	60
20221202095130.071000	20221202095230.071000	60
20221202095200.072000	20221202095300.072000	60
20221202095230.073000	20221202095330.073000	60
20221202095400.076000	20221202095500.076000	60
20221202095430.077000	20221202095530.077000	60
20221202095500.078000	20221202095600.078000	60
20221202095530.079000	20221202095630.079000	60
20221202095600.080000	20221202095700.080000	60
20221202095630.081000	20221202095730.081000	60
20221202095700.082000	20221202095800.082000	60
20221202095730.083000	20221202095830.083000	60
20221202095800.084000	20221202095900.084000	60
20221202095830.085000	20221202095930.085000	60
20221202095900.086000	20221202100000.086000	60
20221202095930.087000	20221202100030.087000	60
20221202100000.088000	20221202100100.088000	60
20221202100030.089000	20221202100130.089000	60
20221202100100.090000	20221202100200.090000	60
20221202100130.091000	20221202100230.091000	60
20221202100200.092000	20221202100300.092000	60
20221202100230.093000	20221202100330.093000	60
20221202100300.094000	20221202100400.094000	60
20221202100330.095000	20221202100430.095000	60
20221202100400.096000	20221202100500.096000	60
20221202100430.097000	20221202100530.097000	60
20221202100500.098000	20221202100600.098000	60
20221202100530.099000	20221202100630.099000	60
20221202100600.100000	20221202100700.100000	60
20221202100630.101000	20221202100730.101000	60
20221202100700.102000	20221202100800.102000	60
20221202100730.103000	20221202100830.103000	60
20221202100800.104000	20221202100900.104000	60
20221202100830.105000	20221202100930.105000	60
20221202100900.106000	20221202101000.106000	60
20221202100930.107000	20221202101030.107000	60
20221202101000.108000	20221202101100.108000	60
20221202101030.109000	20221202101130.109000	60
20221202101100.110000	20221202101200.110000	60
20221202101130.111000	20221202101230.111000	60
20221202101200.112000	20221202101300.112000	60
20221202101230.113000	20221202101330.113000	60
20221202101300.114000	20221202101400.114000	60
20221202101330.115000	20221202101430.115000	60
20221202101400.116000	20221202101500.116000	60
20221202101430.117000	20221202101530.117000	60
20221202101600.120000	20221202101700.120000	60
20221202101630.121000	20221202101730.121000	60
20221202101700.122000	20221202101800.122000	60
20221202101730.123000	20221202101830.123000	60
20221202101800.124000	20221202101900.124000	60
20221202101830.125000	20221202101930.125000	60
20221202101900.126000	20221202102000.126000	60
20221202101930.127000	20221202102030.127000	60
20221202102000.128000	20221202102100.128000	60
20221202102030.129000	20221202102130.129000	60
20221202102100.130000	20221202102200.130000	60
20221202102130.131000	20221202102230.131000	60
20221202102300.134000	20221202102400.134000	60
20221202102330.135000	20221202102430.135000	60
20221202102400.136000	20221202102500.136000	60
20221202102430.137000	20221202102530.137000	60
20221202102500.138000	20221202102600.138000	60
20221202102530.139000	20221202102630.139000	60
20221202102600.140000	20221202102700.140000	60
20221202102730.143000	20221202102830.143000	60
20221202102800.144000	20221202102900.144000	60
20221202102830.145000	20221202102930.145000	60
20221202102900.146000	20221202103000.146000	60
20221202102930.147000	20221202103030.147000	60
20221202103000.148000	20221202103100.148000	60
20221202103030.149000	20221202103130.149000	60
20221202103100.150000	20221202103200.150000	60
20221202103130.151000	20221202103230.151000	60
20221202103200.152000	20221202103300.152000	60
20221202103230.153000	20221202103330.153000	60
20221202103300.154000	20221202103400.154000	60
20221202103330.155000	20221202103430.155000	60
20221202103400.156000	20221202103500.156000	60
20221202103430.157000	20221202103530.157000	60
20221202103500.158000	20221202103600.158000	60
20221202103530.159000	20221202103630.159000	60
20221202103600.160000	20221202103700.160000	60
20221202103630.161000	20221202103730.161000	60
20221202103700.162000	20221202103800.162000	60
20221202103730.163000	20221202103830.163000	60
20221202103800.164000	20221202103900.164000	60
20221202103830.165000	20221202103930.165000	60
20221202103900.166000	20221202104000.166000	60
20221202103930.167000	20221202104030.167000	60
20221202104000.168000	20221202104100.168000	60
20221202104030.169000	20221202104130.169000	60
20221202104100.170000	20221202104200.170000	60
20221202104200.172000	20221202104300.172000	60
20221202104230.173000	20221202104330.173000	60
20221202104300.174000	20221202104400.174000	60
20221202104330.175000	20221202104430.175000	60
20221202104400.176000	20221202104500.176000	60
20221202104430.177000	20221202104530.177000	60
20221202104500.178000	20221202104600.178000	60
20221202104530.179000	20221202104630.179000	60
20221202104600.180000	20221202104700.180000	60
20221202104630.181000	20221202104730.181000	60
20221202104700.182000	20221202104800.182000	60
20221202104730.183000	20221202104830.183000	60
20221202104800.184000	20221202104900.184000	60
20221202104830.185000	20221202104930.185000	60
20221202104900.186000	20221202105000.186000	60
20221202104930.187000	20221202105030.187000	60
20221202105030.189000	20221202105130.189000	60
20221202105100.190000	20221202105200.190000	60
20221202105130.191000	20221202105230.191000	60
20221202105200.192000	20221202105300.192000	60
20221202105230.193000	20221202105330.193000	60
20221202105300.194000	20221202105400.194000	60
20221202105330.195000	20221202105430.195000	60
20221202105400.196000	20221202105500.196000	60
20221202105430.197000	20221202105530.197000	60
20221202105500.198000	20221202105600.198000	60
20221202105530.199000	20221202105630.199000	60
20221202105600.200000	20221202105700.200000	60
20221202105630.201000	20221202105730.201000	60
20221202105700.202000	20221202105800.202000	60
20221202105730.203000	20221202105830.203000	60
20221202105800.204000	20221202105900.204000	60
20221202110113.360000	20221202110213.360000	60
20221202110143.361000	20221202110243.361000	60
20221202110213.362000	20221202110313.362000	60
20221202110243.363000	20221202110343.363000	60
20221202110313.364000	20221202110413.364000	60
20221202110343.365000	20221202110443.365000	60
20221202110413.366000	20221202110513.366000	60
20221202110443.367000	20221202110543.367000	60
20221202110513.368000	20221202110613.368000	60
20221202110543.369000	20221202110643.369000	60
20221202110613.370000	20221202110713.370000	60
20221202110643.371000	20221202110743.371000	60
20221202110713.372000	20221202110813.372000	60
20221202110743.373000	20221202110843.373000	60
20221202110813.374000	20221202110913.374000	60
20221202110843.375000	20221202110943.375000	60
20221202110913.376000	20221202111013.376000	60
20221202110943.377000	20221202111043.377000	60
20221202111013.378000	20221202111113.378000	60
20221202111043.379000	20221202111143.379000	60
20221202111113.380000	20221202111213.380000	60
20221202111143.381000	20221202111243.381000	60
20221202111213.382000	20221202111313.382000	60
20221202111243.383000	20221202111343.383000	60
20221202111313.384000	20221202111413.384000	60
20221202111343.385000	20221202111443.385000	60
20221202111413.386000	20221202111513.386000	60
20221202111443.387000	20221202111543.387000	60
20221202111513.388000	20221202111613.388000	60
20221202111543.389000	20221202111643.389000	60
20221202111613.390000	20221202111713.390000	60
20221202111643.391000	20221202111743.391000	60
20221202111713.392000	20221202111813.392000	60
20221202111743.393000	20221202111843.393000	60
20221202111813.394000	20221202111913.394000	60
20221202111843.395000	20221202111943.395000	60
20221202111913.396000	20221202112013.396000	60
20221202111943.397000	20221202112043.397000	60
20221202112013.398000	20221202112113.398000	60
20221202112113.400000	20221202112213.400000	60
20221202112143.401000	20221202112243.401000	60
20221202112213.402000	20221202112313.402000	60
20221202112243.403000	20221202112343.403000	60
20221202112313.404000	20221202112413.404000	60
20221202112343.405000	20221202112443.405000	60
20221202112413.406000	20221202112513.406000	60
20221202112443.407000	20221202112543.407000	60
20221202112513.408000	20221202112613.408000	60
20221202112543.409000	20221202112643.409000	60
20221202112613.410000	20221202112713.410000	60
20221202112643.411000	20221202112743.411000	60
20221202112713.412000	20221202112813.412000	60
20221202112743.413000	20221202112843.413000	60
20221202112813.414000	20221202112913.414000	60
20221202112913.416000	20221202113013.416000	60
20221202112943.417000	20221202113043.417000	60
20221202113013.418000	20221202113113.418000	60
20221202113043.419000	20221202113143.419000	60
20221202113113.420000	20221202113213.420000	60
20221202113143.421000	20221202113243.421000	60
20221202113213.422000	20221202113313.422000	60
20221202113243.423000	20221202113343.423000	60
20221202113313.424000	20221202113413.424000	60
20221202113343.425000	20221202113443.425000	60
20221202113413.426000	20221202113513.426000	60
20221202113443.427000	20221202113543.427000	60
20221202113513.428000	20221202113613.428000	60
20221202113543.429000	20221202113643.429000	60
20221202113813.434000	20221202113913.434000	60
20221202113843.435000	20221202113943.435000	60
20221202113913.436000	20221202114013.436000	60
20221202113943.437000	20221202114043.437000	60
20221202114013.438000	20221202114113.438000	60
20221202114043.439000	20221202114143.439000	60
20221202114113.440000	20221202114213.440000	60
20221202114143.441000	20221202114243.441000	60
20221202114213.442000	20221202114313.442000	60
20221202114243.443000	20221202114343.443000	60
20221202114313.444000	20221202114413.444000	60
20221202114343.445000	20221202114443.445000	60
20221202114413.446000	20221202114513.446000	60
20221202114613.450000	20221202114713.450000	60
20221202114743.453000	20221202114843.453000	60
20221202114813.454000	20221202114913.454000	60
20221202114843.455000	20221202114943.455000	60
20221202115013.458000	20221202115113.458000	60
20221202115043.459000	20221202115143.459000	60
20221202115113.460000	20221202115213.460000	60
20221202115143.461000	20221202115243.461000	60
20221202115213.462000	20221202115313.462000	60
20221202115243.463000	20221202115343.463000	60
20221202115313.464000	20221202115413.464000	60
20221202115343.465000	20221202115443.465000	60
20221202115413.466000	20221202115513.466000	60
20221202115613.470000	20221202115713.470000	60
20221202115643.471000	20221202115743.471000	60
20221202115713.472000	20221202115813.472000	60
20221202115743.473000	20221202115843.473000	60
20221202120013.478000	20221202120113.478000	60
20221202120143.481000	20221202120243.481000	60
20221202120213.482000	20221202120313.482000	60
20221202120243.483000	20221202120343.483000	60
20221202120313.484000	20221202120413.484000	60
20221202120343.485000	20221202120443.485000	60
20221202120413.486000	20221202120513.486000	60
20221202120443.487000	20221202120543.487000	60
20221202120513.488000	20221202120613.488000	60
20221202120713.492000	20221202120813.492000	60
20221202120743.493000	20221202120843.493000	60
20221202120813.494000	20221202120913.494000	60
20221202120843.495000	20221202120943.495000	60
20221202120913.496000	20221202121013.496000	60
20221202120943.497000	20221202121043.497000	60
20221202121013.498000	20221202121113.498000	60
20221202121043.499000	20221202121143.499000	60
20221202121113.500000	20221202121213.500000	60
20221202121143.501000	20221202121243.501000	60
20221202121213.502000	20221202121313.502000	60
20221202121313.504000	20221202121413.504000	60
20221202121343.505000	20221202121443.505000	60
20221202121413.506000	20221202121513.506000	60
20221202121443.507000	20221202121543.507000	60
20221202121513.508000	20221202121613.508000	60
20221202121543.509000	20221202121643.509000	60
20221202121613.510000	20221202121713.510000	60
20221202121643.511000	20221202121743.511000	60
20221202121713.512000	20221202121813.512000	60
20221202121813.514000	20221202121913.514000	60
20221202121843.515000	20221202121943.515000	60
20221202121913.516000	20221202122013.516000	60
20221202121943.517000	20221202122043.517000	60
20221202122013.518000	20221202122113.518000	60
20221202122043.519000	20221202122143.519000	60
20221202122113.520000	20221202122213.520000	60
20221202122213.522000	20221202122313.522000	60
20221202122243.523000	20221202122343.523000	60
20221202122513.528000	20221202122613.528000	60
20221202122543.529000	20221202122643.529000	60
20221202122613.530000	20221202122713.530000	60
20221202122643.531000	20221202122743.531000	60
20221202122713.532000	20221202122813.532000	60
20221202122743.533000	20221202122843.533000	60
20221202122813.534000	20221202122913.534000	60
20221202122843.535000	20221202122943.535000	60
20221202122913.536000	20221202123013.536000	60
20221202122943.537000	20221202123043.537000	60
20221202123013.538000	20221202123113.538000	60
20221202123043.539000	20221202123143.539000	60
20221202123113.540000	20221202123213.540000	60
20221202123143.541000	20221202123243.541000	60
20221202123213.542000	20221202123313.542000	60
20221202123243.543000	20221202123343.543000	60
20221202123313.544000	20221202123413.544000	60
20221202123343.545000	20221202123443.545000	60
20221202123413.546000	20221202123513.546000	60
20221202123443.547000	20221202123543.547000	60
20221202123513.548000	20221202123613.548000	60
20221202123543.549000	20221202123643.549000	60
20221202123613.550000	20221202123713.550000	60
20221202123643.551000	20221202123743.551000	60
20221202123713.552000	20221202123813.552000	60
20221202123743.553000	20221202123843.553000	60
20221202123813.554000	20221202123913.554000	60
20221202123843.555000	20221202123943.555000	60
20221202123913.556000	20221202124013.556000	60
20221202123943.557000	20221202124043.557000	60
20221202124213.562000	20221202124313.562000	60
20221202124243.563000	20221202124343.563000	60
20221202124313.564000	20221202124413.564000	60
20221202124343.565000	20221202124443.565000	60
20221202124413.566000	20221202124513.566000	60
20221202124443.567000	20221202124543.567000	60
20221202124513.568000	20221202124613.568000	60
20221202124613.570000	20221202124713.570000	60
20221202124643.571000	20221202124743.571000	60
20221202124713.572000	20221202124813.572000	60
20221202124743.573000	20221202124843.573000	60
20221202124843.575000	20221202124943.575000	60
20221202124913.576000	20221202125013.576000	60
20221202124943.577000	20221202125043.577000	60
20221202125013.578000	20221202125113.578000	60
20221202125043.579000	20221202125143.579000	60
20221202125113.580000	20221202125213.580000	60
20221202125143.581000	20221202125243.581000	60
20221202125243.583000	20221202125343.583000	60
20221202125313.584000	20221202125413.584000	60
20221202125413.586000	20221202125513.586000	60
20221202125443.587000	20221202125543.587000	60
20221202125513.588000	20221202125613.588000	60
20221202125543.589000	20221202125643.589000	60
20221202125643.591000	20221202125743.591000	60
20221202125713.592000	20221202125813.592000	60
20221202125743.593000	20221202125843.593000	60
20221202125813.594000	20221202125913.594000	60
20221202125843.595000	20221202125943.595000	60
20221202125913.596000	20221202130013.596000	60
20221202130043.599000	20221202130143.599000	60
20221202130113.600000	20221202130213.600000	60
20221202130143.601000	20221202130243.601000	60
20221202130213.602000	20221202130313.602000	60
20221202130243.603000	20221202130343.603000	60
20221202130343.605000	20221202130443.605000	60
20221202130413.606000	20221202130513.606000	60
20221202130443.607000	20221202130543.607000	60
20221202130513.608000	20221202130613.608000	60
20221202130543.609000	20221202130643.609000	60
20221202130613.610000	20221202130713.610000	60
20221202130643.611000	20221202130743.611000	60
20221202130713.612000	20221202130813.612000	60
20221202130743.613000	20221202130843.613000	60
20221202130813.614000	20221202130913.614000	60
20221202130843.615000	20221202130943.615000	60
20221202130913.616000	20221202131013.616000	60
20221202130943.617000	20221202131043.617000	60
20221202131113.620000	20221202131213.620000	60
20221202131143.621000	20221202131243.621000	60
20221202131213.622000	20221202131313.622000	60
20221202131243.623000	20221202131343.623000	60
20221202131313.624000	20221202131413.624000	60
20221202131343.625000	20221202131443.625000	60
20221202131413.626000	20221202131513.626000	60
20221202131443.627000	20221202131543.627000	60
20221202131513.628000	20221202131613.628000	60
20221202131543.629000	20221202131643.629000	60
20221202131613.630000	20221202131713.630000	60
20221202131643.631000	20221202131743.631000	60
20221202131713.632000	20221202131813.632000	60
20221202131743.633000	20221202131843.633000	60
20221202131813.634000	20221202131913.634000	60
20221202131843.635000	20221202131943.635000	60
20221202131913.636000	20221202132013.636000	60
20221202131943.637000	20221202132043.637000	60
20221202132013.638000	20221202132113.638000	60
20221202132043.639000	20221202132143.639000	60
20221202132113.640000	20221202132213.640000	60
20221202132143.641000	20221202132243.641000	60
20221202132213.642000	20221202132313.642000	60
20221202132243.643000	20221202132343.643000	60
20221202132313.644000	20221202132413.644000	60
20221202132343.645000	20221202132443.645000	60
20221202132413.646000	20221202132513.646000	60
20221202132443.647000	20221202132543.647000	60
20221202132513.648000	20221202132613.648000	60
20221202132543.649000	20221202132643.649000	60
20221202132613.650000	20221202132713.650000	60
20221202132643.651000	20221202132743.651000	60
20221202132713.652000	20221202132813.652000	60
20221202132743.653000	20221202132843.653000	60
20221202132813.654000	20221202132913.654000	60
20221202132843.655000	20221202132943.655000	60
20221202132913.656000	20221202133013.656000	60
20221202132943.657000	20221202133043.657000	60
20221202133013.658000	20221202133113.658000	60
20221202133043.659000	20221202133143.659000	60
20221202133113.660000	20221202133213.660000	60
20221202133143.661000	20221202133243.661000	60
20221202133213.662000	20221202133313.662000	60
20221202133243.663000	20221202133343.663000	60
20221202133313.664000	20221202133413.664000	60
20221202133343.665000	20221202133443.665000	60
20221202133413.666000	20221202133513.666000	60
20221202133443.667000	20221202133543.667000	60
20221202133513.668000	20221202133613.668000	60
20221202133543.669000	20221202133643.669000	60
20221202133613.670000	20221202133713.670000	60
20221202133643.671000	20221202133743.671000	60
20221202133713.672000	20221202133813.672000	60
20221202133743.673000	20221202133843.673000	60
20221202133813.674000	20221202133913.674000	60
20221202133843.675000	20221202133943.675000	60
20221202133913.676000	20221202134013.676000	60
20221202134013.678000	20221202134113.678000	60
20221202134043.679000	20221202134143.679000	60
20221202134113.680000	20221202134213.680000	60
20221202134213.682000	20221202134313.682000	60
20221202134243.683000	20221202134343.683000	60
20221202134313.684000	20221202134413.684000	60
20221202134343.685000	20221202134443.685000	60
20221202134413.686000	20221202134513.686000	60
20221202134443.687000	20221202134543.687000	60
20221202134513.688000	20221202134613.688000	60
20221202134543.689000	20221202134643.689000	60
20221202134613.690000	20221202134713.690000	60
20221202134643.691000	20221202134743.691000	60
20221202134713.692000	20221202134813.692000	60
20221202134743.693000	20221202134843.693000	60
20221202134813.694000	20221202134913.694000	60
20221202134843.695000	20221202134943.695000	60
20221202134913.696000	20221202135013.696000	60
20221202134943.697000	20221202135043.697000	60
20221202135013.698000	20221202135113.698000	60
20221202135113.700000	20221202135213.700000	60
20221202135143.701000	20221202135243.701000	60
20221202135213.702000	20221202135313.702000	60
20221202135243.703000	20221202135343.703000	60
20221202135313.704000	20221202135413.704000	60
20221202135343.705000	20221202135443.705000	60
20221202135413.706000	20221202135513.706000	60
20221202135513.708000	20221202135613.708000	60
20221202135543.709000	20221202135643.709000	60
20221202135613.710000	20221202135713.710000	60
20221202135643.711000	20221202135743.711000	60
20221202135713.712000	20221202135813.712000	60
20221202135743.713000	20221202135843.713000	60
20221202135813.714000	20221202135913.714000	60
20221202135843.715000	20221202135943.715000	60
20221202135913.716000	20221202140013.716000	60
20221202135943.717000	20221202140043.717000	60
20221202140013.718000	20221202140113.718000	60
20221202140043.719000	20221202140143.719000	60
20221202140213.722000	20221202140313.722000	60
20221202140243.723000	20221202140343.723000	60
20221202140313.724000	20221202140413.724000	60
20221202140343.725000	20221202140443.725000	60
20221202140413.726000	20221202140513.726000	60
20221202140613.730000	20221202140713.730000	60
20221202140643.731000	20221202140743.731000	60
20221202140713.732000	20221202140813.732000	60
20221202140843.735000	20221202140943.735000	60
20221202140913.736000	20221202141013.736000	60
20221202140943.737000	20221202141043.737000	60
20221202141013.738000	20221202141113.738000	60
20221202141113.740000	20221202141213.740000	60
20221202141143.741000	20221202141243.741000	60
20221202141213.742000	20221202141313.742000	60
20221202141243.743000	20221202141343.743000	60
20221202141313.744000	20221202141413.744000	60
20221202141343.745000	20221202141443.745000	60
#
# END WINDOW LIST
#
