# HV LOG FORMAT RELEASE 1.0
#
# BEGIN COMMAND LINE ARGUMENTS
#
C:/Users/koenvn/Geopsy 3.3.4/bin/geopsy.exe  $*
exit $?
#
# END COMMAND LINE ARGUMENTS
#
#
# BEGIN SOFTWARE VERSION
#
  Qt                  5.12.3
  QGpCoreTools        2.4.2 from 3.4.2
      (commit 33d7a93616e30a3d511fa67ad3f5da9da1a4aac6)
  QGpCoreMath         1.4.2 from 3.4.2
      (commit 306e3c199829ace6cbde6b242503355428580d05)
  GeopsyCore          4.4.2 from 3.4.2
      (commit 583bacf54d7367d6c29796a28c8179b98d88e28a)
  QGpGuiTools         2.4.2 from 3.4.2
      (commit 478ff49d6d6ec28d92b21ec9bfcef9f5d343b065)
  SciFigs             3.3.2 from 3.4.2
      (commit cec1d051784e8ee1d9774230fb96c1bb0b618aa0)
  QGpGuiMath          1.3.1 from 3.4.2
      (commit 8e80e068f4f3b16a30e8fb8dff21177f25a58da6)
  GeopsyGui           3.4.1 from 3.4.2
      (commit 905aba82a1928b07b3fd61dec384b9448698c80b)
  GeopsySLink         2.0.3 from 3.4.2
      (commit 2f01f562d775a4ddcdfc6a3b388c2ecb0cbb3a9a)
  GeopsySLinkGui      2.0.2 from 3.4.2
      (commit f6e61f2761b9ab1fa13c821e2a94732db60abf4f)
  geopsy              3.3.3 from 3.4.2
      (commit fb3d54b85a28e6ba741794e0cb6666d0b25c0167)
  geopsyfigs          1.0.2 from 3.4.2
      (commit 33697385e465d0d0ec4344aba55058811e934918)
  campbelltob3        1.0.1 from 3.4.2
      (commit 6e12f8024f0a052e430878492367702311588147)
  DinverCore          1.3.1 from 3.4.2
      (commit 7a17c1522ca1f626c89f2c1e87759f6b4a9311d4)
  QGpCoreWave         2.2.0 from 3.4.2
      (commit 18e08f9fd358a9e504047ec288ca4ab71a7c9851)
  QGpCompatibility    1.1.2 from 3.4.2
      (commit 3e05f6333687b574d4a18fb4336decd9efbe3efa)
  DinverDCCore        2.2.0 from 3.4.2
      (commit 654cab13b392853128bb5fa90891ecf10b5c3f0c)
  QGpCoreStat         1.2.2 from 3.4.2
      (commit 4ed49581fb9dfbf824223fae61af336330486596)
  ArrayCore           4.1.2 from 3.4.2
      (commit 85e1ce3b5a43ddb8cc16df7c31094c7c98a82104)
  QGpGuiWave          1.2.1 from 3.4.2
      (commit 2889d6a23de9671c33c0ae088b33e537035df26f)
  ArrayGui            1.3.0 from 3.4.2
      (commit bb09428d0df9ad7ab7996d50f8ac067b450a9bec)
  geopsyarray         3.2.4 from 3.4.2
      (commit 243028ab672fff396c683ed677c1dd4a1cc6a99b)
  geopsydamping       2.1.3 from 3.4.2
      (commit 2be6cba7701efb6e8c1a20c940cffe08f04ffcd2)
  HVCore              1.1.2 from 3.4.2
      (commit a76eb646e633a11fe6b411d1112c55e3c9107de4)
  HVGui               1.1.0 from 3.4.2
      (commit a66df7fe63f6c9107cfffcd4fa86d4f9893fec16)
  geopsyhv            4.0.2 from 3.4.2
      (commit ecd96a31c8abadf86bcbae0dd02bb37935b26dc7)
  geopsynr            1.1.1 from 3.4.2
      (commit f149a70197f8622e594ecec09f55068ecabcfc33)
  geopsyptmotion      2.0.3 from 3.4.2
      (commit c82034566f860b11afdc973ca84ef0027af6cf95)
  geopsyrefra         2.0.2 from 3.4.2
      (commit 807393bf66c9762a914de2cbc8c43813d8ae4227)
  geopsytfa           2.1.1 from 3.4.2
      (commit b87f1cb860bedfd6fb8d0439e749dd7464b26a24)
  hvtfa               2.1.3 from 3.4.2
      (commit fa8612a089e30f0bd72192724ee1ebe5fb4080b5)
  matfiles            1.0.3 from 3.4.2
      (commit aa4bbdecc6f645ece0598270993e17766e4c7b32)
  phaseit             1.0.2 from 3.4.2
      (commit 266b229edcf7986948d6d3f3940a154229b45f91)
#
# END SOFTWARE VERSION
#
#
# BEGIN SIGNAL LIST
#
[COMP 0]
 [SIG 0] E:/SOLODATA/MartinGeoCamb/TouretTaxis/TouretTaxis_splitted/4. Ablaye/453001013.1.2022.12.02.09.04.00.000.Z.miniseed at index 0
[COMP 1]
 [SIG 0] E:/SOLODATA/MartinGeoCamb/TouretTaxis/TouretTaxis_splitted/4. Ablaye/453001013.1.2022.12.02.09.04.00.000.N.miniseed at index 0
[COMP 2]
 [SIG 0] E:/SOLODATA/MartinGeoCamb/TouretTaxis/TouretTaxis_splitted/4. Ablaye/453001013.1.2022.12.02.09.04.00.000.E.miniseed at index 0
#
# END SIGNAL LIST
#
#
# BEGIN PARAMETERS
#
# Version 0: all files generated with releases before 20170901 (default for input)
PARAMETERS_VERSION=1
# TYPEs:
#   - Signal: from the start or to the end of signal (TEXT are useless)
#   - Delta: a fixed duration counted from the start or the end (e.g. TEXT=1h).
#   - Pick: from or to a time pick (TEXT=time pick name).
#   - Absolute: from or to a fixed time (e.g. TEXT=20170314115338.00)
FROM_TIME_TYPE=Signal
FROM_TIME_TEXT=0s
# TYPEs: Signal, Delta, Absolute
TO_TIME_TYPE=Signal
TO_TIME_TEXT=0s
REFERENCE=
COMMON_TIME_WINDOWS=false
# TYPEs: Exactly, AtLeast, FrequencyDependent
WINDOW_LENGTH_TYPE=Exactly
WINDOW_MIN_LENGTH(s)=60
WINDOW_MAX_LENGTH(s)=60
WINDOW_MAX_COUNT=0
# Length of time windows are adjusted to avoid a prime number of samples which
# slows down the FFT computation. Usually a maximum prime 11 in the prime factorization
# of the number of samples is a good compromise between the speed and the lenght inaccuracy
# Leave as zero to allow any prime number factorization.
WINDOW_MAXIMUM_PRIME_FACTOR=11
BAD_SAMPLE_TOLERANCE (s)=0
BAD_SAMPLE_GAP (s)=0
WINDOW_OVERLAP (%)=50
# TYPEs: NoSampleThreshold, RelativeSampleThreshold, AbsoluteSampleThreshold
BAD_SAMPLE_THRESHOLD_TYPE=RelativeSampleThreshold
BAD_SAMPLE_THRESHOLD_VALUE (%)=0.5
ANTI-TRIGGERING_ON_RAW_SIGNAL (y/n)=n
ANTI-TRIGGERING_ON_FILTERED_SIGNAL (y/n)=n
# Start a time window for each seismic event available inside the time range.
SEISMIC_EVENT_TRIGGER (y/n)=n
SEISMIC_EVENT_DELAY (s)=-0.1
WINDOW_TYPE=Tukey
WINDOW_REVERSED=n
WINDOW_ALPHA=0.1
SMOOTHING_METHOD=Function
SMOOTHING_WIDTH_TYPE=Proportional
SMOOTHING_WIDTH=0.4
# Describes the way values are summed: on a linear, log or inversed scale
SMOOTHING_SCALE_TYPE=Linear
SMOOTHING_WINDOW_TYPE=KonnoOhmachi
SMOOTHING_WINDOW_REVERSED=n
MINIMUM_FREQUENCY=0.2
MAXIMUM_FREQUENCY=100
# Either 'Linear', 'Log' or 'Inversed'
SCALE_TYPE_FREQUENCY=Log
# Number of samples is either set to a fixed value ('Count') or through a step between samples ('Step')'
STEP_TYPE_FREQUENCY=Step
SAMPLES_NUMBER_FREQUENCY=252
# STEP=difference between two successive samples for 'linear' scales
# STEP=ratio between two successive samples for 'log' scales
# STEP=difference between two successive inversed samples for 'inversed' scales
STEP_FREQUENCY=1.025
HIGH_PASS_FREQUENCY=0
# Possible values for HORIZONTAL_COMPONENTS: Squared, Energy, Azimuth, Geometric
HORIZONTAL_COMPONENTS=Squared
# HORIZONTAL_AZIMUTH is used only when HORIZONTAL_COMPONENTS==Azimuth
HORIZONTAL_AZIMUTH=0
# Used only for rotated output
ROTATION_STEP=10
# Frequency domain window rejection (Cox et al. (2020, GJI)
FREQUENCY_WINDOW_REJECTION_MINIMUM_FREQUENCY=0.0001
FREQUENCY_WINDOW_REJECTION_MAXIMUM_FREQUENCY=5000
FREQUENCY_WINDOW_REJECTION_STDDEV_FACTOR=2
FREQUENCY_WINDOW_REJECTION_MAXIMUM_ITERATIONS=50
#
# END PARAMETERS
#
#
# BEGIN WINDOWING LOG
#
Automatic windowing
#
# END WINDOWING LOG
#
#
# BEGIN WINDOW LIST
#
# Number= 592
# Start time 	 End Time 	 Window length
20221202090530.003000	20221202090630.003000	60
20221202090600.004000	20221202090700.004000	60
20221202090630.005000	20221202090730.005000	60
20221202090700.006000	20221202090800.006000	60
20221202090730.007000	20221202090830.007000	60
20221202090800.008000	20221202090900.008000	60
20221202090830.009000	20221202090930.009000	60
20221202090900.010000	20221202091000.010000	60
20221202090930.011000	20221202091030.011000	60
20221202091000.012000	20221202091100.012000	60
20221202091030.013000	20221202091130.013000	60
20221202091100.014000	20221202091200.014000	60
20221202091130.015000	20221202091230.015000	60
20221202091200.016000	20221202091300.016000	60
20221202091230.017000	20221202091330.017000	60
20221202091300.018000	20221202091400.018000	60
20221202091330.019000	20221202091430.019000	60
20221202091400.020000	20221202091500.020000	60
20221202091430.021000	20221202091530.021000	60
20221202091500.022000	20221202091600.022000	60
20221202091530.023000	20221202091630.023000	60
20221202091600.024000	20221202091700.024000	60
20221202091630.025000	20221202091730.025000	60
20221202091700.026000	20221202091800.026000	60
20221202091730.027000	20221202091830.027000	60
20221202091800.028000	20221202091900.028000	60
20221202091830.029000	20221202091930.029000	60
20221202091900.030000	20221202092000.030000	60
20221202091930.031000	20221202092030.031000	60
20221202092000.032000	20221202092100.032000	60
20221202092030.033000	20221202092130.033000	60
20221202092100.034000	20221202092200.034000	60
20221202092130.035000	20221202092230.035000	60
20221202092200.036000	20221202092300.036000	60
20221202092230.037000	20221202092330.037000	60
20221202092300.038000	20221202092400.038000	60
20221202092330.039000	20221202092430.039000	60
20221202092400.040000	20221202092500.040000	60
20221202092430.041000	20221202092530.041000	60
20221202092500.042000	20221202092600.042000	60
20221202092530.043000	20221202092630.043000	60
20221202092600.044000	20221202092700.044000	60
20221202092630.045000	20221202092730.045000	60
20221202092700.046000	20221202092800.046000	60
20221202092730.047000	20221202092830.047000	60
20221202092800.048000	20221202092900.048000	60
20221202092830.049000	20221202092930.049000	60
20221202092900.050000	20221202093000.050000	60
20221202092930.051000	20221202093030.051000	60
20221202093000.052000	20221202093100.052000	60
20221202093030.053000	20221202093130.053000	60
20221202093100.054000	20221202093200.054000	60
20221202093130.055000	20221202093230.055000	60
20221202093200.056000	20221202093300.056000	60
20221202093230.057000	20221202093330.057000	60
20221202093300.058000	20221202093400.058000	60
20221202093330.059000	20221202093430.059000	60
20221202093400.060000	20221202093500.060000	60
20221202093430.061000	20221202093530.061000	60
20221202093500.062000	20221202093600.062000	60
20221202093530.063000	20221202093630.063000	60
20221202093600.064000	20221202093700.064000	60
20221202093630.065000	20221202093730.065000	60
20221202093700.066000	20221202093800.066000	60
20221202093730.067000	20221202093830.067000	60
20221202093800.068000	20221202093900.068000	60
20221202093830.069000	20221202093930.069000	60
20221202093900.070000	20221202094000.070000	60
20221202093930.071000	20221202094030.071000	60
20221202094000.072000	20221202094100.072000	60
20221202094030.073000	20221202094130.073000	60
20221202094100.074000	20221202094200.074000	60
20221202094130.075000	20221202094230.075000	60
20221202094200.076000	20221202094300.076000	60
20221202094230.077000	20221202094330.077000	60
20221202094300.078000	20221202094400.078000	60
20221202094330.079000	20221202094430.079000	60
20221202094400.080000	20221202094500.080000	60
20221202094430.081000	20221202094530.081000	60
20221202094500.082000	20221202094600.082000	60
20221202094530.083000	20221202094630.083000	60
20221202094600.084000	20221202094700.084000	60
20221202094630.085000	20221202094730.085000	60
20221202094700.086000	20221202094800.086000	60
20221202094730.087000	20221202094830.087000	60
20221202094800.088000	20221202094900.088000	60
20221202094830.089000	20221202094930.089000	60
20221202094900.090000	20221202095000.090000	60
20221202094930.091000	20221202095030.091000	60
20221202095000.092000	20221202095100.092000	60
20221202095030.093000	20221202095130.093000	60
20221202095100.094000	20221202095200.094000	60
20221202095130.095000	20221202095230.095000	60
20221202095200.096000	20221202095300.096000	60
20221202095230.097000	20221202095330.097000	60
20221202095300.098000	20221202095400.098000	60
20221202095330.099000	20221202095430.099000	60
20221202095400.100000	20221202095500.100000	60
20221202095430.101000	20221202095530.101000	60
20221202095500.102000	20221202095600.102000	60
20221202095530.103000	20221202095630.103000	60
20221202095600.104000	20221202095700.104000	60
20221202095630.105000	20221202095730.105000	60
20221202095700.106000	20221202095800.106000	60
20221202095730.107000	20221202095830.107000	60
20221202095800.108000	20221202095900.108000	60
20221202095830.109000	20221202095930.109000	60
20221202095900.110000	20221202100000.110000	60
20221202095930.111000	20221202100030.111000	60
20221202100000.112000	20221202100100.112000	60
20221202100030.113000	20221202100130.113000	60
20221202100100.114000	20221202100200.114000	60
20221202100130.115000	20221202100230.115000	60
20221202100200.116000	20221202100300.116000	60
20221202100230.117000	20221202100330.117000	60
20221202100300.118000	20221202100400.118000	60
20221202100330.119000	20221202100430.119000	60
20221202100400.120000	20221202100500.120000	60
20221202100430.121000	20221202100530.121000	60
20221202100500.122000	20221202100600.122000	60
20221202100530.123000	20221202100630.123000	60
20221202100600.124000	20221202100700.124000	60
20221202100630.125000	20221202100730.125000	60
20221202100700.126000	20221202100800.126000	60
20221202100730.127000	20221202100830.127000	60
20221202100800.128000	20221202100900.128000	60
20221202100830.129000	20221202100930.129000	60
20221202100900.130000	20221202101000.130000	60
20221202100930.131000	20221202101030.131000	60
20221202101000.132000	20221202101100.132000	60
20221202101030.133000	20221202101130.133000	60
20221202101100.134000	20221202101200.134000	60
20221202101130.135000	20221202101230.135000	60
20221202101200.136000	20221202101300.136000	60
20221202101230.137000	20221202101330.137000	60
20221202101300.138000	20221202101400.138000	60
20221202101330.139000	20221202101430.139000	60
20221202101400.140000	20221202101500.140000	60
20221202101430.141000	20221202101530.141000	60
20221202101500.142000	20221202101600.142000	60
20221202101530.143000	20221202101630.143000	60
20221202101600.144000	20221202101700.144000	60
20221202101630.145000	20221202101730.145000	60
20221202101700.146000	20221202101800.146000	60
20221202101730.147000	20221202101830.147000	60
20221202101800.148000	20221202101900.148000	60
20221202101830.149000	20221202101930.149000	60
20221202101900.150000	20221202102000.150000	60
20221202101930.151000	20221202102030.151000	60
20221202102000.152000	20221202102100.152000	60
20221202102030.153000	20221202102130.153000	60
20221202102100.154000	20221202102200.154000	60
20221202102130.155000	20221202102230.155000	60
20221202102200.156000	20221202102300.156000	60
20221202102230.157000	20221202102330.157000	60
20221202102300.158000	20221202102400.158000	60
20221202102330.159000	20221202102430.159000	60
20221202102400.160000	20221202102500.160000	60
20221202102430.161000	20221202102530.161000	60
20221202102500.162000	20221202102600.162000	60
20221202102530.163000	20221202102630.163000	60
20221202102600.164000	20221202102700.164000	60
20221202102630.165000	20221202102730.165000	60
20221202102700.166000	20221202102800.166000	60
20221202102730.167000	20221202102830.167000	60
20221202102800.168000	20221202102900.168000	60
20221202102830.169000	20221202102930.169000	60
20221202102900.170000	20221202103000.170000	60
20221202102930.171000	20221202103030.171000	60
20221202103000.172000	20221202103100.172000	60
20221202103030.173000	20221202103130.173000	60
20221202103156.742000	20221202103256.742000	60
20221202103226.743000	20221202103326.743000	60
20221202103256.744000	20221202103356.744000	60
20221202103326.745000	20221202103426.745000	60
20221202103356.746000	20221202103456.746000	60
20221202103426.747000	20221202103526.747000	60
20221202103456.748000	20221202103556.748000	60
20221202103526.749000	20221202103626.749000	60
20221202103556.750000	20221202103656.750000	60
20221202103626.751000	20221202103726.751000	60
20221202103656.752000	20221202103756.752000	60
20221202103726.753000	20221202103826.753000	60
20221202103756.754000	20221202103856.754000	60
20221202103826.755000	20221202103926.755000	60
20221202103856.756000	20221202103956.756000	60
20221202103926.757000	20221202104026.757000	60
20221202103956.758000	20221202104056.758000	60
20221202104026.759000	20221202104126.759000	60
20221202104056.760000	20221202104156.760000	60
20221202104126.761000	20221202104226.761000	60
20221202104156.762000	20221202104256.762000	60
20221202104226.763000	20221202104326.763000	60
20221202104256.764000	20221202104356.764000	60
20221202104326.765000	20221202104426.765000	60
20221202104356.766000	20221202104456.766000	60
20221202104426.767000	20221202104526.767000	60
20221202104456.768000	20221202104556.768000	60
20221202104526.769000	20221202104626.769000	60
20221202104556.770000	20221202104656.770000	60
20221202104626.771000	20221202104726.771000	60
20221202104656.772000	20221202104756.772000	60
20221202104726.773000	20221202104826.773000	60
20221202104756.774000	20221202104856.774000	60
20221202104826.775000	20221202104926.775000	60
20221202104856.776000	20221202104956.776000	60
20221202104926.777000	20221202105026.777000	60
20221202104956.778000	20221202105056.778000	60
20221202105026.779000	20221202105126.779000	60
20221202105056.780000	20221202105156.780000	60
20221202105126.781000	20221202105226.781000	60
20221202105156.782000	20221202105256.782000	60
20221202105226.783000	20221202105326.783000	60
20221202105256.784000	20221202105356.784000	60
20221202105326.785000	20221202105426.785000	60
20221202105356.786000	20221202105456.786000	60
20221202105426.787000	20221202105526.787000	60
20221202105456.788000	20221202105556.788000	60
20221202105526.789000	20221202105626.789000	60
20221202105556.790000	20221202105656.790000	60
20221202105626.791000	20221202105726.791000	60
20221202105656.792000	20221202105756.792000	60
20221202105726.793000	20221202105826.793000	60
20221202105756.794000	20221202105856.794000	60
20221202105826.795000	20221202105926.795000	60
20221202105856.796000	20221202105956.796000	60
20221202105926.797000	20221202110026.797000	60
20221202105956.798000	20221202110056.798000	60
20221202110026.799000	20221202110126.799000	60
20221202110056.800000	20221202110156.800000	60
20221202110126.801000	20221202110226.801000	60
20221202110156.802000	20221202110256.802000	60
20221202110226.803000	20221202110326.803000	60
20221202110256.804000	20221202110356.804000	60
20221202110326.805000	20221202110426.805000	60
20221202110356.806000	20221202110456.806000	60
20221202110426.807000	20221202110526.807000	60
20221202110456.808000	20221202110556.808000	60
20221202110526.809000	20221202110626.809000	60
20221202110556.810000	20221202110656.810000	60
20221202110626.811000	20221202110726.811000	60
20221202111026.819000	20221202111126.819000	60
20221202111056.820000	20221202111156.820000	60
20221202111126.821000	20221202111226.821000	60
20221202111156.822000	20221202111256.822000	60
20221202111226.823000	20221202111326.823000	60
20221202111256.824000	20221202111356.824000	60
20221202111326.825000	20221202111426.825000	60
20221202111356.826000	20221202111456.826000	60
20221202111426.827000	20221202111526.827000	60
20221202111456.828000	20221202111556.828000	60
20221202111526.829000	20221202111626.829000	60
20221202111556.830000	20221202111656.830000	60
20221202111626.831000	20221202111726.831000	60
20221202111656.832000	20221202111756.832000	60
20221202111726.833000	20221202111826.833000	60
20221202111756.834000	20221202111856.834000	60
20221202111826.835000	20221202111926.835000	60
20221202111956.838000	20221202112056.838000	60
20221202112026.839000	20221202112126.839000	60
20221202112056.840000	20221202112156.840000	60
20221202112126.841000	20221202112226.841000	60
20221202112156.842000	20221202112256.842000	60
20221202112226.843000	20221202112326.843000	60
20221202112256.844000	20221202112356.844000	60
20221202112359.701000	20221202112459.701000	60
20221202112429.702000	20221202112529.702000	60
20221202112459.703000	20221202112559.703000	60
20221202112529.704000	20221202112629.704000	60
20221202112559.705000	20221202112659.705000	60
20221202112629.706000	20221202112729.706000	60
20221202112659.707000	20221202112759.707000	60
20221202112729.708000	20221202112829.708000	60
20221202112759.709000	20221202112859.709000	60
20221202112829.710000	20221202112929.710000	60
20221202112859.711000	20221202112959.711000	60
20221202112929.712000	20221202113029.712000	60
20221202112959.713000	20221202113059.713000	60
20221202113029.714000	20221202113129.714000	60
20221202113059.715000	20221202113159.715000	60
20221202113129.716000	20221202113229.716000	60
20221202113159.717000	20221202113259.717000	60
20221202113229.718000	20221202113329.718000	60
20221202113259.719000	20221202113359.719000	60
20221202113329.720000	20221202113429.720000	60
20221202113359.721000	20221202113459.721000	60
20221202113429.722000	20221202113529.722000	60
20221202113459.723000	20221202113559.723000	60
20221202113529.724000	20221202113629.724000	60
20221202113559.725000	20221202113659.725000	60
20221202113629.726000	20221202113729.726000	60
20221202113659.727000	20221202113759.727000	60
20221202113729.728000	20221202113829.728000	60
20221202113759.729000	20221202113859.729000	60
20221202113829.730000	20221202113929.730000	60
20221202113859.731000	20221202113959.731000	60
20221202113929.732000	20221202114029.732000	60
20221202113959.733000	20221202114059.733000	60
20221202114029.734000	20221202114129.734000	60
20221202114059.735000	20221202114159.735000	60
20221202114129.736000	20221202114229.736000	60
20221202114159.737000	20221202114259.737000	60
20221202114229.738000	20221202114329.738000	60
20221202114359.741000	20221202114459.741000	60
20221202114429.742000	20221202114529.742000	60
20221202114459.743000	20221202114559.743000	60
20221202114529.744000	20221202114629.744000	60
20221202114559.745000	20221202114659.745000	60
20221202114629.746000	20221202114729.746000	60
20221202114659.747000	20221202114759.747000	60
20221202114729.748000	20221202114829.748000	60
20221202114759.749000	20221202114859.749000	60
20221202114829.750000	20221202114929.750000	60
20221202114859.751000	20221202114959.751000	60
20221202114929.752000	20221202115029.752000	60
20221202114959.753000	20221202115059.753000	60
20221202115029.754000	20221202115129.754000	60
20221202115059.755000	20221202115159.755000	60
20221202115129.756000	20221202115229.756000	60
20221202115159.757000	20221202115259.757000	60
20221202115229.758000	20221202115329.758000	60
20221202115259.759000	20221202115359.759000	60
20221202115329.760000	20221202115429.760000	60
20221202115359.761000	20221202115459.761000	60
20221202115429.762000	20221202115529.762000	60
20221202115459.763000	20221202115559.763000	60
20221202115529.764000	20221202115629.764000	60
20221202115559.765000	20221202115659.765000	60
20221202115629.766000	20221202115729.766000	60
20221202115659.767000	20221202115759.767000	60
20221202115729.768000	20221202115829.768000	60
20221202115759.769000	20221202115859.769000	60
20221202115829.770000	20221202115929.770000	60
20221202115859.771000	20221202115959.771000	60
20221202115929.772000	20221202120029.772000	60
20221202115959.773000	20221202120059.773000	60
20221202120029.774000	20221202120129.774000	60
20221202120059.775000	20221202120159.775000	60
20221202120129.776000	20221202120229.776000	60
20221202120159.777000	20221202120259.777000	60
20221202120229.778000	20221202120329.778000	60
20221202120259.779000	20221202120359.779000	60
20221202120329.780000	20221202120429.780000	60
20221202120359.781000	20221202120459.781000	60
20221202120429.782000	20221202120529.782000	60
20221202120459.783000	20221202120559.783000	60
20221202120529.784000	20221202120629.784000	60
20221202120559.785000	20221202120659.785000	60
20221202120629.786000	20221202120729.786000	60
20221202120659.787000	20221202120759.787000	60
20221202120729.788000	20221202120829.788000	60
20221202120759.789000	20221202120859.789000	60
20221202120829.790000	20221202120929.790000	60
20221202120859.791000	20221202120959.791000	60
20221202120929.792000	20221202121029.792000	60
20221202120959.793000	20221202121059.793000	60
20221202121029.794000	20221202121129.794000	60
20221202121059.795000	20221202121159.795000	60
20221202121129.796000	20221202121229.796000	60
20221202121159.797000	20221202121259.797000	60
20221202121229.798000	20221202121329.798000	60
20221202121259.799000	20221202121359.799000	60
20221202121329.800000	20221202121429.800000	60
20221202121359.801000	20221202121459.801000	60
20221202121429.802000	20221202121529.802000	60
20221202121459.803000	20221202121559.803000	60
20221202121529.804000	20221202121629.804000	60
20221202121559.805000	20221202121659.805000	60
20221202121629.806000	20221202121729.806000	60
20221202121659.807000	20221202121759.807000	60
20221202121729.808000	20221202121829.808000	60
20221202121759.809000	20221202121859.809000	60
20221202121829.810000	20221202121929.810000	60
20221202121859.811000	20221202121959.811000	60
20221202121929.812000	20221202122029.812000	60
20221202121959.813000	20221202122059.813000	60
20221202122029.814000	20221202122129.814000	60
20221202122059.815000	20221202122159.815000	60
20221202122129.816000	20221202122229.816000	60
20221202122159.817000	20221202122259.817000	60
20221202122229.818000	20221202122329.818000	60
20221202122259.819000	20221202122359.819000	60
20221202122329.820000	20221202122429.820000	60
20221202122359.821000	20221202122459.821000	60
20221202122429.822000	20221202122529.822000	60
20221202122459.823000	20221202122559.823000	60
20221202122529.824000	20221202122629.824000	60
20221202122559.825000	20221202122659.825000	60
20221202122629.826000	20221202122729.826000	60
20221202122659.827000	20221202122759.827000	60
20221202122729.828000	20221202122829.828000	60
20221202122759.829000	20221202122859.829000	60
20221202122829.830000	20221202122929.830000	60
20221202122859.831000	20221202122959.831000	60
20221202122929.832000	20221202123029.832000	60
20221202122959.833000	20221202123059.833000	60
20221202123029.834000	20221202123129.834000	60
20221202123059.835000	20221202123159.835000	60
20221202123129.836000	20221202123229.836000	60
20221202123159.837000	20221202123259.837000	60
20221202123229.838000	20221202123329.838000	60
20221202123259.839000	20221202123359.839000	60
20221202123329.840000	20221202123429.840000	60
20221202123359.841000	20221202123459.841000	60
20221202123429.842000	20221202123529.842000	60
20221202123459.843000	20221202123559.843000	60
20221202123529.844000	20221202123629.844000	60
20221202123559.845000	20221202123659.845000	60
20221202123629.846000	20221202123729.846000	60
20221202123659.847000	20221202123759.847000	60
20221202123729.848000	20221202123829.848000	60
20221202123759.849000	20221202123859.849000	60
20221202123829.850000	20221202123929.850000	60
20221202123859.851000	20221202123959.851000	60
20221202123929.852000	20221202124029.852000	60
20221202123959.853000	20221202124059.853000	60
20221202124029.854000	20221202124129.854000	60
20221202124059.855000	20221202124159.855000	60
20221202124129.856000	20221202124229.856000	60
20221202124159.857000	20221202124259.857000	60
20221202124229.858000	20221202124329.858000	60
20221202124259.859000	20221202124359.859000	60
20221202124329.860000	20221202124429.860000	60
20221202124359.861000	20221202124459.861000	60
20221202124429.862000	20221202124529.862000	60
20221202124459.863000	20221202124559.863000	60
20221202124529.864000	20221202124629.864000	60
20221202124559.865000	20221202124659.865000	60
20221202124629.866000	20221202124729.866000	60
20221202124659.867000	20221202124759.867000	60
20221202124729.868000	20221202124829.868000	60
20221202124759.869000	20221202124859.869000	60
20221202124829.870000	20221202124929.870000	60
20221202124859.871000	20221202124959.871000	60
20221202124929.872000	20221202125029.872000	60
20221202124959.873000	20221202125059.873000	60
20221202125029.874000	20221202125129.874000	60
20221202125059.875000	20221202125159.875000	60
20221202125129.876000	20221202125229.876000	60
20221202125159.877000	20221202125259.877000	60
20221202125229.878000	20221202125329.878000	60
20221202125259.879000	20221202125359.879000	60
20221202125329.880000	20221202125429.880000	60
20221202125359.881000	20221202125459.881000	60
20221202125429.882000	20221202125529.882000	60
20221202125459.883000	20221202125559.883000	60
20221202125529.884000	20221202125629.884000	60
20221202125559.885000	20221202125659.885000	60
20221202125629.886000	20221202125729.886000	60
20221202125659.887000	20221202125759.887000	60
20221202125729.888000	20221202125829.888000	60
20221202125759.889000	20221202125859.889000	60
20221202125829.890000	20221202125929.890000	60
20221202125859.891000	20221202125959.891000	60
20221202125929.892000	20221202130029.892000	60
20221202125959.893000	20221202130059.893000	60
20221202130029.894000	20221202130129.894000	60
20221202130059.895000	20221202130159.895000	60
20221202130129.896000	20221202130229.896000	60
20221202130159.897000	20221202130259.897000	60
20221202130229.898000	20221202130329.898000	60
20221202130259.899000	20221202130359.899000	60
20221202130329.900000	20221202130429.900000	60
20221202130359.901000	20221202130459.901000	60
20221202130429.902000	20221202130529.902000	60
20221202130459.903000	20221202130559.903000	60
20221202130529.904000	20221202130629.904000	60
20221202130559.905000	20221202130659.905000	60
20221202130629.906000	20221202130729.906000	60
20221202130659.907000	20221202130759.907000	60
20221202130729.908000	20221202130829.908000	60
20221202130759.909000	20221202130859.909000	60
20221202130829.910000	20221202130929.910000	60
20221202130859.911000	20221202130959.911000	60
20221202130929.912000	20221202131029.912000	60
20221202130959.913000	20221202131059.913000	60
20221202131029.914000	20221202131129.914000	60
20221202131059.915000	20221202131159.915000	60
20221202131129.916000	20221202131229.916000	60
20221202131159.917000	20221202131259.917000	60
20221202131229.918000	20221202131329.918000	60
20221202131259.919000	20221202131359.919000	60
20221202131329.920000	20221202131429.920000	60
20221202131359.921000	20221202131459.921000	60
20221202131429.922000	20221202131529.922000	60
20221202131459.923000	20221202131559.923000	60
20221202131529.924000	20221202131629.924000	60
20221202131559.925000	20221202131659.925000	60
20221202131629.926000	20221202131729.926000	60
20221202131659.927000	20221202131759.927000	60
20221202131729.928000	20221202131829.928000	60
20221202131759.929000	20221202131859.929000	60
20221202131829.930000	20221202131929.930000	60
20221202131859.931000	20221202131959.931000	60
20221202131929.932000	20221202132029.932000	60
20221202131959.933000	20221202132059.933000	60
20221202132029.934000	20221202132129.934000	60
20221202132059.935000	20221202132159.935000	60
20221202132129.936000	20221202132229.936000	60
20221202132159.937000	20221202132259.937000	60
20221202132229.938000	20221202132329.938000	60
20221202132259.939000	20221202132359.939000	60
20221202132329.940000	20221202132429.940000	60
20221202132359.941000	20221202132459.941000	60
20221202132429.942000	20221202132529.942000	60
20221202132459.943000	20221202132559.943000	60
20221202132652.863000	20221202132752.863000	60
20221202132722.864000	20221202132822.864000	60
20221202132752.865000	20221202132852.865000	60
20221202132822.866000	20221202132922.866000	60
20221202132852.867000	20221202132952.867000	60
20221202132922.868000	20221202133022.868000	60
20221202132952.869000	20221202133052.869000	60
20221202133022.870000	20221202133122.870000	60
20221202133052.871000	20221202133152.871000	60
20221202133122.872000	20221202133222.872000	60
20221202133152.873000	20221202133252.873000	60
20221202133222.874000	20221202133322.874000	60
20221202133252.875000	20221202133352.875000	60
20221202133322.876000	20221202133422.876000	60
20221202133352.877000	20221202133452.877000	60
20221202133422.878000	20221202133522.878000	60
20221202133452.879000	20221202133552.879000	60
20221202133522.880000	20221202133622.880000	60
20221202133552.881000	20221202133652.881000	60
20221202133622.882000	20221202133722.882000	60
20221202133652.883000	20221202133752.883000	60
20221202133722.884000	20221202133822.884000	60
20221202133752.885000	20221202133852.885000	60
20221202133822.886000	20221202133922.886000	60
20221202133852.887000	20221202133952.887000	60
20221202133922.888000	20221202134022.888000	60
20221202133952.889000	20221202134052.889000	60
20221202134022.890000	20221202134122.890000	60
20221202134052.891000	20221202134152.891000	60
20221202134122.892000	20221202134222.892000	60
20221202134152.893000	20221202134252.893000	60
20221202134222.894000	20221202134322.894000	60
20221202134252.895000	20221202134352.895000	60
20221202134322.896000	20221202134422.896000	60
20221202134352.897000	20221202134452.897000	60
20221202134422.898000	20221202134522.898000	60
20221202134452.899000	20221202134552.899000	60
20221202134522.900000	20221202134622.900000	60
20221202134552.901000	20221202134652.901000	60
20221202134622.902000	20221202134722.902000	60
20221202134652.903000	20221202134752.903000	60
20221202134722.904000	20221202134822.904000	60
20221202134752.905000	20221202134852.905000	60
20221202134822.906000	20221202134922.906000	60
20221202134852.907000	20221202134952.907000	60
20221202134922.908000	20221202135022.908000	60
20221202134952.909000	20221202135052.909000	60
20221202135022.910000	20221202135122.910000	60
20221202135052.911000	20221202135152.911000	60
20221202135122.912000	20221202135222.912000	60
20221202135152.913000	20221202135252.913000	60
20221202135222.914000	20221202135322.914000	60
20221202135252.915000	20221202135352.915000	60
20221202135322.916000	20221202135422.916000	60
20221202135352.917000	20221202135452.917000	60
20221202135422.918000	20221202135522.918000	60
20221202135452.919000	20221202135552.919000	60
20221202135522.920000	20221202135622.920000	60
20221202135747.152000	20221202135847.152000	60
20221202140154.617000	20221202140254.617000	60
20221202140224.618000	20221202140324.618000	60
20221202140254.619000	20221202140354.619000	60
20221202140324.620000	20221202140424.620000	60
20221202140354.621000	20221202140454.621000	60
20221202140424.622000	20221202140524.622000	60
20221202140454.623000	20221202140554.623000	60
20221202140524.624000	20221202140624.624000	60
20221202140554.625000	20221202140654.625000	60
20221202140624.626000	20221202140724.626000	60
20221202140654.627000	20221202140754.627000	60
20221202140724.628000	20221202140824.628000	60
20221202140754.629000	20221202140854.629000	60
20221202140824.630000	20221202140924.630000	60
20221202140854.631000	20221202140954.631000	60
20221202140924.632000	20221202141024.632000	60
20221202140954.633000	20221202141054.633000	60
20221202141024.634000	20221202141124.634000	60
20221202141054.635000	20221202141154.635000	60
20221202141124.636000	20221202141224.636000	60
20221202141154.637000	20221202141254.637000	60
20221202141224.638000	20221202141324.638000	60
20221202141254.639000	20221202141354.639000	60
20221202141324.640000	20221202141424.640000	60
20221202141354.641000	20221202141454.641000	60
20221202141424.642000	20221202141524.642000	60
20221202141454.643000	20221202141554.643000	60
#
# END WINDOW LIST
#
