# HV LOG FORMAT RELEASE 1.0
#
# BEGIN COMMAND LINE ARGUMENTS
#
C:/Users/koenvn/Geopsy 3.3.4/bin/geopsy.exe  $*
exit $?
#
# END COMMAND LINE ARGUMENTS
#
#
# BEGIN SOFTWARE VERSION
#
  Qt                  5.12.3
  QGpCoreTools        2.4.2 from 3.4.2
      (commit 33d7a93616e30a3d511fa67ad3f5da9da1a4aac6)
  QGpCoreMath         1.4.2 from 3.4.2
      (commit 306e3c199829ace6cbde6b242503355428580d05)
  GeopsyCore          4.4.2 from 3.4.2
      (commit 583bacf54d7367d6c29796a28c8179b98d88e28a)
  QGpGuiTools         2.4.2 from 3.4.2
      (commit 478ff49d6d6ec28d92b21ec9bfcef9f5d343b065)
  SciFigs             3.3.2 from 3.4.2
      (commit cec1d051784e8ee1d9774230fb96c1bb0b618aa0)
  QGpGuiMath          1.3.1 from 3.4.2
      (commit 8e80e068f4f3b16a30e8fb8dff21177f25a58da6)
  GeopsyGui           3.4.1 from 3.4.2
      (commit 905aba82a1928b07b3fd61dec384b9448698c80b)
  GeopsySLink         2.0.3 from 3.4.2
      (commit 2f01f562d775a4ddcdfc6a3b388c2ecb0cbb3a9a)
  GeopsySLinkGui      2.0.2 from 3.4.2
      (commit f6e61f2761b9ab1fa13c821e2a94732db60abf4f)
  geopsy              3.3.3 from 3.4.2
      (commit fb3d54b85a28e6ba741794e0cb6666d0b25c0167)
  geopsyfigs          1.0.2 from 3.4.2
      (commit 33697385e465d0d0ec4344aba55058811e934918)
  campbelltob3        1.0.1 from 3.4.2
      (commit 6e12f8024f0a052e430878492367702311588147)
  DinverCore          1.3.1 from 3.4.2
      (commit 7a17c1522ca1f626c89f2c1e87759f6b4a9311d4)
  QGpCoreWave         2.2.0 from 3.4.2
      (commit 18e08f9fd358a9e504047ec288ca4ab71a7c9851)
  QGpCompatibility    1.1.2 from 3.4.2
      (commit 3e05f6333687b574d4a18fb4336decd9efbe3efa)
  DinverDCCore        2.2.0 from 3.4.2
      (commit 654cab13b392853128bb5fa90891ecf10b5c3f0c)
  QGpCoreStat         1.2.2 from 3.4.2
      (commit 4ed49581fb9dfbf824223fae61af336330486596)
  ArrayCore           4.1.2 from 3.4.2
      (commit 85e1ce3b5a43ddb8cc16df7c31094c7c98a82104)
  QGpGuiWave          1.2.1 from 3.4.2
      (commit 2889d6a23de9671c33c0ae088b33e537035df26f)
  ArrayGui            1.3.0 from 3.4.2
      (commit bb09428d0df9ad7ab7996d50f8ac067b450a9bec)
  geopsyarray         3.2.4 from 3.4.2
      (commit 243028ab672fff396c683ed677c1dd4a1cc6a99b)
  geopsydamping       2.1.3 from 3.4.2
      (commit 2be6cba7701efb6e8c1a20c940cffe08f04ffcd2)
  HVCore              1.1.2 from 3.4.2
      (commit a76eb646e633a11fe6b411d1112c55e3c9107de4)
  HVGui               1.1.0 from 3.4.2
      (commit a66df7fe63f6c9107cfffcd4fa86d4f9893fec16)
  geopsyhv            4.0.2 from 3.4.2
      (commit ecd96a31c8abadf86bcbae0dd02bb37935b26dc7)
  geopsynr            1.1.1 from 3.4.2
      (commit f149a70197f8622e594ecec09f55068ecabcfc33)
  geopsyptmotion      2.0.3 from 3.4.2
      (commit c82034566f860b11afdc973ca84ef0027af6cf95)
  geopsyrefra         2.0.2 from 3.4.2
      (commit 807393bf66c9762a914de2cbc8c43813d8ae4227)
  geopsytfa           2.1.1 from 3.4.2
      (commit b87f1cb860bedfd6fb8d0439e749dd7464b26a24)
  hvtfa               2.1.3 from 3.4.2
      (commit fa8612a089e30f0bd72192724ee1ebe5fb4080b5)
  matfiles            1.0.3 from 3.4.2
      (commit aa4bbdecc6f645ece0598270993e17766e4c7b32)
  phaseit             1.0.2 from 3.4.2
      (commit 266b229edcf7986948d6d3f3940a154229b45f91)
#
# END SOFTWARE VERSION
#
#
# BEGIN SIGNAL LIST
#
[COMP 0]
 [SIG 0] E:/SOLODATA/MartinGeoCamb/TouretTaxis/TouretTaxis_splitted/8. Manuel/453003798.1.2022.12.02.09.14.00.000.Z.miniseed at index 0
[COMP 1]
 [SIG 0] E:/SOLODATA/MartinGeoCamb/TouretTaxis/TouretTaxis_splitted/8. Manuel/453003798.1.2022.12.02.09.14.00.000.N.miniseed at index 0
[COMP 2]
 [SIG 0] E:/SOLODATA/MartinGeoCamb/TouretTaxis/TouretTaxis_splitted/8. Manuel/453003798.1.2022.12.02.09.14.00.000.E.miniseed at index 0
#
# END SIGNAL LIST
#
#
# BEGIN PARAMETERS
#
# Version 0: all files generated with releases before 20170901 (default for input)
PARAMETERS_VERSION=1
# TYPEs:
#   - Signal: from the start or to the end of signal (TEXT are useless)
#   - Delta: a fixed duration counted from the start or the end (e.g. TEXT=1h).
#   - Pick: from or to a time pick (TEXT=time pick name).
#   - Absolute: from or to a fixed time (e.g. TEXT=20170314115338.00)
FROM_TIME_TYPE=Signal
FROM_TIME_TEXT=0s
# TYPEs: Signal, Delta, Absolute
TO_TIME_TYPE=Signal
TO_TIME_TEXT=0s
REFERENCE=
COMMON_TIME_WINDOWS=false
# TYPEs: Exactly, AtLeast, FrequencyDependent
WINDOW_LENGTH_TYPE=Exactly
WINDOW_MIN_LENGTH(s)=60
WINDOW_MAX_LENGTH(s)=60
WINDOW_MAX_COUNT=0
# Length of time windows are adjusted to avoid a prime number of samples which
# slows down the FFT computation. Usually a maximum prime 11 in the prime factorization
# of the number of samples is a good compromise between the speed and the lenght inaccuracy
# Leave as zero to allow any prime number factorization.
WINDOW_MAXIMUM_PRIME_FACTOR=11
BAD_SAMPLE_TOLERANCE (s)=0
BAD_SAMPLE_GAP (s)=0
WINDOW_OVERLAP (%)=50
# TYPEs: NoSampleThreshold, RelativeSampleThreshold, AbsoluteSampleThreshold
BAD_SAMPLE_THRESHOLD_TYPE=RelativeSampleThreshold
BAD_SAMPLE_THRESHOLD_VALUE (%)=0.8
ANTI-TRIGGERING_ON_RAW_SIGNAL (y/n)=n
ANTI-TRIGGERING_ON_FILTERED_SIGNAL (y/n)=n
# Start a time window for each seismic event available inside the time range.
SEISMIC_EVENT_TRIGGER (y/n)=n
SEISMIC_EVENT_DELAY (s)=-0.1
WINDOW_TYPE=Tukey
WINDOW_REVERSED=n
WINDOW_ALPHA=0.1
SMOOTHING_METHOD=Function
SMOOTHING_WIDTH_TYPE=Proportional
SMOOTHING_WIDTH=0.4
# Describes the way values are summed: on a linear, log or inversed scale
SMOOTHING_SCALE_TYPE=Linear
SMOOTHING_WINDOW_TYPE=KonnoOhmachi
SMOOTHING_WINDOW_REVERSED=n
MINIMUM_FREQUENCY=0.2
MAXIMUM_FREQUENCY=100
# Either 'Linear', 'Log' or 'Inversed'
SCALE_TYPE_FREQUENCY=Log
# Number of samples is either set to a fixed value ('Count') or through a step between samples ('Step')'
STEP_TYPE_FREQUENCY=Step
SAMPLES_NUMBER_FREQUENCY=252
# STEP=difference between two successive samples for 'linear' scales
# STEP=ratio between two successive samples for 'log' scales
# STEP=difference between two successive inversed samples for 'inversed' scales
STEP_FREQUENCY=1.025
HIGH_PASS_FREQUENCY=0
# Possible values for HORIZONTAL_COMPONENTS: Squared, Energy, Azimuth, Geometric
HORIZONTAL_COMPONENTS=Squared
# HORIZONTAL_AZIMUTH is used only when HORIZONTAL_COMPONENTS==Azimuth
HORIZONTAL_AZIMUTH=0
# Used only for rotated output
ROTATION_STEP=10
# Frequency domain window rejection (Cox et al. (2020, GJI)
FREQUENCY_WINDOW_REJECTION_MINIMUM_FREQUENCY=0.0001
FREQUENCY_WINDOW_REJECTION_MAXIMUM_FREQUENCY=5000
FREQUENCY_WINDOW_REJECTION_STDDEV_FACTOR=2
FREQUENCY_WINDOW_REJECTION_MAXIMUM_ITERATIONS=50
#
# END PARAMETERS
#
#
# BEGIN WINDOWING LOG
#
Automatic windowing
#
# END WINDOWING LOG
#
#
# BEGIN WINDOW LIST
#
# Number= 157
# Start time 	 End Time 	 Window length
20221202091516.609000	20221202091616.609000	60
20221202091546.610000	20221202091646.610000	60
20221202091616.611000	20221202091716.611000	60
20221202091646.612000	20221202091746.612000	60
20221202091716.613000	20221202091816.613000	60
20221202091746.614000	20221202091846.614000	60
20221202091816.615000	20221202091916.615000	60
20221202091846.616000	20221202091946.616000	60
20221202091916.617000	20221202092016.617000	60
20221202091946.618000	20221202092046.618000	60
20221202092016.619000	20221202092116.619000	60
20221202092046.620000	20221202092146.620000	60
20221202092116.621000	20221202092216.621000	60
20221202092146.622000	20221202092246.622000	60
20221202092216.623000	20221202092316.623000	60
20221202092246.624000	20221202092346.624000	60
20221202092316.625000	20221202092416.625000	60
20221202092346.626000	20221202092446.626000	60
20221202092416.627000	20221202092516.627000	60
20221202092446.628000	20221202092546.628000	60
20221202092516.629000	20221202092616.629000	60
20221202092546.630000	20221202092646.630000	60
20221202092616.631000	20221202092716.631000	60
20221202092646.632000	20221202092746.632000	60
20221202092716.633000	20221202092816.633000	60
20221202092746.634000	20221202092846.634000	60
20221202092816.635000	20221202092916.635000	60
20221202092846.636000	20221202092946.636000	60
20221202092916.637000	20221202093016.637000	60
20221202092946.638000	20221202093046.638000	60
20221202093016.639000	20221202093116.639000	60
20221202093046.640000	20221202093146.640000	60
20221202093116.641000	20221202093216.641000	60
20221202093146.642000	20221202093246.642000	60
20221202093216.643000	20221202093316.643000	60
20221202093246.644000	20221202093346.644000	60
20221202093316.645000	20221202093416.645000	60
20221202093346.646000	20221202093446.646000	60
20221202093416.647000	20221202093516.647000	60
20221202093446.648000	20221202093546.648000	60
20221202093516.649000	20221202093616.649000	60
20221202093546.650000	20221202093646.650000	60
20221202093616.651000	20221202093716.651000	60
20221202093646.652000	20221202093746.652000	60
20221202093716.653000	20221202093816.653000	60
20221202093746.654000	20221202093846.654000	60
20221202093816.655000	20221202093916.655000	60
20221202093846.656000	20221202093946.656000	60
20221202093916.657000	20221202094016.657000	60
20221202093946.658000	20221202094046.658000	60
20221202094016.659000	20221202094116.659000	60
20221202094046.660000	20221202094146.660000	60
20221202094116.661000	20221202094216.661000	60
20221202094146.662000	20221202094246.662000	60
20221202094216.663000	20221202094316.663000	60
20221202094246.664000	20221202094346.664000	60
20221202094316.665000	20221202094416.665000	60
20221202094346.666000	20221202094446.666000	60
20221202094416.667000	20221202094516.667000	60
20221202094446.668000	20221202094546.668000	60
20221202094516.669000	20221202094616.669000	60
20221202094546.670000	20221202094646.670000	60
20221202094646.672000	20221202094746.672000	60
20221202094716.673000	20221202094816.673000	60
20221202094746.674000	20221202094846.674000	60
20221202094916.677000	20221202095016.677000	60
20221202094946.678000	20221202095046.678000	60
20221202095016.679000	20221202095116.679000	60
20221202095046.680000	20221202095146.680000	60
20221202095116.681000	20221202095216.681000	60
20221202095146.682000	20221202095246.682000	60
20221202095216.683000	20221202095316.683000	60
20221202095246.684000	20221202095346.684000	60
20221202095316.685000	20221202095416.685000	60
20221202095346.686000	20221202095446.686000	60
20221202095446.688000	20221202095546.688000	60
20221202095616.691000	20221202095716.691000	60
20221202095646.692000	20221202095746.692000	60
20221202095746.694000	20221202095846.694000	60
20221202095816.695000	20221202095916.695000	60
20221202095916.697000	20221202100016.697000	60
20221202100046.700000	20221202100146.700000	60
20221202100116.701000	20221202100216.701000	60
20221202100146.702000	20221202100246.702000	60
20221202100216.703000	20221202100316.703000	60
20221202100246.704000	20221202100346.704000	60
20221202100316.705000	20221202100416.705000	60
20221202100346.706000	20221202100446.706000	60
20221202100416.707000	20221202100516.707000	60
20221202100446.708000	20221202100546.708000	60
20221202100516.709000	20221202100616.709000	60
20221202100546.710000	20221202100646.710000	60
20221202100716.713000	20221202100816.713000	60
20221202100746.714000	20221202100846.714000	60
20221202100816.715000	20221202100916.715000	60
20221202100846.716000	20221202100946.716000	60
20221202100916.717000	20221202101016.717000	60
20221202101116.721000	20221202101216.721000	60
20221202101146.722000	20221202101246.722000	60
20221202101316.725000	20221202101416.725000	60
20221202101416.727000	20221202101516.727000	60
20221202101446.728000	20221202101546.728000	60
20221202101516.729000	20221202101616.729000	60
20221202101546.730000	20221202101646.730000	60
20221202101616.731000	20221202101716.731000	60
20221202101646.732000	20221202101746.732000	60
20221202101816.735000	20221202101916.735000	60
20221202101846.736000	20221202101946.736000	60
20221202101946.738000	20221202102046.738000	60
20221202102046.740000	20221202102146.740000	60
20221202102116.741000	20221202102216.741000	60
20221202102146.742000	20221202102246.742000	60
20221202102216.743000	20221202102316.743000	60
20221202102246.744000	20221202102346.744000	60
20221202102316.745000	20221202102416.745000	60
20221202102346.746000	20221202102446.746000	60
20221202102416.747000	20221202102516.747000	60
20221202102446.748000	20221202102546.748000	60
20221202102516.749000	20221202102616.749000	60
20221202102546.750000	20221202102646.750000	60
20221202102746.754000	20221202102846.754000	60
20221202102816.755000	20221202102916.755000	60
20221202102846.756000	20221202102946.756000	60
20221202102916.757000	20221202103016.757000	60
20221202103016.759000	20221202103116.759000	60
20221202103046.760000	20221202103146.760000	60
20221202103116.761000	20221202103216.761000	60
20221202103146.762000	20221202103246.762000	60
20221202103216.763000	20221202103316.763000	60
20221202103246.764000	20221202103346.764000	60
20221202103316.765000	20221202103416.765000	60
20221202103346.766000	20221202103446.766000	60
20221202103416.767000	20221202103516.767000	60
20221202103446.768000	20221202103546.768000	60
20221202103546.770000	20221202103646.770000	60
20221202103616.771000	20221202103716.771000	60
20221202103727.882000	20221202103827.882000	60
20221202103757.883000	20221202103857.883000	60
20221202103827.884000	20221202103927.884000	60
20221202103857.885000	20221202103957.885000	60
20221202103927.886000	20221202104027.886000	60
20221202103957.887000	20221202104057.887000	60
20221202104027.888000	20221202104127.888000	60
20221202104057.889000	20221202104157.889000	60
20221202104127.890000	20221202104227.890000	60
20221202104157.891000	20221202104257.891000	60
20221202104550.767000	20221202104650.767000	60
20221202104620.768000	20221202104720.768000	60
20221202104650.769000	20221202104750.769000	60
20221202104720.770000	20221202104820.770000	60
20221202104750.771000	20221202104850.771000	60
20221202104820.772000	20221202104920.772000	60
20221202104850.773000	20221202104950.773000	60
20221202104920.774000	20221202105020.774000	60
20221202104950.775000	20221202105050.775000	60
20221202105020.776000	20221202105120.776000	60
20221202105050.777000	20221202105150.777000	60
#
# END WINDOW LIST
#
