# HV LOG FORMAT RELEASE 1.0
#
# BEGIN COMMAND LINE ARGUMENTS
#
C:/Users/koenvn/Geopsy 3.3.4/bin/geopsy.exe  $*
exit $?
#
# END COMMAND LINE ARGUMENTS
#
#
# BEGIN SOFTWARE VERSION
#
  Qt                  5.12.3
  QGpCoreTools        2.4.2 from 3.4.2
      (commit 33d7a93616e30a3d511fa67ad3f5da9da1a4aac6)
  QGpCoreMath         1.4.2 from 3.4.2
      (commit 306e3c199829ace6cbde6b242503355428580d05)
  GeopsyCore          4.4.2 from 3.4.2
      (commit 583bacf54d7367d6c29796a28c8179b98d88e28a)
  QGpGuiTools         2.4.2 from 3.4.2
      (commit 478ff49d6d6ec28d92b21ec9bfcef9f5d343b065)
  SciFigs             3.3.2 from 3.4.2
      (commit cec1d051784e8ee1d9774230fb96c1bb0b618aa0)
  QGpGuiMath          1.3.1 from 3.4.2
      (commit 8e80e068f4f3b16a30e8fb8dff21177f25a58da6)
  GeopsyGui           3.4.1 from 3.4.2
      (commit 905aba82a1928b07b3fd61dec384b9448698c80b)
  GeopsySLink         2.0.3 from 3.4.2
      (commit 2f01f562d775a4ddcdfc6a3b388c2ecb0cbb3a9a)
  GeopsySLinkGui      2.0.2 from 3.4.2
      (commit f6e61f2761b9ab1fa13c821e2a94732db60abf4f)
  geopsy              3.3.3 from 3.4.2
      (commit fb3d54b85a28e6ba741794e0cb6666d0b25c0167)
  geopsyfigs          1.0.2 from 3.4.2
      (commit 33697385e465d0d0ec4344aba55058811e934918)
  campbelltob3        1.0.1 from 3.4.2
      (commit 6e12f8024f0a052e430878492367702311588147)
  DinverCore          1.3.1 from 3.4.2
      (commit 7a17c1522ca1f626c89f2c1e87759f6b4a9311d4)
  QGpCoreWave         2.2.0 from 3.4.2
      (commit 18e08f9fd358a9e504047ec288ca4ab71a7c9851)
  QGpCompatibility    1.1.2 from 3.4.2
      (commit 3e05f6333687b574d4a18fb4336decd9efbe3efa)
  DinverDCCore        2.2.0 from 3.4.2
      (commit 654cab13b392853128bb5fa90891ecf10b5c3f0c)
  QGpCoreStat         1.2.2 from 3.4.2
      (commit 4ed49581fb9dfbf824223fae61af336330486596)
  ArrayCore           4.1.2 from 3.4.2
      (commit 85e1ce3b5a43ddb8cc16df7c31094c7c98a82104)
  QGpGuiWave          1.2.1 from 3.4.2
      (commit 2889d6a23de9671c33c0ae088b33e537035df26f)
  ArrayGui            1.3.0 from 3.4.2
      (commit bb09428d0df9ad7ab7996d50f8ac067b450a9bec)
  geopsyarray         3.2.4 from 3.4.2
      (commit 243028ab672fff396c683ed677c1dd4a1cc6a99b)
  geopsydamping       2.1.3 from 3.4.2
      (commit 2be6cba7701efb6e8c1a20c940cffe08f04ffcd2)
  HVCore              1.1.2 from 3.4.2
      (commit a76eb646e633a11fe6b411d1112c55e3c9107de4)
  HVGui               1.1.0 from 3.4.2
      (commit a66df7fe63f6c9107cfffcd4fa86d4f9893fec16)
  geopsyhv            4.0.2 from 3.4.2
      (commit ecd96a31c8abadf86bcbae0dd02bb37935b26dc7)
  geopsynr            1.1.1 from 3.4.2
      (commit f149a70197f8622e594ecec09f55068ecabcfc33)
  geopsyptmotion      2.0.3 from 3.4.2
      (commit c82034566f860b11afdc973ca84ef0027af6cf95)
  geopsyrefra         2.0.2 from 3.4.2
      (commit 807393bf66c9762a914de2cbc8c43813d8ae4227)
  geopsytfa           2.1.1 from 3.4.2
      (commit b87f1cb860bedfd6fb8d0439e749dd7464b26a24)
  hvtfa               2.1.3 from 3.4.2
      (commit fa8612a089e30f0bd72192724ee1ebe5fb4080b5)
  matfiles            1.0.3 from 3.4.2
      (commit aa4bbdecc6f645ece0598270993e17766e4c7b32)
  phaseit             1.0.2 from 3.4.2
      (commit 266b229edcf7986948d6d3f3940a154229b45f91)
#
# END SOFTWARE VERSION
#
#
# BEGIN SIGNAL LIST
#
[COMP 0]
 [SIG 0] E:/SOLODATA/MartinGeoCamb/TouretTaxis/TouretTaxis_splitted/8. Manuel/453003625.1.2022.12.02.09.07.00.000.Z.miniseed at index 0
[COMP 1]
 [SIG 0] E:/SOLODATA/MartinGeoCamb/TouretTaxis/TouretTaxis_splitted/8. Manuel/453003625.1.2022.12.02.09.07.00.000.N.miniseed at index 0
[COMP 2]
 [SIG 0] E:/SOLODATA/MartinGeoCamb/TouretTaxis/TouretTaxis_splitted/8. Manuel/453003625.1.2022.12.02.09.07.00.000.E.miniseed at index 0
#
# END SIGNAL LIST
#
#
# BEGIN PARAMETERS
#
# Version 0: all files generated with releases before 20170901 (default for input)
PARAMETERS_VERSION=1
# TYPEs:
#   - Signal: from the start or to the end of signal (TEXT are useless)
#   - Delta: a fixed duration counted from the start or the end (e.g. TEXT=1h).
#   - Pick: from or to a time pick (TEXT=time pick name).
#   - Absolute: from or to a fixed time (e.g. TEXT=20170314115338.00)
FROM_TIME_TYPE=Signal
FROM_TIME_TEXT=0s
# TYPEs: Signal, Delta, Absolute
TO_TIME_TYPE=Signal
TO_TIME_TEXT=0s
REFERENCE=
COMMON_TIME_WINDOWS=false
# TYPEs: Exactly, AtLeast, FrequencyDependent
WINDOW_LENGTH_TYPE=Exactly
WINDOW_MIN_LENGTH(s)=60
WINDOW_MAX_LENGTH(s)=60
WINDOW_MAX_COUNT=0
# Length of time windows are adjusted to avoid a prime number of samples which
# slows down the FFT computation. Usually a maximum prime 11 in the prime factorization
# of the number of samples is a good compromise between the speed and the lenght inaccuracy
# Leave as zero to allow any prime number factorization.
WINDOW_MAXIMUM_PRIME_FACTOR=11
BAD_SAMPLE_TOLERANCE (s)=0
BAD_SAMPLE_GAP (s)=0
WINDOW_OVERLAP (%)=50
# TYPEs: NoSampleThreshold, RelativeSampleThreshold, AbsoluteSampleThreshold
BAD_SAMPLE_THRESHOLD_TYPE=RelativeSampleThreshold
BAD_SAMPLE_THRESHOLD_VALUE (%)=0.8
ANTI-TRIGGERING_ON_RAW_SIGNAL (y/n)=n
ANTI-TRIGGERING_ON_FILTERED_SIGNAL (y/n)=n
# Start a time window for each seismic event available inside the time range.
SEISMIC_EVENT_TRIGGER (y/n)=n
SEISMIC_EVENT_DELAY (s)=-0.1
WINDOW_TYPE=Tukey
WINDOW_REVERSED=n
WINDOW_ALPHA=0.1
SMOOTHING_METHOD=Function
SMOOTHING_WIDTH_TYPE=Proportional
SMOOTHING_WIDTH=0.4
# Describes the way values are summed: on a linear, log or inversed scale
SMOOTHING_SCALE_TYPE=Linear
SMOOTHING_WINDOW_TYPE=KonnoOhmachi
SMOOTHING_WINDOW_REVERSED=n
MINIMUM_FREQUENCY=0.2
MAXIMUM_FREQUENCY=100
# Either 'Linear', 'Log' or 'Inversed'
SCALE_TYPE_FREQUENCY=Log
# Number of samples is either set to a fixed value ('Count') or through a step between samples ('Step')'
STEP_TYPE_FREQUENCY=Step
SAMPLES_NUMBER_FREQUENCY=252
# STEP=difference between two successive samples for 'linear' scales
# STEP=ratio between two successive samples for 'log' scales
# STEP=difference between two successive inversed samples for 'inversed' scales
STEP_FREQUENCY=1.025
HIGH_PASS_FREQUENCY=0
# Possible values for HORIZONTAL_COMPONENTS: Squared, Energy, Azimuth, Geometric
HORIZONTAL_COMPONENTS=Squared
# HORIZONTAL_AZIMUTH is used only when HORIZONTAL_COMPONENTS==Azimuth
HORIZONTAL_AZIMUTH=0
# Used only for rotated output
ROTATION_STEP=10
# Frequency domain window rejection (Cox et al. (2020, GJI)
FREQUENCY_WINDOW_REJECTION_MINIMUM_FREQUENCY=0.0001
FREQUENCY_WINDOW_REJECTION_MAXIMUM_FREQUENCY=5000
FREQUENCY_WINDOW_REJECTION_STDDEV_FACTOR=2
FREQUENCY_WINDOW_REJECTION_MAXIMUM_ITERATIONS=50
#
# END PARAMETERS
#
#
# BEGIN WINDOWING LOG
#
Automatic windowing
#
# END WINDOWING LOG
#
#
# BEGIN WINDOW LIST
#
# Number= 150
# Start time 	 End Time 	 Window length
20221202090853.812000	20221202090953.812000	60
20221202090923.813000	20221202091023.813000	60
20221202091023.815000	20221202091123.815000	60
20221202091053.816000	20221202091153.816000	60
20221202091123.817000	20221202091223.817000	60
20221202091223.819000	20221202091323.819000	60
20221202091253.820000	20221202091353.820000	60
20221202091323.821000	20221202091423.821000	60
20221202091353.822000	20221202091453.822000	60
20221202091423.823000	20221202091523.823000	60
20221202091453.824000	20221202091553.824000	60
20221202091523.825000	20221202091623.825000	60
20221202091623.827000	20221202091723.827000	60
20221202091653.828000	20221202091753.828000	60
20221202091723.829000	20221202091823.829000	60
20221202091753.830000	20221202091853.830000	60
20221202091823.831000	20221202091923.831000	60
20221202091853.832000	20221202091953.832000	60
20221202091923.833000	20221202092023.833000	60
20221202091953.834000	20221202092053.834000	60
20221202092123.837000	20221202092223.837000	60
20221202092153.838000	20221202092253.838000	60
20221202092223.839000	20221202092323.839000	60
20221202092253.840000	20221202092353.840000	60
20221202092323.841000	20221202092423.841000	60
20221202092353.842000	20221202092453.842000	60
20221202092423.843000	20221202092523.843000	60
20221202092453.844000	20221202092553.844000	60
20221202092523.845000	20221202092623.845000	60
20221202092623.847000	20221202092723.847000	60
20221202092753.850000	20221202092853.850000	60
20221202092923.853000	20221202093023.853000	60
20221202092953.854000	20221202093053.854000	60
20221202093023.855000	20221202093123.855000	60
20221202093053.856000	20221202093153.856000	60
20221202093123.857000	20221202093223.857000	60
20221202093153.858000	20221202093253.858000	60
20221202093223.859000	20221202093323.859000	60
20221202093253.860000	20221202093353.860000	60
20221202093423.863000	20221202093523.863000	60
20221202093453.864000	20221202093553.864000	60
20221202093523.865000	20221202093623.865000	60
20221202093553.866000	20221202093653.866000	60
20221202093623.867000	20221202093723.867000	60
20221202093753.870000	20221202093853.870000	60
20221202093823.871000	20221202093923.871000	60
20221202093853.872000	20221202093953.872000	60
20221202093923.873000	20221202094023.873000	60
20221202094123.877000	20221202094223.877000	60
20221202094153.878000	20221202094253.878000	60
20221202094423.883000	20221202094523.883000	60
20221202094453.884000	20221202094553.884000	60
20221202094523.885000	20221202094623.885000	60
20221202094553.886000	20221202094653.886000	60
20221202094623.887000	20221202094723.887000	60
20221202094653.888000	20221202094753.888000	60
20221202094723.889000	20221202094823.889000	60
20221202094753.890000	20221202094853.890000	60
20221202094823.891000	20221202094923.891000	60
20221202094853.892000	20221202094953.892000	60
20221202094923.893000	20221202095023.893000	60
20221202094953.894000	20221202095053.894000	60
20221202095023.895000	20221202095123.895000	60
20221202095053.896000	20221202095153.896000	60
20221202095123.897000	20221202095223.897000	60
20221202095153.898000	20221202095253.898000	60
20221202095253.900000	20221202095353.900000	60
20221202095323.901000	20221202095423.901000	60
20221202095353.902000	20221202095453.902000	60
20221202095423.903000	20221202095523.903000	60
20221202095453.904000	20221202095553.904000	60
20221202095523.905000	20221202095623.905000	60
20221202095553.906000	20221202095653.906000	60
20221202095653.908000	20221202095753.908000	60
20221202095723.909000	20221202095823.909000	60
20221202095753.910000	20221202095853.910000	60
20221202095823.911000	20221202095923.911000	60
20221202095853.912000	20221202095953.912000	60
20221202095923.913000	20221202100023.913000	60
20221202095953.914000	20221202100053.914000	60
20221202100023.915000	20221202100123.915000	60
20221202100253.920000	20221202100353.920000	60
20221202100323.921000	20221202100423.921000	60
20221202100353.922000	20221202100453.922000	60
20221202100423.923000	20221202100523.923000	60
20221202100453.924000	20221202100553.924000	60
20221202100523.925000	20221202100623.925000	60
20221202100553.926000	20221202100653.926000	60
20221202100623.927000	20221202100723.927000	60
20221202100753.930000	20221202100853.930000	60
20221202100823.931000	20221202100923.931000	60
20221202100923.933000	20221202101023.933000	60
20221202100953.934000	20221202101053.934000	60
20221202101023.935000	20221202101123.935000	60
20221202101053.936000	20221202101153.936000	60
20221202101123.937000	20221202101223.937000	60
20221202101153.938000	20221202101253.938000	60
20221202101223.939000	20221202101323.939000	60
20221202101323.941000	20221202101423.941000	60
20221202101353.942000	20221202101453.942000	60
20221202101423.943000	20221202101523.943000	60
20221202101453.944000	20221202101553.944000	60
20221202101523.945000	20221202101623.945000	60
20221202101623.947000	20221202101723.947000	60
20221202101723.949000	20221202101823.949000	60
20221202101753.950000	20221202101853.950000	60
20221202101823.951000	20221202101923.951000	60
20221202101853.952000	20221202101953.952000	60
20221202101923.953000	20221202102023.953000	60
20221202101953.954000	20221202102053.954000	60
20221202102053.956000	20221202102153.956000	60
20221202102153.958000	20221202102253.958000	60
20221202102223.959000	20221202102323.959000	60
20221202102323.961000	20221202102423.961000	60
20221202102353.962000	20221202102453.962000	60
20221202102423.963000	20221202102523.963000	60
20221202102453.964000	20221202102553.964000	60
20221202102653.968000	20221202102753.968000	60
20221202102853.972000	20221202102953.972000	60
20221202103053.976000	20221202103153.976000	60
20221202103123.977000	20221202103223.977000	60
20221202103153.978000	20221202103253.978000	60
20221202103223.979000	20221202103323.979000	60
20221202103253.980000	20221202103353.980000	60
20221202103323.981000	20221202103423.981000	60
20221202103353.982000	20221202103453.982000	60
20221202103423.983000	20221202103523.983000	60
20221202103453.984000	20221202103553.984000	60
20221202103523.985000	20221202103623.985000	60
20221202103553.986000	20221202103653.986000	60
20221202103623.987000	20221202103723.987000	60
20221202103723.989000	20221202103823.989000	60
20221202103753.990000	20221202103853.990000	60
20221202103823.991000	20221202103923.991000	60
20221202103853.992000	20221202103953.992000	60
20221202103923.993000	20221202104023.993000	60
20221202103953.994000	20221202104053.994000	60
20221202104023.995000	20221202104123.995000	60
20221202104053.996000	20221202104153.996000	60
20221202104123.997000	20221202104223.997000	60
20221202104153.998000	20221202104253.998000	60
20221202104223.999000	20221202104323.999000	60
20221202104254.000000	20221202104354.000000	60
20221202104324.001000	20221202104424.001000	60
20221202104354.002000	20221202104454.002000	60
20221202104454.004000	20221202104554.004000	60
20221202104524.005000	20221202104624.005000	60
20221202104854.012000	20221202104954.012000	60
20221202104924.013000	20221202105024.013000	60
20221202104954.014000	20221202105054.014000	60
#
# END WINDOW LIST
#
