# HV LOG FORMAT RELEASE 1.0
#
# BEGIN COMMAND LINE ARGUMENTS
#
C:/Users/koenvn/Geopsy 3.3.4/bin/geopsy.exe  $*
exit $?
#
# END COMMAND LINE ARGUMENTS
#
#
# BEGIN SOFTWARE VERSION
#
  Qt                  5.12.3
  QGpCoreTools        2.4.2 from 3.4.2
      (commit 33d7a93616e30a3d511fa67ad3f5da9da1a4aac6)
  QGpCoreMath         1.4.2 from 3.4.2
      (commit 306e3c199829ace6cbde6b242503355428580d05)
  GeopsyCore          4.4.2 from 3.4.2
      (commit 583bacf54d7367d6c29796a28c8179b98d88e28a)
  QGpGuiTools         2.4.2 from 3.4.2
      (commit 478ff49d6d6ec28d92b21ec9bfcef9f5d343b065)
  SciFigs             3.3.2 from 3.4.2
      (commit cec1d051784e8ee1d9774230fb96c1bb0b618aa0)
  QGpGuiMath          1.3.1 from 3.4.2
      (commit 8e80e068f4f3b16a30e8fb8dff21177f25a58da6)
  GeopsyGui           3.4.1 from 3.4.2
      (commit 905aba82a1928b07b3fd61dec384b9448698c80b)
  GeopsySLink         2.0.3 from 3.4.2
      (commit 2f01f562d775a4ddcdfc6a3b388c2ecb0cbb3a9a)
  GeopsySLinkGui      2.0.2 from 3.4.2
      (commit f6e61f2761b9ab1fa13c821e2a94732db60abf4f)
  geopsy              3.3.3 from 3.4.2
      (commit fb3d54b85a28e6ba741794e0cb6666d0b25c0167)
  geopsyfigs          1.0.2 from 3.4.2
      (commit 33697385e465d0d0ec4344aba55058811e934918)
  campbelltob3        1.0.1 from 3.4.2
      (commit 6e12f8024f0a052e430878492367702311588147)
  DinverCore          1.3.1 from 3.4.2
      (commit 7a17c1522ca1f626c89f2c1e87759f6b4a9311d4)
  QGpCoreWave         2.2.0 from 3.4.2
      (commit 18e08f9fd358a9e504047ec288ca4ab71a7c9851)
  QGpCompatibility    1.1.2 from 3.4.2
      (commit 3e05f6333687b574d4a18fb4336decd9efbe3efa)
  DinverDCCore        2.2.0 from 3.4.2
      (commit 654cab13b392853128bb5fa90891ecf10b5c3f0c)
  QGpCoreStat         1.2.2 from 3.4.2
      (commit 4ed49581fb9dfbf824223fae61af336330486596)
  ArrayCore           4.1.2 from 3.4.2
      (commit 85e1ce3b5a43ddb8cc16df7c31094c7c98a82104)
  QGpGuiWave          1.2.1 from 3.4.2
      (commit 2889d6a23de9671c33c0ae088b33e537035df26f)
  ArrayGui            1.3.0 from 3.4.2
      (commit bb09428d0df9ad7ab7996d50f8ac067b450a9bec)
  geopsyarray         3.2.4 from 3.4.2
      (commit 243028ab672fff396c683ed677c1dd4a1cc6a99b)
  geopsydamping       2.1.3 from 3.4.2
      (commit 2be6cba7701efb6e8c1a20c940cffe08f04ffcd2)
  HVCore              1.1.2 from 3.4.2
      (commit a76eb646e633a11fe6b411d1112c55e3c9107de4)
  HVGui               1.1.0 from 3.4.2
      (commit a66df7fe63f6c9107cfffcd4fa86d4f9893fec16)
  geopsyhv            4.0.2 from 3.4.2
      (commit ecd96a31c8abadf86bcbae0dd02bb37935b26dc7)
  geopsynr            1.1.1 from 3.4.2
      (commit f149a70197f8622e594ecec09f55068ecabcfc33)
  geopsyptmotion      2.0.3 from 3.4.2
      (commit c82034566f860b11afdc973ca84ef0027af6cf95)
  geopsyrefra         2.0.2 from 3.4.2
      (commit 807393bf66c9762a914de2cbc8c43813d8ae4227)
  geopsytfa           2.1.1 from 3.4.2
      (commit b87f1cb860bedfd6fb8d0439e749dd7464b26a24)
  hvtfa               2.1.3 from 3.4.2
      (commit fa8612a089e30f0bd72192724ee1ebe5fb4080b5)
  matfiles            1.0.3 from 3.4.2
      (commit aa4bbdecc6f645ece0598270993e17766e4c7b32)
  phaseit             1.0.2 from 3.4.2
      (commit 266b229edcf7986948d6d3f3940a154229b45f91)
#
# END SOFTWARE VERSION
#
#
# BEGIN SIGNAL LIST
#
[COMP 0]
 [SIG 0] E:/SOLODATA/MartinGeoCamb/TouretTaxis/TouretTaxis_splitted/6. Nine/453001974.1.2022.12.02.09.16.00.000.Z.miniseed at index 0
[COMP 1]
 [SIG 0] E:/SOLODATA/MartinGeoCamb/TouretTaxis/TouretTaxis_splitted/6. Nine/453001974.1.2022.12.02.09.16.00.000.N.miniseed at index 0
[COMP 2]
 [SIG 0] E:/SOLODATA/MartinGeoCamb/TouretTaxis/TouretTaxis_splitted/6. Nine/453001974.1.2022.12.02.09.16.00.000.E.miniseed at index 0
#
# END SIGNAL LIST
#
#
# BEGIN PARAMETERS
#
# Version 0: all files generated with releases before 20170901 (default for input)
PARAMETERS_VERSION=1
# TYPEs:
#   - Signal: from the start or to the end of signal (TEXT are useless)
#   - Delta: a fixed duration counted from the start or the end (e.g. TEXT=1h).
#   - Pick: from or to a time pick (TEXT=time pick name).
#   - Absolute: from or to a fixed time (e.g. TEXT=20170314115338.00)
FROM_TIME_TYPE=Signal
FROM_TIME_TEXT=0s
# TYPEs: Signal, Delta, Absolute
TO_TIME_TYPE=Signal
TO_TIME_TEXT=0s
REFERENCE=
COMMON_TIME_WINDOWS=false
# TYPEs: Exactly, AtLeast, FrequencyDependent
WINDOW_LENGTH_TYPE=Exactly
WINDOW_MIN_LENGTH(s)=60
WINDOW_MAX_LENGTH(s)=60
WINDOW_MAX_COUNT=0
# Length of time windows are adjusted to avoid a prime number of samples which
# slows down the FFT computation. Usually a maximum prime 11 in the prime factorization
# of the number of samples is a good compromise between the speed and the lenght inaccuracy
# Leave as zero to allow any prime number factorization.
WINDOW_MAXIMUM_PRIME_FACTOR=11
BAD_SAMPLE_TOLERANCE (s)=0
BAD_SAMPLE_GAP (s)=0
WINDOW_OVERLAP (%)=50
# TYPEs: NoSampleThreshold, RelativeSampleThreshold, AbsoluteSampleThreshold
BAD_SAMPLE_THRESHOLD_TYPE=RelativeSampleThreshold
BAD_SAMPLE_THRESHOLD_VALUE (%)=0.8
ANTI-TRIGGERING_ON_RAW_SIGNAL (y/n)=n
ANTI-TRIGGERING_ON_FILTERED_SIGNAL (y/n)=n
# Start a time window for each seismic event available inside the time range.
SEISMIC_EVENT_TRIGGER (y/n)=n
SEISMIC_EVENT_DELAY (s)=-0.1
WINDOW_TYPE=Tukey
WINDOW_REVERSED=n
WINDOW_ALPHA=0.1
SMOOTHING_METHOD=Function
SMOOTHING_WIDTH_TYPE=Proportional
SMOOTHING_WIDTH=0.4
# Describes the way values are summed: on a linear, log or inversed scale
SMOOTHING_SCALE_TYPE=Linear
SMOOTHING_WINDOW_TYPE=KonnoOhmachi
SMOOTHING_WINDOW_REVERSED=n
MINIMUM_FREQUENCY=0.2
MAXIMUM_FREQUENCY=100
# Either 'Linear', 'Log' or 'Inversed'
SCALE_TYPE_FREQUENCY=Log
# Number of samples is either set to a fixed value ('Count') or through a step between samples ('Step')'
STEP_TYPE_FREQUENCY=Step
SAMPLES_NUMBER_FREQUENCY=252
# STEP=difference between two successive samples for 'linear' scales
# STEP=ratio between two successive samples for 'log' scales
# STEP=difference between two successive inversed samples for 'inversed' scales
STEP_FREQUENCY=1.025
HIGH_PASS_FREQUENCY=0
# Possible values for HORIZONTAL_COMPONENTS: Squared, Energy, Azimuth, Geometric
HORIZONTAL_COMPONENTS=Squared
# HORIZONTAL_AZIMUTH is used only when HORIZONTAL_COMPONENTS==Azimuth
HORIZONTAL_AZIMUTH=0
# Used only for rotated output
ROTATION_STEP=10
# Frequency domain window rejection (Cox et al. (2020, GJI)
FREQUENCY_WINDOW_REJECTION_MINIMUM_FREQUENCY=0.0001
FREQUENCY_WINDOW_REJECTION_MAXIMUM_FREQUENCY=5000
FREQUENCY_WINDOW_REJECTION_STDDEV_FACTOR=2
FREQUENCY_WINDOW_REJECTION_MAXIMUM_ITERATIONS=50
#
# END PARAMETERS
#
#
# BEGIN WINDOWING LOG
#
Automatic windowing
#
# END WINDOWING LOG
#
#
# BEGIN WINDOW LIST
#
# Number= 507
# Start time 	 End Time 	 Window length
20221202091630.001000	20221202091730.001000	60
20221202091700.002000	20221202091800.002000	60
20221202091730.003000	20221202091830.003000	60
20221202091800.004000	20221202091900.004000	60
20221202091830.005000	20221202091930.005000	60
20221202092000.008000	20221202092100.008000	60
20221202092030.009000	20221202092130.009000	60
20221202092100.010000	20221202092200.010000	60
20221202092130.011000	20221202092230.011000	60
20221202092200.012000	20221202092300.012000	60
20221202092230.013000	20221202092330.013000	60
20221202092300.014000	20221202092400.014000	60
20221202092330.015000	20221202092430.015000	60
20221202092400.016000	20221202092500.016000	60
20221202092430.017000	20221202092530.017000	60
20221202092500.018000	20221202092600.018000	60
20221202092530.019000	20221202092630.019000	60
20221202092600.020000	20221202092700.020000	60
20221202092630.021000	20221202092730.021000	60
20221202092800.024000	20221202092900.024000	60
20221202092900.026000	20221202093000.026000	60
20221202092930.027000	20221202093030.027000	60
20221202093000.028000	20221202093100.028000	60
20221202093030.029000	20221202093130.029000	60
20221202093100.030000	20221202093200.030000	60
20221202093130.031000	20221202093230.031000	60
20221202093200.032000	20221202093300.032000	60
20221202093230.033000	20221202093330.033000	60
20221202093300.034000	20221202093400.034000	60
20221202093330.035000	20221202093430.035000	60
20221202093400.036000	20221202093500.036000	60
20221202093430.037000	20221202093530.037000	60
20221202093500.038000	20221202093600.038000	60
20221202093530.039000	20221202093630.039000	60
20221202093600.040000	20221202093700.040000	60
20221202093630.041000	20221202093730.041000	60
20221202093730.043000	20221202093830.043000	60
20221202093800.044000	20221202093900.044000	60
20221202093830.045000	20221202093930.045000	60
20221202093900.046000	20221202094000.046000	60
20221202094100.050000	20221202094200.050000	60
20221202094130.051000	20221202094230.051000	60
20221202094200.052000	20221202094300.052000	60
20221202094230.053000	20221202094330.053000	60
20221202094300.054000	20221202094400.054000	60
20221202094330.055000	20221202094430.055000	60
20221202094400.056000	20221202094500.056000	60
20221202094430.057000	20221202094530.057000	60
20221202094500.058000	20221202094600.058000	60
20221202094530.059000	20221202094630.059000	60
20221202094600.060000	20221202094700.060000	60
20221202094630.061000	20221202094730.061000	60
20221202094700.062000	20221202094800.062000	60
20221202094730.063000	20221202094830.063000	60
20221202094800.064000	20221202094900.064000	60
20221202094830.065000	20221202094930.065000	60
20221202094900.066000	20221202095000.066000	60
20221202094930.067000	20221202095030.067000	60
20221202095000.068000	20221202095100.068000	60
20221202095030.069000	20221202095130.069000	60
20221202095100.070000	20221202095200.070000	60
20221202095130.071000	20221202095230.071000	60
20221202095200.072000	20221202095300.072000	60
20221202095230.073000	20221202095330.073000	60
20221202095300.074000	20221202095400.074000	60
20221202095330.075000	20221202095430.075000	60
20221202095400.076000	20221202095500.076000	60
20221202095430.077000	20221202095530.077000	60
20221202095500.078000	20221202095600.078000	60
20221202095530.079000	20221202095630.079000	60
20221202095600.080000	20221202095700.080000	60
20221202095630.081000	20221202095730.081000	60
20221202095830.085000	20221202095930.085000	60
20221202095900.086000	20221202100000.086000	60
20221202095930.087000	20221202100030.087000	60
20221202100000.088000	20221202100100.088000	60
20221202100030.089000	20221202100130.089000	60
20221202100100.090000	20221202100200.090000	60
20221202100130.091000	20221202100230.091000	60
20221202100200.092000	20221202100300.092000	60
20221202100230.093000	20221202100330.093000	60
20221202100300.094000	20221202100400.094000	60
20221202100330.095000	20221202100430.095000	60
20221202100400.096000	20221202100500.096000	60
20221202100430.097000	20221202100530.097000	60
20221202100500.098000	20221202100600.098000	60
20221202100530.099000	20221202100630.099000	60
20221202100600.100000	20221202100700.100000	60
20221202100630.101000	20221202100730.101000	60
20221202100700.102000	20221202100800.102000	60
20221202100730.103000	20221202100830.103000	60
20221202100800.104000	20221202100900.104000	60
20221202100900.106000	20221202101000.106000	60
20221202101110.805000	20221202101210.805000	60
20221202101140.806000	20221202101240.806000	60
20221202101210.807000	20221202101310.807000	60
20221202101240.808000	20221202101340.808000	60
20221202101310.809000	20221202101410.809000	60
20221202101340.810000	20221202101440.810000	60
20221202101410.811000	20221202101510.811000	60
20221202101440.812000	20221202101540.812000	60
20221202101510.813000	20221202101610.813000	60
20221202101540.814000	20221202101640.814000	60
20221202101610.815000	20221202101710.815000	60
20221202101640.816000	20221202101740.816000	60
20221202101710.817000	20221202101810.817000	60
20221202101740.818000	20221202101840.818000	60
20221202101810.819000	20221202101910.819000	60
20221202101840.820000	20221202101940.820000	60
20221202101910.821000	20221202102010.821000	60
20221202101940.822000	20221202102040.822000	60
20221202102010.823000	20221202102110.823000	60
20221202102040.824000	20221202102140.824000	60
20221202102110.825000	20221202102210.825000	60
20221202102140.826000	20221202102240.826000	60
20221202102210.827000	20221202102310.827000	60
20221202102240.828000	20221202102340.828000	60
20221202102310.829000	20221202102410.829000	60
20221202102340.830000	20221202102440.830000	60
20221202102410.831000	20221202102510.831000	60
20221202102440.832000	20221202102540.832000	60
20221202102510.833000	20221202102610.833000	60
20221202102540.834000	20221202102640.834000	60
20221202102610.835000	20221202102710.835000	60
20221202102640.836000	20221202102740.836000	60
20221202102710.837000	20221202102810.837000	60
20221202102810.839000	20221202102910.839000	60
20221202102840.840000	20221202102940.840000	60
20221202102910.841000	20221202103010.841000	60
20221202102940.842000	20221202103040.842000	60
20221202103010.843000	20221202103110.843000	60
20221202103040.844000	20221202103140.844000	60
20221202103110.845000	20221202103210.845000	60
20221202103140.846000	20221202103240.846000	60
20221202103210.847000	20221202103310.847000	60
20221202103240.848000	20221202103340.848000	60
20221202103310.849000	20221202103410.849000	60
20221202103340.850000	20221202103440.850000	60
20221202103410.851000	20221202103510.851000	60
20221202103440.852000	20221202103540.852000	60
20221202103510.853000	20221202103610.853000	60
20221202103540.854000	20221202103640.854000	60
20221202103610.855000	20221202103710.855000	60
20221202103640.856000	20221202103740.856000	60
20221202103710.857000	20221202103810.857000	60
20221202103740.858000	20221202103840.858000	60
20221202103810.859000	20221202103910.859000	60
20221202103840.860000	20221202103940.860000	60
20221202103910.861000	20221202104010.861000	60
20221202103940.862000	20221202104040.862000	60
20221202104010.863000	20221202104110.863000	60
20221202104040.864000	20221202104140.864000	60
20221202104110.865000	20221202104210.865000	60
20221202104140.866000	20221202104240.866000	60
20221202104210.867000	20221202104310.867000	60
20221202104240.868000	20221202104340.868000	60
20221202104310.869000	20221202104410.869000	60
20221202104340.870000	20221202104440.870000	60
20221202104410.871000	20221202104510.871000	60
20221202104440.872000	20221202104540.872000	60
20221202104510.873000	20221202104610.873000	60
20221202104540.874000	20221202104640.874000	60
20221202104610.875000	20221202104710.875000	60
20221202104640.876000	20221202104740.876000	60
20221202104710.877000	20221202104810.877000	60
20221202104740.878000	20221202104840.878000	60
20221202104810.879000	20221202104910.879000	60
20221202104840.880000	20221202104940.880000	60
20221202104910.881000	20221202105010.881000	60
20221202104940.882000	20221202105040.882000	60
20221202105040.884000	20221202105140.884000	60
20221202105110.885000	20221202105210.885000	60
20221202105140.886000	20221202105240.886000	60
20221202105210.887000	20221202105310.887000	60
20221202105240.888000	20221202105340.888000	60
20221202105340.890000	20221202105440.890000	60
20221202105410.891000	20221202105510.891000	60
20221202105440.892000	20221202105540.892000	60
20221202105840.900000	20221202105940.900000	60
20221202105910.901000	20221202110010.901000	60
20221202110040.904000	20221202110140.904000	60
20221202110110.905000	20221202110210.905000	60
20221202110140.906000	20221202110240.906000	60
20221202110210.907000	20221202110310.907000	60
20221202110240.908000	20221202110340.908000	60
20221202110310.909000	20221202110410.909000	60
20221202110340.910000	20221202110440.910000	60
20221202110410.911000	20221202110510.911000	60
20221202110440.912000	20221202110540.912000	60
20221202110510.913000	20221202110610.913000	60
20221202110540.914000	20221202110640.914000	60
20221202110610.915000	20221202110710.915000	60
20221202110640.916000	20221202110740.916000	60
20221202110710.917000	20221202110810.917000	60
20221202110740.918000	20221202110840.918000	60
20221202110810.919000	20221202110910.919000	60
20221202110840.920000	20221202110940.920000	60
20221202110940.922000	20221202111040.922000	60
20221202111010.923000	20221202111110.923000	60
20221202111140.926000	20221202111240.926000	60
20221202111210.927000	20221202111310.927000	60
20221202111240.928000	20221202111340.928000	60
20221202111310.929000	20221202111410.929000	60
20221202111340.930000	20221202111440.930000	60
20221202111440.932000	20221202111540.932000	60
20221202111510.933000	20221202111610.933000	60
20221202111540.934000	20221202111640.934000	60
20221202111610.935000	20221202111710.935000	60
20221202111640.936000	20221202111740.936000	60
20221202111710.937000	20221202111810.937000	60
20221202111740.938000	20221202111840.938000	60
20221202111910.941000	20221202112010.941000	60
20221202111940.942000	20221202112040.942000	60
20221202112010.943000	20221202112110.943000	60
20221202112110.945000	20221202112210.945000	60
20221202112240.948000	20221202112340.948000	60
20221202112310.949000	20221202112410.949000	60
20221202112340.950000	20221202112440.950000	60
20221202112410.951000	20221202112510.951000	60
20221202112440.952000	20221202112540.952000	60
20221202112510.953000	20221202112610.953000	60
20221202112540.954000	20221202112640.954000	60
20221202112610.955000	20221202112710.955000	60
20221202112810.959000	20221202112910.959000	60
20221202112840.960000	20221202112940.960000	60
20221202112910.961000	20221202113010.961000	60
20221202112940.962000	20221202113040.962000	60
20221202113010.963000	20221202113110.963000	60
20221202113040.964000	20221202113140.964000	60
20221202113140.966000	20221202113240.966000	60
20221202113210.967000	20221202113310.967000	60
20221202113340.970000	20221202113440.970000	60
20221202113410.971000	20221202113510.971000	60
20221202113440.972000	20221202113540.972000	60
20221202113510.973000	20221202113610.973000	60
20221202113540.974000	20221202113640.974000	60
20221202113610.975000	20221202113710.975000	60
20221202113710.977000	20221202113810.977000	60
20221202113740.978000	20221202113840.978000	60
20221202113810.979000	20221202113910.979000	60
20221202113840.980000	20221202113940.980000	60
20221202113910.981000	20221202114010.981000	60
20221202113940.982000	20221202114040.982000	60
20221202114010.983000	20221202114110.983000	60
20221202114040.984000	20221202114140.984000	60
20221202114110.985000	20221202114210.985000	60
20221202114140.986000	20221202114240.986000	60
20221202114210.987000	20221202114310.987000	60
20221202114240.988000	20221202114340.988000	60
20221202114310.989000	20221202114410.989000	60
20221202114340.990000	20221202114440.990000	60
20221202114410.991000	20221202114510.991000	60
20221202114440.992000	20221202114540.992000	60
20221202114510.993000	20221202114610.993000	60
20221202114540.994000	20221202114640.994000	60
20221202114610.995000	20221202114710.995000	60
20221202114640.996000	20221202114740.996000	60
20221202114710.997000	20221202114810.997000	60
20221202114841.000000	20221202114941.000000	60
20221202114911.001000	20221202115011.001000	60
20221202114941.002000	20221202115041.002000	60
20221202115011.003000	20221202115111.003000	60
20221202115041.004000	20221202115141.004000	60
20221202115111.005000	20221202115211.005000	60
20221202115211.007000	20221202115311.007000	60
20221202115241.008000	20221202115341.008000	60
20221202115311.009000	20221202115411.009000	60
20221202115341.010000	20221202115441.010000	60
20221202115411.011000	20221202115511.011000	60
20221202115441.012000	20221202115541.012000	60
20221202115511.013000	20221202115611.013000	60
20221202115541.014000	20221202115641.014000	60
20221202115711.017000	20221202115811.017000	60
20221202115741.018000	20221202115841.018000	60
20221202115811.019000	20221202115911.019000	60
20221202115841.020000	20221202115941.020000	60
20221202115911.021000	20221202120011.021000	60
20221202115941.022000	20221202120041.022000	60
20221202120011.023000	20221202120111.023000	60
20221202120041.024000	20221202120141.024000	60
20221202120111.025000	20221202120211.025000	60
20221202120141.026000	20221202120241.026000	60
20221202120211.027000	20221202120311.027000	60
20221202120241.028000	20221202120341.028000	60
20221202120311.029000	20221202120411.029000	60
20221202120341.030000	20221202120441.030000	60
20221202120411.031000	20221202120511.031000	60
20221202120441.032000	20221202120541.032000	60
20221202120511.033000	20221202120611.033000	60
20221202120541.034000	20221202120641.034000	60
20221202120611.035000	20221202120711.035000	60
20221202120711.037000	20221202120811.037000	60
20221202120741.038000	20221202120841.038000	60
20221202120811.039000	20221202120911.039000	60
20221202120841.040000	20221202120941.040000	60
20221202120911.041000	20221202121011.041000	60
20221202120941.042000	20221202121041.042000	60
20221202121011.043000	20221202121111.043000	60
20221202121041.044000	20221202121141.044000	60
20221202121111.045000	20221202121211.045000	60
20221202121141.046000	20221202121241.046000	60
20221202121211.047000	20221202121311.047000	60
20221202121241.048000	20221202121341.048000	60
20221202121311.049000	20221202121411.049000	60
20221202121341.050000	20221202121441.050000	60
20221202121411.051000	20221202121511.051000	60
20221202121441.052000	20221202121541.052000	60
20221202121511.053000	20221202121611.053000	60
20221202121541.054000	20221202121641.054000	60
20221202121611.055000	20221202121711.055000	60
20221202121641.056000	20221202121741.056000	60
20221202121711.057000	20221202121811.057000	60
20221202121741.058000	20221202121841.058000	60
20221202121841.060000	20221202121941.060000	60
20221202121911.061000	20221202122011.061000	60
20221202121941.062000	20221202122041.062000	60
20221202122011.063000	20221202122111.063000	60
20221202122041.064000	20221202122141.064000	60
20221202122111.065000	20221202122211.065000	60
20221202122141.066000	20221202122241.066000	60
20221202122211.067000	20221202122311.067000	60
20221202122241.068000	20221202122341.068000	60
20221202122311.069000	20221202122411.069000	60
20221202122341.070000	20221202122441.070000	60
20221202122411.071000	20221202122511.071000	60
20221202122441.072000	20221202122541.072000	60
20221202122511.073000	20221202122611.073000	60
20221202122541.074000	20221202122641.074000	60
20221202122611.075000	20221202122711.075000	60
20221202122641.076000	20221202122741.076000	60
20221202122741.078000	20221202122841.078000	60
20221202122911.081000	20221202123011.081000	60
20221202123041.084000	20221202123141.084000	60
20221202123211.087000	20221202123311.087000	60
20221202123241.088000	20221202123341.088000	60
20221202123341.090000	20221202123441.090000	60
20221202123411.091000	20221202123511.091000	60
20221202123441.092000	20221202123541.092000	60
20221202123541.094000	20221202123641.094000	60
20221202123611.095000	20221202123711.095000	60
20221202123641.096000	20221202123741.096000	60
20221202123711.097000	20221202123811.097000	60
20221202123741.098000	20221202123841.098000	60
20221202123811.099000	20221202123911.099000	60
20221202123841.100000	20221202123941.100000	60
20221202123911.101000	20221202124011.101000	60
20221202123941.102000	20221202124041.102000	60
20221202124011.103000	20221202124111.103000	60
20221202124041.104000	20221202124141.104000	60
20221202124111.105000	20221202124211.105000	60
20221202124141.106000	20221202124241.106000	60
20221202124211.107000	20221202124311.107000	60
20221202124241.108000	20221202124341.108000	60
20221202124311.109000	20221202124411.109000	60
20221202124341.110000	20221202124441.110000	60
20221202124411.111000	20221202124511.111000	60
20221202124441.112000	20221202124541.112000	60
20221202124511.113000	20221202124611.113000	60
20221202124611.115000	20221202124711.115000	60
20221202124641.116000	20221202124741.116000	60
20221202124711.117000	20221202124811.117000	60
20221202124741.118000	20221202124841.118000	60
20221202124811.119000	20221202124911.119000	60
20221202124841.120000	20221202124941.120000	60
20221202124911.121000	20221202125011.121000	60
20221202124941.122000	20221202125041.122000	60
20221202125111.125000	20221202125211.125000	60
20221202125141.126000	20221202125241.126000	60
20221202125211.127000	20221202125311.127000	60
20221202125241.128000	20221202125341.128000	60
20221202125311.129000	20221202125411.129000	60
20221202125341.130000	20221202125441.130000	60
20221202125411.131000	20221202125511.131000	60
20221202125441.132000	20221202125541.132000	60
20221202125511.133000	20221202125611.133000	60
20221202125541.134000	20221202125641.134000	60
20221202125641.136000	20221202125741.136000	60
20221202125711.137000	20221202125811.137000	60
20221202125741.138000	20221202125841.138000	60
20221202125811.139000	20221202125911.139000	60
20221202125841.140000	20221202125941.140000	60
20221202125911.141000	20221202130011.141000	60
20221202125941.142000	20221202130041.142000	60
20221202130011.143000	20221202130111.143000	60
20221202130041.144000	20221202130141.144000	60
20221202130111.145000	20221202130211.145000	60
20221202130241.148000	20221202130341.148000	60
20221202130311.149000	20221202130411.149000	60
20221202130341.150000	20221202130441.150000	60
20221202130411.151000	20221202130511.151000	60
20221202130441.152000	20221202130541.152000	60
20221202130511.153000	20221202130611.153000	60
20221202130541.154000	20221202130641.154000	60
20221202130611.155000	20221202130711.155000	60
20221202130641.156000	20221202130741.156000	60
20221202130711.157000	20221202130811.157000	60
20221202130741.158000	20221202130841.158000	60
20221202130841.160000	20221202130941.160000	60
20221202130911.161000	20221202131011.161000	60
20221202130941.162000	20221202131041.162000	60
20221202131011.163000	20221202131111.163000	60
20221202131041.164000	20221202131141.164000	60
20221202131111.165000	20221202131211.165000	60
20221202131141.166000	20221202131241.166000	60
20221202131211.167000	20221202131311.167000	60
20221202131241.168000	20221202131341.168000	60
20221202131311.169000	20221202131411.169000	60
20221202131341.170000	20221202131441.170000	60
20221202131411.171000	20221202131511.171000	60
20221202131441.172000	20221202131541.172000	60
20221202131511.173000	20221202131611.173000	60
20221202131541.174000	20221202131641.174000	60
20221202131611.175000	20221202131711.175000	60
20221202131641.176000	20221202131741.176000	60
20221202131711.177000	20221202131811.177000	60
20221202131741.178000	20221202131841.178000	60
20221202131811.179000	20221202131911.179000	60
20221202131841.180000	20221202131941.180000	60
20221202131911.181000	20221202132011.181000	60
20221202131941.182000	20221202132041.182000	60
20221202132011.183000	20221202132111.183000	60
20221202132041.184000	20221202132141.184000	60
20221202132211.187000	20221202132311.187000	60
20221202132341.190000	20221202132441.190000	60
20221202132411.191000	20221202132511.191000	60
20221202132441.192000	20221202132541.192000	60
20221202132511.193000	20221202132611.193000	60
20221202132541.194000	20221202132641.194000	60
20221202132611.195000	20221202132711.195000	60
20221202132641.196000	20221202132741.196000	60
20221202132711.197000	20221202132811.197000	60
20221202132741.198000	20221202132841.198000	60
20221202132811.199000	20221202132911.199000	60
20221202132841.200000	20221202132941.200000	60
20221202132911.201000	20221202133011.201000	60
20221202132941.202000	20221202133041.202000	60
20221202133011.203000	20221202133111.203000	60
20221202133111.205000	20221202133211.205000	60
20221202133141.206000	20221202133241.206000	60
20221202133211.207000	20221202133311.207000	60
20221202133241.208000	20221202133341.208000	60
20221202133311.209000	20221202133411.209000	60
20221202133341.210000	20221202133441.210000	60
20221202133411.211000	20221202133511.211000	60
20221202133441.212000	20221202133541.212000	60
20221202133511.213000	20221202133611.213000	60
20221202133611.215000	20221202133711.215000	60
20221202133641.216000	20221202133741.216000	60
20221202133711.217000	20221202133811.217000	60
20221202133741.218000	20221202133841.218000	60
20221202133811.219000	20221202133911.219000	60
20221202133841.220000	20221202133941.220000	60
20221202133911.221000	20221202134011.221000	60
20221202133941.222000	20221202134041.222000	60
20221202134011.223000	20221202134111.223000	60
20221202134041.224000	20221202134141.224000	60
20221202134111.225000	20221202134211.225000	60
20221202134141.226000	20221202134241.226000	60
20221202134211.227000	20221202134311.227000	60
20221202134241.228000	20221202134341.228000	60
20221202134311.229000	20221202134411.229000	60
20221202134341.230000	20221202134441.230000	60
20221202134411.231000	20221202134511.231000	60
20221202134441.232000	20221202134541.232000	60
20221202134511.233000	20221202134611.233000	60
20221202134541.234000	20221202134641.234000	60
20221202134611.235000	20221202134711.235000	60
20221202134641.236000	20221202134741.236000	60
20221202134711.237000	20221202134811.237000	60
20221202134741.238000	20221202134841.238000	60
20221202134811.239000	20221202134911.239000	60
20221202134841.240000	20221202134941.240000	60
20221202134911.241000	20221202135011.241000	60
20221202135011.243000	20221202135111.243000	60
20221202135041.244000	20221202135141.244000	60
20221202135111.245000	20221202135211.245000	60
20221202135141.246000	20221202135241.246000	60
20221202135211.247000	20221202135311.247000	60
20221202135241.248000	20221202135341.248000	60
20221202135311.249000	20221202135411.249000	60
20221202135341.250000	20221202135441.250000	60
20221202135411.251000	20221202135511.251000	60
20221202135441.252000	20221202135541.252000	60
20221202135511.253000	20221202135611.253000	60
20221202135541.254000	20221202135641.254000	60
20221202135611.255000	20221202135711.255000	60
20221202135641.256000	20221202135741.256000	60
20221202135711.257000	20221202135811.257000	60
20221202135741.258000	20221202135841.258000	60
20221202135841.260000	20221202135941.260000	60
20221202135911.261000	20221202140011.261000	60
20221202135941.262000	20221202140041.262000	60
20221202140011.263000	20221202140111.263000	60
20221202140041.264000	20221202140141.264000	60
20221202140111.265000	20221202140211.265000	60
20221202140141.266000	20221202140241.266000	60
20221202140211.267000	20221202140311.267000	60
20221202140241.268000	20221202140341.268000	60
20221202140311.269000	20221202140411.269000	60
20221202140341.270000	20221202140441.270000	60
20221202140411.271000	20221202140511.271000	60
20221202140441.272000	20221202140541.272000	60
20221202140511.273000	20221202140611.273000	60
20221202140541.274000	20221202140641.274000	60
20221202140611.275000	20221202140711.275000	60
20221202140641.276000	20221202140741.276000	60
20221202140711.277000	20221202140811.277000	60
#
# END WINDOW LIST
#
