# HV LOG FORMAT RELEASE 1.0
#
# BEGIN COMMAND LINE ARGUMENTS
#
C:/Users/koenvn/Geopsy 3.3.4/bin/geopsy.exe  $*
exit $?
#
# END COMMAND LINE ARGUMENTS
#
#
# BEGIN SOFTWARE VERSION
#
  Qt                  5.12.3
  QGpCoreTools        2.4.2 from 3.4.2
      (commit 33d7a93616e30a3d511fa67ad3f5da9da1a4aac6)
  QGpCoreMath         1.4.2 from 3.4.2
      (commit 306e3c199829ace6cbde6b242503355428580d05)
  GeopsyCore          4.4.2 from 3.4.2
      (commit 583bacf54d7367d6c29796a28c8179b98d88e28a)
  QGpGuiTools         2.4.2 from 3.4.2
      (commit 478ff49d6d6ec28d92b21ec9bfcef9f5d343b065)
  SciFigs             3.3.2 from 3.4.2
      (commit cec1d051784e8ee1d9774230fb96c1bb0b618aa0)
  QGpGuiMath          1.3.1 from 3.4.2
      (commit 8e80e068f4f3b16a30e8fb8dff21177f25a58da6)
  GeopsyGui           3.4.1 from 3.4.2
      (commit 905aba82a1928b07b3fd61dec384b9448698c80b)
  GeopsySLink         2.0.3 from 3.4.2
      (commit 2f01f562d775a4ddcdfc6a3b388c2ecb0cbb3a9a)
  GeopsySLinkGui      2.0.2 from 3.4.2
      (commit f6e61f2761b9ab1fa13c821e2a94732db60abf4f)
  geopsy              3.3.3 from 3.4.2
      (commit fb3d54b85a28e6ba741794e0cb6666d0b25c0167)
  geopsyfigs          1.0.2 from 3.4.2
      (commit 33697385e465d0d0ec4344aba55058811e934918)
  campbelltob3        1.0.1 from 3.4.2
      (commit 6e12f8024f0a052e430878492367702311588147)
  DinverCore          1.3.1 from 3.4.2
      (commit 7a17c1522ca1f626c89f2c1e87759f6b4a9311d4)
  QGpCoreWave         2.2.0 from 3.4.2
      (commit 18e08f9fd358a9e504047ec288ca4ab71a7c9851)
  QGpCompatibility    1.1.2 from 3.4.2
      (commit 3e05f6333687b574d4a18fb4336decd9efbe3efa)
  DinverDCCore        2.2.0 from 3.4.2
      (commit 654cab13b392853128bb5fa90891ecf10b5c3f0c)
  QGpCoreStat         1.2.2 from 3.4.2
      (commit 4ed49581fb9dfbf824223fae61af336330486596)
  ArrayCore           4.1.2 from 3.4.2
      (commit 85e1ce3b5a43ddb8cc16df7c31094c7c98a82104)
  QGpGuiWave          1.2.1 from 3.4.2
      (commit 2889d6a23de9671c33c0ae088b33e537035df26f)
  ArrayGui            1.3.0 from 3.4.2
      (commit bb09428d0df9ad7ab7996d50f8ac067b450a9bec)
  geopsyarray         3.2.4 from 3.4.2
      (commit 243028ab672fff396c683ed677c1dd4a1cc6a99b)
  geopsydamping       2.1.3 from 3.4.2
      (commit 2be6cba7701efb6e8c1a20c940cffe08f04ffcd2)
  HVCore              1.1.2 from 3.4.2
      (commit a76eb646e633a11fe6b411d1112c55e3c9107de4)
  HVGui               1.1.0 from 3.4.2
      (commit a66df7fe63f6c9107cfffcd4fa86d4f9893fec16)
  geopsyhv            4.0.2 from 3.4.2
      (commit ecd96a31c8abadf86bcbae0dd02bb37935b26dc7)
  geopsynr            1.1.1 from 3.4.2
      (commit f149a70197f8622e594ecec09f55068ecabcfc33)
  geopsyptmotion      2.0.3 from 3.4.2
      (commit c82034566f860b11afdc973ca84ef0027af6cf95)
  geopsyrefra         2.0.2 from 3.4.2
      (commit 807393bf66c9762a914de2cbc8c43813d8ae4227)
  geopsytfa           2.1.1 from 3.4.2
      (commit b87f1cb860bedfd6fb8d0439e749dd7464b26a24)
  hvtfa               2.1.3 from 3.4.2
      (commit fa8612a089e30f0bd72192724ee1ebe5fb4080b5)
  matfiles            1.0.3 from 3.4.2
      (commit aa4bbdecc6f645ece0598270993e17766e4c7b32)
  phaseit             1.0.2 from 3.4.2
      (commit 266b229edcf7986948d6d3f3940a154229b45f91)
#
# END SOFTWARE VERSION
#
#
# BEGIN SIGNAL LIST
#
[COMP 0]
 [SIG 0] E:/SOLODATA/MartinGeoCamb/TouretTaxis/TouretTaxis_splitted/4. Ablaye/453000617.1.2022.12.02.08.49.00.000.Z.miniseed at index 0
[COMP 1]
 [SIG 0] E:/SOLODATA/MartinGeoCamb/TouretTaxis/TouretTaxis_splitted/4. Ablaye/453000617.1.2022.12.02.08.49.00.000.N.miniseed at index 0
[COMP 2]
 [SIG 0] E:/SOLODATA/MartinGeoCamb/TouretTaxis/TouretTaxis_splitted/4. Ablaye/453000617.1.2022.12.02.08.49.00.000.E.miniseed at index 0
#
# END SIGNAL LIST
#
#
# BEGIN PARAMETERS
#
# Version 0: all files generated with releases before 20170901 (default for input)
PARAMETERS_VERSION=1
# TYPEs:
#   - Signal: from the start or to the end of signal (TEXT are useless)
#   - Delta: a fixed duration counted from the start or the end (e.g. TEXT=1h).
#   - Pick: from or to a time pick (TEXT=time pick name).
#   - Absolute: from or to a fixed time (e.g. TEXT=20170314115338.00)
FROM_TIME_TYPE=Signal
FROM_TIME_TEXT=0s
# TYPEs: Signal, Delta, Absolute
TO_TIME_TYPE=Signal
TO_TIME_TEXT=0s
REFERENCE=
COMMON_TIME_WINDOWS=false
# TYPEs: Exactly, AtLeast, FrequencyDependent
WINDOW_LENGTH_TYPE=Exactly
WINDOW_MIN_LENGTH(s)=60
WINDOW_MAX_LENGTH(s)=60
WINDOW_MAX_COUNT=0
# Length of time windows are adjusted to avoid a prime number of samples which
# slows down the FFT computation. Usually a maximum prime 11 in the prime factorization
# of the number of samples is a good compromise between the speed and the lenght inaccuracy
# Leave as zero to allow any prime number factorization.
WINDOW_MAXIMUM_PRIME_FACTOR=11
BAD_SAMPLE_TOLERANCE (s)=0
BAD_SAMPLE_GAP (s)=0
WINDOW_OVERLAP (%)=50
# TYPEs: NoSampleThreshold, RelativeSampleThreshold, AbsoluteSampleThreshold
BAD_SAMPLE_THRESHOLD_TYPE=RelativeSampleThreshold
BAD_SAMPLE_THRESHOLD_VALUE (%)=0.5
ANTI-TRIGGERING_ON_RAW_SIGNAL (y/n)=n
ANTI-TRIGGERING_ON_FILTERED_SIGNAL (y/n)=n
# Start a time window for each seismic event available inside the time range.
SEISMIC_EVENT_TRIGGER (y/n)=n
SEISMIC_EVENT_DELAY (s)=-0.1
WINDOW_TYPE=Tukey
WINDOW_REVERSED=n
WINDOW_ALPHA=0.1
SMOOTHING_METHOD=Function
SMOOTHING_WIDTH_TYPE=Proportional
SMOOTHING_WIDTH=0.4
# Describes the way values are summed: on a linear, log or inversed scale
SMOOTHING_SCALE_TYPE=Linear
SMOOTHING_WINDOW_TYPE=KonnoOhmachi
SMOOTHING_WINDOW_REVERSED=n
MINIMUM_FREQUENCY=0.2
MAXIMUM_FREQUENCY=100
# Either 'Linear', 'Log' or 'Inversed'
SCALE_TYPE_FREQUENCY=Log
# Number of samples is either set to a fixed value ('Count') or through a step between samples ('Step')'
STEP_TYPE_FREQUENCY=Step
SAMPLES_NUMBER_FREQUENCY=252
# STEP=difference between two successive samples for 'linear' scales
# STEP=ratio between two successive samples for 'log' scales
# STEP=difference between two successive inversed samples for 'inversed' scales
STEP_FREQUENCY=1.025
HIGH_PASS_FREQUENCY=0
# Possible values for HORIZONTAL_COMPONENTS: Squared, Energy, Azimuth, Geometric
HORIZONTAL_COMPONENTS=Squared
# HORIZONTAL_AZIMUTH is used only when HORIZONTAL_COMPONENTS==Azimuth
HORIZONTAL_AZIMUTH=0
# Used only for rotated output
ROTATION_STEP=10
# Frequency domain window rejection (Cox et al. (2020, GJI)
FREQUENCY_WINDOW_REJECTION_MINIMUM_FREQUENCY=0.0001
FREQUENCY_WINDOW_REJECTION_MAXIMUM_FREQUENCY=5000
FREQUENCY_WINDOW_REJECTION_STDDEV_FACTOR=2
FREQUENCY_WINDOW_REJECTION_MAXIMUM_ITERATIONS=50
#
# END PARAMETERS
#
#
# BEGIN WINDOWING LOG
#
Automatic windowing
#
# END WINDOWING LOG
#
#
# BEGIN WINDOW LIST
#
# Number= 593
# Start time 	 End Time 	 Window length
20221202085433.634000	20221202085533.634000	60
20221202085503.635000	20221202085603.635000	60
20221202085533.636000	20221202085633.636000	60
20221202085603.637000	20221202085703.637000	60
20221202085633.638000	20221202085733.638000	60
20221202085703.639000	20221202085803.639000	60
20221202085733.640000	20221202085833.640000	60
20221202085803.641000	20221202085903.641000	60
20221202085833.642000	20221202085933.642000	60
20221202085903.643000	20221202090003.643000	60
20221202085933.644000	20221202090033.644000	60
20221202090003.645000	20221202090103.645000	60
20221202090033.646000	20221202090133.646000	60
20221202090103.647000	20221202090203.647000	60
20221202090133.648000	20221202090233.648000	60
20221202090203.649000	20221202090303.649000	60
20221202090233.650000	20221202090333.650000	60
20221202090303.651000	20221202090403.651000	60
20221202090333.652000	20221202090433.652000	60
20221202090403.653000	20221202090503.653000	60
20221202090433.654000	20221202090533.654000	60
20221202090503.655000	20221202090603.655000	60
20221202090533.656000	20221202090633.656000	60
20221202090603.657000	20221202090703.657000	60
20221202090633.658000	20221202090733.658000	60
20221202090703.659000	20221202090803.659000	60
20221202090733.660000	20221202090833.660000	60
20221202090803.661000	20221202090903.661000	60
20221202090833.662000	20221202090933.662000	60
20221202090903.663000	20221202091003.663000	60
20221202090933.664000	20221202091033.664000	60
20221202091003.665000	20221202091103.665000	60
20221202091033.666000	20221202091133.666000	60
20221202091103.667000	20221202091203.667000	60
20221202091133.668000	20221202091233.668000	60
20221202091203.669000	20221202091303.669000	60
20221202091233.670000	20221202091333.670000	60
20221202091303.671000	20221202091403.671000	60
20221202091333.672000	20221202091433.672000	60
20221202091403.673000	20221202091503.673000	60
20221202091433.674000	20221202091533.674000	60
20221202091503.675000	20221202091603.675000	60
20221202091533.676000	20221202091633.676000	60
20221202091603.677000	20221202091703.677000	60
20221202091633.678000	20221202091733.678000	60
20221202091703.679000	20221202091803.679000	60
20221202091733.680000	20221202091833.680000	60
20221202091803.681000	20221202091903.681000	60
20221202091833.682000	20221202091933.682000	60
20221202091903.683000	20221202092003.683000	60
20221202091933.684000	20221202092033.684000	60
20221202092003.685000	20221202092103.685000	60
20221202092033.686000	20221202092133.686000	60
20221202092103.687000	20221202092203.687000	60
20221202092133.688000	20221202092233.688000	60
20221202092203.689000	20221202092303.689000	60
20221202092233.690000	20221202092333.690000	60
20221202092303.691000	20221202092403.691000	60
20221202092333.692000	20221202092433.692000	60
20221202092403.693000	20221202092503.693000	60
20221202092433.694000	20221202092533.694000	60
20221202092503.695000	20221202092603.695000	60
20221202092533.696000	20221202092633.696000	60
20221202092603.697000	20221202092703.697000	60
20221202092633.698000	20221202092733.698000	60
20221202092703.699000	20221202092803.699000	60
20221202092733.700000	20221202092833.700000	60
20221202092803.701000	20221202092903.701000	60
20221202092833.702000	20221202092933.702000	60
20221202092903.703000	20221202093003.703000	60
20221202092933.704000	20221202093033.704000	60
20221202093003.705000	20221202093103.705000	60
20221202093033.706000	20221202093133.706000	60
20221202093103.707000	20221202093203.707000	60
20221202093133.708000	20221202093233.708000	60
20221202093203.709000	20221202093303.709000	60
20221202093233.710000	20221202093333.710000	60
20221202093303.711000	20221202093403.711000	60
20221202093333.712000	20221202093433.712000	60
20221202093403.713000	20221202093503.713000	60
20221202093433.714000	20221202093533.714000	60
20221202093503.715000	20221202093603.715000	60
20221202093533.716000	20221202093633.716000	60
20221202093603.717000	20221202093703.717000	60
20221202093633.718000	20221202093733.718000	60
20221202093703.719000	20221202093803.719000	60
20221202093733.720000	20221202093833.720000	60
20221202093803.721000	20221202093903.721000	60
20221202093833.722000	20221202093933.722000	60
20221202093903.723000	20221202094003.723000	60
20221202093933.724000	20221202094033.724000	60
20221202094003.725000	20221202094103.725000	60
20221202094103.727000	20221202094203.727000	60
20221202094133.728000	20221202094233.728000	60
20221202094203.729000	20221202094303.729000	60
20221202094233.730000	20221202094333.730000	60
20221202094303.731000	20221202094403.731000	60
20221202094333.732000	20221202094433.732000	60
20221202094403.733000	20221202094503.733000	60
20221202094433.734000	20221202094533.734000	60
20221202094503.735000	20221202094603.735000	60
20221202094533.736000	20221202094633.736000	60
20221202094603.737000	20221202094703.737000	60
20221202094633.738000	20221202094733.738000	60
20221202094703.739000	20221202094803.739000	60
20221202094733.740000	20221202094833.740000	60
20221202094803.741000	20221202094903.741000	60
20221202094833.742000	20221202094933.742000	60
20221202094903.743000	20221202095003.743000	60
20221202094933.744000	20221202095033.744000	60
20221202095003.745000	20221202095103.745000	60
20221202095033.746000	20221202095133.746000	60
20221202095103.747000	20221202095203.747000	60
20221202095133.748000	20221202095233.748000	60
20221202095203.749000	20221202095303.749000	60
20221202095233.750000	20221202095333.750000	60
20221202095303.751000	20221202095403.751000	60
20221202095333.752000	20221202095433.752000	60
20221202095403.753000	20221202095503.753000	60
20221202095433.754000	20221202095533.754000	60
20221202095503.755000	20221202095603.755000	60
20221202095533.756000	20221202095633.756000	60
20221202095603.757000	20221202095703.757000	60
20221202095633.758000	20221202095733.758000	60
20221202095703.759000	20221202095803.759000	60
20221202095733.760000	20221202095833.760000	60
20221202095803.761000	20221202095903.761000	60
20221202095833.762000	20221202095933.762000	60
20221202095903.763000	20221202100003.763000	60
20221202095933.764000	20221202100033.764000	60
20221202100003.765000	20221202100103.765000	60
20221202100033.766000	20221202100133.766000	60
20221202100103.767000	20221202100203.767000	60
20221202100133.768000	20221202100233.768000	60
20221202100203.769000	20221202100303.769000	60
20221202100233.770000	20221202100333.770000	60
20221202100303.771000	20221202100403.771000	60
20221202100333.772000	20221202100433.772000	60
20221202100403.773000	20221202100503.773000	60
20221202100433.774000	20221202100533.774000	60
20221202100503.775000	20221202100603.775000	60
20221202100533.776000	20221202100633.776000	60
20221202100603.777000	20221202100703.777000	60
20221202100633.778000	20221202100733.778000	60
20221202100703.779000	20221202100803.779000	60
20221202100733.780000	20221202100833.780000	60
20221202100803.781000	20221202100903.781000	60
20221202100833.782000	20221202100933.782000	60
20221202100903.783000	20221202101003.783000	60
20221202100933.784000	20221202101033.784000	60
20221202101003.785000	20221202101103.785000	60
20221202101033.786000	20221202101133.786000	60
20221202101103.787000	20221202101203.787000	60
20221202101133.788000	20221202101233.788000	60
20221202101203.789000	20221202101303.789000	60
20221202101233.790000	20221202101333.790000	60
20221202101303.791000	20221202101403.791000	60
20221202101333.792000	20221202101433.792000	60
20221202101403.793000	20221202101503.793000	60
20221202101433.794000	20221202101533.794000	60
20221202101503.795000	20221202101603.795000	60
20221202101533.796000	20221202101633.796000	60
20221202101603.797000	20221202101703.797000	60
20221202101633.798000	20221202101733.798000	60
20221202101703.799000	20221202101803.799000	60
20221202101803.801000	20221202101903.801000	60
20221202101833.802000	20221202101933.802000	60
20221202101903.803000	20221202102003.803000	60
20221202101933.804000	20221202102033.804000	60
20221202102003.805000	20221202102103.805000	60
20221202102033.806000	20221202102133.806000	60
20221202102103.807000	20221202102203.807000	60
20221202102133.808000	20221202102233.808000	60
20221202102203.809000	20221202102303.809000	60
20221202102233.810000	20221202102333.810000	60
20221202102303.811000	20221202102403.811000	60
20221202102333.812000	20221202102433.812000	60
20221202102403.813000	20221202102503.813000	60
20221202102433.814000	20221202102533.814000	60
20221202102503.815000	20221202102603.815000	60
20221202102533.816000	20221202102633.816000	60
20221202102603.817000	20221202102703.817000	60
20221202102633.818000	20221202102733.818000	60
20221202102703.819000	20221202102803.819000	60
20221202102733.820000	20221202102833.820000	60
20221202102803.821000	20221202102903.821000	60
20221202102833.822000	20221202102933.822000	60
20221202102903.823000	20221202103003.823000	60
20221202102933.824000	20221202103033.824000	60
20221202103003.825000	20221202103103.825000	60
20221202103033.826000	20221202103133.826000	60
20221202103103.827000	20221202103203.827000	60
20221202103133.828000	20221202103233.828000	60
20221202103203.829000	20221202103303.829000	60
20221202103233.830000	20221202103333.830000	60
20221202103303.831000	20221202103403.831000	60
20221202103333.832000	20221202103433.832000	60
20221202103403.833000	20221202103503.833000	60
20221202103433.834000	20221202103533.834000	60
20221202103503.835000	20221202103603.835000	60
20221202103533.836000	20221202103633.836000	60
20221202103603.837000	20221202103703.837000	60
20221202103633.838000	20221202103733.838000	60
20221202103703.839000	20221202103803.839000	60
20221202103733.840000	20221202103833.840000	60
20221202103803.841000	20221202103903.841000	60
20221202103833.842000	20221202103933.842000	60
20221202103903.843000	20221202104003.843000	60
20221202103933.844000	20221202104033.844000	60
20221202104003.845000	20221202104103.845000	60
20221202104033.846000	20221202104133.846000	60
20221202104103.847000	20221202104203.847000	60
20221202104133.848000	20221202104233.848000	60
20221202104203.849000	20221202104303.849000	60
20221202104233.850000	20221202104333.850000	60
20221202104303.851000	20221202104403.851000	60
20221202104333.852000	20221202104433.852000	60
20221202104403.853000	20221202104503.853000	60
20221202104433.854000	20221202104533.854000	60
20221202104503.855000	20221202104603.855000	60
20221202104533.856000	20221202104633.856000	60
20221202104603.857000	20221202104703.857000	60
20221202104633.858000	20221202104733.858000	60
20221202104703.859000	20221202104803.859000	60
20221202104733.860000	20221202104833.860000	60
20221202104803.861000	20221202104903.861000	60
20221202104833.862000	20221202104933.862000	60
20221202104903.863000	20221202105003.863000	60
20221202104933.864000	20221202105033.864000	60
20221202105003.865000	20221202105103.865000	60
20221202105033.866000	20221202105133.866000	60
20221202105103.867000	20221202105203.867000	60
20221202105133.868000	20221202105233.868000	60
20221202105203.869000	20221202105303.869000	60
20221202105233.870000	20221202105333.870000	60
20221202105303.871000	20221202105403.871000	60
20221202105333.872000	20221202105433.872000	60
20221202105403.873000	20221202105503.873000	60
20221202105433.874000	20221202105533.874000	60
20221202105503.875000	20221202105603.875000	60
20221202105533.876000	20221202105633.876000	60
20221202105603.877000	20221202105703.877000	60
20221202105633.878000	20221202105733.878000	60
20221202105703.879000	20221202105803.879000	60
20221202105733.880000	20221202105833.880000	60
20221202105803.881000	20221202105903.881000	60
20221202105833.882000	20221202105933.882000	60
20221202105903.883000	20221202110003.883000	60
20221202105933.884000	20221202110033.884000	60
20221202110003.885000	20221202110103.885000	60
20221202110033.886000	20221202110133.886000	60
20221202110103.887000	20221202110203.887000	60
20221202110133.888000	20221202110233.888000	60
20221202110203.889000	20221202110303.889000	60
20221202110233.890000	20221202110333.890000	60
20221202110403.893000	20221202110503.893000	60
20221202110433.894000	20221202110533.894000	60
20221202110503.895000	20221202110603.895000	60
20221202110633.898000	20221202110733.898000	60
20221202110703.899000	20221202110803.899000	60
20221202110733.900000	20221202110833.900000	60
20221202110803.901000	20221202110903.901000	60
20221202110833.902000	20221202110933.902000	60
20221202110903.903000	20221202111003.903000	60
20221202110933.904000	20221202111033.904000	60
20221202111303.911000	20221202111403.911000	60
20221202111333.912000	20221202111433.912000	60
20221202111403.913000	20221202111503.913000	60
20221202111433.914000	20221202111533.914000	60
20221202111503.915000	20221202111603.915000	60
20221202111533.916000	20221202111633.916000	60
20221202111603.917000	20221202111703.917000	60
20221202111633.918000	20221202111733.918000	60
20221202111703.919000	20221202111803.919000	60
20221202111733.920000	20221202111833.920000	60
20221202111803.921000	20221202111903.921000	60
20221202111833.922000	20221202111933.922000	60
20221202111903.923000	20221202112003.923000	60
20221202111933.924000	20221202112033.924000	60
20221202112003.925000	20221202112103.925000	60
20221202112033.926000	20221202112133.926000	60
20221202112103.927000	20221202112203.927000	60
20221202112133.928000	20221202112233.928000	60
20221202112203.929000	20221202112303.929000	60
20221202112233.930000	20221202112333.930000	60
20221202112303.931000	20221202112403.931000	60
20221202112333.932000	20221202112433.932000	60
20221202112403.933000	20221202112503.933000	60
20221202112433.934000	20221202112533.934000	60
20221202112503.935000	20221202112603.935000	60
20221202112533.936000	20221202112633.936000	60
20221202112603.937000	20221202112703.937000	60
20221202112633.938000	20221202112733.938000	60
20221202112703.939000	20221202112803.939000	60
20221202112733.940000	20221202112833.940000	60
20221202112803.941000	20221202112903.941000	60
20221202112833.942000	20221202112933.942000	60
20221202112903.943000	20221202113003.943000	60
20221202112933.944000	20221202113033.944000	60
20221202113003.945000	20221202113103.945000	60
20221202113033.946000	20221202113133.946000	60
20221202113103.947000	20221202113203.947000	60
20221202113133.948000	20221202113233.948000	60
20221202113203.949000	20221202113303.949000	60
20221202113233.950000	20221202113333.950000	60
20221202113303.951000	20221202113403.951000	60
20221202113433.954000	20221202113533.954000	60
20221202113503.955000	20221202113603.955000	60
20221202113533.956000	20221202113633.956000	60
20221202113603.957000	20221202113703.957000	60
20221202113633.958000	20221202113733.958000	60
20221202113703.959000	20221202113803.959000	60
20221202113733.960000	20221202113833.960000	60
20221202113803.961000	20221202113903.961000	60
20221202113833.962000	20221202113933.962000	60
20221202113903.963000	20221202114003.963000	60
20221202113933.964000	20221202114033.964000	60
20221202114003.965000	20221202114103.965000	60
20221202114033.966000	20221202114133.966000	60
20221202114103.967000	20221202114203.967000	60
20221202114133.968000	20221202114233.968000	60
20221202114203.969000	20221202114303.969000	60
20221202114233.970000	20221202114333.970000	60
20221202114403.973000	20221202114503.973000	60
20221202114433.974000	20221202114533.974000	60
20221202114503.975000	20221202114603.975000	60
20221202114533.976000	20221202114633.976000	60
20221202114603.977000	20221202114703.977000	60
20221202114633.978000	20221202114733.978000	60
20221202114703.979000	20221202114803.979000	60
20221202114733.980000	20221202114833.980000	60
20221202114803.981000	20221202114903.981000	60
20221202114833.982000	20221202114933.982000	60
20221202114903.983000	20221202115003.983000	60
20221202115110.005000	20221202115210.005000	60
20221202115140.006000	20221202115240.006000	60
20221202115210.007000	20221202115310.007000	60
20221202115240.008000	20221202115340.008000	60
20221202115310.009000	20221202115410.009000	60
20221202115340.010000	20221202115440.010000	60
20221202115410.011000	20221202115510.011000	60
20221202115440.012000	20221202115540.012000	60
20221202115510.013000	20221202115610.013000	60
20221202115540.014000	20221202115640.014000	60
20221202115610.015000	20221202115710.015000	60
20221202115640.016000	20221202115740.016000	60
20221202115710.017000	20221202115810.017000	60
20221202115740.018000	20221202115840.018000	60
20221202115810.019000	20221202115910.019000	60
20221202115840.020000	20221202115940.020000	60
20221202115910.021000	20221202120010.021000	60
20221202115940.022000	20221202120040.022000	60
20221202120010.023000	20221202120110.023000	60
20221202120040.024000	20221202120140.024000	60
20221202120110.025000	20221202120210.025000	60
20221202120140.026000	20221202120240.026000	60
20221202120210.027000	20221202120310.027000	60
20221202120240.028000	20221202120340.028000	60
20221202120310.029000	20221202120410.029000	60
20221202120340.030000	20221202120440.030000	60
20221202120410.031000	20221202120510.031000	60
20221202120440.032000	20221202120540.032000	60
20221202120510.033000	20221202120610.033000	60
20221202120540.034000	20221202120640.034000	60
20221202120610.035000	20221202120710.035000	60
20221202120640.036000	20221202120740.036000	60
20221202120710.037000	20221202120810.037000	60
20221202120740.038000	20221202120840.038000	60
20221202120810.039000	20221202120910.039000	60
20221202120840.040000	20221202120940.040000	60
20221202120910.041000	20221202121010.041000	60
20221202120940.042000	20221202121040.042000	60
20221202121010.043000	20221202121110.043000	60
20221202121040.044000	20221202121140.044000	60
20221202121110.045000	20221202121210.045000	60
20221202121140.046000	20221202121240.046000	60
20221202121210.047000	20221202121310.047000	60
20221202121240.048000	20221202121340.048000	60
20221202121310.049000	20221202121410.049000	60
20221202121440.052000	20221202121540.052000	60
20221202121510.053000	20221202121610.053000	60
20221202121540.054000	20221202121640.054000	60
20221202121610.055000	20221202121710.055000	60
20221202121640.056000	20221202121740.056000	60
20221202121710.057000	20221202121810.057000	60
20221202121740.058000	20221202121840.058000	60
20221202121810.059000	20221202121910.059000	60
20221202121840.060000	20221202121940.060000	60
20221202121910.061000	20221202122010.061000	60
20221202121940.062000	20221202122040.062000	60
20221202122010.063000	20221202122110.063000	60
20221202122120.772000	20221202122220.772000	60
20221202122150.773000	20221202122250.773000	60
20221202122220.774000	20221202122320.774000	60
20221202122250.775000	20221202122350.775000	60
20221202122320.776000	20221202122420.776000	60
20221202122450.779000	20221202122550.779000	60
20221202122520.780000	20221202122620.780000	60
20221202122550.781000	20221202122650.781000	60
20221202122620.782000	20221202122720.782000	60
20221202122650.783000	20221202122750.783000	60
20221202122720.784000	20221202122820.784000	60
20221202122750.785000	20221202122850.785000	60
20221202122820.786000	20221202122920.786000	60
20221202122850.787000	20221202122950.787000	60
20221202122920.788000	20221202123020.788000	60
20221202122950.789000	20221202123050.789000	60
20221202123020.790000	20221202123120.790000	60
20221202123050.791000	20221202123150.791000	60
20221202123120.792000	20221202123220.792000	60
20221202123150.793000	20221202123250.793000	60
20221202123220.794000	20221202123320.794000	60
20221202123250.795000	20221202123350.795000	60
20221202123320.796000	20221202123420.796000	60
20221202123350.797000	20221202123450.797000	60
20221202123420.798000	20221202123520.798000	60
20221202123450.799000	20221202123550.799000	60
20221202123520.800000	20221202123620.800000	60
20221202123550.801000	20221202123650.801000	60
20221202123620.802000	20221202123720.802000	60
20221202123650.803000	20221202123750.803000	60
20221202123720.804000	20221202123820.804000	60
20221202123750.805000	20221202123850.805000	60
20221202123820.806000	20221202123920.806000	60
20221202123850.807000	20221202123950.807000	60
20221202123920.808000	20221202124020.808000	60
20221202123950.809000	20221202124050.809000	60
20221202124020.810000	20221202124120.810000	60
20221202124050.811000	20221202124150.811000	60
20221202124120.812000	20221202124220.812000	60
20221202124150.813000	20221202124250.813000	60
20221202124220.814000	20221202124320.814000	60
20221202124250.815000	20221202124350.815000	60
20221202124320.816000	20221202124420.816000	60
20221202124350.817000	20221202124450.817000	60
20221202124420.818000	20221202124520.818000	60
20221202124450.819000	20221202124550.819000	60
20221202124520.820000	20221202124620.820000	60
20221202124550.821000	20221202124650.821000	60
20221202124620.822000	20221202124720.822000	60
20221202124650.823000	20221202124750.823000	60
20221202124720.824000	20221202124820.824000	60
20221202124750.825000	20221202124850.825000	60
20221202124820.826000	20221202124920.826000	60
20221202124850.827000	20221202124950.827000	60
20221202124920.828000	20221202125020.828000	60
20221202124950.829000	20221202125050.829000	60
20221202125020.830000	20221202125120.830000	60
20221202125050.831000	20221202125150.831000	60
20221202125120.832000	20221202125220.832000	60
20221202125150.833000	20221202125250.833000	60
20221202125220.834000	20221202125320.834000	60
20221202125250.835000	20221202125350.835000	60
20221202125320.836000	20221202125420.836000	60
20221202125450.839000	20221202125550.839000	60
20221202125520.840000	20221202125620.840000	60
20221202125550.841000	20221202125650.841000	60
20221202125620.842000	20221202125720.842000	60
20221202125650.843000	20221202125750.843000	60
20221202125720.844000	20221202125820.844000	60
20221202125750.845000	20221202125850.845000	60
20221202125820.846000	20221202125920.846000	60
20221202125850.847000	20221202125950.847000	60
20221202130550.861000	20221202130650.861000	60
20221202130620.862000	20221202130720.862000	60
20221202130650.863000	20221202130750.863000	60
20221202130720.864000	20221202130820.864000	60
20221202130750.865000	20221202130850.865000	60
20221202130820.866000	20221202130920.866000	60
20221202130850.867000	20221202130950.867000	60
20221202130920.868000	20221202131020.868000	60
20221202130950.869000	20221202131050.869000	60
20221202131020.870000	20221202131120.870000	60
20221202131050.871000	20221202131150.871000	60
20221202131120.872000	20221202131220.872000	60
20221202131150.873000	20221202131250.873000	60
20221202131220.874000	20221202131320.874000	60
20221202131250.875000	20221202131350.875000	60
20221202131320.876000	20221202131420.876000	60
20221202131350.877000	20221202131450.877000	60
20221202131420.878000	20221202131520.878000	60
20221202131450.879000	20221202131550.879000	60
20221202131520.880000	20221202131620.880000	60
20221202131550.881000	20221202131650.881000	60
20221202131620.882000	20221202131720.882000	60
20221202131650.883000	20221202131750.883000	60
20221202131720.884000	20221202131820.884000	60
20221202131750.885000	20221202131850.885000	60
20221202131820.886000	20221202131920.886000	60
20221202131850.887000	20221202131950.887000	60
20221202131920.888000	20221202132020.888000	60
20221202131950.889000	20221202132050.889000	60
20221202132020.890000	20221202132120.890000	60
20221202132050.891000	20221202132150.891000	60
20221202132120.892000	20221202132220.892000	60
20221202132150.893000	20221202132250.893000	60
20221202132220.894000	20221202132320.894000	60
20221202132250.895000	20221202132350.895000	60
20221202132320.896000	20221202132420.896000	60
20221202132350.897000	20221202132450.897000	60
20221202132455.537000	20221202132555.537000	60
20221202132726.454000	20221202132826.454000	60
20221202132756.455000	20221202132856.455000	60
20221202132826.456000	20221202132926.456000	60
20221202132856.457000	20221202132956.457000	60
20221202132926.458000	20221202133026.458000	60
20221202132956.459000	20221202133056.459000	60
20221202133026.460000	20221202133126.460000	60
20221202133056.461000	20221202133156.461000	60
20221202133126.462000	20221202133226.462000	60
20221202133156.463000	20221202133256.463000	60
20221202133226.464000	20221202133326.464000	60
20221202133256.465000	20221202133356.465000	60
20221202133326.466000	20221202133426.466000	60
20221202133356.467000	20221202133456.467000	60
20221202133426.468000	20221202133526.468000	60
20221202133456.469000	20221202133556.469000	60
20221202133526.470000	20221202133626.470000	60
20221202133556.471000	20221202133656.471000	60
20221202133626.472000	20221202133726.472000	60
20221202133656.473000	20221202133756.473000	60
20221202133726.474000	20221202133826.474000	60
20221202133756.475000	20221202133856.475000	60
20221202133826.476000	20221202133926.476000	60
20221202133856.477000	20221202133956.477000	60
20221202133926.478000	20221202134026.478000	60
20221202133956.479000	20221202134056.479000	60
20221202134026.480000	20221202134126.480000	60
20221202134056.481000	20221202134156.481000	60
20221202134126.482000	20221202134226.482000	60
20221202134156.483000	20221202134256.483000	60
20221202134226.484000	20221202134326.484000	60
20221202134256.485000	20221202134356.485000	60
20221202134326.486000	20221202134426.486000	60
20221202134356.487000	20221202134456.487000	60
20221202134426.488000	20221202134526.488000	60
20221202134456.489000	20221202134556.489000	60
20221202134526.490000	20221202134626.490000	60
20221202134556.491000	20221202134656.491000	60
20221202134626.492000	20221202134726.492000	60
20221202134656.493000	20221202134756.493000	60
20221202134726.494000	20221202134826.494000	60
20221202134756.495000	20221202134856.495000	60
20221202134826.496000	20221202134926.496000	60
20221202134856.497000	20221202134956.497000	60
20221202134926.498000	20221202135026.498000	60
20221202134956.499000	20221202135056.499000	60
20221202135026.500000	20221202135126.500000	60
20221202135056.501000	20221202135156.501000	60
20221202135126.502000	20221202135226.502000	60
20221202135156.503000	20221202135256.503000	60
20221202135226.504000	20221202135326.504000	60
20221202135256.505000	20221202135356.505000	60
20221202135326.506000	20221202135426.506000	60
20221202135356.507000	20221202135456.507000	60
20221202135526.510000	20221202135626.510000	60
20221202135656.513000	20221202135756.513000	60
20221202135726.514000	20221202135826.514000	60
20221202135756.515000	20221202135856.515000	60
20221202135826.516000	20221202135926.516000	60
20221202135856.517000	20221202135956.517000	60
20221202135926.518000	20221202140026.518000	60
20221202135956.519000	20221202140056.519000	60
20221202140026.520000	20221202140126.520000	60
20221202140056.521000	20221202140156.521000	60
20221202140126.522000	20221202140226.522000	60
20221202140156.523000	20221202140256.523000	60
20221202140226.524000	20221202140326.524000	60
20221202140256.525000	20221202140356.525000	60
20221202140326.526000	20221202140426.526000	60
20221202140356.527000	20221202140456.527000	60
20221202140426.528000	20221202140526.528000	60
20221202140456.529000	20221202140556.529000	60
20221202140526.530000	20221202140626.530000	60
20221202140556.531000	20221202140656.531000	60
20221202140626.532000	20221202140726.532000	60
20221202140656.533000	20221202140756.533000	60
20221202140726.534000	20221202140826.534000	60
20221202140756.535000	20221202140856.535000	60
20221202140826.536000	20221202140926.536000	60
20221202140856.537000	20221202140956.537000	60
20221202140926.538000	20221202141026.538000	60
20221202140956.539000	20221202141056.539000	60
20221202141026.540000	20221202141126.540000	60
20221202141056.541000	20221202141156.541000	60
20221202141126.542000	20221202141226.542000	60
20221202141156.543000	20221202141256.543000	60
20221202141226.544000	20221202141326.544000	60
20221202141256.545000	20221202141356.545000	60
20221202141326.546000	20221202141426.546000	60
20221202141356.547000	20221202141456.547000	60
20221202141426.548000	20221202141526.548000	60
20221202141456.549000	20221202141556.549000	60
#
# END WINDOW LIST
#
