# HV LOG FORMAT RELEASE 1.0
#
# BEGIN COMMAND LINE ARGUMENTS
#
C:/Users/koenvn/Geopsy 3.3.4/bin/geopsy.exe  $*
exit $?
#
# END COMMAND LINE ARGUMENTS
#
#
# BEGIN SOFTWARE VERSION
#
  Qt                  5.12.3
  QGpCoreTools        2.4.2 from 3.4.2
      (commit 33d7a93616e30a3d511fa67ad3f5da9da1a4aac6)
  QGpCoreMath         1.4.2 from 3.4.2
      (commit 306e3c199829ace6cbde6b242503355428580d05)
  GeopsyCore          4.4.2 from 3.4.2
      (commit 583bacf54d7367d6c29796a28c8179b98d88e28a)
  QGpGuiTools         2.4.2 from 3.4.2
      (commit 478ff49d6d6ec28d92b21ec9bfcef9f5d343b065)
  SciFigs             3.3.2 from 3.4.2
      (commit cec1d051784e8ee1d9774230fb96c1bb0b618aa0)
  QGpGuiMath          1.3.1 from 3.4.2
      (commit 8e80e068f4f3b16a30e8fb8dff21177f25a58da6)
  GeopsyGui           3.4.1 from 3.4.2
      (commit 905aba82a1928b07b3fd61dec384b9448698c80b)
  GeopsySLink         2.0.3 from 3.4.2
      (commit 2f01f562d775a4ddcdfc6a3b388c2ecb0cbb3a9a)
  GeopsySLinkGui      2.0.2 from 3.4.2
      (commit f6e61f2761b9ab1fa13c821e2a94732db60abf4f)
  geopsy              3.3.3 from 3.4.2
      (commit fb3d54b85a28e6ba741794e0cb6666d0b25c0167)
  geopsyfigs          1.0.2 from 3.4.2
      (commit 33697385e465d0d0ec4344aba55058811e934918)
  campbelltob3        1.0.1 from 3.4.2
      (commit 6e12f8024f0a052e430878492367702311588147)
  DinverCore          1.3.1 from 3.4.2
      (commit 7a17c1522ca1f626c89f2c1e87759f6b4a9311d4)
  QGpCoreWave         2.2.0 from 3.4.2
      (commit 18e08f9fd358a9e504047ec288ca4ab71a7c9851)
  QGpCompatibility    1.1.2 from 3.4.2
      (commit 3e05f6333687b574d4a18fb4336decd9efbe3efa)
  DinverDCCore        2.2.0 from 3.4.2
      (commit 654cab13b392853128bb5fa90891ecf10b5c3f0c)
  QGpCoreStat         1.2.2 from 3.4.2
      (commit 4ed49581fb9dfbf824223fae61af336330486596)
  ArrayCore           4.1.2 from 3.4.2
      (commit 85e1ce3b5a43ddb8cc16df7c31094c7c98a82104)
  QGpGuiWave          1.2.1 from 3.4.2
      (commit 2889d6a23de9671c33c0ae088b33e537035df26f)
  ArrayGui            1.3.0 from 3.4.2
      (commit bb09428d0df9ad7ab7996d50f8ac067b450a9bec)
  geopsyarray         3.2.4 from 3.4.2
      (commit 243028ab672fff396c683ed677c1dd4a1cc6a99b)
  geopsydamping       2.1.3 from 3.4.2
      (commit 2be6cba7701efb6e8c1a20c940cffe08f04ffcd2)
  HVCore              1.1.2 from 3.4.2
      (commit a76eb646e633a11fe6b411d1112c55e3c9107de4)
  HVGui               1.1.0 from 3.4.2
      (commit a66df7fe63f6c9107cfffcd4fa86d4f9893fec16)
  geopsyhv            4.0.2 from 3.4.2
      (commit ecd96a31c8abadf86bcbae0dd02bb37935b26dc7)
  geopsynr            1.1.1 from 3.4.2
      (commit f149a70197f8622e594ecec09f55068ecabcfc33)
  geopsyptmotion      2.0.3 from 3.4.2
      (commit c82034566f860b11afdc973ca84ef0027af6cf95)
  geopsyrefra         2.0.2 from 3.4.2
      (commit 807393bf66c9762a914de2cbc8c43813d8ae4227)
  geopsytfa           2.1.1 from 3.4.2
      (commit b87f1cb860bedfd6fb8d0439e749dd7464b26a24)
  hvtfa               2.1.3 from 3.4.2
      (commit fa8612a089e30f0bd72192724ee1ebe5fb4080b5)
  matfiles            1.0.3 from 3.4.2
      (commit aa4bbdecc6f645ece0598270993e17766e4c7b32)
  phaseit             1.0.2 from 3.4.2
      (commit 266b229edcf7986948d6d3f3940a154229b45f91)
#
# END SOFTWARE VERSION
#
#
# BEGIN SIGNAL LIST
#
[COMP 0]
 [SIG 0] E:/SOLODATA/MartinGeoCamb/TouretTaxis/TouretTaxis_downsampled/453002695.1.2022.12.02.09.25.00.000.Z.miniseed at index 0
[COMP 1]
 [SIG 0] E:/SOLODATA/MartinGeoCamb/TouretTaxis/TouretTaxis_downsampled/453002695.1.2022.12.02.09.25.00.000.N.miniseed at index 0
[COMP 2]
 [SIG 0] E:/SOLODATA/MartinGeoCamb/TouretTaxis/TouretTaxis_downsampled/453002695.1.2022.12.02.09.25.00.000.E.miniseed at index 0
#
# END SIGNAL LIST
#
#
# BEGIN PARAMETERS
#
# Version 0: all files generated with releases before 20170901 (default for input)
PARAMETERS_VERSION=1
# TYPEs:
#   - Signal: from the start or to the end of signal (TEXT are useless)
#   - Delta: a fixed duration counted from the start or the end (e.g. TEXT=1h).
#   - Pick: from or to a time pick (TEXT=time pick name).
#   - Absolute: from or to a fixed time (e.g. TEXT=20170314115338.00)
FROM_TIME_TYPE=Signal
FROM_TIME_TEXT=0s
# TYPEs: Signal, Delta, Absolute
TO_TIME_TYPE=Signal
TO_TIME_TEXT=0s
REFERENCE=
COMMON_TIME_WINDOWS=false
# TYPEs: Exactly, AtLeast, FrequencyDependent
WINDOW_LENGTH_TYPE=Exactly
WINDOW_MIN_LENGTH(s)=120
WINDOW_MAX_LENGTH(s)=120
WINDOW_MAX_COUNT=0
# Length of time windows are adjusted to avoid a prime number of samples which
# slows down the FFT computation. Usually a maximum prime 11 in the prime factorization
# of the number of samples is a good compromise between the speed and the lenght inaccuracy
# Leave as zero to allow any prime number factorization.
WINDOW_MAXIMUM_PRIME_FACTOR=11
BAD_SAMPLE_TOLERANCE (s)=0
BAD_SAMPLE_GAP (s)=0
WINDOW_OVERLAP (%)=50
# TYPEs: NoSampleThreshold, RelativeSampleThreshold, AbsoluteSampleThreshold
BAD_SAMPLE_THRESHOLD_TYPE=RelativeSampleThreshold
BAD_SAMPLE_THRESHOLD_VALUE (%)=1
ANTI-TRIGGERING_ON_RAW_SIGNAL (y/n)=n
ANTI-TRIGGERING_ON_FILTERED_SIGNAL (y/n)=n
# Start a time window for each seismic event available inside the time range.
SEISMIC_EVENT_TRIGGER (y/n)=n
SEISMIC_EVENT_DELAY (s)=-0.1
WINDOW_TYPE=Tukey
WINDOW_REVERSED=n
WINDOW_ALPHA=0.1
SMOOTHING_METHOD=Function
SMOOTHING_WIDTH_TYPE=Proportional
SMOOTHING_WIDTH=0.4
# Describes the way values are summed: on a linear, log or inversed scale
SMOOTHING_SCALE_TYPE=Linear
SMOOTHING_WINDOW_TYPE=KonnoOhmachi
SMOOTHING_WINDOW_REVERSED=n
MINIMUM_FREQUENCY=0.2
MAXIMUM_FREQUENCY=30
# Either 'Linear', 'Log' or 'Inversed'
SCALE_TYPE_FREQUENCY=Log
# Number of samples is either set to a fixed value ('Count') or through a step between samples ('Step')'
STEP_TYPE_FREQUENCY=Count
SAMPLES_NUMBER_FREQUENCY=500
# STEP=difference between two successive samples for 'linear' scales
# STEP=ratio between two successive samples for 'log' scales
# STEP=difference between two successive inversed samples for 'inversed' scales
STEP_FREQUENCY=1.01007
HIGH_PASS_FREQUENCY=0
# Possible values for HORIZONTAL_COMPONENTS: Squared, Energy, Azimuth, Geometric
HORIZONTAL_COMPONENTS=Squared
# HORIZONTAL_AZIMUTH is used only when HORIZONTAL_COMPONENTS==Azimuth
HORIZONTAL_AZIMUTH=0
# Used only for rotated output
ROTATION_STEP=10
# Frequency domain window rejection (Cox et al. (2020, GJI)
FREQUENCY_WINDOW_REJECTION_MINIMUM_FREQUENCY=0.0001
FREQUENCY_WINDOW_REJECTION_MAXIMUM_FREQUENCY=5000
FREQUENCY_WINDOW_REJECTION_STDDEV_FACTOR=2
FREQUENCY_WINDOW_REJECTION_MAXIMUM_ITERATIONS=50
#
# END PARAMETERS
#
#
# BEGIN WINDOWING LOG
#
Automatic windowing
#
# END WINDOWING LOG
#
#
# BEGIN WINDOW LIST
#
# Number= 78
# Start time 	 End Time 	 Window length
20221202092859.170000	20221202093059.170000	120
20221202092959.180000	20221202093159.180000	120
20221202093059.190000	20221202093259.190000	120
20221202093159.200000	20221202093359.200000	120
20221202093259.210000	20221202093459.210000	120
20221202093359.220000	20221202093559.220000	120
20221202093459.230000	20221202093659.230000	120
20221202093559.240000	20221202093759.240000	120
20221202093859.270000	20221202094059.270000	120
20221202093959.280000	20221202094159.280000	120
20221202094059.290000	20221202094259.290000	120
20221202094159.300000	20221202094359.300000	120
20221202094259.310000	20221202094459.310000	120
20221202094359.320000	20221202094559.320000	120
20221202094459.330000	20221202094659.330000	120
20221202094559.340000	20221202094759.340000	120
20221202094659.350000	20221202094859.350000	120
20221202094759.360000	20221202094959.360000	120
20221202094859.370000	20221202095059.370000	120
20221202094959.380000	20221202095159.380000	120
20221202095059.390000	20221202095259.390000	120
20221202095159.400000	20221202095359.400000	120
20221202095259.410000	20221202095459.410000	120
20221202095359.420000	20221202095559.420000	120
20221202095459.430000	20221202095659.430000	120
20221202095559.440000	20221202095759.440000	120
20221202095659.450000	20221202095859.450000	120
20221202095759.460000	20221202095959.460000	120
20221202095859.470000	20221202100059.470000	120
20221202095959.480000	20221202100159.480000	120
20221202100059.490000	20221202100259.490000	120
20221202100159.500000	20221202100359.500000	120
20221202100259.510000	20221202100459.510000	120
20221202100359.520000	20221202100559.520000	120
20221202100459.530000	20221202100659.530000	120
20221202100559.540000	20221202100759.540000	120
20221202100659.550000	20221202100859.550000	120
20221202100759.560000	20221202100959.560000	120
20221202100859.570000	20221202101059.570000	120
20221202100959.580000	20221202101159.580000	120
20221202101059.590000	20221202101259.590000	120
20221202101159.600000	20221202101359.600000	120
20221202101259.610000	20221202101459.610000	120
20221202101359.620000	20221202101559.620000	120
20221202101459.630000	20221202101659.630000	120
20221202101559.640000	20221202101759.640000	120
20221202101659.650000	20221202101859.650000	120
20221202101759.660000	20221202101959.660000	120
20221202101859.670000	20221202102059.670000	120
20221202101959.680000	20221202102159.680000	120
20221202102059.690000	20221202102259.690000	120
20221202102159.700000	20221202102359.700000	120
20221202102259.710000	20221202102459.710000	120
20221202102359.720000	20221202102559.720000	120
20221202102459.730000	20221202102659.730000	120
20221202102559.740000	20221202102759.740000	120
20221202102659.750000	20221202102859.750000	120
20221202102759.760000	20221202102959.760000	120
20221202102859.770000	20221202103059.770000	120
20221202103159.800000	20221202103359.800000	120
20221202103259.810000	20221202103459.810000	120
20221202103359.820000	20221202103559.820000	120
20221202103459.830000	20221202103659.830000	120
20221202103559.840000	20221202103759.840000	120
20221202103659.850000	20221202103859.850000	120
20221202103759.860000	20221202103959.860000	120
20221202103859.870000	20221202104059.870000	120
20221202103959.880000	20221202104159.880000	120
20221202104059.890000	20221202104259.890000	120
20221202104159.900000	20221202104359.900000	120
20221202104259.910000	20221202104459.910000	120
20221202104359.920000	20221202104559.920000	120
20221202104459.930000	20221202104659.930000	120
20221202104559.940000	20221202104759.940000	120
20221202104659.950000	20221202104859.950000	120
20221202104759.960000	20221202104959.960000	120
20221202104859.970000	20221202105059.970000	120
20221202104959.980000	20221202105159.980000	120
#
# END WINDOW LIST
#
