# HV LOG FORMAT RELEASE 1.0
#
# BEGIN COMMAND LINE ARGUMENTS
#
C:/Users/koenvn/Geopsy 3.3.4/bin/geopsy.exe  $*
exit $?
#
# END COMMAND LINE ARGUMENTS
#
#
# BEGIN SOFTWARE VERSION
#
  Qt                  5.12.3
  QGpCoreTools        2.4.2 from 3.4.2
      (commit 33d7a93616e30a3d511fa67ad3f5da9da1a4aac6)
  QGpCoreMath         1.4.2 from 3.4.2
      (commit 306e3c199829ace6cbde6b242503355428580d05)
  GeopsyCore          4.4.2 from 3.4.2
      (commit 583bacf54d7367d6c29796a28c8179b98d88e28a)
  QGpGuiTools         2.4.2 from 3.4.2
      (commit 478ff49d6d6ec28d92b21ec9bfcef9f5d343b065)
  SciFigs             3.3.2 from 3.4.2
      (commit cec1d051784e8ee1d9774230fb96c1bb0b618aa0)
  QGpGuiMath          1.3.1 from 3.4.2
      (commit 8e80e068f4f3b16a30e8fb8dff21177f25a58da6)
  GeopsyGui           3.4.1 from 3.4.2
      (commit 905aba82a1928b07b3fd61dec384b9448698c80b)
  GeopsySLink         2.0.3 from 3.4.2
      (commit 2f01f562d775a4ddcdfc6a3b388c2ecb0cbb3a9a)
  GeopsySLinkGui      2.0.2 from 3.4.2
      (commit f6e61f2761b9ab1fa13c821e2a94732db60abf4f)
  geopsy              3.3.3 from 3.4.2
      (commit fb3d54b85a28e6ba741794e0cb6666d0b25c0167)
  geopsyfigs          1.0.2 from 3.4.2
      (commit 33697385e465d0d0ec4344aba55058811e934918)
  campbelltob3        1.0.1 from 3.4.2
      (commit 6e12f8024f0a052e430878492367702311588147)
  DinverCore          1.3.1 from 3.4.2
      (commit 7a17c1522ca1f626c89f2c1e87759f6b4a9311d4)
  QGpCoreWave         2.2.0 from 3.4.2
      (commit 18e08f9fd358a9e504047ec288ca4ab71a7c9851)
  QGpCompatibility    1.1.2 from 3.4.2
      (commit 3e05f6333687b574d4a18fb4336decd9efbe3efa)
  DinverDCCore        2.2.0 from 3.4.2
      (commit 654cab13b392853128bb5fa90891ecf10b5c3f0c)
  QGpCoreStat         1.2.2 from 3.4.2
      (commit 4ed49581fb9dfbf824223fae61af336330486596)
  ArrayCore           4.1.2 from 3.4.2
      (commit 85e1ce3b5a43ddb8cc16df7c31094c7c98a82104)
  QGpGuiWave          1.2.1 from 3.4.2
      (commit 2889d6a23de9671c33c0ae088b33e537035df26f)
  ArrayGui            1.3.0 from 3.4.2
      (commit bb09428d0df9ad7ab7996d50f8ac067b450a9bec)
  geopsyarray         3.2.4 from 3.4.2
      (commit 243028ab672fff396c683ed677c1dd4a1cc6a99b)
  geopsydamping       2.1.3 from 3.4.2
      (commit 2be6cba7701efb6e8c1a20c940cffe08f04ffcd2)
  HVCore              1.1.2 from 3.4.2
      (commit a76eb646e633a11fe6b411d1112c55e3c9107de4)
  HVGui               1.1.0 from 3.4.2
      (commit a66df7fe63f6c9107cfffcd4fa86d4f9893fec16)
  geopsyhv            4.0.2 from 3.4.2
      (commit ecd96a31c8abadf86bcbae0dd02bb37935b26dc7)
  geopsynr            1.1.1 from 3.4.2
      (commit f149a70197f8622e594ecec09f55068ecabcfc33)
  geopsyptmotion      2.0.3 from 3.4.2
      (commit c82034566f860b11afdc973ca84ef0027af6cf95)
  geopsyrefra         2.0.2 from 3.4.2
      (commit 807393bf66c9762a914de2cbc8c43813d8ae4227)
  geopsytfa           2.1.1 from 3.4.2
      (commit b87f1cb860bedfd6fb8d0439e749dd7464b26a24)
  hvtfa               2.1.3 from 3.4.2
      (commit fa8612a089e30f0bd72192724ee1ebe5fb4080b5)
  matfiles            1.0.3 from 3.4.2
      (commit aa4bbdecc6f645ece0598270993e17766e4c7b32)
  phaseit             1.0.2 from 3.4.2
      (commit 266b229edcf7986948d6d3f3940a154229b45f91)
#
# END SOFTWARE VERSION
#
#
# BEGIN SIGNAL LIST
#
[COMP 0]
 [SIG 0] E:/SOLODATA/MartinGeoCamb/TouretTaxis/TouretTaxis_splitted/5. Ramiro/453001250.1.2022.12.02.09.20.00.000.Z.miniseed at index 0
[COMP 1]
 [SIG 0] E:/SOLODATA/MartinGeoCamb/TouretTaxis/TouretTaxis_splitted/5. Ramiro/453001250.1.2022.12.02.09.20.00.000.N.miniseed at index 0
[COMP 2]
 [SIG 0] E:/SOLODATA/MartinGeoCamb/TouretTaxis/TouretTaxis_splitted/5. Ramiro/453001250.1.2022.12.02.09.20.00.000.E.miniseed at index 0
#
# END SIGNAL LIST
#
#
# BEGIN PARAMETERS
#
# Version 0: all files generated with releases before 20170901 (default for input)
PARAMETERS_VERSION=1
# TYPEs:
#   - Signal: from the start or to the end of signal (TEXT are useless)
#   - Delta: a fixed duration counted from the start or the end (e.g. TEXT=1h).
#   - Pick: from or to a time pick (TEXT=time pick name).
#   - Absolute: from or to a fixed time (e.g. TEXT=20170314115338.00)
FROM_TIME_TYPE=Signal
FROM_TIME_TEXT=0s
# TYPEs: Signal, Delta, Absolute
TO_TIME_TYPE=Signal
TO_TIME_TEXT=0s
REFERENCE=
COMMON_TIME_WINDOWS=false
# TYPEs: Exactly, AtLeast, FrequencyDependent
WINDOW_LENGTH_TYPE=Exactly
WINDOW_MIN_LENGTH(s)=60
WINDOW_MAX_LENGTH(s)=60
WINDOW_MAX_COUNT=0
# Length of time windows are adjusted to avoid a prime number of samples which
# slows down the FFT computation. Usually a maximum prime 11 in the prime factorization
# of the number of samples is a good compromise between the speed and the lenght inaccuracy
# Leave as zero to allow any prime number factorization.
WINDOW_MAXIMUM_PRIME_FACTOR=11
BAD_SAMPLE_TOLERANCE (s)=0
BAD_SAMPLE_GAP (s)=0
WINDOW_OVERLAP (%)=50
# TYPEs: NoSampleThreshold, RelativeSampleThreshold, AbsoluteSampleThreshold
BAD_SAMPLE_THRESHOLD_TYPE=RelativeSampleThreshold
BAD_SAMPLE_THRESHOLD_VALUE (%)=0.8
ANTI-TRIGGERING_ON_RAW_SIGNAL (y/n)=n
ANTI-TRIGGERING_ON_FILTERED_SIGNAL (y/n)=n
# Start a time window for each seismic event available inside the time range.
SEISMIC_EVENT_TRIGGER (y/n)=n
SEISMIC_EVENT_DELAY (s)=-0.1
WINDOW_TYPE=Tukey
WINDOW_REVERSED=n
WINDOW_ALPHA=0.1
SMOOTHING_METHOD=Function
SMOOTHING_WIDTH_TYPE=Proportional
SMOOTHING_WIDTH=0.4
# Describes the way values are summed: on a linear, log or inversed scale
SMOOTHING_SCALE_TYPE=Linear
SMOOTHING_WINDOW_TYPE=KonnoOhmachi
SMOOTHING_WINDOW_REVERSED=n
MINIMUM_FREQUENCY=0.2
MAXIMUM_FREQUENCY=100
# Either 'Linear', 'Log' or 'Inversed'
SCALE_TYPE_FREQUENCY=Log
# Number of samples is either set to a fixed value ('Count') or through a step between samples ('Step')'
STEP_TYPE_FREQUENCY=Step
SAMPLES_NUMBER_FREQUENCY=252
# STEP=difference between two successive samples for 'linear' scales
# STEP=ratio between two successive samples for 'log' scales
# STEP=difference between two successive inversed samples for 'inversed' scales
STEP_FREQUENCY=1.025
HIGH_PASS_FREQUENCY=0
# Possible values for HORIZONTAL_COMPONENTS: Squared, Energy, Azimuth, Geometric
HORIZONTAL_COMPONENTS=Squared
# HORIZONTAL_AZIMUTH is used only when HORIZONTAL_COMPONENTS==Azimuth
HORIZONTAL_AZIMUTH=0
# Used only for rotated output
ROTATION_STEP=10
# Frequency domain window rejection (Cox et al. (2020, GJI)
FREQUENCY_WINDOW_REJECTION_MINIMUM_FREQUENCY=0.0001
FREQUENCY_WINDOW_REJECTION_MAXIMUM_FREQUENCY=5000
FREQUENCY_WINDOW_REJECTION_STDDEV_FACTOR=2
FREQUENCY_WINDOW_REJECTION_MAXIMUM_ITERATIONS=50
#
# END PARAMETERS
#
#
# BEGIN WINDOWING LOG
#
Automatic windowing
#
# END WINDOWING LOG
#
#
# BEGIN WINDOW LIST
#
# Number= 504
# Start time 	 End Time 	 Window length
20221202092103.844000	20221202092203.844000	60
20221202092133.845000	20221202092233.845000	60
20221202092233.847000	20221202092333.847000	60
20221202092303.848000	20221202092403.848000	60
20221202092333.849000	20221202092433.849000	60
20221202092403.850000	20221202092503.850000	60
20221202092503.852000	20221202092603.852000	60
20221202092603.854000	20221202092703.854000	60
20221202092633.855000	20221202092733.855000	60
20221202092703.856000	20221202092803.856000	60
20221202092733.857000	20221202092833.857000	60
20221202092803.858000	20221202092903.858000	60
20221202092833.859000	20221202092933.859000	60
20221202093003.862000	20221202093103.862000	60
20221202093033.863000	20221202093133.863000	60
20221202093203.866000	20221202093303.866000	60
20221202093233.867000	20221202093333.867000	60
20221202093303.868000	20221202093403.868000	60
20221202093333.869000	20221202093433.869000	60
20221202093403.870000	20221202093503.870000	60
20221202093433.871000	20221202093533.871000	60
20221202093503.872000	20221202093603.872000	60
20221202093533.873000	20221202093633.873000	60
20221202093633.875000	20221202093733.875000	60
20221202093703.876000	20221202093803.876000	60
20221202093833.879000	20221202093933.879000	60
20221202093903.880000	20221202094003.880000	60
20221202093933.881000	20221202094033.881000	60
20221202094003.882000	20221202094103.882000	60
20221202094033.883000	20221202094133.883000	60
20221202094157.082000	20221202094257.082000	60
20221202094227.083000	20221202094327.083000	60
20221202094257.084000	20221202094357.084000	60
20221202094327.085000	20221202094427.085000	60
20221202094357.086000	20221202094457.086000	60
20221202094527.089000	20221202094627.089000	60
20221202094557.090000	20221202094657.090000	60
20221202094627.091000	20221202094727.091000	60
20221202094657.092000	20221202094757.092000	60
20221202094727.093000	20221202094827.093000	60
20221202094757.094000	20221202094857.094000	60
20221202094827.095000	20221202094927.095000	60
20221202094857.096000	20221202094957.096000	60
20221202094927.097000	20221202095027.097000	60
20221202095141.066000	20221202095241.066000	60
20221202095348.494000	20221202095448.494000	60
20221202095418.495000	20221202095518.495000	60
20221202095448.496000	20221202095548.496000	60
20221202095518.497000	20221202095618.497000	60
20221202095548.498000	20221202095648.498000	60
20221202095618.499000	20221202095718.499000	60
20221202095648.500000	20221202095748.500000	60
20221202095718.501000	20221202095818.501000	60
20221202095748.502000	20221202095848.502000	60
20221202095848.504000	20221202095948.504000	60
20221202095948.506000	20221202100048.506000	60
20221202100018.507000	20221202100118.507000	60
20221202100048.508000	20221202100148.508000	60
20221202100118.509000	20221202100218.509000	60
20221202100148.510000	20221202100248.510000	60
20221202100218.511000	20221202100318.511000	60
20221202100248.512000	20221202100348.512000	60
20221202100318.513000	20221202100418.513000	60
20221202100348.514000	20221202100448.514000	60
20221202100418.515000	20221202100518.515000	60
20221202100448.516000	20221202100548.516000	60
20221202100518.517000	20221202100618.517000	60
20221202100548.518000	20221202100648.518000	60
20221202100648.520000	20221202100748.520000	60
20221202100718.521000	20221202100818.521000	60
20221202100748.522000	20221202100848.522000	60
20221202100918.525000	20221202101018.525000	60
20221202100948.526000	20221202101048.526000	60
20221202101018.527000	20221202101118.527000	60
20221202101048.528000	20221202101148.528000	60
20221202101148.530000	20221202101248.530000	60
20221202101218.531000	20221202101318.531000	60
20221202101248.532000	20221202101348.532000	60
20221202101418.535000	20221202101518.535000	60
20221202101448.536000	20221202101548.536000	60
20221202101518.537000	20221202101618.537000	60
20221202101548.538000	20221202101648.538000	60
20221202101618.539000	20221202101718.539000	60
20221202101648.540000	20221202101748.540000	60
20221202101718.541000	20221202101818.541000	60
20221202101748.542000	20221202101848.542000	60
20221202101818.543000	20221202101918.543000	60
20221202101848.544000	20221202101948.544000	60
20221202101918.545000	20221202102018.545000	60
20221202101948.546000	20221202102048.546000	60
20221202102148.550000	20221202102248.550000	60
20221202102218.551000	20221202102318.551000	60
20221202102348.554000	20221202102448.554000	60
20221202102418.555000	20221202102518.555000	60
20221202102448.556000	20221202102548.556000	60
20221202102548.558000	20221202102648.558000	60
20221202102618.559000	20221202102718.559000	60
20221202102648.560000	20221202102748.560000	60
20221202102748.562000	20221202102848.562000	60
20221202102818.563000	20221202102918.563000	60
20221202102848.564000	20221202102948.564000	60
20221202102918.565000	20221202103018.565000	60
20221202103118.569000	20221202103218.569000	60
20221202103148.570000	20221202103248.570000	60
20221202103418.575000	20221202103518.575000	60
20221202103448.576000	20221202103548.576000	60
20221202103518.577000	20221202103618.577000	60
20221202103548.578000	20221202103648.578000	60
20221202103618.579000	20221202103718.579000	60
20221202103718.581000	20221202103818.581000	60
20221202103748.582000	20221202103848.582000	60
20221202103818.583000	20221202103918.583000	60
20221202103848.584000	20221202103948.584000	60
20221202103918.585000	20221202104018.585000	60
20221202103948.586000	20221202104048.586000	60
20221202104018.587000	20221202104118.587000	60
20221202104048.588000	20221202104148.588000	60
20221202104118.589000	20221202104218.589000	60
20221202104218.591000	20221202104318.591000	60
20221202104248.592000	20221202104348.592000	60
20221202104318.593000	20221202104418.593000	60
20221202104518.597000	20221202104618.597000	60
20221202104548.598000	20221202104648.598000	60
20221202104618.599000	20221202104718.599000	60
20221202104648.600000	20221202104748.600000	60
20221202104718.601000	20221202104818.601000	60
20221202104848.604000	20221202104948.604000	60
20221202104918.605000	20221202105018.605000	60
20221202104948.606000	20221202105048.606000	60
20221202105018.607000	20221202105118.607000	60
20221202105048.608000	20221202105148.608000	60
20221202105118.609000	20221202105218.609000	60
20221202105148.610000	20221202105248.610000	60
20221202105218.611000	20221202105318.611000	60
20221202105248.612000	20221202105348.612000	60
20221202105318.613000	20221202105418.613000	60
20221202105348.614000	20221202105448.614000	60
20221202105418.615000	20221202105518.615000	60
20221202105448.616000	20221202105548.616000	60
20221202105518.617000	20221202105618.617000	60
20221202105548.618000	20221202105648.618000	60
20221202105618.619000	20221202105718.619000	60
20221202105648.620000	20221202105748.620000	60
20221202105718.621000	20221202105818.621000	60
20221202105748.622000	20221202105848.622000	60
20221202105818.623000	20221202105918.623000	60
20221202105848.624000	20221202105948.624000	60
20221202105918.625000	20221202110018.625000	60
20221202105948.626000	20221202110048.626000	60
20221202110018.627000	20221202110118.627000	60
20221202110048.628000	20221202110148.628000	60
20221202110418.635000	20221202110518.635000	60
20221202110448.636000	20221202110548.636000	60
20221202110518.637000	20221202110618.637000	60
20221202110548.638000	20221202110648.638000	60
20221202110618.639000	20221202110718.639000	60
20221202110648.640000	20221202110748.640000	60
20221202110718.641000	20221202110818.641000	60
20221202110748.642000	20221202110848.642000	60
20221202110818.643000	20221202110918.643000	60
20221202110848.644000	20221202110948.644000	60
20221202110918.645000	20221202111018.645000	60
20221202110948.646000	20221202111048.646000	60
20221202111018.647000	20221202111118.647000	60
20221202111048.648000	20221202111148.648000	60
20221202111118.649000	20221202111218.649000	60
20221202111148.650000	20221202111248.650000	60
20221202111218.651000	20221202111318.651000	60
20221202111248.652000	20221202111348.652000	60
20221202111318.653000	20221202111418.653000	60
20221202111348.654000	20221202111448.654000	60
20221202111418.655000	20221202111518.655000	60
20221202111448.656000	20221202111548.656000	60
20221202111518.657000	20221202111618.657000	60
20221202111548.658000	20221202111648.658000	60
20221202111618.659000	20221202111718.659000	60
20221202111648.660000	20221202111748.660000	60
20221202111718.661000	20221202111818.661000	60
20221202111748.662000	20221202111848.662000	60
20221202111818.663000	20221202111918.663000	60
20221202111848.664000	20221202111948.664000	60
20221202111918.665000	20221202112018.665000	60
20221202112048.668000	20221202112148.668000	60
20221202112148.670000	20221202112248.670000	60
20221202112218.671000	20221202112318.671000	60
20221202112248.672000	20221202112348.672000	60
20221202112318.673000	20221202112418.673000	60
20221202112348.674000	20221202112448.674000	60
20221202112418.675000	20221202112518.675000	60
20221202112448.676000	20221202112548.676000	60
20221202112518.677000	20221202112618.677000	60
20221202112548.678000	20221202112648.678000	60
20221202112648.680000	20221202112748.680000	60
20221202112718.681000	20221202112818.681000	60
20221202112748.682000	20221202112848.682000	60
20221202112818.683000	20221202112918.683000	60
20221202112848.684000	20221202112948.684000	60
20221202112918.685000	20221202113018.685000	60
20221202112948.686000	20221202113048.686000	60
20221202113118.689000	20221202113218.689000	60
20221202113148.690000	20221202113248.690000	60
20221202113218.691000	20221202113318.691000	60
20221202113248.692000	20221202113348.692000	60
20221202113318.693000	20221202113418.693000	60
20221202113348.694000	20221202113448.694000	60
20221202113418.695000	20221202113518.695000	60
20221202113448.696000	20221202113548.696000	60
20221202113518.697000	20221202113618.697000	60
20221202113548.698000	20221202113648.698000	60
20221202113618.699000	20221202113718.699000	60
20221202113648.700000	20221202113748.700000	60
20221202113718.701000	20221202113818.701000	60
20221202113748.702000	20221202113848.702000	60
20221202113818.703000	20221202113918.703000	60
20221202113848.704000	20221202113948.704000	60
20221202113918.705000	20221202114018.705000	60
20221202113948.706000	20221202114048.706000	60
20221202114018.707000	20221202114118.707000	60
20221202114048.708000	20221202114148.708000	60
20221202114118.709000	20221202114218.709000	60
20221202114148.710000	20221202114248.710000	60
20221202114218.711000	20221202114318.711000	60
20221202114248.712000	20221202114348.712000	60
20221202114318.713000	20221202114418.713000	60
20221202114348.714000	20221202114448.714000	60
20221202114418.715000	20221202114518.715000	60
20221202114448.716000	20221202114548.716000	60
20221202114518.717000	20221202114618.717000	60
20221202114548.718000	20221202114648.718000	60
20221202114618.719000	20221202114718.719000	60
20221202114648.720000	20221202114748.720000	60
20221202114718.721000	20221202114818.721000	60
20221202114748.722000	20221202114848.722000	60
20221202114818.723000	20221202114918.723000	60
20221202114848.724000	20221202114948.724000	60
20221202114918.725000	20221202115018.725000	60
20221202114948.726000	20221202115048.726000	60
20221202115018.727000	20221202115118.727000	60
20221202115048.728000	20221202115148.728000	60
20221202115118.729000	20221202115218.729000	60
20221202115148.730000	20221202115248.730000	60
20221202115218.731000	20221202115318.731000	60
20221202115248.732000	20221202115348.732000	60
20221202115318.733000	20221202115418.733000	60
20221202115348.734000	20221202115448.734000	60
20221202115448.736000	20221202115548.736000	60
20221202115518.737000	20221202115618.737000	60
20221202115548.738000	20221202115648.738000	60
20221202115618.739000	20221202115718.739000	60
20221202115648.740000	20221202115748.740000	60
20221202115718.741000	20221202115818.741000	60
20221202115748.742000	20221202115848.742000	60
20221202115818.743000	20221202115918.743000	60
20221202115848.744000	20221202115948.744000	60
20221202115918.745000	20221202120018.745000	60
20221202115948.746000	20221202120048.746000	60
20221202120018.747000	20221202120118.747000	60
20221202120048.748000	20221202120148.748000	60
20221202120118.749000	20221202120218.749000	60
20221202120148.750000	20221202120248.750000	60
20221202120218.751000	20221202120318.751000	60
20221202120248.752000	20221202120348.752000	60
20221202120318.753000	20221202120418.753000	60
20221202120348.754000	20221202120448.754000	60
20221202120418.755000	20221202120518.755000	60
20221202120448.756000	20221202120548.756000	60
20221202120518.757000	20221202120618.757000	60
20221202120548.758000	20221202120648.758000	60
20221202120618.759000	20221202120718.759000	60
20221202120648.760000	20221202120748.760000	60
20221202120718.761000	20221202120818.761000	60
20221202120748.762000	20221202120848.762000	60
20221202120818.763000	20221202120918.763000	60
20221202120918.765000	20221202121018.765000	60
20221202120948.766000	20221202121048.766000	60
20221202121018.767000	20221202121118.767000	60
20221202121118.769000	20221202121218.769000	60
20221202121148.770000	20221202121248.770000	60
20221202121218.771000	20221202121318.771000	60
20221202121248.772000	20221202121348.772000	60
20221202121318.773000	20221202121418.773000	60
20221202121348.774000	20221202121448.774000	60
20221202121418.775000	20221202121518.775000	60
20221202121448.776000	20221202121548.776000	60
20221202121518.777000	20221202121618.777000	60
20221202121548.778000	20221202121648.778000	60
20221202121618.779000	20221202121718.779000	60
20221202121648.780000	20221202121748.780000	60
20221202121718.781000	20221202121818.781000	60
20221202121748.782000	20221202121848.782000	60
20221202121818.783000	20221202121918.783000	60
20221202121848.784000	20221202121948.784000	60
20221202121918.785000	20221202122018.785000	60
20221202121948.786000	20221202122048.786000	60
20221202122018.787000	20221202122118.787000	60
20221202122048.788000	20221202122148.788000	60
20221202122118.789000	20221202122218.789000	60
20221202122148.790000	20221202122248.790000	60
20221202122218.791000	20221202122318.791000	60
20221202122248.792000	20221202122348.792000	60
20221202122318.793000	20221202122418.793000	60
20221202122348.794000	20221202122448.794000	60
20221202122418.795000	20221202122518.795000	60
20221202122448.796000	20221202122548.796000	60
20221202122518.797000	20221202122618.797000	60
20221202122548.798000	20221202122648.798000	60
20221202122748.802000	20221202122848.802000	60
20221202122818.803000	20221202122918.803000	60
20221202122848.804000	20221202122948.804000	60
20221202122918.805000	20221202123018.805000	60
20221202122948.806000	20221202123048.806000	60
20221202123018.807000	20221202123118.807000	60
20221202123048.808000	20221202123148.808000	60
20221202123118.809000	20221202123218.809000	60
20221202123148.810000	20221202123248.810000	60
20221202123218.811000	20221202123318.811000	60
20221202123248.812000	20221202123348.812000	60
20221202123318.813000	20221202123418.813000	60
20221202123348.814000	20221202123448.814000	60
20221202123418.815000	20221202123518.815000	60
20221202123448.816000	20221202123548.816000	60
20221202123518.817000	20221202123618.817000	60
20221202123548.818000	20221202123648.818000	60
20221202123618.819000	20221202123718.819000	60
20221202123648.820000	20221202123748.820000	60
20221202123718.821000	20221202123818.821000	60
20221202123748.822000	20221202123848.822000	60
20221202123848.824000	20221202123948.824000	60
20221202123918.825000	20221202124018.825000	60
20221202123948.826000	20221202124048.826000	60
20221202124018.827000	20221202124118.827000	60
20221202124048.828000	20221202124148.828000	60
20221202124118.829000	20221202124218.829000	60
20221202124148.830000	20221202124248.830000	60
20221202124218.831000	20221202124318.831000	60
20221202124248.832000	20221202124348.832000	60
20221202124318.833000	20221202124418.833000	60
20221202124348.834000	20221202124448.834000	60
20221202124418.835000	20221202124518.835000	60
20221202124448.836000	20221202124548.836000	60
20221202124518.837000	20221202124618.837000	60
20221202124548.838000	20221202124648.838000	60
20221202124618.839000	20221202124718.839000	60
20221202124648.840000	20221202124748.840000	60
20221202124718.841000	20221202124818.841000	60
20221202124748.842000	20221202124848.842000	60
20221202124818.843000	20221202124918.843000	60
20221202124848.844000	20221202124948.844000	60
20221202124918.845000	20221202125018.845000	60
20221202124948.846000	20221202125048.846000	60
20221202125018.847000	20221202125118.847000	60
20221202125048.848000	20221202125148.848000	60
20221202125118.849000	20221202125218.849000	60
20221202125148.850000	20221202125248.850000	60
20221202125218.851000	20221202125318.851000	60
20221202125248.852000	20221202125348.852000	60
20221202125318.853000	20221202125418.853000	60
20221202125348.854000	20221202125448.854000	60
20221202125418.855000	20221202125518.855000	60
20221202125448.856000	20221202125548.856000	60
20221202125518.857000	20221202125618.857000	60
20221202125548.858000	20221202125648.858000	60
20221202125648.860000	20221202125748.860000	60
20221202125718.861000	20221202125818.861000	60
20221202125748.862000	20221202125848.862000	60
20221202125818.863000	20221202125918.863000	60
20221202125848.864000	20221202125948.864000	60
20221202125918.865000	20221202130018.865000	60
20221202125948.866000	20221202130048.866000	60
20221202130018.867000	20221202130118.867000	60
20221202130048.868000	20221202130148.868000	60
20221202130118.869000	20221202130218.869000	60
20221202130148.870000	20221202130248.870000	60
20221202130218.871000	20221202130318.871000	60
20221202130448.876000	20221202130548.876000	60
20221202130518.877000	20221202130618.877000	60
20221202130548.878000	20221202130648.878000	60
20221202130648.880000	20221202130748.880000	60
20221202130718.881000	20221202130818.881000	60
20221202130818.883000	20221202130918.883000	60
20221202130848.884000	20221202130948.884000	60
20221202130918.885000	20221202131018.885000	60
20221202130948.886000	20221202131048.886000	60
20221202131018.887000	20221202131118.887000	60
20221202131048.888000	20221202131148.888000	60
20221202131118.889000	20221202131218.889000	60
20221202131148.890000	20221202131248.890000	60
20221202131218.891000	20221202131318.891000	60
20221202131248.892000	20221202131348.892000	60
20221202131318.893000	20221202131418.893000	60
20221202131348.894000	20221202131448.894000	60
20221202131418.895000	20221202131518.895000	60
20221202131448.896000	20221202131548.896000	60
20221202131518.897000	20221202131618.897000	60
20221202131548.898000	20221202131648.898000	60
20221202131618.899000	20221202131718.899000	60
20221202131648.900000	20221202131748.900000	60
20221202131718.901000	20221202131818.901000	60
20221202131748.902000	20221202131848.902000	60
20221202131818.903000	20221202131918.903000	60
20221202131848.904000	20221202131948.904000	60
20221202131918.905000	20221202132018.905000	60
20221202131948.906000	20221202132048.906000	60
20221202132018.907000	20221202132118.907000	60
20221202132048.908000	20221202132148.908000	60
20221202132118.909000	20221202132218.909000	60
20221202132148.910000	20221202132248.910000	60
20221202132218.911000	20221202132318.911000	60
20221202132248.912000	20221202132348.912000	60
20221202132318.913000	20221202132418.913000	60
20221202132348.914000	20221202132448.914000	60
20221202132418.915000	20221202132518.915000	60
20221202132448.916000	20221202132548.916000	60
20221202132518.917000	20221202132618.917000	60
20221202132548.918000	20221202132648.918000	60
20221202132648.920000	20221202132748.920000	60
20221202132718.921000	20221202132818.921000	60
20221202132748.922000	20221202132848.922000	60
20221202132818.923000	20221202132918.923000	60
20221202132848.924000	20221202132948.924000	60
20221202132918.925000	20221202133018.925000	60
20221202132948.926000	20221202133048.926000	60
20221202133018.927000	20221202133118.927000	60
20221202133048.928000	20221202133148.928000	60
20221202133118.929000	20221202133218.929000	60
20221202133148.930000	20221202133248.930000	60
20221202133248.932000	20221202133348.932000	60
20221202133318.933000	20221202133418.933000	60
20221202133448.936000	20221202133548.936000	60
20221202133518.937000	20221202133618.937000	60
20221202133548.938000	20221202133648.938000	60
20221202133618.939000	20221202133718.939000	60
20221202133648.940000	20221202133748.940000	60
20221202133718.941000	20221202133818.941000	60
20221202133748.942000	20221202133848.942000	60
20221202133818.943000	20221202133918.943000	60
20221202133848.944000	20221202133948.944000	60
20221202133918.945000	20221202134018.945000	60
20221202133948.946000	20221202134048.946000	60
20221202134018.947000	20221202134118.947000	60
20221202134048.948000	20221202134148.948000	60
20221202134118.949000	20221202134218.949000	60
20221202134148.950000	20221202134248.950000	60
20221202134218.951000	20221202134318.951000	60
20221202134248.952000	20221202134348.952000	60
20221202134318.953000	20221202134418.953000	60
20221202134348.954000	20221202134448.954000	60
20221202134418.955000	20221202134518.955000	60
20221202134448.956000	20221202134548.956000	60
20221202134518.957000	20221202134618.957000	60
20221202134548.958000	20221202134648.958000	60
20221202134618.959000	20221202134718.959000	60
20221202134648.960000	20221202134748.960000	60
20221202134718.961000	20221202134818.961000	60
20221202134748.962000	20221202134848.962000	60
20221202134818.963000	20221202134918.963000	60
20221202134848.964000	20221202134948.964000	60
20221202134918.965000	20221202135018.965000	60
20221202134948.966000	20221202135048.966000	60
20221202135018.967000	20221202135118.967000	60
20221202135048.968000	20221202135148.968000	60
20221202135118.969000	20221202135218.969000	60
20221202135148.970000	20221202135248.970000	60
20221202135218.971000	20221202135318.971000	60
20221202135248.972000	20221202135348.972000	60
20221202135318.973000	20221202135418.973000	60
20221202135348.974000	20221202135448.974000	60
20221202135418.975000	20221202135518.975000	60
20221202135448.976000	20221202135548.976000	60
20221202135518.977000	20221202135618.977000	60
20221202135548.978000	20221202135648.978000	60
20221202135618.979000	20221202135718.979000	60
20221202135648.980000	20221202135748.980000	60
20221202135718.981000	20221202135818.981000	60
20221202135748.982000	20221202135848.982000	60
20221202135818.983000	20221202135918.983000	60
20221202135848.984000	20221202135948.984000	60
20221202135948.986000	20221202140048.986000	60
20221202140018.987000	20221202140118.987000	60
20221202140048.988000	20221202140148.988000	60
20221202140118.989000	20221202140218.989000	60
20221202140148.990000	20221202140248.990000	60
20221202140218.991000	20221202140318.991000	60
20221202140448.996000	20221202140548.996000	60
20221202140518.997000	20221202140618.997000	60
20221202140548.998000	20221202140648.998000	60
20221202140618.999000	20221202140718.999000	60
20221202140649.000000	20221202140749.000000	60
20221202140719.001000	20221202140819.001000	60
20221202140749.002000	20221202140849.002000	60
20221202140819.003000	20221202140919.003000	60
20221202140849.004000	20221202140949.004000	60
20221202140919.005000	20221202141019.005000	60
20221202140949.006000	20221202141049.006000	60
20221202141019.007000	20221202141119.007000	60
20221202141049.008000	20221202141149.008000	60
20221202141119.009000	20221202141219.009000	60
20221202141149.010000	20221202141249.010000	60
20221202141219.011000	20221202141319.011000	60
20221202141249.012000	20221202141349.012000	60
20221202141319.013000	20221202141419.013000	60
20221202141349.014000	20221202141449.014000	60
20221202141419.015000	20221202141519.015000	60
20221202141449.016000	20221202141549.016000	60
#
# END WINDOW LIST
#
