# HV LOG FORMAT RELEASE 1.0
#
# BEGIN COMMAND LINE ARGUMENTS
#
C:/Users/koenvn/Geopsy 3.3.4/bin/geopsy.exe  $*
exit $?
#
# END COMMAND LINE ARGUMENTS
#
#
# BEGIN SOFTWARE VERSION
#
  Qt                  5.12.3
  QGpCoreTools        2.4.2 from 3.4.2
      (commit 33d7a93616e30a3d511fa67ad3f5da9da1a4aac6)
  QGpCoreMath         1.4.2 from 3.4.2
      (commit 306e3c199829ace6cbde6b242503355428580d05)
  GeopsyCore          4.4.2 from 3.4.2
      (commit 583bacf54d7367d6c29796a28c8179b98d88e28a)
  QGpGuiTools         2.4.2 from 3.4.2
      (commit 478ff49d6d6ec28d92b21ec9bfcef9f5d343b065)
  SciFigs             3.3.2 from 3.4.2
      (commit cec1d051784e8ee1d9774230fb96c1bb0b618aa0)
  QGpGuiMath          1.3.1 from 3.4.2
      (commit 8e80e068f4f3b16a30e8fb8dff21177f25a58da6)
  GeopsyGui           3.4.1 from 3.4.2
      (commit 905aba82a1928b07b3fd61dec384b9448698c80b)
  GeopsySLink         2.0.3 from 3.4.2
      (commit 2f01f562d775a4ddcdfc6a3b388c2ecb0cbb3a9a)
  GeopsySLinkGui      2.0.2 from 3.4.2
      (commit f6e61f2761b9ab1fa13c821e2a94732db60abf4f)
  geopsy              3.3.3 from 3.4.2
      (commit fb3d54b85a28e6ba741794e0cb6666d0b25c0167)
  geopsyfigs          1.0.2 from 3.4.2
      (commit 33697385e465d0d0ec4344aba55058811e934918)
  campbelltob3        1.0.1 from 3.4.2
      (commit 6e12f8024f0a052e430878492367702311588147)
  DinverCore          1.3.1 from 3.4.2
      (commit 7a17c1522ca1f626c89f2c1e87759f6b4a9311d4)
  QGpCoreWave         2.2.0 from 3.4.2
      (commit 18e08f9fd358a9e504047ec288ca4ab71a7c9851)
  QGpCompatibility    1.1.2 from 3.4.2
      (commit 3e05f6333687b574d4a18fb4336decd9efbe3efa)
  DinverDCCore        2.2.0 from 3.4.2
      (commit 654cab13b392853128bb5fa90891ecf10b5c3f0c)
  QGpCoreStat         1.2.2 from 3.4.2
      (commit 4ed49581fb9dfbf824223fae61af336330486596)
  ArrayCore           4.1.2 from 3.4.2
      (commit 85e1ce3b5a43ddb8cc16df7c31094c7c98a82104)
  QGpGuiWave          1.2.1 from 3.4.2
      (commit 2889d6a23de9671c33c0ae088b33e537035df26f)
  ArrayGui            1.3.0 from 3.4.2
      (commit bb09428d0df9ad7ab7996d50f8ac067b450a9bec)
  geopsyarray         3.2.4 from 3.4.2
      (commit 243028ab672fff396c683ed677c1dd4a1cc6a99b)
  geopsydamping       2.1.3 from 3.4.2
      (commit 2be6cba7701efb6e8c1a20c940cffe08f04ffcd2)
  HVCore              1.1.2 from 3.4.2
      (commit a76eb646e633a11fe6b411d1112c55e3c9107de4)
  HVGui               1.1.0 from 3.4.2
      (commit a66df7fe63f6c9107cfffcd4fa86d4f9893fec16)
  geopsyhv            4.0.2 from 3.4.2
      (commit ecd96a31c8abadf86bcbae0dd02bb37935b26dc7)
  geopsynr            1.1.1 from 3.4.2
      (commit f149a70197f8622e594ecec09f55068ecabcfc33)
  geopsyptmotion      2.0.3 from 3.4.2
      (commit c82034566f860b11afdc973ca84ef0027af6cf95)
  geopsyrefra         2.0.2 from 3.4.2
      (commit 807393bf66c9762a914de2cbc8c43813d8ae4227)
  geopsytfa           2.1.1 from 3.4.2
      (commit b87f1cb860bedfd6fb8d0439e749dd7464b26a24)
  hvtfa               2.1.3 from 3.4.2
      (commit fa8612a089e30f0bd72192724ee1ebe5fb4080b5)
  matfiles            1.0.3 from 3.4.2
      (commit aa4bbdecc6f645ece0598270993e17766e4c7b32)
  phaseit             1.0.2 from 3.4.2
      (commit 266b229edcf7986948d6d3f3940a154229b45f91)
#
# END SOFTWARE VERSION
#
#
# BEGIN SIGNAL LIST
#
[COMP 0]
 [SIG 0] E:/SOLODATA/MartinGeoCamb/TouretTaxis/TouretTaxis_splitted/2. Leslie/453000390.1.2022.12.02.09.09.00.000.Z.miniseed at index 0
[COMP 1]
 [SIG 0] E:/SOLODATA/MartinGeoCamb/TouretTaxis/TouretTaxis_splitted/2. Leslie/453000390.1.2022.12.02.09.09.00.000.N.miniseed at index 0
[COMP 2]
 [SIG 0] E:/SOLODATA/MartinGeoCamb/TouretTaxis/TouretTaxis_splitted/2. Leslie/453000390.1.2022.12.02.09.09.00.000.E.miniseed at index 0
#
# END SIGNAL LIST
#
#
# BEGIN PARAMETERS
#
# Version 0: all files generated with releases before 20170901 (default for input)
PARAMETERS_VERSION=1
# TYPEs:
#   - Signal: from the start or to the end of signal (TEXT are useless)
#   - Delta: a fixed duration counted from the start or the end (e.g. TEXT=1h).
#   - Pick: from or to a time pick (TEXT=time pick name).
#   - Absolute: from or to a fixed time (e.g. TEXT=20170314115338.00)
FROM_TIME_TYPE=Signal
FROM_TIME_TEXT=0s
# TYPEs: Signal, Delta, Absolute
TO_TIME_TYPE=Signal
TO_TIME_TEXT=0s
REFERENCE=
COMMON_TIME_WINDOWS=false
# TYPEs: Exactly, AtLeast, FrequencyDependent
WINDOW_LENGTH_TYPE=Exactly
WINDOW_MIN_LENGTH(s)=60
WINDOW_MAX_LENGTH(s)=60
WINDOW_MAX_COUNT=0
# Length of time windows are adjusted to avoid a prime number of samples which
# slows down the FFT computation. Usually a maximum prime 11 in the prime factorization
# of the number of samples is a good compromise between the speed and the lenght inaccuracy
# Leave as zero to allow any prime number factorization.
WINDOW_MAXIMUM_PRIME_FACTOR=11
BAD_SAMPLE_TOLERANCE (s)=0
BAD_SAMPLE_GAP (s)=0
WINDOW_OVERLAP (%)=50
# TYPEs: NoSampleThreshold, RelativeSampleThreshold, AbsoluteSampleThreshold
BAD_SAMPLE_THRESHOLD_TYPE=RelativeSampleThreshold
BAD_SAMPLE_THRESHOLD_VALUE (%)=0.5
ANTI-TRIGGERING_ON_RAW_SIGNAL (y/n)=n
ANTI-TRIGGERING_ON_FILTERED_SIGNAL (y/n)=n
# Start a time window for each seismic event available inside the time range.
SEISMIC_EVENT_TRIGGER (y/n)=n
SEISMIC_EVENT_DELAY (s)=-0.1
WINDOW_TYPE=Tukey
WINDOW_REVERSED=n
WINDOW_ALPHA=0.1
SMOOTHING_METHOD=Function
SMOOTHING_WIDTH_TYPE=Proportional
SMOOTHING_WIDTH=0.4
# Describes the way values are summed: on a linear, log or inversed scale
SMOOTHING_SCALE_TYPE=Linear
SMOOTHING_WINDOW_TYPE=KonnoOhmachi
SMOOTHING_WINDOW_REVERSED=n
MINIMUM_FREQUENCY=0.2
MAXIMUM_FREQUENCY=100
# Either 'Linear', 'Log' or 'Inversed'
SCALE_TYPE_FREQUENCY=Log
# Number of samples is either set to a fixed value ('Count') or through a step between samples ('Step')'
STEP_TYPE_FREQUENCY=Step
SAMPLES_NUMBER_FREQUENCY=252
# STEP=difference between two successive samples for 'linear' scales
# STEP=ratio between two successive samples for 'log' scales
# STEP=difference between two successive inversed samples for 'inversed' scales
STEP_FREQUENCY=1.025
HIGH_PASS_FREQUENCY=0
# Possible values for HORIZONTAL_COMPONENTS: Squared, Energy, Azimuth, Geometric
HORIZONTAL_COMPONENTS=Squared
# HORIZONTAL_AZIMUTH is used only when HORIZONTAL_COMPONENTS==Azimuth
HORIZONTAL_AZIMUTH=0
# Used only for rotated output
ROTATION_STEP=10
# Frequency domain window rejection (Cox et al. (2020, GJI)
FREQUENCY_WINDOW_REJECTION_MINIMUM_FREQUENCY=0.0001
FREQUENCY_WINDOW_REJECTION_MAXIMUM_FREQUENCY=5000
FREQUENCY_WINDOW_REJECTION_STDDEV_FACTOR=2
FREQUENCY_WINDOW_REJECTION_MAXIMUM_ITERATIONS=50
#
# END PARAMETERS
#
#
# BEGIN WINDOWING LOG
#
Automatic windowing
#
# END WINDOWING LOG
#
#
# BEGIN WINDOW LIST
#
# Number= 132
# Start time 	 End Time 	 Window length
20221202090900.000000	20221202091000.000000	60
20221202091000.002000	20221202091100.002000	60
20221202091400.010000	20221202091500.010000	60
20221202091430.011000	20221202091530.011000	60
20221202091500.012000	20221202091600.012000	60
20221202091530.013000	20221202091630.013000	60
20221202091600.014000	20221202091700.014000	60
20221202091630.015000	20221202091730.015000	60
20221202091700.016000	20221202091800.016000	60
20221202091730.017000	20221202091830.017000	60
20221202091800.018000	20221202091900.018000	60
20221202091830.019000	20221202091930.019000	60
20221202091900.020000	20221202092000.020000	60
20221202092056.510000	20221202092156.510000	60
20221202092426.517000	20221202092526.517000	60
20221202092456.518000	20221202092556.518000	60
20221202092753.971000	20221202092853.971000	60
20221202092823.972000	20221202092923.972000	60
20221202092853.973000	20221202092953.973000	60
20221202093023.976000	20221202093123.976000	60
20221202093053.977000	20221202093153.977000	60
20221202093123.978000	20221202093223.978000	60
20221202093153.979000	20221202093253.979000	60
20221202093223.980000	20221202093323.980000	60
20221202093253.981000	20221202093353.981000	60
20221202093323.982000	20221202093423.982000	60
20221202093523.986000	20221202093623.986000	60
20221202093623.988000	20221202093723.988000	60
20221202093853.993000	20221202093953.993000	60
20221202094353.473000	20221202094453.473000	60
20221202094456.298000	20221202094556.298000	60
20221202094622.213000	20221202094722.213000	60
20221202094652.214000	20221202094752.214000	60
20221202094722.215000	20221202094822.215000	60
20221202094752.216000	20221202094852.216000	60
20221202094922.219000	20221202095022.219000	60
20221202094952.220000	20221202095052.220000	60
20221202095022.221000	20221202095122.221000	60
20221202095052.222000	20221202095152.222000	60
20221202095122.223000	20221202095222.223000	60
20221202095352.228000	20221202095452.228000	60
20221202095422.229000	20221202095522.229000	60
20221202095452.230000	20221202095552.230000	60
20221202095522.231000	20221202095622.231000	60
20221202095552.232000	20221202095652.232000	60
20221202095622.233000	20221202095722.233000	60
20221202095652.234000	20221202095752.234000	60
20221202095852.238000	20221202095952.238000	60
20221202095922.239000	20221202100022.239000	60
20221202095952.240000	20221202100052.240000	60
20221202100022.241000	20221202100122.241000	60
20221202100052.242000	20221202100152.242000	60
20221202100122.243000	20221202100222.243000	60
20221202100152.244000	20221202100252.244000	60
20221202100222.245000	20221202100322.245000	60
20221202100339.082000	20221202100439.082000	60
20221202100409.083000	20221202100509.083000	60
20221202100609.087000	20221202100709.087000	60
20221202100639.088000	20221202100739.088000	60
20221202100709.089000	20221202100809.089000	60
20221202100839.092000	20221202100939.092000	60
20221202101009.095000	20221202101109.095000	60
20221202101039.096000	20221202101139.096000	60
20221202101109.097000	20221202101209.097000	60
20221202101339.102000	20221202101439.102000	60
20221202101409.103000	20221202101509.103000	60
20221202101439.104000	20221202101539.104000	60
20221202101509.105000	20221202101609.105000	60
20221202101639.108000	20221202101739.108000	60
20221202101709.109000	20221202101809.109000	60
20221202101739.110000	20221202101839.110000	60
20221202101809.111000	20221202101909.111000	60
20221202101839.112000	20221202101939.112000	60
20221202101939.114000	20221202102039.114000	60
20221202102009.115000	20221202102109.115000	60
20221202102039.116000	20221202102139.116000	60
20221202102109.117000	20221202102209.117000	60
20221202102209.119000	20221202102309.119000	60
20221202102239.120000	20221202102339.120000	60
20221202102309.121000	20221202102409.121000	60
20221202102720.741000	20221202102820.741000	60
20221202102855.955000	20221202102955.955000	60
20221202103007.351000	20221202103107.351000	60
20221202103107.353000	20221202103207.353000	60
20221202103258.854000	20221202103358.854000	60
20221202103328.855000	20221202103428.855000	60
20221202103358.856000	20221202103458.856000	60
20221202103428.857000	20221202103528.857000	60
20221202103458.858000	20221202103558.858000	60
20221202103558.860000	20221202103658.860000	60
20221202103628.861000	20221202103728.861000	60
20221202103658.862000	20221202103758.862000	60
20221202103728.863000	20221202103828.863000	60
20221202103758.864000	20221202103858.864000	60
20221202103828.865000	20221202103928.865000	60
20221202103950.007000	20221202104050.007000	60
20221202104020.008000	20221202104120.008000	60
20221202104050.009000	20221202104150.009000	60
20221202104220.012000	20221202104320.012000	60
20221202104321.637000	20221202104421.637000	60
20221202104351.638000	20221202104451.638000	60
20221202104421.639000	20221202104521.639000	60
20221202104451.640000	20221202104551.640000	60
20221202104521.641000	20221202104621.641000	60
20221202104551.642000	20221202104651.642000	60
20221202104621.643000	20221202104721.643000	60
20221202104651.644000	20221202104751.644000	60
20221202104721.645000	20221202104821.645000	60
20221202104751.646000	20221202104851.646000	60
20221202104821.647000	20221202104921.647000	60
20221202104851.648000	20221202104951.648000	60
20221202104921.649000	20221202105021.649000	60
20221202104951.650000	20221202105051.650000	60
20221202105051.652000	20221202105151.652000	60
20221202105121.653000	20221202105221.653000	60
20221202105151.654000	20221202105251.654000	60
20221202105221.655000	20221202105321.655000	60
20221202105251.656000	20221202105351.656000	60
20221202105321.657000	20221202105421.657000	60
20221202105351.658000	20221202105451.658000	60
20221202105452.458000	20221202105552.458000	60
20221202105522.459000	20221202105622.459000	60
20221202105552.460000	20221202105652.460000	60
20221202105622.461000	20221202105722.461000	60
20221202105652.462000	20221202105752.462000	60
20221202105722.463000	20221202105822.463000	60
20221202105752.464000	20221202105852.464000	60
20221202105822.465000	20221202105922.465000	60
20221202105852.466000	20221202105952.466000	60
20221202105922.467000	20221202110022.467000	60
20221202110122.471000	20221202110222.471000	60
20221202110152.472000	20221202110252.472000	60
#
# END WINDOW LIST
#
