# HV LOG FORMAT RELEASE 1.0
#
# BEGIN COMMAND LINE ARGUMENTS
#
C:/Users/koenvn/Geopsy 3.3.4/bin/geopsy.exe  $*
exit $?
#
# END COMMAND LINE ARGUMENTS
#
#
# BEGIN SOFTWARE VERSION
#
  Qt                  5.12.3
  QGpCoreTools        2.4.2 from 3.4.2
      (commit 33d7a93616e30a3d511fa67ad3f5da9da1a4aac6)
  QGpCoreMath         1.4.2 from 3.4.2
      (commit 306e3c199829ace6cbde6b242503355428580d05)
  GeopsyCore          4.4.2 from 3.4.2
      (commit 583bacf54d7367d6c29796a28c8179b98d88e28a)
  QGpGuiTools         2.4.2 from 3.4.2
      (commit 478ff49d6d6ec28d92b21ec9bfcef9f5d343b065)
  SciFigs             3.3.2 from 3.4.2
      (commit cec1d051784e8ee1d9774230fb96c1bb0b618aa0)
  QGpGuiMath          1.3.1 from 3.4.2
      (commit 8e80e068f4f3b16a30e8fb8dff21177f25a58da6)
  GeopsyGui           3.4.1 from 3.4.2
      (commit 905aba82a1928b07b3fd61dec384b9448698c80b)
  GeopsySLink         2.0.3 from 3.4.2
      (commit 2f01f562d775a4ddcdfc6a3b388c2ecb0cbb3a9a)
  GeopsySLinkGui      2.0.2 from 3.4.2
      (commit f6e61f2761b9ab1fa13c821e2a94732db60abf4f)
  geopsy              3.3.3 from 3.4.2
      (commit fb3d54b85a28e6ba741794e0cb6666d0b25c0167)
  geopsyfigs          1.0.2 from 3.4.2
      (commit 33697385e465d0d0ec4344aba55058811e934918)
  campbelltob3        1.0.1 from 3.4.2
      (commit 6e12f8024f0a052e430878492367702311588147)
  DinverCore          1.3.1 from 3.4.2
      (commit 7a17c1522ca1f626c89f2c1e87759f6b4a9311d4)
  QGpCoreWave         2.2.0 from 3.4.2
      (commit 18e08f9fd358a9e504047ec288ca4ab71a7c9851)
  QGpCompatibility    1.1.2 from 3.4.2
      (commit 3e05f6333687b574d4a18fb4336decd9efbe3efa)
  DinverDCCore        2.2.0 from 3.4.2
      (commit 654cab13b392853128bb5fa90891ecf10b5c3f0c)
  QGpCoreStat         1.2.2 from 3.4.2
      (commit 4ed49581fb9dfbf824223fae61af336330486596)
  ArrayCore           4.1.2 from 3.4.2
      (commit 85e1ce3b5a43ddb8cc16df7c31094c7c98a82104)
  QGpGuiWave          1.2.1 from 3.4.2
      (commit 2889d6a23de9671c33c0ae088b33e537035df26f)
  ArrayGui            1.3.0 from 3.4.2
      (commit bb09428d0df9ad7ab7996d50f8ac067b450a9bec)
  geopsyarray         3.2.4 from 3.4.2
      (commit 243028ab672fff396c683ed677c1dd4a1cc6a99b)
  geopsydamping       2.1.3 from 3.4.2
      (commit 2be6cba7701efb6e8c1a20c940cffe08f04ffcd2)
  HVCore              1.1.2 from 3.4.2
      (commit a76eb646e633a11fe6b411d1112c55e3c9107de4)
  HVGui               1.1.0 from 3.4.2
      (commit a66df7fe63f6c9107cfffcd4fa86d4f9893fec16)
  geopsyhv            4.0.2 from 3.4.2
      (commit ecd96a31c8abadf86bcbae0dd02bb37935b26dc7)
  geopsynr            1.1.1 from 3.4.2
      (commit f149a70197f8622e594ecec09f55068ecabcfc33)
  geopsyptmotion      2.0.3 from 3.4.2
      (commit c82034566f860b11afdc973ca84ef0027af6cf95)
  geopsyrefra         2.0.2 from 3.4.2
      (commit 807393bf66c9762a914de2cbc8c43813d8ae4227)
  geopsytfa           2.1.1 from 3.4.2
      (commit b87f1cb860bedfd6fb8d0439e749dd7464b26a24)
  hvtfa               2.1.3 from 3.4.2
      (commit fa8612a089e30f0bd72192724ee1ebe5fb4080b5)
  matfiles            1.0.3 from 3.4.2
      (commit aa4bbdecc6f645ece0598270993e17766e4c7b32)
  phaseit             1.0.2 from 3.4.2
      (commit 266b229edcf7986948d6d3f3940a154229b45f91)
#
# END SOFTWARE VERSION
#
#
# BEGIN SIGNAL LIST
#
[COMP 0]
 [SIG 0] E:/SOLODATA/MartinGeoCamb/TouretTaxis/TouretTaxis_splitted/11. Alois/453004465.1.2022.12.02.09.26.00.000.Z.miniseed at index 0
[COMP 1]
 [SIG 0] E:/SOLODATA/MartinGeoCamb/TouretTaxis/TouretTaxis_splitted/11. Alois/453004465.1.2022.12.02.09.26.00.000.N.miniseed at index 0
[COMP 2]
 [SIG 0] E:/SOLODATA/MartinGeoCamb/TouretTaxis/TouretTaxis_splitted/11. Alois/453004465.1.2022.12.02.09.26.00.000.E.miniseed at index 0
#
# END SIGNAL LIST
#
#
# BEGIN PARAMETERS
#
# Version 0: all files generated with releases before 20170901 (default for input)
PARAMETERS_VERSION=1
# TYPEs:
#   - Signal: from the start or to the end of signal (TEXT are useless)
#   - Delta: a fixed duration counted from the start or the end (e.g. TEXT=1h).
#   - Pick: from or to a time pick (TEXT=time pick name).
#   - Absolute: from or to a fixed time (e.g. TEXT=20170314115338.00)
FROM_TIME_TYPE=Signal
FROM_TIME_TEXT=0s
# TYPEs: Signal, Delta, Absolute
TO_TIME_TYPE=Signal
TO_TIME_TEXT=0s
REFERENCE=
COMMON_TIME_WINDOWS=false
# TYPEs: Exactly, AtLeast, FrequencyDependent
WINDOW_LENGTH_TYPE=Exactly
WINDOW_MIN_LENGTH(s)=60
WINDOW_MAX_LENGTH(s)=60
WINDOW_MAX_COUNT=0
# Length of time windows are adjusted to avoid a prime number of samples which
# slows down the FFT computation. Usually a maximum prime 11 in the prime factorization
# of the number of samples is a good compromise between the speed and the lenght inaccuracy
# Leave as zero to allow any prime number factorization.
WINDOW_MAXIMUM_PRIME_FACTOR=11
BAD_SAMPLE_TOLERANCE (s)=0
BAD_SAMPLE_GAP (s)=0
WINDOW_OVERLAP (%)=50
# TYPEs: NoSampleThreshold, RelativeSampleThreshold, AbsoluteSampleThreshold
BAD_SAMPLE_THRESHOLD_TYPE=RelativeSampleThreshold
BAD_SAMPLE_THRESHOLD_VALUE (%)=0.8
ANTI-TRIGGERING_ON_RAW_SIGNAL (y/n)=n
ANTI-TRIGGERING_ON_FILTERED_SIGNAL (y/n)=n
# Start a time window for each seismic event available inside the time range.
SEISMIC_EVENT_TRIGGER (y/n)=n
SEISMIC_EVENT_DELAY (s)=-0.1
WINDOW_TYPE=Tukey
WINDOW_REVERSED=n
WINDOW_ALPHA=0.1
SMOOTHING_METHOD=Function
SMOOTHING_WIDTH_TYPE=Proportional
SMOOTHING_WIDTH=0.4
# Describes the way values are summed: on a linear, log or inversed scale
SMOOTHING_SCALE_TYPE=Linear
SMOOTHING_WINDOW_TYPE=KonnoOhmachi
SMOOTHING_WINDOW_REVERSED=n
MINIMUM_FREQUENCY=0.2
MAXIMUM_FREQUENCY=100
# Either 'Linear', 'Log' or 'Inversed'
SCALE_TYPE_FREQUENCY=Log
# Number of samples is either set to a fixed value ('Count') or through a step between samples ('Step')'
STEP_TYPE_FREQUENCY=Step
SAMPLES_NUMBER_FREQUENCY=252
# STEP=difference between two successive samples for 'linear' scales
# STEP=ratio between two successive samples for 'log' scales
# STEP=difference between two successive inversed samples for 'inversed' scales
STEP_FREQUENCY=1.025
HIGH_PASS_FREQUENCY=0
# Possible values for HORIZONTAL_COMPONENTS: Squared, Energy, Azimuth, Geometric
HORIZONTAL_COMPONENTS=Squared
# HORIZONTAL_AZIMUTH is used only when HORIZONTAL_COMPONENTS==Azimuth
HORIZONTAL_AZIMUTH=0
# Used only for rotated output
ROTATION_STEP=10
# Frequency domain window rejection (Cox et al. (2020, GJI)
FREQUENCY_WINDOW_REJECTION_MINIMUM_FREQUENCY=0.0001
FREQUENCY_WINDOW_REJECTION_MAXIMUM_FREQUENCY=5000
FREQUENCY_WINDOW_REJECTION_STDDEV_FACTOR=2
FREQUENCY_WINDOW_REJECTION_MAXIMUM_ITERATIONS=50
#
# END PARAMETERS
#
#
# BEGIN WINDOWING LOG
#
Automatic windowing
#
# END WINDOWING LOG
#
#
# BEGIN WINDOW LIST
#
# Number= 167
# Start time 	 End Time 	 Window length
20221202092717.267000	20221202092817.267000	60
20221202092747.268000	20221202092847.268000	60
20221202092817.269000	20221202092917.269000	60
20221202092847.270000	20221202092947.270000	60
20221202092917.271000	20221202093017.271000	60
20221202092947.272000	20221202093047.272000	60
20221202093017.273000	20221202093117.273000	60
20221202093047.274000	20221202093147.274000	60
20221202093117.275000	20221202093217.275000	60
20221202093147.276000	20221202093247.276000	60
20221202093217.277000	20221202093317.277000	60
20221202093247.278000	20221202093347.278000	60
20221202093317.279000	20221202093417.279000	60
20221202093347.280000	20221202093447.280000	60
20221202093417.281000	20221202093517.281000	60
20221202093447.282000	20221202093547.282000	60
20221202093517.283000	20221202093617.283000	60
20221202093547.284000	20221202093647.284000	60
20221202093617.285000	20221202093717.285000	60
20221202093647.286000	20221202093747.286000	60
20221202093717.287000	20221202093817.287000	60
20221202093747.288000	20221202093847.288000	60
20221202093817.289000	20221202093917.289000	60
20221202093847.290000	20221202093947.290000	60
20221202093917.291000	20221202094017.291000	60
20221202093947.292000	20221202094047.292000	60
20221202094017.293000	20221202094117.293000	60
20221202094047.294000	20221202094147.294000	60
20221202094117.295000	20221202094217.295000	60
20221202094147.296000	20221202094247.296000	60
20221202094346.559000	20221202094446.559000	60
20221202094416.560000	20221202094516.560000	60
20221202094446.561000	20221202094546.561000	60
20221202094516.562000	20221202094616.562000	60
20221202094546.563000	20221202094646.563000	60
20221202094616.564000	20221202094716.564000	60
20221202094646.565000	20221202094746.565000	60
20221202094716.566000	20221202094816.566000	60
20221202094746.567000	20221202094846.567000	60
20221202094816.568000	20221202094916.568000	60
20221202094846.569000	20221202094946.569000	60
20221202094916.570000	20221202095016.570000	60
20221202094946.571000	20221202095046.571000	60
20221202095016.572000	20221202095116.572000	60
20221202095046.573000	20221202095146.573000	60
20221202095116.574000	20221202095216.574000	60
20221202095146.575000	20221202095246.575000	60
20221202095216.576000	20221202095316.576000	60
20221202095246.577000	20221202095346.577000	60
20221202095316.578000	20221202095416.578000	60
20221202095346.579000	20221202095446.579000	60
20221202095416.580000	20221202095516.580000	60
20221202095446.581000	20221202095546.581000	60
20221202095516.582000	20221202095616.582000	60
20221202095546.583000	20221202095646.583000	60
20221202095616.584000	20221202095716.584000	60
20221202095646.585000	20221202095746.585000	60
20221202095716.586000	20221202095816.586000	60
20221202095746.587000	20221202095846.587000	60
20221202095816.588000	20221202095916.588000	60
20221202095846.589000	20221202095946.589000	60
20221202095916.590000	20221202100016.590000	60
20221202095946.591000	20221202100046.591000	60
20221202100016.592000	20221202100116.592000	60
20221202100046.593000	20221202100146.593000	60
20221202100116.594000	20221202100216.594000	60
20221202100146.595000	20221202100246.595000	60
20221202100216.596000	20221202100316.596000	60
20221202100246.597000	20221202100346.597000	60
20221202100316.598000	20221202100416.598000	60
20221202100346.599000	20221202100446.599000	60
20221202100416.600000	20221202100516.600000	60
20221202100446.601000	20221202100546.601000	60
20221202100516.602000	20221202100616.602000	60
20221202100546.603000	20221202100646.603000	60
20221202100616.604000	20221202100716.604000	60
20221202100646.605000	20221202100746.605000	60
20221202100716.606000	20221202100816.606000	60
20221202100746.607000	20221202100846.607000	60
20221202100816.608000	20221202100916.608000	60
20221202100846.609000	20221202100946.609000	60
20221202100916.610000	20221202101016.610000	60
20221202100946.611000	20221202101046.611000	60
20221202101016.612000	20221202101116.612000	60
20221202101046.613000	20221202101146.613000	60
20221202101116.614000	20221202101216.614000	60
20221202101146.615000	20221202101246.615000	60
20221202101216.616000	20221202101316.616000	60
20221202101246.617000	20221202101346.617000	60
20221202101316.618000	20221202101416.618000	60
20221202101346.619000	20221202101446.619000	60
20221202101416.620000	20221202101516.620000	60
20221202101446.621000	20221202101546.621000	60
20221202101516.622000	20221202101616.622000	60
20221202101546.623000	20221202101646.623000	60
20221202101616.624000	20221202101716.624000	60
20221202101646.625000	20221202101746.625000	60
20221202101716.626000	20221202101816.626000	60
20221202101746.627000	20221202101846.627000	60
20221202101816.628000	20221202101916.628000	60
20221202101846.629000	20221202101946.629000	60
20221202101916.630000	20221202102016.630000	60
20221202101946.631000	20221202102046.631000	60
20221202102016.632000	20221202102116.632000	60
20221202102046.633000	20221202102146.633000	60
20221202102116.634000	20221202102216.634000	60
20221202102146.635000	20221202102246.635000	60
20221202102216.636000	20221202102316.636000	60
20221202102246.637000	20221202102346.637000	60
20221202102316.638000	20221202102416.638000	60
20221202102346.639000	20221202102446.639000	60
20221202102812.259000	20221202102912.259000	60
20221202102842.260000	20221202102942.260000	60
20221202102912.261000	20221202103012.261000	60
20221202102942.262000	20221202103042.262000	60
20221202103042.264000	20221202103142.264000	60
20221202103112.265000	20221202103212.265000	60
20221202103142.266000	20221202103242.266000	60
20221202103212.267000	20221202103312.267000	60
20221202103242.268000	20221202103342.268000	60
20221202103312.269000	20221202103412.269000	60
20221202103342.270000	20221202103442.270000	60
20221202103412.271000	20221202103512.271000	60
20221202103442.272000	20221202103542.272000	60
20221202103512.273000	20221202103612.273000	60
20221202103542.274000	20221202103642.274000	60
20221202103612.275000	20221202103712.275000	60
20221202103642.276000	20221202103742.276000	60
20221202103712.277000	20221202103812.277000	60
20221202103742.278000	20221202103842.278000	60
20221202103812.279000	20221202103912.279000	60
20221202103842.280000	20221202103942.280000	60
20221202103912.281000	20221202104012.281000	60
20221202103942.282000	20221202104042.282000	60
20221202104012.283000	20221202104112.283000	60
20221202104042.284000	20221202104142.284000	60
20221202104112.285000	20221202104212.285000	60
20221202104142.286000	20221202104242.286000	60
20221202104212.287000	20221202104312.287000	60
20221202104242.288000	20221202104342.288000	60
20221202104312.289000	20221202104412.289000	60
20221202104342.290000	20221202104442.290000	60
20221202104412.291000	20221202104512.291000	60
20221202104442.292000	20221202104542.292000	60
20221202104512.293000	20221202104612.293000	60
20221202104542.294000	20221202104642.294000	60
20221202104612.295000	20221202104712.295000	60
20221202104642.296000	20221202104742.296000	60
20221202104712.297000	20221202104812.297000	60
20221202104742.298000	20221202104842.298000	60
20221202104812.299000	20221202104912.299000	60
20221202104912.301000	20221202105012.301000	60
20221202104942.302000	20221202105042.302000	60
20221202105012.303000	20221202105112.303000	60
20221202105042.304000	20221202105142.304000	60
20221202105210.988000	20221202105310.988000	60
20221202105240.989000	20221202105340.989000	60
20221202105310.990000	20221202105410.990000	60
20221202105340.991000	20221202105440.991000	60
20221202105410.992000	20221202105510.992000	60
20221202105440.993000	20221202105540.993000	60
20221202105510.994000	20221202105610.994000	60
20221202105540.995000	20221202105640.995000	60
20221202105610.996000	20221202105710.996000	60
20221202105640.997000	20221202105740.997000	60
20221202105710.998000	20221202105810.998000	60
20221202105740.999000	20221202105840.999000	60
#
# END WINDOW LIST
#
