# HV LOG FORMAT RELEASE 1.0
#
# BEGIN COMMAND LINE ARGUMENTS
#
C:/Users/koenvn/Geopsy 3.3.4/bin/geopsy.exe  $*
exit $?
#
# END COMMAND LINE ARGUMENTS
#
#
# BEGIN SOFTWARE VERSION
#
  Qt                  5.12.3
  QGpCoreTools        2.4.2 from 3.4.2
      (commit 33d7a93616e30a3d511fa67ad3f5da9da1a4aac6)
  QGpCoreMath         1.4.2 from 3.4.2
      (commit 306e3c199829ace6cbde6b242503355428580d05)
  GeopsyCore          4.4.2 from 3.4.2
      (commit 583bacf54d7367d6c29796a28c8179b98d88e28a)
  QGpGuiTools         2.4.2 from 3.4.2
      (commit 478ff49d6d6ec28d92b21ec9bfcef9f5d343b065)
  SciFigs             3.3.2 from 3.4.2
      (commit cec1d051784e8ee1d9774230fb96c1bb0b618aa0)
  QGpGuiMath          1.3.1 from 3.4.2
      (commit 8e80e068f4f3b16a30e8fb8dff21177f25a58da6)
  GeopsyGui           3.4.1 from 3.4.2
      (commit 905aba82a1928b07b3fd61dec384b9448698c80b)
  GeopsySLink         2.0.3 from 3.4.2
      (commit 2f01f562d775a4ddcdfc6a3b388c2ecb0cbb3a9a)
  GeopsySLinkGui      2.0.2 from 3.4.2
      (commit f6e61f2761b9ab1fa13c821e2a94732db60abf4f)
  geopsy              3.3.3 from 3.4.2
      (commit fb3d54b85a28e6ba741794e0cb6666d0b25c0167)
  geopsyfigs          1.0.2 from 3.4.2
      (commit 33697385e465d0d0ec4344aba55058811e934918)
  campbelltob3        1.0.1 from 3.4.2
      (commit 6e12f8024f0a052e430878492367702311588147)
  DinverCore          1.3.1 from 3.4.2
      (commit 7a17c1522ca1f626c89f2c1e87759f6b4a9311d4)
  QGpCoreWave         2.2.0 from 3.4.2
      (commit 18e08f9fd358a9e504047ec288ca4ab71a7c9851)
  QGpCompatibility    1.1.2 from 3.4.2
      (commit 3e05f6333687b574d4a18fb4336decd9efbe3efa)
  DinverDCCore        2.2.0 from 3.4.2
      (commit 654cab13b392853128bb5fa90891ecf10b5c3f0c)
  QGpCoreStat         1.2.2 from 3.4.2
      (commit 4ed49581fb9dfbf824223fae61af336330486596)
  ArrayCore           4.1.2 from 3.4.2
      (commit 85e1ce3b5a43ddb8cc16df7c31094c7c98a82104)
  QGpGuiWave          1.2.1 from 3.4.2
      (commit 2889d6a23de9671c33c0ae088b33e537035df26f)
  ArrayGui            1.3.0 from 3.4.2
      (commit bb09428d0df9ad7ab7996d50f8ac067b450a9bec)
  geopsyarray         3.2.4 from 3.4.2
      (commit 243028ab672fff396c683ed677c1dd4a1cc6a99b)
  geopsydamping       2.1.3 from 3.4.2
      (commit 2be6cba7701efb6e8c1a20c940cffe08f04ffcd2)
  HVCore              1.1.2 from 3.4.2
      (commit a76eb646e633a11fe6b411d1112c55e3c9107de4)
  HVGui               1.1.0 from 3.4.2
      (commit a66df7fe63f6c9107cfffcd4fa86d4f9893fec16)
  geopsyhv            4.0.2 from 3.4.2
      (commit ecd96a31c8abadf86bcbae0dd02bb37935b26dc7)
  geopsynr            1.1.1 from 3.4.2
      (commit f149a70197f8622e594ecec09f55068ecabcfc33)
  geopsyptmotion      2.0.3 from 3.4.2
      (commit c82034566f860b11afdc973ca84ef0027af6cf95)
  geopsyrefra         2.0.2 from 3.4.2
      (commit 807393bf66c9762a914de2cbc8c43813d8ae4227)
  geopsytfa           2.1.1 from 3.4.2
      (commit b87f1cb860bedfd6fb8d0439e749dd7464b26a24)
  hvtfa               2.1.3 from 3.4.2
      (commit fa8612a089e30f0bd72192724ee1ebe5fb4080b5)
  matfiles            1.0.3 from 3.4.2
      (commit aa4bbdecc6f645ece0598270993e17766e4c7b32)
  phaseit             1.0.2 from 3.4.2
      (commit 266b229edcf7986948d6d3f3940a154229b45f91)
#
# END SOFTWARE VERSION
#
#
# BEGIN SIGNAL LIST
#
[COMP 0]
 [SIG 0] E:/SOLODATA/MartinGeoCamb/TouretTaxis/TouretTaxis_splitted/1. Lior/453000270.1.2022.12.02.09.15.00.000.Z.miniseed at index 0
[COMP 1]
 [SIG 0] E:/SOLODATA/MartinGeoCamb/TouretTaxis/TouretTaxis_splitted/1. Lior/453000270.1.2022.12.02.09.15.00.000.N.miniseed at index 0
[COMP 2]
 [SIG 0] E:/SOLODATA/MartinGeoCamb/TouretTaxis/TouretTaxis_splitted/1. Lior/453000270.1.2022.12.02.09.15.00.000.E.miniseed at index 0
#
# END SIGNAL LIST
#
#
# BEGIN PARAMETERS
#
# Version 0: all files generated with releases before 20170901 (default for input)
PARAMETERS_VERSION=1
# TYPEs:
#   - Signal: from the start or to the end of signal (TEXT are useless)
#   - Delta: a fixed duration counted from the start or the end (e.g. TEXT=1h).
#   - Pick: from or to a time pick (TEXT=time pick name).
#   - Absolute: from or to a fixed time (e.g. TEXT=20170314115338.00)
FROM_TIME_TYPE=Signal
FROM_TIME_TEXT=0s
# TYPEs: Signal, Delta, Absolute
TO_TIME_TYPE=Signal
TO_TIME_TEXT=0s
REFERENCE=
COMMON_TIME_WINDOWS=false
# TYPEs: Exactly, AtLeast, FrequencyDependent
WINDOW_LENGTH_TYPE=Exactly
WINDOW_MIN_LENGTH(s)=60
WINDOW_MAX_LENGTH(s)=60
WINDOW_MAX_COUNT=0
# Length of time windows are adjusted to avoid a prime number of samples which
# slows down the FFT computation. Usually a maximum prime 11 in the prime factorization
# of the number of samples is a good compromise between the speed and the lenght inaccuracy
# Leave as zero to allow any prime number factorization.
WINDOW_MAXIMUM_PRIME_FACTOR=11
BAD_SAMPLE_TOLERANCE (s)=0
BAD_SAMPLE_GAP (s)=0
WINDOW_OVERLAP (%)=50
# TYPEs: NoSampleThreshold, RelativeSampleThreshold, AbsoluteSampleThreshold
BAD_SAMPLE_THRESHOLD_TYPE=RelativeSampleThreshold
BAD_SAMPLE_THRESHOLD_VALUE (%)=0.5
ANTI-TRIGGERING_ON_RAW_SIGNAL (y/n)=n
ANTI-TRIGGERING_ON_FILTERED_SIGNAL (y/n)=n
# Start a time window for each seismic event available inside the time range.
SEISMIC_EVENT_TRIGGER (y/n)=n
SEISMIC_EVENT_DELAY (s)=-0.1
WINDOW_TYPE=Tukey
WINDOW_REVERSED=n
WINDOW_ALPHA=0.1
SMOOTHING_METHOD=Function
SMOOTHING_WIDTH_TYPE=Proportional
SMOOTHING_WIDTH=0.4
# Describes the way values are summed: on a linear, log or inversed scale
SMOOTHING_SCALE_TYPE=Linear
SMOOTHING_WINDOW_TYPE=KonnoOhmachi
SMOOTHING_WINDOW_REVERSED=n
MINIMUM_FREQUENCY=0.2
MAXIMUM_FREQUENCY=100
# Either 'Linear', 'Log' or 'Inversed'
SCALE_TYPE_FREQUENCY=Log
# Number of samples is either set to a fixed value ('Count') or through a step between samples ('Step')'
STEP_TYPE_FREQUENCY=Step
SAMPLES_NUMBER_FREQUENCY=252
# STEP=difference between two successive samples for 'linear' scales
# STEP=ratio between two successive samples for 'log' scales
# STEP=difference between two successive inversed samples for 'inversed' scales
STEP_FREQUENCY=1.025
HIGH_PASS_FREQUENCY=0
# Possible values for HORIZONTAL_COMPONENTS: Squared, Energy, Azimuth, Geometric
HORIZONTAL_COMPONENTS=Squared
# HORIZONTAL_AZIMUTH is used only when HORIZONTAL_COMPONENTS==Azimuth
HORIZONTAL_AZIMUTH=0
# Used only for rotated output
ROTATION_STEP=10
# Frequency domain window rejection (Cox et al. (2020, GJI)
FREQUENCY_WINDOW_REJECTION_MINIMUM_FREQUENCY=0.0001
FREQUENCY_WINDOW_REJECTION_MAXIMUM_FREQUENCY=5000
FREQUENCY_WINDOW_REJECTION_STDDEV_FACTOR=2
FREQUENCY_WINDOW_REJECTION_MAXIMUM_ITERATIONS=50
#
# END PARAMETERS
#
#
# BEGIN WINDOWING LOG
#
Automatic windowing
#
# END WINDOWING LOG
#
#
# BEGIN WINDOW LIST
#
# Number= 152
# Start time 	 End Time 	 Window length
20221202091922.770000	20221202092022.770000	60
20221202091952.771000	20221202092052.771000	60
20221202092022.772000	20221202092122.772000	60
20221202092402.443000	20221202092502.443000	60
20221202092432.444000	20221202092532.444000	60
20221202092502.445000	20221202092602.445000	60
20221202092532.446000	20221202092632.446000	60
20221202092602.447000	20221202092702.447000	60
20221202092632.448000	20221202092732.448000	60
20221202092702.449000	20221202092802.449000	60
20221202092732.450000	20221202092832.450000	60
20221202092802.451000	20221202092902.451000	60
20221202092832.452000	20221202092932.452000	60
20221202092902.453000	20221202093002.453000	60
20221202092932.454000	20221202093032.454000	60
20221202093100.662000	20221202093200.662000	60
20221202093130.663000	20221202093230.663000	60
20221202093200.664000	20221202093300.664000	60
20221202093230.665000	20221202093330.665000	60
20221202093300.666000	20221202093400.666000	60
20221202093330.667000	20221202093430.667000	60
20221202093457.591000	20221202093557.591000	60
20221202093527.592000	20221202093627.592000	60
20221202093650.396000	20221202093750.396000	60
20221202093720.397000	20221202093820.397000	60
20221202093750.398000	20221202093850.398000	60
20221202093820.399000	20221202093920.399000	60
20221202093850.400000	20221202093950.400000	60
20221202093954.837000	20221202094054.837000	60
20221202094115.639000	20221202094215.639000	60
20221202094145.640000	20221202094245.640000	60
20221202094215.641000	20221202094315.641000	60
20221202094245.642000	20221202094345.642000	60
20221202094357.459000	20221202094457.459000	60
20221202094427.460000	20221202094527.460000	60
20221202094457.461000	20221202094557.461000	60
20221202094527.462000	20221202094627.462000	60
20221202094557.463000	20221202094657.463000	60
20221202094627.464000	20221202094727.464000	60
20221202094657.465000	20221202094757.465000	60
20221202094727.466000	20221202094827.466000	60
20221202094757.467000	20221202094857.467000	60
20221202094827.468000	20221202094927.468000	60
20221202094857.469000	20221202094957.469000	60
20221202094927.470000	20221202095027.470000	60
20221202094957.471000	20221202095057.471000	60
20221202095027.472000	20221202095127.472000	60
20221202095057.473000	20221202095157.473000	60
20221202095238.869000	20221202095338.869000	60
20221202095308.870000	20221202095408.870000	60
20221202095338.871000	20221202095438.871000	60
20221202095408.872000	20221202095508.872000	60
20221202095438.873000	20221202095538.873000	60
20221202095543.694000	20221202095643.694000	60
20221202095613.695000	20221202095713.695000	60
20221202095643.696000	20221202095743.696000	60
20221202095713.697000	20221202095813.697000	60
20221202095743.698000	20221202095843.698000	60
20221202095813.699000	20221202095913.699000	60
20221202095843.700000	20221202095943.700000	60
20221202095913.701000	20221202100013.701000	60
20221202095943.702000	20221202100043.702000	60
20221202100013.703000	20221202100113.703000	60
20221202100043.704000	20221202100143.704000	60
20221202100206.016000	20221202100306.016000	60
20221202100236.017000	20221202100336.017000	60
20221202100306.018000	20221202100406.018000	60
20221202100336.019000	20221202100436.019000	60
20221202100406.020000	20221202100506.020000	60
20221202100436.021000	20221202100536.021000	60
20221202100506.022000	20221202100606.022000	60
20221202100536.023000	20221202100636.023000	60
20221202100606.024000	20221202100706.024000	60
20221202100759.851000	20221202100859.851000	60
20221202100906.948000	20221202101006.948000	60
20221202100936.949000	20221202101036.949000	60
20221202101006.950000	20221202101106.950000	60
20221202101036.951000	20221202101136.951000	60
20221202101106.952000	20221202101206.952000	60
20221202101219.110000	20221202101319.110000	60
20221202101249.111000	20221202101349.111000	60
20221202101319.112000	20221202101419.112000	60
20221202101349.113000	20221202101449.113000	60
20221202101419.114000	20221202101519.114000	60
20221202101544.394000	20221202101644.394000	60
20221202101614.395000	20221202101714.395000	60
20221202101848.975000	20221202101948.975000	60
20221202101918.976000	20221202102018.976000	60
20221202102048.979000	20221202102148.979000	60
20221202102118.980000	20221202102218.980000	60
20221202102148.981000	20221202102248.981000	60
20221202102218.982000	20221202102318.982000	60
20221202102248.983000	20221202102348.983000	60
20221202102318.984000	20221202102418.984000	60
20221202102348.985000	20221202102448.985000	60
20221202102418.986000	20221202102518.986000	60
20221202102707.627000	20221202102807.627000	60
20221202102737.628000	20221202102837.628000	60
20221202102807.629000	20221202102907.629000	60
20221202102837.630000	20221202102937.630000	60
20221202102907.631000	20221202103007.631000	60
20221202102937.632000	20221202103037.632000	60
20221202103106.228000	20221202103206.228000	60
20221202103136.229000	20221202103236.229000	60
20221202103206.230000	20221202103306.230000	60
20221202103236.231000	20221202103336.231000	60
20221202103306.232000	20221202103406.232000	60
20221202103336.233000	20221202103436.233000	60
20221202103406.234000	20221202103506.234000	60
20221202103531.317000	20221202103631.317000	60
20221202103601.318000	20221202103701.318000	60
20221202103631.319000	20221202103731.319000	60
20221202103701.320000	20221202103801.320000	60
20221202103731.321000	20221202103831.321000	60
20221202103844.984000	20221202103944.984000	60
20221202103914.985000	20221202104014.985000	60
20221202103944.986000	20221202104044.986000	60
20221202104014.987000	20221202104114.987000	60
20221202104044.988000	20221202104144.988000	60
20221202104114.989000	20221202104214.989000	60
20221202104144.990000	20221202104244.990000	60
20221202104313.434000	20221202104413.434000	60
20221202104343.435000	20221202104443.435000	60
20221202104413.436000	20221202104513.436000	60
20221202104530.696000	20221202104630.696000	60
20221202104600.697000	20221202104700.697000	60
20221202104630.698000	20221202104730.698000	60
20221202104700.699000	20221202104800.699000	60
20221202104730.700000	20221202104830.700000	60
20221202104800.701000	20221202104900.701000	60
20221202104830.702000	20221202104930.702000	60
20221202104930.704000	20221202105030.704000	60
20221202105000.705000	20221202105100.705000	60
20221202105030.706000	20221202105130.706000	60
20221202105100.707000	20221202105200.707000	60
20221202105130.708000	20221202105230.708000	60
20221202105200.709000	20221202105300.709000	60
20221202105230.710000	20221202105330.710000	60
20221202105300.711000	20221202105400.711000	60
20221202105330.712000	20221202105430.712000	60
20221202105400.713000	20221202105500.713000	60
20221202105430.714000	20221202105530.714000	60
20221202105500.715000	20221202105600.715000	60
20221202105530.716000	20221202105630.716000	60
20221202105600.717000	20221202105700.717000	60
20221202105630.718000	20221202105730.718000	60
20221202105700.719000	20221202105800.719000	60
20221202105730.720000	20221202105830.720000	60
20221202105800.721000	20221202105900.721000	60
20221202105830.722000	20221202105930.722000	60
20221202105900.723000	20221202110000.723000	60
20221202105930.724000	20221202110030.724000	60
#
# END WINDOW LIST
#
