# HV LOG FORMAT RELEASE 1.0
#
# BEGIN COMMAND LINE ARGUMENTS
#
C:/Users/koenvn/Geopsy 3.3.4/bin/geopsy.exe  $*
exit $?
#
# END COMMAND LINE ARGUMENTS
#
#
# BEGIN SOFTWARE VERSION
#
  Qt                  5.12.3
  QGpCoreTools        2.4.2 from 3.4.2
      (commit 33d7a93616e30a3d511fa67ad3f5da9da1a4aac6)
  QGpCoreMath         1.4.2 from 3.4.2
      (commit 306e3c199829ace6cbde6b242503355428580d05)
  GeopsyCore          4.4.2 from 3.4.2
      (commit 583bacf54d7367d6c29796a28c8179b98d88e28a)
  QGpGuiTools         2.4.2 from 3.4.2
      (commit 478ff49d6d6ec28d92b21ec9bfcef9f5d343b065)
  SciFigs             3.3.2 from 3.4.2
      (commit cec1d051784e8ee1d9774230fb96c1bb0b618aa0)
  QGpGuiMath          1.3.1 from 3.4.2
      (commit 8e80e068f4f3b16a30e8fb8dff21177f25a58da6)
  GeopsyGui           3.4.1 from 3.4.2
      (commit 905aba82a1928b07b3fd61dec384b9448698c80b)
  GeopsySLink         2.0.3 from 3.4.2
      (commit 2f01f562d775a4ddcdfc6a3b388c2ecb0cbb3a9a)
  GeopsySLinkGui      2.0.2 from 3.4.2
      (commit f6e61f2761b9ab1fa13c821e2a94732db60abf4f)
  geopsy              3.3.3 from 3.4.2
      (commit fb3d54b85a28e6ba741794e0cb6666d0b25c0167)
  geopsyfigs          1.0.2 from 3.4.2
      (commit 33697385e465d0d0ec4344aba55058811e934918)
  campbelltob3        1.0.1 from 3.4.2
      (commit 6e12f8024f0a052e430878492367702311588147)
  DinverCore          1.3.1 from 3.4.2
      (commit 7a17c1522ca1f626c89f2c1e87759f6b4a9311d4)
  QGpCoreWave         2.2.0 from 3.4.2
      (commit 18e08f9fd358a9e504047ec288ca4ab71a7c9851)
  QGpCompatibility    1.1.2 from 3.4.2
      (commit 3e05f6333687b574d4a18fb4336decd9efbe3efa)
  DinverDCCore        2.2.0 from 3.4.2
      (commit 654cab13b392853128bb5fa90891ecf10b5c3f0c)
  QGpCoreStat         1.2.2 from 3.4.2
      (commit 4ed49581fb9dfbf824223fae61af336330486596)
  ArrayCore           4.1.2 from 3.4.2
      (commit 85e1ce3b5a43ddb8cc16df7c31094c7c98a82104)
  QGpGuiWave          1.2.1 from 3.4.2
      (commit 2889d6a23de9671c33c0ae088b33e537035df26f)
  ArrayGui            1.3.0 from 3.4.2
      (commit bb09428d0df9ad7ab7996d50f8ac067b450a9bec)
  geopsyarray         3.2.4 from 3.4.2
      (commit 243028ab672fff396c683ed677c1dd4a1cc6a99b)
  geopsydamping       2.1.3 from 3.4.2
      (commit 2be6cba7701efb6e8c1a20c940cffe08f04ffcd2)
  HVCore              1.1.2 from 3.4.2
      (commit a76eb646e633a11fe6b411d1112c55e3c9107de4)
  HVGui               1.1.0 from 3.4.2
      (commit a66df7fe63f6c9107cfffcd4fa86d4f9893fec16)
  geopsyhv            4.0.2 from 3.4.2
      (commit ecd96a31c8abadf86bcbae0dd02bb37935b26dc7)
  geopsynr            1.1.1 from 3.4.2
      (commit f149a70197f8622e594ecec09f55068ecabcfc33)
  geopsyptmotion      2.0.3 from 3.4.2
      (commit c82034566f860b11afdc973ca84ef0027af6cf95)
  geopsyrefra         2.0.2 from 3.4.2
      (commit 807393bf66c9762a914de2cbc8c43813d8ae4227)
  geopsytfa           2.1.1 from 3.4.2
      (commit b87f1cb860bedfd6fb8d0439e749dd7464b26a24)
  hvtfa               2.1.3 from 3.4.2
      (commit fa8612a089e30f0bd72192724ee1ebe5fb4080b5)
  matfiles            1.0.3 from 3.4.2
      (commit aa4bbdecc6f645ece0598270993e17766e4c7b32)
  phaseit             1.0.2 from 3.4.2
      (commit 266b229edcf7986948d6d3f3940a154229b45f91)
#
# END SOFTWARE VERSION
#
#
# BEGIN SIGNAL LIST
#
[COMP 0]
 [SIG 0] E:/SOLODATA/MartinGeoCamb/TouretTaxis/TouretTaxis_splitted/2. Leslie/453000337.1.2022.12.02.09.11.00.000.Z.miniseed at index 0
[COMP 1]
 [SIG 0] E:/SOLODATA/MartinGeoCamb/TouretTaxis/TouretTaxis_splitted/2. Leslie/453000337.1.2022.12.02.09.11.00.000.N.miniseed at index 0
[COMP 2]
 [SIG 0] E:/SOLODATA/MartinGeoCamb/TouretTaxis/TouretTaxis_splitted/2. Leslie/453000337.1.2022.12.02.09.11.00.000.E.miniseed at index 0
#
# END SIGNAL LIST
#
#
# BEGIN PARAMETERS
#
# Version 0: all files generated with releases before 20170901 (default for input)
PARAMETERS_VERSION=1
# TYPEs:
#   - Signal: from the start or to the end of signal (TEXT are useless)
#   - Delta: a fixed duration counted from the start or the end (e.g. TEXT=1h).
#   - Pick: from or to a time pick (TEXT=time pick name).
#   - Absolute: from or to a fixed time (e.g. TEXT=20170314115338.00)
FROM_TIME_TYPE=Signal
FROM_TIME_TEXT=0s
# TYPEs: Signal, Delta, Absolute
TO_TIME_TYPE=Signal
TO_TIME_TEXT=0s
REFERENCE=
COMMON_TIME_WINDOWS=false
# TYPEs: Exactly, AtLeast, FrequencyDependent
WINDOW_LENGTH_TYPE=Exactly
WINDOW_MIN_LENGTH(s)=60
WINDOW_MAX_LENGTH(s)=60
WINDOW_MAX_COUNT=0
# Length of time windows are adjusted to avoid a prime number of samples which
# slows down the FFT computation. Usually a maximum prime 11 in the prime factorization
# of the number of samples is a good compromise between the speed and the lenght inaccuracy
# Leave as zero to allow any prime number factorization.
WINDOW_MAXIMUM_PRIME_FACTOR=11
BAD_SAMPLE_TOLERANCE (s)=0
BAD_SAMPLE_GAP (s)=0
WINDOW_OVERLAP (%)=50
# TYPEs: NoSampleThreshold, RelativeSampleThreshold, AbsoluteSampleThreshold
BAD_SAMPLE_THRESHOLD_TYPE=RelativeSampleThreshold
BAD_SAMPLE_THRESHOLD_VALUE (%)=0.5
ANTI-TRIGGERING_ON_RAW_SIGNAL (y/n)=n
ANTI-TRIGGERING_ON_FILTERED_SIGNAL (y/n)=n
# Start a time window for each seismic event available inside the time range.
SEISMIC_EVENT_TRIGGER (y/n)=n
SEISMIC_EVENT_DELAY (s)=-0.1
WINDOW_TYPE=Tukey
WINDOW_REVERSED=n
WINDOW_ALPHA=0.1
SMOOTHING_METHOD=Function
SMOOTHING_WIDTH_TYPE=Proportional
SMOOTHING_WIDTH=0.4
# Describes the way values are summed: on a linear, log or inversed scale
SMOOTHING_SCALE_TYPE=Linear
SMOOTHING_WINDOW_TYPE=KonnoOhmachi
SMOOTHING_WINDOW_REVERSED=n
MINIMUM_FREQUENCY=0.2
MAXIMUM_FREQUENCY=100
# Either 'Linear', 'Log' or 'Inversed'
SCALE_TYPE_FREQUENCY=Log
# Number of samples is either set to a fixed value ('Count') or through a step between samples ('Step')'
STEP_TYPE_FREQUENCY=Step
SAMPLES_NUMBER_FREQUENCY=252
# STEP=difference between two successive samples for 'linear' scales
# STEP=ratio between two successive samples for 'log' scales
# STEP=difference between two successive inversed samples for 'inversed' scales
STEP_FREQUENCY=1.025
HIGH_PASS_FREQUENCY=0
# Possible values for HORIZONTAL_COMPONENTS: Squared, Energy, Azimuth, Geometric
HORIZONTAL_COMPONENTS=Squared
# HORIZONTAL_AZIMUTH is used only when HORIZONTAL_COMPONENTS==Azimuth
HORIZONTAL_AZIMUTH=0
# Used only for rotated output
ROTATION_STEP=10
# Frequency domain window rejection (Cox et al. (2020, GJI)
FREQUENCY_WINDOW_REJECTION_MINIMUM_FREQUENCY=0.0001
FREQUENCY_WINDOW_REJECTION_MAXIMUM_FREQUENCY=5000
FREQUENCY_WINDOW_REJECTION_STDDEV_FACTOR=2
FREQUENCY_WINDOW_REJECTION_MAXIMUM_ITERATIONS=50
#
# END PARAMETERS
#
#
# BEGIN WINDOWING LOG
#
Automatic windowing
#
# END WINDOWING LOG
#
#
# BEGIN WINDOW LIST
#
# Number= 143
# Start time 	 End Time 	 Window length
20221202091515.641000	20221202091615.641000	60
20221202091615.643000	20221202091715.643000	60
20221202091715.645000	20221202091815.645000	60
20221202092115.653000	20221202092215.653000	60
20221202092515.661000	20221202092615.661000	60
20221202092545.662000	20221202092645.662000	60
20221202092615.663000	20221202092715.663000	60
20221202092715.665000	20221202092815.665000	60
20221202092745.666000	20221202092845.666000	60
20221202092815.667000	20221202092915.667000	60
20221202092845.668000	20221202092945.668000	60
20221202092915.669000	20221202093015.669000	60
20221202093339.981000	20221202093439.981000	60
20221202093409.982000	20221202093509.982000	60
20221202093439.983000	20221202093539.983000	60
20221202093509.984000	20221202093609.984000	60
20221202093639.987000	20221202093739.987000	60
20221202093709.988000	20221202093809.988000	60
20221202093739.989000	20221202093839.989000	60
20221202093809.990000	20221202093909.990000	60
20221202093839.991000	20221202093939.991000	60
20221202093909.992000	20221202094009.992000	60
20221202093939.993000	20221202094039.993000	60
20221202094039.995000	20221202094139.995000	60
20221202094500.044000	20221202094600.044000	60
20221202094622.328000	20221202094722.328000	60
20221202094652.329000	20221202094752.329000	60
20221202094722.330000	20221202094822.330000	60
20221202094752.331000	20221202094852.331000	60
20221202094822.332000	20221202094922.332000	60
20221202094852.333000	20221202094952.333000	60
20221202094922.334000	20221202095022.334000	60
20221202094952.335000	20221202095052.335000	60
20221202095022.336000	20221202095122.336000	60
20221202095052.337000	20221202095152.337000	60
20221202095122.338000	20221202095222.338000	60
20221202095152.339000	20221202095252.339000	60
20221202095222.340000	20221202095322.340000	60
20221202095252.341000	20221202095352.341000	60
20221202095522.346000	20221202095622.346000	60
20221202095552.347000	20221202095652.347000	60
20221202095652.349000	20221202095752.349000	60
20221202095722.350000	20221202095822.350000	60
20221202095752.351000	20221202095852.351000	60
20221202095822.352000	20221202095922.352000	60
20221202095852.353000	20221202095952.353000	60
20221202095922.354000	20221202100022.354000	60
20221202095952.355000	20221202100052.355000	60
20221202100022.356000	20221202100122.356000	60
20221202100052.357000	20221202100152.357000	60
20221202100122.358000	20221202100222.358000	60
20221202100152.359000	20221202100252.359000	60
20221202100222.360000	20221202100322.360000	60
20221202100252.361000	20221202100352.361000	60
20221202100322.362000	20221202100422.362000	60
20221202100352.363000	20221202100452.363000	60
20221202100422.364000	20221202100522.364000	60
20221202100552.367000	20221202100652.367000	60
20221202100622.368000	20221202100722.368000	60
20221202100652.369000	20221202100752.369000	60
20221202100722.370000	20221202100822.370000	60
20221202100752.371000	20221202100852.371000	60
20221202100822.372000	20221202100922.372000	60
20221202100852.373000	20221202100952.373000	60
20221202100922.374000	20221202101022.374000	60
20221202100952.375000	20221202101052.375000	60
20221202101022.376000	20221202101122.376000	60
20221202101052.377000	20221202101152.377000	60
20221202101152.379000	20221202101252.379000	60
20221202101222.380000	20221202101322.380000	60
20221202101252.381000	20221202101352.381000	60
20221202101322.382000	20221202101422.382000	60
20221202101352.383000	20221202101452.383000	60
20221202101422.384000	20221202101522.384000	60
20221202101452.385000	20221202101552.385000	60
20221202101622.388000	20221202101722.388000	60
20221202101652.389000	20221202101752.389000	60
20221202101722.390000	20221202101822.390000	60
20221202101752.391000	20221202101852.391000	60
20221202101822.392000	20221202101922.392000	60
20221202101852.393000	20221202101952.393000	60
20221202101922.394000	20221202102022.394000	60
20221202101952.395000	20221202102052.395000	60
20221202102022.396000	20221202102122.396000	60
20221202102052.397000	20221202102152.397000	60
20221202102122.398000	20221202102222.398000	60
20221202102152.399000	20221202102252.399000	60
20221202102222.400000	20221202102322.400000	60
20221202102252.401000	20221202102352.401000	60
20221202102453.844000	20221202102553.844000	60
20221202102523.845000	20221202102623.845000	60
20221202102553.846000	20221202102653.846000	60
20221202102912.814000	20221202103012.814000	60
20221202102942.815000	20221202103042.815000	60
20221202103012.816000	20221202103112.816000	60
20221202103112.818000	20221202103212.818000	60
20221202103342.823000	20221202103442.823000	60
20221202103412.824000	20221202103512.824000	60
20221202103442.825000	20221202103542.825000	60
20221202103542.827000	20221202103642.827000	60
20221202103642.829000	20221202103742.829000	60
20221202103712.830000	20221202103812.830000	60
20221202103812.832000	20221202103912.832000	60
20221202104000.283000	20221202104100.283000	60
20221202104030.284000	20221202104130.284000	60
20221202104100.285000	20221202104200.285000	60
20221202104130.286000	20221202104230.286000	60
20221202104200.287000	20221202104300.287000	60
20221202104321.434000	20221202104421.434000	60
20221202104351.435000	20221202104451.435000	60
20221202104421.436000	20221202104521.436000	60
20221202104521.438000	20221202104621.438000	60
20221202104551.439000	20221202104651.439000	60
20221202104621.440000	20221202104721.440000	60
20221202104651.441000	20221202104751.441000	60
20221202104721.442000	20221202104821.442000	60
20221202104751.443000	20221202104851.443000	60
20221202104821.444000	20221202104921.444000	60
20221202104851.445000	20221202104951.445000	60
20221202104921.446000	20221202105021.446000	60
20221202104951.447000	20221202105051.447000	60
20221202105021.448000	20221202105121.448000	60
20221202105051.449000	20221202105151.449000	60
20221202105121.450000	20221202105221.450000	60
20221202105151.451000	20221202105251.451000	60
20221202105221.452000	20221202105321.452000	60
20221202105251.453000	20221202105351.453000	60
20221202105321.454000	20221202105421.454000	60
20221202105351.455000	20221202105451.455000	60
20221202105421.456000	20221202105521.456000	60
20221202105451.457000	20221202105551.457000	60
20221202105521.458000	20221202105621.458000	60
20221202105551.459000	20221202105651.459000	60
20221202105621.460000	20221202105721.460000	60
20221202105651.461000	20221202105751.461000	60
20221202105721.462000	20221202105821.462000	60
20221202105751.463000	20221202105851.463000	60
20221202105821.464000	20221202105921.464000	60
20221202105851.465000	20221202105951.465000	60
20221202105921.466000	20221202110021.466000	60
20221202105951.467000	20221202110051.467000	60
20221202110021.468000	20221202110121.468000	60
20221202110051.469000	20221202110151.469000	60
#
# END WINDOW LIST
#
