# HV LOG FORMAT RELEASE 1.0
#
# BEGIN COMMAND LINE ARGUMENTS
#
C:/Users/koenvn/Geopsy 3.3.4/bin/geopsy.exe  $*
exit $?
#
# END COMMAND LINE ARGUMENTS
#
#
# BEGIN SOFTWARE VERSION
#
  Qt                  5.12.3
  QGpCoreTools        2.4.2 from 3.4.2
      (commit 33d7a93616e30a3d511fa67ad3f5da9da1a4aac6)
  QGpCoreMath         1.4.2 from 3.4.2
      (commit 306e3c199829ace6cbde6b242503355428580d05)
  GeopsyCore          4.4.2 from 3.4.2
      (commit 583bacf54d7367d6c29796a28c8179b98d88e28a)
  QGpGuiTools         2.4.2 from 3.4.2
      (commit 478ff49d6d6ec28d92b21ec9bfcef9f5d343b065)
  SciFigs             3.3.2 from 3.4.2
      (commit cec1d051784e8ee1d9774230fb96c1bb0b618aa0)
  QGpGuiMath          1.3.1 from 3.4.2
      (commit 8e80e068f4f3b16a30e8fb8dff21177f25a58da6)
  GeopsyGui           3.4.1 from 3.4.2
      (commit 905aba82a1928b07b3fd61dec384b9448698c80b)
  GeopsySLink         2.0.3 from 3.4.2
      (commit 2f01f562d775a4ddcdfc6a3b388c2ecb0cbb3a9a)
  GeopsySLinkGui      2.0.2 from 3.4.2
      (commit f6e61f2761b9ab1fa13c821e2a94732db60abf4f)
  geopsy              3.3.3 from 3.4.2
      (commit fb3d54b85a28e6ba741794e0cb6666d0b25c0167)
  geopsyfigs          1.0.2 from 3.4.2
      (commit 33697385e465d0d0ec4344aba55058811e934918)
  campbelltob3        1.0.1 from 3.4.2
      (commit 6e12f8024f0a052e430878492367702311588147)
  DinverCore          1.3.1 from 3.4.2
      (commit 7a17c1522ca1f626c89f2c1e87759f6b4a9311d4)
  QGpCoreWave         2.2.0 from 3.4.2
      (commit 18e08f9fd358a9e504047ec288ca4ab71a7c9851)
  QGpCompatibility    1.1.2 from 3.4.2
      (commit 3e05f6333687b574d4a18fb4336decd9efbe3efa)
  DinverDCCore        2.2.0 from 3.4.2
      (commit 654cab13b392853128bb5fa90891ecf10b5c3f0c)
  QGpCoreStat         1.2.2 from 3.4.2
      (commit 4ed49581fb9dfbf824223fae61af336330486596)
  ArrayCore           4.1.2 from 3.4.2
      (commit 85e1ce3b5a43ddb8cc16df7c31094c7c98a82104)
  QGpGuiWave          1.2.1 from 3.4.2
      (commit 2889d6a23de9671c33c0ae088b33e537035df26f)
  ArrayGui            1.3.0 from 3.4.2
      (commit bb09428d0df9ad7ab7996d50f8ac067b450a9bec)
  geopsyarray         3.2.4 from 3.4.2
      (commit 243028ab672fff396c683ed677c1dd4a1cc6a99b)
  geopsydamping       2.1.3 from 3.4.2
      (commit 2be6cba7701efb6e8c1a20c940cffe08f04ffcd2)
  HVCore              1.1.2 from 3.4.2
      (commit a76eb646e633a11fe6b411d1112c55e3c9107de4)
  HVGui               1.1.0 from 3.4.2
      (commit a66df7fe63f6c9107cfffcd4fa86d4f9893fec16)
  geopsyhv            4.0.2 from 3.4.2
      (commit ecd96a31c8abadf86bcbae0dd02bb37935b26dc7)
  geopsynr            1.1.1 from 3.4.2
      (commit f149a70197f8622e594ecec09f55068ecabcfc33)
  geopsyptmotion      2.0.3 from 3.4.2
      (commit c82034566f860b11afdc973ca84ef0027af6cf95)
  geopsyrefra         2.0.2 from 3.4.2
      (commit 807393bf66c9762a914de2cbc8c43813d8ae4227)
  geopsytfa           2.1.1 from 3.4.2
      (commit b87f1cb860bedfd6fb8d0439e749dd7464b26a24)
  hvtfa               2.1.3 from 3.4.2
      (commit fa8612a089e30f0bd72192724ee1ebe5fb4080b5)
  matfiles            1.0.3 from 3.4.2
      (commit aa4bbdecc6f645ece0598270993e17766e4c7b32)
  phaseit             1.0.2 from 3.4.2
      (commit 266b229edcf7986948d6d3f3940a154229b45f91)
#
# END SOFTWARE VERSION
#
#
# BEGIN SIGNAL LIST
#
[COMP 0]
 [SIG 0] E:/SOLODATA/MartinGeoCamb/TouretTaxis/TouretTaxis_splitted/10. Jonas/453004248.1.2022.12.02.09.52.00.000.Z.miniseed at index 0
[COMP 1]
 [SIG 0] E:/SOLODATA/MartinGeoCamb/TouretTaxis/TouretTaxis_splitted/10. Jonas/453004248.1.2022.12.02.09.52.00.000.N.miniseed at index 0
[COMP 2]
 [SIG 0] E:/SOLODATA/MartinGeoCamb/TouretTaxis/TouretTaxis_splitted/10. Jonas/453004248.1.2022.12.02.09.52.00.000.E.miniseed at index 0
#
# END SIGNAL LIST
#
#
# BEGIN PARAMETERS
#
# Version 0: all files generated with releases before 20170901 (default for input)
PARAMETERS_VERSION=1
# TYPEs:
#   - Signal: from the start or to the end of signal (TEXT are useless)
#   - Delta: a fixed duration counted from the start or the end (e.g. TEXT=1h).
#   - Pick: from or to a time pick (TEXT=time pick name).
#   - Absolute: from or to a fixed time (e.g. TEXT=20170314115338.00)
FROM_TIME_TYPE=Signal
FROM_TIME_TEXT=0s
# TYPEs: Signal, Delta, Absolute
TO_TIME_TYPE=Signal
TO_TIME_TEXT=0s
REFERENCE=
COMMON_TIME_WINDOWS=false
# TYPEs: Exactly, AtLeast, FrequencyDependent
WINDOW_LENGTH_TYPE=Exactly
WINDOW_MIN_LENGTH(s)=60
WINDOW_MAX_LENGTH(s)=60
WINDOW_MAX_COUNT=0
# Length of time windows are adjusted to avoid a prime number of samples which
# slows down the FFT computation. Usually a maximum prime 11 in the prime factorization
# of the number of samples is a good compromise between the speed and the lenght inaccuracy
# Leave as zero to allow any prime number factorization.
WINDOW_MAXIMUM_PRIME_FACTOR=11
BAD_SAMPLE_TOLERANCE (s)=0
BAD_SAMPLE_GAP (s)=0
WINDOW_OVERLAP (%)=50
# TYPEs: NoSampleThreshold, RelativeSampleThreshold, AbsoluteSampleThreshold
BAD_SAMPLE_THRESHOLD_TYPE=RelativeSampleThreshold
BAD_SAMPLE_THRESHOLD_VALUE (%)=0.8
ANTI-TRIGGERING_ON_RAW_SIGNAL (y/n)=n
ANTI-TRIGGERING_ON_FILTERED_SIGNAL (y/n)=n
# Start a time window for each seismic event available inside the time range.
SEISMIC_EVENT_TRIGGER (y/n)=n
SEISMIC_EVENT_DELAY (s)=-0.1
WINDOW_TYPE=Tukey
WINDOW_REVERSED=n
WINDOW_ALPHA=0.1
SMOOTHING_METHOD=Function
SMOOTHING_WIDTH_TYPE=Proportional
SMOOTHING_WIDTH=0.4
# Describes the way values are summed: on a linear, log or inversed scale
SMOOTHING_SCALE_TYPE=Linear
SMOOTHING_WINDOW_TYPE=KonnoOhmachi
SMOOTHING_WINDOW_REVERSED=n
MINIMUM_FREQUENCY=0.2
MAXIMUM_FREQUENCY=100
# Either 'Linear', 'Log' or 'Inversed'
SCALE_TYPE_FREQUENCY=Log
# Number of samples is either set to a fixed value ('Count') or through a step between samples ('Step')'
STEP_TYPE_FREQUENCY=Step
SAMPLES_NUMBER_FREQUENCY=252
# STEP=difference between two successive samples for 'linear' scales
# STEP=ratio between two successive samples for 'log' scales
# STEP=difference between two successive inversed samples for 'inversed' scales
STEP_FREQUENCY=1.025
HIGH_PASS_FREQUENCY=0
# Possible values for HORIZONTAL_COMPONENTS: Squared, Energy, Azimuth, Geometric
HORIZONTAL_COMPONENTS=Squared
# HORIZONTAL_AZIMUTH is used only when HORIZONTAL_COMPONENTS==Azimuth
HORIZONTAL_AZIMUTH=0
# Used only for rotated output
ROTATION_STEP=10
# Frequency domain window rejection (Cox et al. (2020, GJI)
FREQUENCY_WINDOW_REJECTION_MINIMUM_FREQUENCY=0.0001
FREQUENCY_WINDOW_REJECTION_MAXIMUM_FREQUENCY=5000
FREQUENCY_WINDOW_REJECTION_STDDEV_FACTOR=2
FREQUENCY_WINDOW_REJECTION_MAXIMUM_ITERATIONS=50
#
# END PARAMETERS
#
#
# BEGIN WINDOWING LOG
#
Automatic windowing
#
# END WINDOWING LOG
#
#
# BEGIN WINDOW LIST
#
# Number= 135
# Start time 	 End Time 	 Window length
20221202095300.002000	20221202095400.002000	60
20221202095330.003000	20221202095430.003000	60
20221202095400.004000	20221202095500.004000	60
20221202095430.005000	20221202095530.005000	60
20221202095500.006000	20221202095600.006000	60
20221202095530.007000	20221202095630.007000	60
20221202095600.008000	20221202095700.008000	60
20221202095630.009000	20221202095730.009000	60
20221202095700.010000	20221202095800.010000	60
20221202095730.011000	20221202095830.011000	60
20221202095800.012000	20221202095900.012000	60
20221202095830.013000	20221202095930.013000	60
20221202095900.014000	20221202100000.014000	60
20221202095930.015000	20221202100030.015000	60
20221202100000.016000	20221202100100.016000	60
20221202100030.017000	20221202100130.017000	60
20221202100100.018000	20221202100200.018000	60
20221202100130.019000	20221202100230.019000	60
20221202100200.020000	20221202100300.020000	60
20221202100230.021000	20221202100330.021000	60
20221202100300.022000	20221202100400.022000	60
20221202100330.023000	20221202100430.023000	60
20221202100400.024000	20221202100500.024000	60
20221202100430.025000	20221202100530.025000	60
20221202100500.026000	20221202100600.026000	60
20221202100530.027000	20221202100630.027000	60
20221202100600.028000	20221202100700.028000	60
20221202100630.029000	20221202100730.029000	60
20221202100700.030000	20221202100800.030000	60
20221202100730.031000	20221202100830.031000	60
20221202100800.032000	20221202100900.032000	60
20221202100830.033000	20221202100930.033000	60
20221202100900.034000	20221202101000.034000	60
20221202100930.035000	20221202101030.035000	60
20221202101000.036000	20221202101100.036000	60
20221202101030.037000	20221202101130.037000	60
20221202101100.038000	20221202101200.038000	60
20221202101130.039000	20221202101230.039000	60
20221202101200.040000	20221202101300.040000	60
20221202101230.041000	20221202101330.041000	60
20221202101300.042000	20221202101400.042000	60
20221202101330.043000	20221202101430.043000	60
20221202101400.044000	20221202101500.044000	60
20221202101430.045000	20221202101530.045000	60
20221202101500.046000	20221202101600.046000	60
20221202101530.047000	20221202101630.047000	60
20221202101600.048000	20221202101700.048000	60
20221202101630.049000	20221202101730.049000	60
20221202101700.050000	20221202101800.050000	60
20221202101730.051000	20221202101830.051000	60
20221202101800.052000	20221202101900.052000	60
20221202101830.053000	20221202101930.053000	60
20221202101900.054000	20221202102000.054000	60
20221202101930.055000	20221202102030.055000	60
20221202102000.056000	20221202102100.056000	60
20221202102030.057000	20221202102130.057000	60
20221202102100.058000	20221202102200.058000	60
20221202102130.059000	20221202102230.059000	60
20221202102200.060000	20221202102300.060000	60
20221202102230.061000	20221202102330.061000	60
20221202102300.062000	20221202102400.062000	60
20221202102330.063000	20221202102430.063000	60
20221202102400.064000	20221202102500.064000	60
20221202102430.065000	20221202102530.065000	60
20221202102500.066000	20221202102600.066000	60
20221202102530.067000	20221202102630.067000	60
20221202102600.068000	20221202102700.068000	60
20221202102630.069000	20221202102730.069000	60
20221202102700.070000	20221202102800.070000	60
20221202102730.071000	20221202102830.071000	60
20221202102800.072000	20221202102900.072000	60
20221202102830.073000	20221202102930.073000	60
20221202102900.074000	20221202103000.074000	60
20221202102930.075000	20221202103030.075000	60
20221202103000.076000	20221202103100.076000	60
20221202103030.077000	20221202103130.077000	60
20221202103100.078000	20221202103200.078000	60
20221202103130.079000	20221202103230.079000	60
20221202103200.080000	20221202103300.080000	60
20221202103230.081000	20221202103330.081000	60
20221202103300.082000	20221202103400.082000	60
20221202103330.083000	20221202103430.083000	60
20221202103400.084000	20221202103500.084000	60
20221202103430.085000	20221202103530.085000	60
20221202103500.086000	20221202103600.086000	60
20221202103530.087000	20221202103630.087000	60
20221202103600.088000	20221202103700.088000	60
20221202103737.294000	20221202103837.294000	60
20221202103807.295000	20221202103907.295000	60
20221202103837.296000	20221202103937.296000	60
20221202104007.299000	20221202104107.299000	60
20221202104037.300000	20221202104137.300000	60
20221202104207.303000	20221202104307.303000	60
20221202104237.304000	20221202104337.304000	60
20221202104307.305000	20221202104407.305000	60
20221202104337.306000	20221202104437.306000	60
20221202104407.307000	20221202104507.307000	60
20221202104437.308000	20221202104537.308000	60
20221202104507.309000	20221202104607.309000	60
20221202104537.310000	20221202104637.310000	60
20221202104607.311000	20221202104707.311000	60
20221202104637.312000	20221202104737.312000	60
20221202104707.313000	20221202104807.313000	60
20221202104737.314000	20221202104837.314000	60
20221202104807.315000	20221202104907.315000	60
20221202104837.316000	20221202104937.316000	60
20221202104907.317000	20221202105007.317000	60
20221202104937.318000	20221202105037.318000	60
20221202105007.319000	20221202105107.319000	60
20221202105037.320000	20221202105137.320000	60
20221202105107.321000	20221202105207.321000	60
20221202105137.322000	20221202105237.322000	60
20221202105207.323000	20221202105307.323000	60
20221202105237.324000	20221202105337.324000	60
20221202105307.325000	20221202105407.325000	60
20221202105337.326000	20221202105437.326000	60
20221202105407.327000	20221202105507.327000	60
20221202105437.328000	20221202105537.328000	60
20221202105507.329000	20221202105607.329000	60
20221202105611.940000	20221202105711.940000	60
20221202105641.941000	20221202105741.941000	60
20221202105711.942000	20221202105811.942000	60
20221202105741.943000	20221202105841.943000	60
20221202105811.944000	20221202105911.944000	60
20221202105841.945000	20221202105941.945000	60
20221202105911.946000	20221202110011.946000	60
20221202105941.947000	20221202110041.947000	60
20221202110011.948000	20221202110111.948000	60
20221202110041.949000	20221202110141.949000	60
20221202110111.950000	20221202110211.950000	60
20221202110141.951000	20221202110241.951000	60
20221202110211.952000	20221202110311.952000	60
20221202110241.953000	20221202110341.953000	60
20221202110311.954000	20221202110411.954000	60
20221202110341.955000	20221202110441.955000	60
#
# END WINDOW LIST
#
