# HV LOG FORMAT RELEASE 1.0
#
# BEGIN COMMAND LINE ARGUMENTS
#
C:/Users/koenvn/Geopsy 3.3.4/bin/geopsy.exe  $*
exit $?
#
# END COMMAND LINE ARGUMENTS
#
#
# BEGIN SOFTWARE VERSION
#
  Qt                  5.12.3
  QGpCoreTools        2.4.2 from 3.4.2
      (commit 33d7a93616e30a3d511fa67ad3f5da9da1a4aac6)
  QGpCoreMath         1.4.2 from 3.4.2
      (commit 306e3c199829ace6cbde6b242503355428580d05)
  GeopsyCore          4.4.2 from 3.4.2
      (commit 583bacf54d7367d6c29796a28c8179b98d88e28a)
  QGpGuiTools         2.4.2 from 3.4.2
      (commit 478ff49d6d6ec28d92b21ec9bfcef9f5d343b065)
  SciFigs             3.3.2 from 3.4.2
      (commit cec1d051784e8ee1d9774230fb96c1bb0b618aa0)
  QGpGuiMath          1.3.1 from 3.4.2
      (commit 8e80e068f4f3b16a30e8fb8dff21177f25a58da6)
  GeopsyGui           3.4.1 from 3.4.2
      (commit 905aba82a1928b07b3fd61dec384b9448698c80b)
  GeopsySLink         2.0.3 from 3.4.2
      (commit 2f01f562d775a4ddcdfc6a3b388c2ecb0cbb3a9a)
  GeopsySLinkGui      2.0.2 from 3.4.2
      (commit f6e61f2761b9ab1fa13c821e2a94732db60abf4f)
  geopsy              3.3.3 from 3.4.2
      (commit fb3d54b85a28e6ba741794e0cb6666d0b25c0167)
  geopsyfigs          1.0.2 from 3.4.2
      (commit 33697385e465d0d0ec4344aba55058811e934918)
  campbelltob3        1.0.1 from 3.4.2
      (commit 6e12f8024f0a052e430878492367702311588147)
  DinverCore          1.3.1 from 3.4.2
      (commit 7a17c1522ca1f626c89f2c1e87759f6b4a9311d4)
  QGpCoreWave         2.2.0 from 3.4.2
      (commit 18e08f9fd358a9e504047ec288ca4ab71a7c9851)
  QGpCompatibility    1.1.2 from 3.4.2
      (commit 3e05f6333687b574d4a18fb4336decd9efbe3efa)
  DinverDCCore        2.2.0 from 3.4.2
      (commit 654cab13b392853128bb5fa90891ecf10b5c3f0c)
  QGpCoreStat         1.2.2 from 3.4.2
      (commit 4ed49581fb9dfbf824223fae61af336330486596)
  ArrayCore           4.1.2 from 3.4.2
      (commit 85e1ce3b5a43ddb8cc16df7c31094c7c98a82104)
  QGpGuiWave          1.2.1 from 3.4.2
      (commit 2889d6a23de9671c33c0ae088b33e537035df26f)
  ArrayGui            1.3.0 from 3.4.2
      (commit bb09428d0df9ad7ab7996d50f8ac067b450a9bec)
  geopsyarray         3.2.4 from 3.4.2
      (commit 243028ab672fff396c683ed677c1dd4a1cc6a99b)
  geopsydamping       2.1.3 from 3.4.2
      (commit 2be6cba7701efb6e8c1a20c940cffe08f04ffcd2)
  HVCore              1.1.2 from 3.4.2
      (commit a76eb646e633a11fe6b411d1112c55e3c9107de4)
  HVGui               1.1.0 from 3.4.2
      (commit a66df7fe63f6c9107cfffcd4fa86d4f9893fec16)
  geopsyhv            4.0.2 from 3.4.2
      (commit ecd96a31c8abadf86bcbae0dd02bb37935b26dc7)
  geopsynr            1.1.1 from 3.4.2
      (commit f149a70197f8622e594ecec09f55068ecabcfc33)
  geopsyptmotion      2.0.3 from 3.4.2
      (commit c82034566f860b11afdc973ca84ef0027af6cf95)
  geopsyrefra         2.0.2 from 3.4.2
      (commit 807393bf66c9762a914de2cbc8c43813d8ae4227)
  geopsytfa           2.1.1 from 3.4.2
      (commit b87f1cb860bedfd6fb8d0439e749dd7464b26a24)
  hvtfa               2.1.3 from 3.4.2
      (commit fa8612a089e30f0bd72192724ee1ebe5fb4080b5)
  matfiles            1.0.3 from 3.4.2
      (commit aa4bbdecc6f645ece0598270993e17766e4c7b32)
  phaseit             1.0.2 from 3.4.2
      (commit 266b229edcf7986948d6d3f3940a154229b45f91)
#
# END SOFTWARE VERSION
#
#
# BEGIN SIGNAL LIST
#
[COMP 0]
 [SIG 0] E:/SOLODATA/MartinGeoCamb/TouretTaxis/TouretTaxis_splitted/11. Alois/453004512.1.2022.12.02.09.33.00.000.Z.miniseed at index 0
[COMP 1]
 [SIG 0] E:/SOLODATA/MartinGeoCamb/TouretTaxis/TouretTaxis_splitted/11. Alois/453004512.1.2022.12.02.09.33.00.000.N.miniseed at index 0
[COMP 2]
 [SIG 0] E:/SOLODATA/MartinGeoCamb/TouretTaxis/TouretTaxis_splitted/11. Alois/453004512.1.2022.12.02.09.33.00.000.E.miniseed at index 0
#
# END SIGNAL LIST
#
#
# BEGIN PARAMETERS
#
# Version 0: all files generated with releases before 20170901 (default for input)
PARAMETERS_VERSION=1
# TYPEs:
#   - Signal: from the start or to the end of signal (TEXT are useless)
#   - Delta: a fixed duration counted from the start or the end (e.g. TEXT=1h).
#   - Pick: from or to a time pick (TEXT=time pick name).
#   - Absolute: from or to a fixed time (e.g. TEXT=20170314115338.00)
FROM_TIME_TYPE=Signal
FROM_TIME_TEXT=0s
# TYPEs: Signal, Delta, Absolute
TO_TIME_TYPE=Signal
TO_TIME_TEXT=0s
REFERENCE=
COMMON_TIME_WINDOWS=false
# TYPEs: Exactly, AtLeast, FrequencyDependent
WINDOW_LENGTH_TYPE=Exactly
WINDOW_MIN_LENGTH(s)=60
WINDOW_MAX_LENGTH(s)=60
WINDOW_MAX_COUNT=0
# Length of time windows are adjusted to avoid a prime number of samples which
# slows down the FFT computation. Usually a maximum prime 11 in the prime factorization
# of the number of samples is a good compromise between the speed and the lenght inaccuracy
# Leave as zero to allow any prime number factorization.
WINDOW_MAXIMUM_PRIME_FACTOR=11
BAD_SAMPLE_TOLERANCE (s)=0
BAD_SAMPLE_GAP (s)=0
WINDOW_OVERLAP (%)=50
# TYPEs: NoSampleThreshold, RelativeSampleThreshold, AbsoluteSampleThreshold
BAD_SAMPLE_THRESHOLD_TYPE=RelativeSampleThreshold
BAD_SAMPLE_THRESHOLD_VALUE (%)=0.8
ANTI-TRIGGERING_ON_RAW_SIGNAL (y/n)=n
ANTI-TRIGGERING_ON_FILTERED_SIGNAL (y/n)=n
# Start a time window for each seismic event available inside the time range.
SEISMIC_EVENT_TRIGGER (y/n)=n
SEISMIC_EVENT_DELAY (s)=-0.1
WINDOW_TYPE=Tukey
WINDOW_REVERSED=n
WINDOW_ALPHA=0.1
SMOOTHING_METHOD=Function
SMOOTHING_WIDTH_TYPE=Proportional
SMOOTHING_WIDTH=0.4
# Describes the way values are summed: on a linear, log or inversed scale
SMOOTHING_SCALE_TYPE=Linear
SMOOTHING_WINDOW_TYPE=KonnoOhmachi
SMOOTHING_WINDOW_REVERSED=n
MINIMUM_FREQUENCY=0.2
MAXIMUM_FREQUENCY=100
# Either 'Linear', 'Log' or 'Inversed'
SCALE_TYPE_FREQUENCY=Log
# Number of samples is either set to a fixed value ('Count') or through a step between samples ('Step')'
STEP_TYPE_FREQUENCY=Step
SAMPLES_NUMBER_FREQUENCY=252
# STEP=difference between two successive samples for 'linear' scales
# STEP=ratio between two successive samples for 'log' scales
# STEP=difference between two successive inversed samples for 'inversed' scales
STEP_FREQUENCY=1.025
HIGH_PASS_FREQUENCY=0
# Possible values for HORIZONTAL_COMPONENTS: Squared, Energy, Azimuth, Geometric
HORIZONTAL_COMPONENTS=Squared
# HORIZONTAL_AZIMUTH is used only when HORIZONTAL_COMPONENTS==Azimuth
HORIZONTAL_AZIMUTH=0
# Used only for rotated output
ROTATION_STEP=10
# Frequency domain window rejection (Cox et al. (2020, GJI)
FREQUENCY_WINDOW_REJECTION_MINIMUM_FREQUENCY=0.0001
FREQUENCY_WINDOW_REJECTION_MAXIMUM_FREQUENCY=5000
FREQUENCY_WINDOW_REJECTION_STDDEV_FACTOR=2
FREQUENCY_WINDOW_REJECTION_MAXIMUM_ITERATIONS=50
#
# END PARAMETERS
#
#
# BEGIN WINDOWING LOG
#
Automatic windowing
#
# END WINDOWING LOG
#
#
# BEGIN WINDOW LIST
#
# Number= 144
# Start time 	 End Time 	 Window length
20221202093405.371000	20221202093505.371000	60
20221202093435.372000	20221202093535.372000	60
20221202093505.373000	20221202093605.373000	60
20221202093605.375000	20221202093705.375000	60
20221202093635.376000	20221202093735.376000	60
20221202093705.377000	20221202093805.377000	60
20221202093735.378000	20221202093835.378000	60
20221202093805.379000	20221202093905.379000	60
20221202093905.381000	20221202094005.381000	60
20221202093935.382000	20221202094035.382000	60
20221202094005.383000	20221202094105.383000	60
20221202094035.384000	20221202094135.384000	60
20221202094105.385000	20221202094205.385000	60
20221202094305.389000	20221202094405.389000	60
20221202094335.390000	20221202094435.390000	60
20221202094435.392000	20221202094535.392000	60
20221202094505.393000	20221202094605.393000	60
20221202094535.394000	20221202094635.394000	60
20221202094705.397000	20221202094805.397000	60
20221202094735.398000	20221202094835.398000	60
20221202094805.399000	20221202094905.399000	60
20221202094835.400000	20221202094935.400000	60
20221202094905.401000	20221202095005.401000	60
20221202094935.402000	20221202095035.402000	60
20221202095005.403000	20221202095105.403000	60
20221202095035.404000	20221202095135.404000	60
20221202095105.405000	20221202095205.405000	60
20221202095135.406000	20221202095235.406000	60
20221202095305.409000	20221202095405.409000	60
20221202095335.410000	20221202095435.410000	60
20221202095405.411000	20221202095505.411000	60
20221202095435.412000	20221202095535.412000	60
20221202095505.413000	20221202095605.413000	60
20221202095535.414000	20221202095635.414000	60
20221202095605.415000	20221202095705.415000	60
20221202095635.416000	20221202095735.416000	60
20221202095705.417000	20221202095805.417000	60
20221202095735.418000	20221202095835.418000	60
20221202095805.419000	20221202095905.419000	60
20221202095835.420000	20221202095935.420000	60
20221202095905.421000	20221202100005.421000	60
20221202095935.422000	20221202100035.422000	60
20221202100005.423000	20221202100105.423000	60
20221202100035.424000	20221202100135.424000	60
20221202100105.425000	20221202100205.425000	60
20221202100135.426000	20221202100235.426000	60
20221202100205.427000	20221202100305.427000	60
20221202100235.428000	20221202100335.428000	60
20221202100305.429000	20221202100405.429000	60
20221202100335.430000	20221202100435.430000	60
20221202100405.431000	20221202100505.431000	60
20221202100435.432000	20221202100535.432000	60
20221202100505.433000	20221202100605.433000	60
20221202100535.434000	20221202100635.434000	60
20221202100605.435000	20221202100705.435000	60
20221202100635.436000	20221202100735.436000	60
20221202100705.437000	20221202100805.437000	60
20221202100735.438000	20221202100835.438000	60
20221202100805.439000	20221202100905.439000	60
20221202100905.441000	20221202101005.441000	60
20221202101005.443000	20221202101105.443000	60
20221202101035.444000	20221202101135.444000	60
20221202101105.445000	20221202101205.445000	60
20221202101135.446000	20221202101235.446000	60
20221202101205.447000	20221202101305.447000	60
20221202101235.448000	20221202101335.448000	60
20221202101305.449000	20221202101405.449000	60
20221202101335.450000	20221202101435.450000	60
20221202101405.451000	20221202101505.451000	60
20221202101435.452000	20221202101535.452000	60
20221202101505.453000	20221202101605.453000	60
20221202101535.454000	20221202101635.454000	60
20221202101605.455000	20221202101705.455000	60
20221202101705.457000	20221202101805.457000	60
20221202101735.458000	20221202101835.458000	60
20221202101805.459000	20221202101905.459000	60
20221202101835.460000	20221202101935.460000	60
20221202101905.461000	20221202102005.461000	60
20221202101935.462000	20221202102035.462000	60
20221202102005.463000	20221202102105.463000	60
20221202102035.464000	20221202102135.464000	60
20221202102105.465000	20221202102205.465000	60
20221202102444.138000	20221202102544.138000	60
20221202102514.139000	20221202102614.139000	60
20221202102544.140000	20221202102644.140000	60
20221202102614.141000	20221202102714.141000	60
20221202102644.142000	20221202102744.142000	60
20221202102714.143000	20221202102814.143000	60
20221202102744.144000	20221202102844.144000	60
20221202102814.145000	20221202102914.145000	60
20221202102844.146000	20221202102944.146000	60
20221202102914.147000	20221202103014.147000	60
20221202102944.148000	20221202103044.148000	60
20221202103014.149000	20221202103114.149000	60
20221202103044.150000	20221202103144.150000	60
20221202103114.151000	20221202103214.151000	60
20221202103144.152000	20221202103244.152000	60
20221202103214.153000	20221202103314.153000	60
20221202103244.154000	20221202103344.154000	60
20221202103314.155000	20221202103414.155000	60
20221202103344.156000	20221202103444.156000	60
20221202103414.157000	20221202103514.157000	60
20221202103444.158000	20221202103544.158000	60
20221202103544.160000	20221202103644.160000	60
20221202103614.161000	20221202103714.161000	60
20221202103644.162000	20221202103744.162000	60
20221202103714.163000	20221202103814.163000	60
20221202103744.164000	20221202103844.164000	60
20221202103814.165000	20221202103914.165000	60
20221202103844.166000	20221202103944.166000	60
20221202103914.167000	20221202104014.167000	60
20221202103944.168000	20221202104044.168000	60
20221202104014.169000	20221202104114.169000	60
20221202104044.170000	20221202104144.170000	60
20221202104114.171000	20221202104214.171000	60
20221202104144.172000	20221202104244.172000	60
20221202104214.173000	20221202104314.173000	60
20221202104244.174000	20221202104344.174000	60
20221202104422.171000	20221202104522.171000	60
20221202104452.172000	20221202104552.172000	60
20221202104522.173000	20221202104622.173000	60
20221202104552.174000	20221202104652.174000	60
20221202104622.175000	20221202104722.175000	60
20221202104652.176000	20221202104752.176000	60
20221202104722.177000	20221202104822.177000	60
20221202104752.178000	20221202104852.178000	60
20221202104822.179000	20221202104922.179000	60
20221202104852.180000	20221202104952.180000	60
20221202104922.181000	20221202105022.181000	60
20221202104952.182000	20221202105052.182000	60
20221202105022.183000	20221202105122.183000	60
20221202105052.184000	20221202105152.184000	60
20221202105122.185000	20221202105222.185000	60
20221202105152.186000	20221202105252.186000	60
20221202105222.187000	20221202105322.187000	60
20221202105252.188000	20221202105352.188000	60
20221202105322.189000	20221202105422.189000	60
20221202105352.190000	20221202105452.190000	60
20221202105422.191000	20221202105522.191000	60
20221202105452.192000	20221202105552.192000	60
20221202105522.193000	20221202105622.193000	60
20221202105552.194000	20221202105652.194000	60
20221202105622.195000	20221202105722.195000	60
20221202105652.196000	20221202105752.196000	60
#
# END WINDOW LIST
#
