# HV LOG FORMAT RELEASE 1.0
#
# BEGIN COMMAND LINE ARGUMENTS
#
C:/Users/koenvn/Geopsy 3.3.4/bin/geopsy.exe  $*
exit $?
#
# END COMMAND LINE ARGUMENTS
#
#
# BEGIN SOFTWARE VERSION
#
  Qt                  5.12.3
  QGpCoreTools        2.4.2 from 3.4.2
      (commit 33d7a93616e30a3d511fa67ad3f5da9da1a4aac6)
  QGpCoreMath         1.4.2 from 3.4.2
      (commit 306e3c199829ace6cbde6b242503355428580d05)
  GeopsyCore          4.4.2 from 3.4.2
      (commit 583bacf54d7367d6c29796a28c8179b98d88e28a)
  QGpGuiTools         2.4.2 from 3.4.2
      (commit 478ff49d6d6ec28d92b21ec9bfcef9f5d343b065)
  SciFigs             3.3.2 from 3.4.2
      (commit cec1d051784e8ee1d9774230fb96c1bb0b618aa0)
  QGpGuiMath          1.3.1 from 3.4.2
      (commit 8e80e068f4f3b16a30e8fb8dff21177f25a58da6)
  GeopsyGui           3.4.1 from 3.4.2
      (commit 905aba82a1928b07b3fd61dec384b9448698c80b)
  GeopsySLink         2.0.3 from 3.4.2
      (commit 2f01f562d775a4ddcdfc6a3b388c2ecb0cbb3a9a)
  GeopsySLinkGui      2.0.2 from 3.4.2
      (commit f6e61f2761b9ab1fa13c821e2a94732db60abf4f)
  geopsy              3.3.3 from 3.4.2
      (commit fb3d54b85a28e6ba741794e0cb6666d0b25c0167)
  geopsyfigs          1.0.2 from 3.4.2
      (commit 33697385e465d0d0ec4344aba55058811e934918)
  campbelltob3        1.0.1 from 3.4.2
      (commit 6e12f8024f0a052e430878492367702311588147)
  DinverCore          1.3.1 from 3.4.2
      (commit 7a17c1522ca1f626c89f2c1e87759f6b4a9311d4)
  QGpCoreWave         2.2.0 from 3.4.2
      (commit 18e08f9fd358a9e504047ec288ca4ab71a7c9851)
  QGpCompatibility    1.1.2 from 3.4.2
      (commit 3e05f6333687b574d4a18fb4336decd9efbe3efa)
  DinverDCCore        2.2.0 from 3.4.2
      (commit 654cab13b392853128bb5fa90891ecf10b5c3f0c)
  QGpCoreStat         1.2.2 from 3.4.2
      (commit 4ed49581fb9dfbf824223fae61af336330486596)
  ArrayCore           4.1.2 from 3.4.2
      (commit 85e1ce3b5a43ddb8cc16df7c31094c7c98a82104)
  QGpGuiWave          1.2.1 from 3.4.2
      (commit 2889d6a23de9671c33c0ae088b33e537035df26f)
  ArrayGui            1.3.0 from 3.4.2
      (commit bb09428d0df9ad7ab7996d50f8ac067b450a9bec)
  geopsyarray         3.2.4 from 3.4.2
      (commit 243028ab672fff396c683ed677c1dd4a1cc6a99b)
  geopsydamping       2.1.3 from 3.4.2
      (commit 2be6cba7701efb6e8c1a20c940cffe08f04ffcd2)
  HVCore              1.1.2 from 3.4.2
      (commit a76eb646e633a11fe6b411d1112c55e3c9107de4)
  HVGui               1.1.0 from 3.4.2
      (commit a66df7fe63f6c9107cfffcd4fa86d4f9893fec16)
  geopsyhv            4.0.2 from 3.4.2
      (commit ecd96a31c8abadf86bcbae0dd02bb37935b26dc7)
  geopsynr            1.1.1 from 3.4.2
      (commit f149a70197f8622e594ecec09f55068ecabcfc33)
  geopsyptmotion      2.0.3 from 3.4.2
      (commit c82034566f860b11afdc973ca84ef0027af6cf95)
  geopsyrefra         2.0.2 from 3.4.2
      (commit 807393bf66c9762a914de2cbc8c43813d8ae4227)
  geopsytfa           2.1.1 from 3.4.2
      (commit b87f1cb860bedfd6fb8d0439e749dd7464b26a24)
  hvtfa               2.1.3 from 3.4.2
      (commit fa8612a089e30f0bd72192724ee1ebe5fb4080b5)
  matfiles            1.0.3 from 3.4.2
      (commit aa4bbdecc6f645ece0598270993e17766e4c7b32)
  phaseit             1.0.2 from 3.4.2
      (commit 266b229edcf7986948d6d3f3940a154229b45f91)
#
# END SOFTWARE VERSION
#
#
# BEGIN SIGNAL LIST
#
[COMP 0]
 [SIG 0] E:/SOLODATA/MartinGeoCamb/TouretTaxis/TouretTaxis_splitted/12. Stephanie/453004639.1.2022.12.02.09.52.00.000.Z.miniseed at index 0
[COMP 1]
 [SIG 0] E:/SOLODATA/MartinGeoCamb/TouretTaxis/TouretTaxis_splitted/12. Stephanie/453004639.1.2022.12.02.09.52.00.000.N.miniseed at index 0
[COMP 2]
 [SIG 0] E:/SOLODATA/MartinGeoCamb/TouretTaxis/TouretTaxis_splitted/12. Stephanie/453004639.1.2022.12.02.09.52.00.000.E.miniseed at index 0
#
# END SIGNAL LIST
#
#
# BEGIN PARAMETERS
#
# Version 0: all files generated with releases before 20170901 (default for input)
PARAMETERS_VERSION=1
# TYPEs:
#   - Signal: from the start or to the end of signal (TEXT are useless)
#   - Delta: a fixed duration counted from the start or the end (e.g. TEXT=1h).
#   - Pick: from or to a time pick (TEXT=time pick name).
#   - Absolute: from or to a fixed time (e.g. TEXT=20170314115338.00)
FROM_TIME_TYPE=Signal
FROM_TIME_TEXT=0s
# TYPEs: Signal, Delta, Absolute
TO_TIME_TYPE=Signal
TO_TIME_TEXT=0s
REFERENCE=
COMMON_TIME_WINDOWS=false
# TYPEs: Exactly, AtLeast, FrequencyDependent
WINDOW_LENGTH_TYPE=Exactly
WINDOW_MIN_LENGTH(s)=60
WINDOW_MAX_LENGTH(s)=60
WINDOW_MAX_COUNT=0
# Length of time windows are adjusted to avoid a prime number of samples which
# slows down the FFT computation. Usually a maximum prime 11 in the prime factorization
# of the number of samples is a good compromise between the speed and the lenght inaccuracy
# Leave as zero to allow any prime number factorization.
WINDOW_MAXIMUM_PRIME_FACTOR=11
BAD_SAMPLE_TOLERANCE (s)=0
BAD_SAMPLE_GAP (s)=0
WINDOW_OVERLAP (%)=50
# TYPEs: NoSampleThreshold, RelativeSampleThreshold, AbsoluteSampleThreshold
BAD_SAMPLE_THRESHOLD_TYPE=RelativeSampleThreshold
BAD_SAMPLE_THRESHOLD_VALUE (%)=0.8
ANTI-TRIGGERING_ON_RAW_SIGNAL (y/n)=n
ANTI-TRIGGERING_ON_FILTERED_SIGNAL (y/n)=n
# Start a time window for each seismic event available inside the time range.
SEISMIC_EVENT_TRIGGER (y/n)=n
SEISMIC_EVENT_DELAY (s)=-0.1
WINDOW_TYPE=Tukey
WINDOW_REVERSED=n
WINDOW_ALPHA=0.1
SMOOTHING_METHOD=Function
SMOOTHING_WIDTH_TYPE=Proportional
SMOOTHING_WIDTH=0.4
# Describes the way values are summed: on a linear, log or inversed scale
SMOOTHING_SCALE_TYPE=Linear
SMOOTHING_WINDOW_TYPE=KonnoOhmachi
SMOOTHING_WINDOW_REVERSED=n
MINIMUM_FREQUENCY=0.2
MAXIMUM_FREQUENCY=100
# Either 'Linear', 'Log' or 'Inversed'
SCALE_TYPE_FREQUENCY=Log
# Number of samples is either set to a fixed value ('Count') or through a step between samples ('Step')'
STEP_TYPE_FREQUENCY=Step
SAMPLES_NUMBER_FREQUENCY=252
# STEP=difference between two successive samples for 'linear' scales
# STEP=ratio between two successive samples for 'log' scales
# STEP=difference between two successive inversed samples for 'inversed' scales
STEP_FREQUENCY=1.025
HIGH_PASS_FREQUENCY=0
# Possible values for HORIZONTAL_COMPONENTS: Squared, Energy, Azimuth, Geometric
HORIZONTAL_COMPONENTS=Squared
# HORIZONTAL_AZIMUTH is used only when HORIZONTAL_COMPONENTS==Azimuth
HORIZONTAL_AZIMUTH=0
# Used only for rotated output
ROTATION_STEP=10
# Frequency domain window rejection (Cox et al. (2020, GJI)
FREQUENCY_WINDOW_REJECTION_MINIMUM_FREQUENCY=0.0001
FREQUENCY_WINDOW_REJECTION_MAXIMUM_FREQUENCY=5000
FREQUENCY_WINDOW_REJECTION_STDDEV_FACTOR=2
FREQUENCY_WINDOW_REJECTION_MAXIMUM_ITERATIONS=50
#
# END PARAMETERS
#
#
# BEGIN WINDOWING LOG
#
Automatic windowing
#
# END WINDOWING LOG
#
#
# BEGIN WINDOW LIST
#
# Number= 106
# Start time 	 End Time 	 Window length
20221202095231.757000	20221202095331.757000	60
20221202095301.758000	20221202095401.758000	60
20221202095331.759000	20221202095431.759000	60
20221202095401.760000	20221202095501.760000	60
20221202095431.761000	20221202095531.761000	60
20221202095501.762000	20221202095601.762000	60
20221202095620.653000	20221202095720.653000	60
20221202095650.654000	20221202095750.654000	60
20221202095720.655000	20221202095820.655000	60
20221202095750.656000	20221202095850.656000	60
20221202095902.277000	20221202100002.277000	60
20221202095932.278000	20221202100032.278000	60
20221202100002.279000	20221202100102.279000	60
20221202100032.280000	20221202100132.280000	60
20221202100102.281000	20221202100202.281000	60
20221202100132.282000	20221202100232.282000	60
20221202100202.283000	20221202100302.283000	60
20221202100232.284000	20221202100332.284000	60
20221202100302.285000	20221202100402.285000	60
20221202100332.286000	20221202100432.286000	60
20221202100402.287000	20221202100502.287000	60
20221202100432.288000	20221202100532.288000	60
20221202100502.289000	20221202100602.289000	60
20221202100532.290000	20221202100632.290000	60
20221202100602.291000	20221202100702.291000	60
20221202100632.292000	20221202100732.292000	60
20221202100702.293000	20221202100802.293000	60
20221202100732.294000	20221202100832.294000	60
20221202100802.295000	20221202100902.295000	60
20221202100902.297000	20221202101002.297000	60
20221202100932.298000	20221202101032.298000	60
20221202101002.299000	20221202101102.299000	60
20221202101032.300000	20221202101132.300000	60
20221202101102.301000	20221202101202.301000	60
20221202101132.302000	20221202101232.302000	60
20221202101202.303000	20221202101302.303000	60
20221202101232.304000	20221202101332.304000	60
20221202101302.305000	20221202101402.305000	60
20221202101332.306000	20221202101432.306000	60
20221202101402.307000	20221202101502.307000	60
20221202101432.308000	20221202101532.308000	60
20221202101502.309000	20221202101602.309000	60
20221202101532.310000	20221202101632.310000	60
20221202101602.311000	20221202101702.311000	60
20221202101632.312000	20221202101732.312000	60
20221202101802.315000	20221202101902.315000	60
20221202101932.318000	20221202102032.318000	60
20221202102132.322000	20221202102232.322000	60
20221202102202.323000	20221202102302.323000	60
20221202102232.324000	20221202102332.324000	60
20221202102302.325000	20221202102402.325000	60
20221202102332.326000	20221202102432.326000	60
20221202102402.327000	20221202102502.327000	60
20221202102432.328000	20221202102532.328000	60
20221202102502.329000	20221202102602.329000	60
20221202102532.330000	20221202102632.330000	60
20221202102602.331000	20221202102702.331000	60
20221202102632.332000	20221202102732.332000	60
20221202102702.333000	20221202102802.333000	60
20221202102732.334000	20221202102832.334000	60
20221202102802.335000	20221202102902.335000	60
20221202102832.336000	20221202102932.336000	60
20221202102902.337000	20221202103002.337000	60
20221202102932.338000	20221202103032.338000	60
20221202103002.339000	20221202103102.339000	60
20221202103032.340000	20221202103132.340000	60
20221202103102.341000	20221202103202.341000	60
20221202103132.342000	20221202103232.342000	60
20221202103202.343000	20221202103302.343000	60
20221202103327.080000	20221202103427.080000	60
20221202103357.081000	20221202103457.081000	60
20221202103427.082000	20221202103527.082000	60
20221202103457.083000	20221202103557.083000	60
20221202103527.084000	20221202103627.084000	60
20221202103557.085000	20221202103657.085000	60
20221202103627.086000	20221202103727.086000	60
20221202103657.087000	20221202103757.087000	60
20221202103827.090000	20221202103927.090000	60
20221202103857.091000	20221202103957.091000	60
20221202103927.092000	20221202104027.092000	60
20221202104045.623000	20221202104145.623000	60
20221202104153.570000	20221202104253.570000	60
20221202104223.571000	20221202104323.571000	60
20221202104253.572000	20221202104353.572000	60
20221202104323.573000	20221202104423.573000	60
20221202104353.574000	20221202104453.574000	60
20221202104423.575000	20221202104523.575000	60
20221202104536.147000	20221202104636.147000	60
20221202104606.148000	20221202104706.148000	60
20221202104636.149000	20221202104736.149000	60
20221202104706.150000	20221202104806.150000	60
20221202104736.151000	20221202104836.151000	60
20221202104806.152000	20221202104906.152000	60
20221202104836.153000	20221202104936.153000	60
20221202104906.154000	20221202105006.154000	60
20221202104936.155000	20221202105036.155000	60
20221202105006.156000	20221202105106.156000	60
20221202105036.157000	20221202105136.157000	60
20221202105106.158000	20221202105206.158000	60
20221202105136.159000	20221202105236.159000	60
20221202105206.160000	20221202105306.160000	60
20221202105236.161000	20221202105336.161000	60
20221202105306.162000	20221202105406.162000	60
20221202105557.398000	20221202105657.398000	60
20221202105627.399000	20221202105727.399000	60
20221202105657.400000	20221202105757.400000	60
#
# END WINDOW LIST
#
