# HV LOG FORMAT RELEASE 1.0
#
# BEGIN COMMAND LINE ARGUMENTS
#
C:/Users/koenvn/Geopsy 3.3.4/bin/geopsy.exe  $*
exit $?
#
# END COMMAND LINE ARGUMENTS
#
#
# BEGIN SOFTWARE VERSION
#
  Qt                  5.12.3
  QGpCoreTools        2.4.2 from 3.4.2
      (commit 33d7a93616e30a3d511fa67ad3f5da9da1a4aac6)
  QGpCoreMath         1.4.2 from 3.4.2
      (commit 306e3c199829ace6cbde6b242503355428580d05)
  GeopsyCore          4.4.2 from 3.4.2
      (commit 583bacf54d7367d6c29796a28c8179b98d88e28a)
  QGpGuiTools         2.4.2 from 3.4.2
      (commit 478ff49d6d6ec28d92b21ec9bfcef9f5d343b065)
  SciFigs             3.3.2 from 3.4.2
      (commit cec1d051784e8ee1d9774230fb96c1bb0b618aa0)
  QGpGuiMath          1.3.1 from 3.4.2
      (commit 8e80e068f4f3b16a30e8fb8dff21177f25a58da6)
  GeopsyGui           3.4.1 from 3.4.2
      (commit 905aba82a1928b07b3fd61dec384b9448698c80b)
  GeopsySLink         2.0.3 from 3.4.2
      (commit 2f01f562d775a4ddcdfc6a3b388c2ecb0cbb3a9a)
  GeopsySLinkGui      2.0.2 from 3.4.2
      (commit f6e61f2761b9ab1fa13c821e2a94732db60abf4f)
  geopsy              3.3.3 from 3.4.2
      (commit fb3d54b85a28e6ba741794e0cb6666d0b25c0167)
  geopsyfigs          1.0.2 from 3.4.2
      (commit 33697385e465d0d0ec4344aba55058811e934918)
  campbelltob3        1.0.1 from 3.4.2
      (commit 6e12f8024f0a052e430878492367702311588147)
  DinverCore          1.3.1 from 3.4.2
      (commit 7a17c1522ca1f626c89f2c1e87759f6b4a9311d4)
  QGpCoreWave         2.2.0 from 3.4.2
      (commit 18e08f9fd358a9e504047ec288ca4ab71a7c9851)
  QGpCompatibility    1.1.2 from 3.4.2
      (commit 3e05f6333687b574d4a18fb4336decd9efbe3efa)
  DinverDCCore        2.2.0 from 3.4.2
      (commit 654cab13b392853128bb5fa90891ecf10b5c3f0c)
  QGpCoreStat         1.2.2 from 3.4.2
      (commit 4ed49581fb9dfbf824223fae61af336330486596)
  ArrayCore           4.1.2 from 3.4.2
      (commit 85e1ce3b5a43ddb8cc16df7c31094c7c98a82104)
  QGpGuiWave          1.2.1 from 3.4.2
      (commit 2889d6a23de9671c33c0ae088b33e537035df26f)
  ArrayGui            1.3.0 from 3.4.2
      (commit bb09428d0df9ad7ab7996d50f8ac067b450a9bec)
  geopsyarray         3.2.4 from 3.4.2
      (commit 243028ab672fff396c683ed677c1dd4a1cc6a99b)
  geopsydamping       2.1.3 from 3.4.2
      (commit 2be6cba7701efb6e8c1a20c940cffe08f04ffcd2)
  HVCore              1.1.2 from 3.4.2
      (commit a76eb646e633a11fe6b411d1112c55e3c9107de4)
  HVGui               1.1.0 from 3.4.2
      (commit a66df7fe63f6c9107cfffcd4fa86d4f9893fec16)
  geopsyhv            4.0.2 from 3.4.2
      (commit ecd96a31c8abadf86bcbae0dd02bb37935b26dc7)
  geopsynr            1.1.1 from 3.4.2
      (commit f149a70197f8622e594ecec09f55068ecabcfc33)
  geopsyptmotion      2.0.3 from 3.4.2
      (commit c82034566f860b11afdc973ca84ef0027af6cf95)
  geopsyrefra         2.0.2 from 3.4.2
      (commit 807393bf66c9762a914de2cbc8c43813d8ae4227)
  geopsytfa           2.1.1 from 3.4.2
      (commit b87f1cb860bedfd6fb8d0439e749dd7464b26a24)
  hvtfa               2.1.3 from 3.4.2
      (commit fa8612a089e30f0bd72192724ee1ebe5fb4080b5)
  matfiles            1.0.3 from 3.4.2
      (commit aa4bbdecc6f645ece0598270993e17766e4c7b32)
  phaseit             1.0.2 from 3.4.2
      (commit 266b229edcf7986948d6d3f3940a154229b45f91)
#
# END SOFTWARE VERSION
#
#
# BEGIN SIGNAL LIST
#
[COMP 0]
 [SIG 0] E:/SOLODATA/MartinGeoCamb/TouretTaxis/TouretTaxis_splitted/3. Eliott/HV5_CS_221202_1056.mseed at index 2
[COMP 1]
 [SIG 0] E:/SOLODATA/MartinGeoCamb/TouretTaxis/TouretTaxis_splitted/3. Eliott/HV5_CS_221202_1056.mseed at index 1
[COMP 2]
 [SIG 0] E:/SOLODATA/MartinGeoCamb/TouretTaxis/TouretTaxis_splitted/3. Eliott/HV5_CS_221202_1056.mseed at index 0
#
# END SIGNAL LIST
#
#
# BEGIN PARAMETERS
#
# Version 0: all files generated with releases before 20170901 (default for input)
PARAMETERS_VERSION=1
# TYPEs:
#   - Signal: from the start or to the end of signal (TEXT are useless)
#   - Delta: a fixed duration counted from the start or the end (e.g. TEXT=1h).
#   - Pick: from or to a time pick (TEXT=time pick name).
#   - Absolute: from or to a fixed time (e.g. TEXT=20170314115338.00)
FROM_TIME_TYPE=Signal
FROM_TIME_TEXT=0s
# TYPEs: Signal, Delta, Absolute
TO_TIME_TYPE=Signal
TO_TIME_TEXT=0s
REFERENCE=
COMMON_TIME_WINDOWS=false
# TYPEs: Exactly, AtLeast, FrequencyDependent
WINDOW_LENGTH_TYPE=Exactly
WINDOW_MIN_LENGTH(s)=60
WINDOW_MAX_LENGTH(s)=60
WINDOW_MAX_COUNT=0
# Length of time windows are adjusted to avoid a prime number of samples which
# slows down the FFT computation. Usually a maximum prime 11 in the prime factorization
# of the number of samples is a good compromise between the speed and the lenght inaccuracy
# Leave as zero to allow any prime number factorization.
WINDOW_MAXIMUM_PRIME_FACTOR=11
BAD_SAMPLE_TOLERANCE (s)=0
BAD_SAMPLE_GAP (s)=0
WINDOW_OVERLAP (%)=50
# TYPEs: NoSampleThreshold, RelativeSampleThreshold, AbsoluteSampleThreshold
BAD_SAMPLE_THRESHOLD_TYPE=RelativeSampleThreshold
BAD_SAMPLE_THRESHOLD_VALUE (%)=0.8
ANTI-TRIGGERING_ON_RAW_SIGNAL (y/n)=n
ANTI-TRIGGERING_ON_FILTERED_SIGNAL (y/n)=n
# Start a time window for each seismic event available inside the time range.
SEISMIC_EVENT_TRIGGER (y/n)=n
SEISMIC_EVENT_DELAY (s)=-0.1
WINDOW_TYPE=Tukey
WINDOW_REVERSED=n
WINDOW_ALPHA=0.1
SMOOTHING_METHOD=Function
SMOOTHING_WIDTH_TYPE=Proportional
SMOOTHING_WIDTH=0.4
# Describes the way values are summed: on a linear, log or inversed scale
SMOOTHING_SCALE_TYPE=Linear
SMOOTHING_WINDOW_TYPE=KonnoOhmachi
SMOOTHING_WINDOW_REVERSED=n
MINIMUM_FREQUENCY=0.2
MAXIMUM_FREQUENCY=100
# Either 'Linear', 'Log' or 'Inversed'
SCALE_TYPE_FREQUENCY=Log
# Number of samples is either set to a fixed value ('Count') or through a step between samples ('Step')'
STEP_TYPE_FREQUENCY=Step
SAMPLES_NUMBER_FREQUENCY=252
# STEP=difference between two successive samples for 'linear' scales
# STEP=ratio between two successive samples for 'log' scales
# STEP=difference between two successive inversed samples for 'inversed' scales
STEP_FREQUENCY=1.025
HIGH_PASS_FREQUENCY=0
# Possible values for HORIZONTAL_COMPONENTS: Squared, Energy, Azimuth, Geometric
HORIZONTAL_COMPONENTS=Squared
# HORIZONTAL_AZIMUTH is used only when HORIZONTAL_COMPONENTS==Azimuth
HORIZONTAL_AZIMUTH=0
# Used only for rotated output
ROTATION_STEP=10
# Frequency domain window rejection (Cox et al. (2020, GJI)
FREQUENCY_WINDOW_REJECTION_MINIMUM_FREQUENCY=0.0001
FREQUENCY_WINDOW_REJECTION_MAXIMUM_FREQUENCY=5000
FREQUENCY_WINDOW_REJECTION_STDDEV_FACTOR=2
FREQUENCY_WINDOW_REJECTION_MAXIMUM_ITERATIONS=50
#
# END PARAMETERS
#
#
# BEGIN WINDOWING LOG
#
Automatic windowing
#
# END WINDOWING LOG
#
#
# BEGIN WINDOW LIST
#
# Number= 125
# Start time 	 End Time 	 Window length
20221202105712.853000	20221202105812.853000	60
20221202105742.857000	20221202105842.857000	60
20221202105812.861000	20221202105912.861000	60
20221202105842.865000	20221202105942.865000	60
20221202105912.869000	20221202110012.869000	60
20221202105942.873000	20221202110042.873000	60
20221202110012.877000	20221202110112.877000	60
20221202110042.881000	20221202110142.881000	60
20221202110112.885000	20221202110212.885000	60
20221202110142.889000	20221202110242.889000	60
20221202110212.893000	20221202110312.893000	60
20221202110242.897000	20221202110342.897000	60
20221202110312.901000	20221202110412.901000	60
20221202110342.905000	20221202110442.905000	60
20221202110412.909000	20221202110512.909000	60
20221202110442.913000	20221202110542.913000	60
20221202110512.917000	20221202110612.917000	60
20221202110542.921000	20221202110642.921000	60
20221202110612.925000	20221202110712.925000	60
20221202110642.929000	20221202110742.929000	60
20221202110712.933000	20221202110812.933000	60
20221202110742.937000	20221202110842.937000	60
20221202110812.941000	20221202110912.941000	60
20221202110842.945000	20221202110942.945000	60
20221202110912.949000	20221202111012.949000	60
20221202110942.953000	20221202111042.953000	60
20221202111012.957000	20221202111112.957000	60
20221202111042.961000	20221202111142.961000	60
20221202111112.965000	20221202111212.965000	60
20221202111142.969000	20221202111242.969000	60
20221202111212.973000	20221202111312.973000	60
20221202111242.977000	20221202111342.977000	60
20221202111312.981000	20221202111412.981000	60
20221202111342.985000	20221202111442.985000	60
20221202111412.989000	20221202111512.989000	60
20221202111442.993000	20221202111542.993000	60
20221202111512.997000	20221202111612.997000	60
20221202111543.001000	20221202111643.001000	60
20221202111613.005000	20221202111713.005000	60
20221202111643.009000	20221202111743.009000	60
20221202111713.013000	20221202111813.013000	60
20221202111743.017000	20221202111843.017000	60
20221202111813.021000	20221202111913.021000	60
20221202111843.025000	20221202111943.025000	60
20221202112241.425000	20221202112341.425000	60
20221202112311.429000	20221202112411.429000	60
20221202112341.433000	20221202112441.433000	60
20221202112411.437000	20221202112511.437000	60
20221202112441.441000	20221202112541.441000	60
20221202112511.445000	20221202112611.445000	60
20221202112541.449000	20221202112641.449000	60
20221202112611.453000	20221202112711.453000	60
20221202112641.457000	20221202112741.457000	60
20221202112711.461000	20221202112811.461000	60
20221202112741.465000	20221202112841.465000	60
20221202112811.469000	20221202112911.469000	60
20221202112841.473000	20221202112941.473000	60
20221202112911.477000	20221202113011.477000	60
20221202112941.481000	20221202113041.481000	60
20221202113011.485000	20221202113111.485000	60
20221202113041.489000	20221202113141.489000	60
20221202113111.493000	20221202113211.493000	60
20221202113141.497000	20221202113241.497000	60
20221202113211.501000	20221202113311.501000	60
20221202113241.505000	20221202113341.505000	60
20221202113311.509000	20221202113411.509000	60
20221202113341.513000	20221202113441.513000	60
20221202113411.517000	20221202113511.517000	60
20221202113441.521000	20221202113541.521000	60
20221202113511.525000	20221202113611.525000	60
20221202113541.529000	20221202113641.529000	60
20221202113611.533000	20221202113711.533000	60
20221202113641.537000	20221202113741.537000	60
20221202113711.541000	20221202113811.541000	60
20221202113741.545000	20221202113841.545000	60
20221202113811.549000	20221202113911.549000	60
20221202113841.553000	20221202113941.553000	60
20221202113911.557000	20221202114011.557000	60
20221202113941.561000	20221202114041.561000	60
20221202114011.565000	20221202114111.565000	60
20221202114041.569000	20221202114141.569000	60
20221202114111.573000	20221202114211.573000	60
20221202114141.577000	20221202114241.577000	60
20221202114211.581000	20221202114311.581000	60
20221202114241.585000	20221202114341.585000	60
20221202114311.589000	20221202114411.589000	60
20221202114414.265000	20221202114514.265000	60
20221202114444.269000	20221202114544.269000	60
20221202114514.273000	20221202114614.273000	60
20221202114544.277000	20221202114644.277000	60
20221202114614.281000	20221202114714.281000	60
20221202114644.285000	20221202114744.285000	60
20221202114714.289000	20221202114814.289000	60
20221202114744.293000	20221202114844.293000	60
20221202114814.297000	20221202114914.297000	60
20221202114844.301000	20221202114944.301000	60
20221202114914.305000	20221202115014.305000	60
20221202115100.997000	20221202115200.997000	60
20221202115131.001000	20221202115231.001000	60
20221202115201.005000	20221202115301.005000	60
20221202115231.009000	20221202115331.009000	60
20221202115301.013000	20221202115401.013000	60
20221202115500.609000	20221202115600.609000	60
20221202115530.613000	20221202115630.613000	60
20221202115600.617000	20221202115700.617000	60
20221202115630.621000	20221202115730.621000	60
20221202115700.625000	20221202115800.625000	60
20221202115730.629000	20221202115830.629000	60
20221202115800.633000	20221202115900.633000	60
20221202115830.637000	20221202115930.637000	60
20221202115900.641000	20221202120000.641000	60
20221202115930.645000	20221202120030.645000	60
20221202120000.649000	20221202120100.649000	60
20221202120030.653000	20221202120130.653000	60
20221202120100.657000	20221202120200.657000	60
20221202120130.661000	20221202120230.661000	60
20221202120200.665000	20221202120300.665000	60
20221202120230.669000	20221202120330.669000	60
20221202120300.673000	20221202120400.673000	60
20221202120330.677000	20221202120430.677000	60
20221202120530.693000	20221202120630.693000	60
20221202120600.697000	20221202120700.697000	60
20221202120630.701000	20221202120730.701000	60
20221202120700.705000	20221202120800.705000	60
20221202120730.709000	20221202120830.709000	60
#
# END WINDOW LIST
#
