# HV LOG FORMAT RELEASE 1.0
#
# BEGIN COMMAND LINE ARGUMENTS
#
C:/Users/koenvn/Geopsy 3.3.4/bin/geopsy.exe  $*
exit $?
#
# END COMMAND LINE ARGUMENTS
#
#
# BEGIN SOFTWARE VERSION
#
  Qt                  5.12.3
  QGpCoreTools        2.4.2 from 3.4.2
      (commit 33d7a93616e30a3d511fa67ad3f5da9da1a4aac6)
  QGpCoreMath         1.4.2 from 3.4.2
      (commit 306e3c199829ace6cbde6b242503355428580d05)
  GeopsyCore          4.4.2 from 3.4.2
      (commit 583bacf54d7367d6c29796a28c8179b98d88e28a)
  QGpGuiTools         2.4.2 from 3.4.2
      (commit 478ff49d6d6ec28d92b21ec9bfcef9f5d343b065)
  SciFigs             3.3.2 from 3.4.2
      (commit cec1d051784e8ee1d9774230fb96c1bb0b618aa0)
  QGpGuiMath          1.3.1 from 3.4.2
      (commit 8e80e068f4f3b16a30e8fb8dff21177f25a58da6)
  GeopsyGui           3.4.1 from 3.4.2
      (commit 905aba82a1928b07b3fd61dec384b9448698c80b)
  GeopsySLink         2.0.3 from 3.4.2
      (commit 2f01f562d775a4ddcdfc6a3b388c2ecb0cbb3a9a)
  GeopsySLinkGui      2.0.2 from 3.4.2
      (commit f6e61f2761b9ab1fa13c821e2a94732db60abf4f)
  geopsy              3.3.3 from 3.4.2
      (commit fb3d54b85a28e6ba741794e0cb6666d0b25c0167)
  geopsyfigs          1.0.2 from 3.4.2
      (commit 33697385e465d0d0ec4344aba55058811e934918)
  campbelltob3        1.0.1 from 3.4.2
      (commit 6e12f8024f0a052e430878492367702311588147)
  DinverCore          1.3.1 from 3.4.2
      (commit 7a17c1522ca1f626c89f2c1e87759f6b4a9311d4)
  QGpCoreWave         2.2.0 from 3.4.2
      (commit 18e08f9fd358a9e504047ec288ca4ab71a7c9851)
  QGpCompatibility    1.1.2 from 3.4.2
      (commit 3e05f6333687b574d4a18fb4336decd9efbe3efa)
  DinverDCCore        2.2.0 from 3.4.2
      (commit 654cab13b392853128bb5fa90891ecf10b5c3f0c)
  QGpCoreStat         1.2.2 from 3.4.2
      (commit 4ed49581fb9dfbf824223fae61af336330486596)
  ArrayCore           4.1.2 from 3.4.2
      (commit 85e1ce3b5a43ddb8cc16df7c31094c7c98a82104)
  QGpGuiWave          1.2.1 from 3.4.2
      (commit 2889d6a23de9671c33c0ae088b33e537035df26f)
  ArrayGui            1.3.0 from 3.4.2
      (commit bb09428d0df9ad7ab7996d50f8ac067b450a9bec)
  geopsyarray         3.2.4 from 3.4.2
      (commit 243028ab672fff396c683ed677c1dd4a1cc6a99b)
  geopsydamping       2.1.3 from 3.4.2
      (commit 2be6cba7701efb6e8c1a20c940cffe08f04ffcd2)
  HVCore              1.1.2 from 3.4.2
      (commit a76eb646e633a11fe6b411d1112c55e3c9107de4)
  HVGui               1.1.0 from 3.4.2
      (commit a66df7fe63f6c9107cfffcd4fa86d4f9893fec16)
  geopsyhv            4.0.2 from 3.4.2
      (commit ecd96a31c8abadf86bcbae0dd02bb37935b26dc7)
  geopsynr            1.1.1 from 3.4.2
      (commit f149a70197f8622e594ecec09f55068ecabcfc33)
  geopsyptmotion      2.0.3 from 3.4.2
      (commit c82034566f860b11afdc973ca84ef0027af6cf95)
  geopsyrefra         2.0.2 from 3.4.2
      (commit 807393bf66c9762a914de2cbc8c43813d8ae4227)
  geopsytfa           2.1.1 from 3.4.2
      (commit b87f1cb860bedfd6fb8d0439e749dd7464b26a24)
  hvtfa               2.1.3 from 3.4.2
      (commit fa8612a089e30f0bd72192724ee1ebe5fb4080b5)
  matfiles            1.0.3 from 3.4.2
      (commit aa4bbdecc6f645ece0598270993e17766e4c7b32)
  phaseit             1.0.2 from 3.4.2
      (commit 266b229edcf7986948d6d3f3940a154229b45f91)
#
# END SOFTWARE VERSION
#
#
# BEGIN SIGNAL LIST
#
[COMP 0]
 [SIG 0] E:/SOLODATA/MartinGeoCamb/TouretTaxis/TouretTaxis_splitted/3. Eliott/HV6_CS_221202_0916.mseed at index 2
[COMP 1]
 [SIG 0] E:/SOLODATA/MartinGeoCamb/TouretTaxis/TouretTaxis_splitted/3. Eliott/HV6_CS_221202_0916.mseed at index 1
[COMP 2]
 [SIG 0] E:/SOLODATA/MartinGeoCamb/TouretTaxis/TouretTaxis_splitted/3. Eliott/HV6_CS_221202_0916.mseed at index 0
#
# END SIGNAL LIST
#
#
# BEGIN PARAMETERS
#
# Version 0: all files generated with releases before 20170901 (default for input)
PARAMETERS_VERSION=1
# TYPEs:
#   - Signal: from the start or to the end of signal (TEXT are useless)
#   - Delta: a fixed duration counted from the start or the end (e.g. TEXT=1h).
#   - Pick: from or to a time pick (TEXT=time pick name).
#   - Absolute: from or to a fixed time (e.g. TEXT=20170314115338.00)
FROM_TIME_TYPE=Signal
FROM_TIME_TEXT=0s
# TYPEs: Signal, Delta, Absolute
TO_TIME_TYPE=Signal
TO_TIME_TEXT=0s
REFERENCE=
COMMON_TIME_WINDOWS=false
# TYPEs: Exactly, AtLeast, FrequencyDependent
WINDOW_LENGTH_TYPE=Exactly
WINDOW_MIN_LENGTH(s)=60
WINDOW_MAX_LENGTH(s)=60
WINDOW_MAX_COUNT=0
# Length of time windows are adjusted to avoid a prime number of samples which
# slows down the FFT computation. Usually a maximum prime 11 in the prime factorization
# of the number of samples is a good compromise between the speed and the lenght inaccuracy
# Leave as zero to allow any prime number factorization.
WINDOW_MAXIMUM_PRIME_FACTOR=11
BAD_SAMPLE_TOLERANCE (s)=0
BAD_SAMPLE_GAP (s)=0
WINDOW_OVERLAP (%)=50
# TYPEs: NoSampleThreshold, RelativeSampleThreshold, AbsoluteSampleThreshold
BAD_SAMPLE_THRESHOLD_TYPE=RelativeSampleThreshold
BAD_SAMPLE_THRESHOLD_VALUE (%)=0.8
ANTI-TRIGGERING_ON_RAW_SIGNAL (y/n)=n
ANTI-TRIGGERING_ON_FILTERED_SIGNAL (y/n)=n
# Start a time window for each seismic event available inside the time range.
SEISMIC_EVENT_TRIGGER (y/n)=n
SEISMIC_EVENT_DELAY (s)=-0.1
WINDOW_TYPE=Tukey
WINDOW_REVERSED=n
WINDOW_ALPHA=0.1
SMOOTHING_METHOD=Function
SMOOTHING_WIDTH_TYPE=Proportional
SMOOTHING_WIDTH=0.4
# Describes the way values are summed: on a linear, log or inversed scale
SMOOTHING_SCALE_TYPE=Linear
SMOOTHING_WINDOW_TYPE=KonnoOhmachi
SMOOTHING_WINDOW_REVERSED=n
MINIMUM_FREQUENCY=0.2
MAXIMUM_FREQUENCY=100
# Either 'Linear', 'Log' or 'Inversed'
SCALE_TYPE_FREQUENCY=Log
# Number of samples is either set to a fixed value ('Count') or through a step between samples ('Step')'
STEP_TYPE_FREQUENCY=Step
SAMPLES_NUMBER_FREQUENCY=252
# STEP=difference between two successive samples for 'linear' scales
# STEP=ratio between two successive samples for 'log' scales
# STEP=difference between two successive inversed samples for 'inversed' scales
STEP_FREQUENCY=1.025
HIGH_PASS_FREQUENCY=0
# Possible values for HORIZONTAL_COMPONENTS: Squared, Energy, Azimuth, Geometric
HORIZONTAL_COMPONENTS=Squared
# HORIZONTAL_AZIMUTH is used only when HORIZONTAL_COMPONENTS==Azimuth
HORIZONTAL_AZIMUTH=0
# Used only for rotated output
ROTATION_STEP=10
# Frequency domain window rejection (Cox et al. (2020, GJI)
FREQUENCY_WINDOW_REJECTION_MINIMUM_FREQUENCY=0.0001
FREQUENCY_WINDOW_REJECTION_MAXIMUM_FREQUENCY=5000
FREQUENCY_WINDOW_REJECTION_STDDEV_FACTOR=2
FREQUENCY_WINDOW_REJECTION_MAXIMUM_ITERATIONS=50
#
# END PARAMETERS
#
#
# BEGIN WINDOWING LOG
#
Automatic windowing
#
# END WINDOWING LOG
#
#
# BEGIN WINDOW LIST
#
# Number= 156
# Start time 	 End Time 	 Window length
20221202091713.838000	20221202091813.838000	60
20221202091743.842000	20221202091843.842000	60
20221202091852.702000	20221202091952.702000	60
20221202091922.706000	20221202092022.706000	60
20221202091952.710000	20221202092052.710000	60
20221202092022.714000	20221202092122.714000	60
20221202092052.718000	20221202092152.718000	60
20221202092122.722000	20221202092222.722000	60
20221202092152.726000	20221202092252.726000	60
20221202092222.730000	20221202092322.730000	60
20221202092252.734000	20221202092352.734000	60
20221202092322.738000	20221202092422.738000	60
20221202092452.206000	20221202092552.206000	60
20221202092522.210000	20221202092622.210000	60
20221202092552.214000	20221202092652.214000	60
20221202092622.218000	20221202092722.218000	60
20221202092837.706000	20221202092937.706000	60
20221202092907.710000	20221202093007.710000	60
20221202092937.714000	20221202093037.714000	60
20221202093007.718000	20221202093107.718000	60
20221202093037.722000	20221202093137.722000	60
20221202093107.726000	20221202093207.726000	60
20221202093234.662000	20221202093334.662000	60
20221202093304.666000	20221202093404.666000	60
20221202093334.670000	20221202093434.670000	60
20221202093404.674000	20221202093504.674000	60
20221202093434.678000	20221202093534.678000	60
20221202093504.682000	20221202093604.682000	60
20221202093534.686000	20221202093634.686000	60
20221202093636.946000	20221202093736.946000	60
20221202093706.950000	20221202093806.950000	60
20221202093736.954000	20221202093836.954000	60
20221202093806.958000	20221202093906.958000	60
20221202093921.950000	20221202094021.950000	60
20221202093951.954000	20221202094051.954000	60
20221202094021.958000	20221202094121.958000	60
20221202094051.962000	20221202094151.962000	60
20221202094121.966000	20221202094221.966000	60
20221202094151.970000	20221202094251.970000	60
20221202094221.974000	20221202094321.974000	60
20221202094251.978000	20221202094351.978000	60
20221202094321.982000	20221202094421.982000	60
20221202094351.986000	20221202094451.986000	60
20221202094421.990000	20221202094521.990000	60
20221202094451.994000	20221202094551.994000	60
20221202094521.998000	20221202094621.998000	60
20221202094552.002000	20221202094652.002000	60
20221202095207.686000	20221202095307.686000	60
20221202095326.690000	20221202095426.690000	60
20221202095356.694000	20221202095456.694000	60
20221202095426.698000	20221202095526.698000	60
20221202095456.702000	20221202095556.702000	60
20221202095526.706000	20221202095626.706000	60
20221202095556.710000	20221202095656.710000	60
20221202095702.178000	20221202095802.178000	60
20221202095814.698000	20221202095914.698000	60
20221202095844.702000	20221202095944.702000	60
20221202100114.162000	20221202100214.162000	60
20221202100144.166000	20221202100244.166000	60
20221202100214.170000	20221202100314.170000	60
20221202100244.174000	20221202100344.174000	60
20221202100314.178000	20221202100414.178000	60
20221202100344.182000	20221202100444.182000	60
20221202100414.186000	20221202100514.186000	60
20221202100444.190000	20221202100544.190000	60
20221202100514.194000	20221202100614.194000	60
20221202100544.198000	20221202100644.198000	60
20221202100614.202000	20221202100714.202000	60
20221202100644.206000	20221202100744.206000	60
20221202100714.210000	20221202100814.210000	60
20221202100744.214000	20221202100844.214000	60
20221202100814.218000	20221202100914.218000	60
20221202100844.222000	20221202100944.222000	60
20221202100914.226000	20221202101014.226000	60
20221202100944.230000	20221202101044.230000	60
20221202101014.234000	20221202101114.234000	60
20221202101044.238000	20221202101144.238000	60
20221202101114.242000	20221202101214.242000	60
20221202101144.246000	20221202101244.246000	60
20221202101214.250000	20221202101314.250000	60
20221202101244.254000	20221202101344.254000	60
20221202101314.258000	20221202101414.258000	60
20221202101344.262000	20221202101444.262000	60
20221202101414.266000	20221202101514.266000	60
20221202101514.274000	20221202101614.274000	60
20221202101544.278000	20221202101644.278000	60
20221202101614.282000	20221202101714.282000	60
20221202101644.286000	20221202101744.286000	60
20221202101714.290000	20221202101814.290000	60
20221202101744.294000	20221202101844.294000	60
20221202101814.298000	20221202101914.298000	60
20221202101844.302000	20221202101944.302000	60
20221202101914.306000	20221202102014.306000	60
20221202101944.310000	20221202102044.310000	60
20221202102014.314000	20221202102114.314000	60
20221202102044.318000	20221202102144.318000	60
20221202102114.322000	20221202102214.322000	60
20221202102144.326000	20221202102244.326000	60
20221202102214.330000	20221202102314.330000	60
20221202102244.334000	20221202102344.334000	60
20221202102314.338000	20221202102414.338000	60
20221202102344.342000	20221202102444.342000	60
20221202102414.346000	20221202102514.346000	60
20221202102444.350000	20221202102544.350000	60
20221202102514.354000	20221202102614.354000	60
20221202102544.358000	20221202102644.358000	60
20221202102614.362000	20221202102714.362000	60
20221202102644.366000	20221202102744.366000	60
20221202102714.370000	20221202102814.370000	60
20221202102744.374000	20221202102844.374000	60
20221202102814.378000	20221202102914.378000	60
20221202102844.382000	20221202102944.382000	60
20221202102914.386000	20221202103014.386000	60
20221202102944.390000	20221202103044.390000	60
20221202103014.394000	20221202103114.394000	60
20221202103044.398000	20221202103144.398000	60
20221202103114.402000	20221202103214.402000	60
20221202103144.406000	20221202103244.406000	60
20221202103214.410000	20221202103314.410000	60
20221202103244.414000	20221202103344.414000	60
20221202103314.418000	20221202103414.418000	60
20221202103344.422000	20221202103444.422000	60
20221202103414.426000	20221202103514.426000	60
20221202103444.430000	20221202103544.430000	60
20221202103514.434000	20221202103614.434000	60
20221202103544.438000	20221202103644.438000	60
20221202103614.442000	20221202103714.442000	60
20221202103644.446000	20221202103744.446000	60
20221202103714.450000	20221202103814.450000	60
20221202103744.454000	20221202103844.454000	60
20221202103814.458000	20221202103914.458000	60
20221202103844.462000	20221202103944.462000	60
20221202103914.466000	20221202104014.466000	60
20221202103944.470000	20221202104044.470000	60
20221202104014.474000	20221202104114.474000	60
20221202104044.478000	20221202104144.478000	60
20221202104114.482000	20221202104214.482000	60
20221202104144.486000	20221202104244.486000	60
20221202104214.490000	20221202104314.490000	60
20221202104244.494000	20221202104344.494000	60
20221202104314.498000	20221202104414.498000	60
20221202104344.502000	20221202104444.502000	60
20221202104414.506000	20221202104514.506000	60
20221202104444.510000	20221202104544.510000	60
20221202104514.514000	20221202104614.514000	60
20221202104544.518000	20221202104644.518000	60
20221202104614.522000	20221202104714.522000	60
20221202104644.526000	20221202104744.526000	60
20221202104714.530000	20221202104814.530000	60
20221202104744.534000	20221202104844.534000	60
20221202104814.538000	20221202104914.538000	60
20221202104844.542000	20221202104944.542000	60
20221202104914.546000	20221202105014.546000	60
20221202104944.550000	20221202105044.550000	60
20221202105014.554000	20221202105114.554000	60
20221202105044.558000	20221202105144.558000	60
#
# END WINDOW LIST
#
